---------------------------------------------------------------------------------------------------------------------------------------------------------------------------------------------------------------------------------------------------------------
      name:  <unnamed>
       log:  /Users/athamawardi/Desktop/Research-Projects/PSE_Pertamina/Output/hurdle/churdlegrid_lnpov_PRE4_SEL3.log
  log type:  text
 opened on:  20 Jan 2026, 18:51:50
RUN: churdle exponential lnpov (none), select(i.r308b1d i.r308b1e i.r309a i.r309b i.r309d i.r309e i.r310 i.r403a i.r403c1 i.r403c2 Ker5_w1) ll(0)
 
Iteration 0:   log likelihood = -120146.02  (not concave)
Iteration 1:   log likelihood = -77440.906  
Iteration 2:   log likelihood = -76554.766  
Iteration 3:   log likelihood = -76259.753  
Iteration 4:   log likelihood = -76259.218  
Iteration 5:   log likelihood = -76259.136  
Iteration 6:   log likelihood = -76259.121  
Iteration 7:   log likelihood = -76259.119  
Iteration 8:   log likelihood = -76259.118  
Iteration 9:   log likelihood = -76259.118  
Iteration 10:  log likelihood = -76259.118  

Cragg hurdle regression                               Number of obs =   84,276
                                                      LR chi2(0)    = 14748.13
                                                      Prob > chi2   =        .
Log likelihood = -76259.118                           Pseudo R2     =   0.0882

------------------------------------------------------------------------------
       lnpov | Coefficient  Std. err.      z    P>|z|     [95% conf. interval]
-------------+----------------------------------------------------------------
lnpov        |
       _cons |   1.243366   .0013169   944.15   0.000     1.240785    1.245947
-------------+----------------------------------------------------------------
selection_ll |
     r308b1d |
          1  |   .1615997   .0480761     3.36   0.001     .0673724    .2558271
          2  |  -.0176218   .0219389    -0.80   0.422    -.0606212    .0253776
             |
     r308b1e |
          1  |   .1508206   .0354188     4.26   0.000     .0814011    .2202402
          2  |          0  (omitted)
             |
       r309a |
          2  |   .3590341   .0289443    12.40   0.000     .3023044    .4157639
          3  |   .8696284   .0623193    13.95   0.000     .7474848     .991772
             |
       r309b |
          1  |   .9492452   .0246297    38.54   0.000      .900972    .9975185
          2  |   1.026014   .0350025    29.31   0.000     .9574108    1.094618
          3  |          0  (omitted)
             |
       r309d |
          1  |  -.8285797   .0572702   -14.47   0.000    -.9408272   -.7163321
          2  |  -.4426032   .0568262    -7.79   0.000    -.5539804   -.3312259
          3  |  -.1450003   .0622454    -2.33   0.020    -.2669989   -.0230016
          4  |          0  (omitted)
             |
       r309e |
          1  |    .389234    .037015    10.52   0.000     .3166859     .461782
          2  |          0  (omitted)
             |
      2.r310 |   .0181886   .0213749     0.85   0.395    -.0237053    .0600825
             |
       r403a |
          2  |   1.485831   .0797895    18.62   0.000     1.329447    1.642216
          3  |   1.432256   .0529241    27.06   0.000     1.328527    1.535985
          4  |   4.966139   221.7312     0.02   0.982    -429.6191    439.5513
          5  |   4.914042   175.4762     0.03   0.978     -339.013    348.8411
          6  |   1.864153   .1138918    16.37   0.000     1.640929    2.087377
          7  |   1.229048   .0490893    25.04   0.000     1.132835    1.325262
          8  |   1.502929    .228759     6.57   0.000     1.054569    1.951288
          9  |   .7131654   .0879624     8.11   0.000     .5407623    .8855686
         11  |   4.914042   526.4287     0.01   0.993    -1026.867    1036.695
         13  |   4.899489     374.01     0.01   0.990    -728.1467    737.9456
         14  |   .6774792   .3214025     2.11   0.035     .0475419    1.307417
         15  |   1.333901   .0758295    17.59   0.000     1.185278    1.482524
         16  |   1.878579   .3053184     6.15   0.000     1.280166    2.476992
         17  |    .743146   .7659648     0.97   0.332    -.7581174    2.244409
         18  |   4.917552   235.1845     0.02   0.983    -456.0357    465.8708
         19  |   1.027877   .0805115    12.77   0.000     .8700778    1.185677
         20  |  -.4683378    .773767    -0.61   0.545    -1.984893    1.048218
             |
      r403c1 |
          1  |   .8520702   .0495259    17.20   0.000     .7550013    .9491391
          2  |   .7245722   .0482999    15.00   0.000     .6299061    .8192383
          3  |   .3669825   .0452812     8.10   0.000      .278233    .4557321
          4  |   .5146426   .0553442     9.30   0.000       .40617    .6231151
          5  |          0  (omitted)
             |
      r403c2 |
          1  |   .7513845   .0208957    35.96   0.000     .7104297    .7923394
          2  |   .6615707   .0222033    29.80   0.000      .618053    .7050884
          3  |   .7271014   .0409609    17.75   0.000     .6468194    .8073834
          4  |          0  (omitted)
             |
     Ker5_w1 |   .3785846   .0458391     8.26   0.000     .2887416    .4684277
       _cons |  -.6536676    .076447    -8.55   0.000     -.803501   -.5038342
-------------+----------------------------------------------------------------
lnsigma      |
       _cons |   -1.02104   .0025851  -394.97   0.000    -1.026106   -1.015973
-------------+----------------------------------------------------------------
      /sigma |   .3602203   .0009312                      .3583998    .3620501
------------------------------------------------------------------------------
      name:  <unnamed>
       log:  /Users/athamawardi/Desktop/Research-Projects/PSE_Pertamina/Output/hurdle/churdlegrid_lnpov_PRE4_SEL3.log
  log type:  text
 closed on:  20 Jan 2026, 18:52:10
---------------------------------------------------------------------------------------------------------------------------------------------------------------------------------------------------------------------------------------------------------------
