---------------------------------------------------------------------------------------------------------------------------------------------------------------------------------------------------------------------------------------------------------------
      name:  <unnamed>
       log:  /Users/athamawardi/Desktop/Research-Projects/PSE_Pertamina/Output/hurdle/churdlegrid_PCA_EXP_Ker5_w1_PRE_T123_SEL1.log
  log type:  text
 opened on:  23 Jan 2026, 07:46:23
RUN: churdle exponential Ker5_w1 lnpov Edu_z Wbasic_z Hlth_z, select(i.r308b1d i.r308b1e i.r309a i.r309b i.r309d i.r309e i.r310 i.r403a i.r403c1 i.r403c2) ll(0)
 
Iteration 0:   log likelihood = -32674.029  (not concave)
Iteration 1:   log likelihood = -21683.719  
Iteration 2:   log likelihood = -20925.756  
Iteration 3:   log likelihood = -20277.361  
Iteration 4:   log likelihood = -20270.041  
Iteration 5:   log likelihood = -20270.015  
Iteration 6:   log likelihood = -20270.013  
Iteration 7:   log likelihood = -20270.013  

Cragg hurdle regression                                Number of obs =  84,276
                                                       LR chi2(4)    = 7492.19
                                                       Prob > chi2   =  0.0000
Log likelihood = -20270.013                            Pseudo R2     =  0.1560

------------------------------------------------------------------------------
     Ker5_w1 | Coefficient  Std. err.      z    P>|z|     [95% conf. interval]
-------------+----------------------------------------------------------------
Ker5_w1      |
       lnpov |   .1073137   .0061237    17.52   0.000     .0953114     .119316
       Edu_z |  -.0412801   .0117884    -3.50   0.000    -.0643849   -.0181752
    Wbasic_z |    .045705    .013636     3.35   0.001      .018979     .072431
      Hlth_z |   .0304653   .0086552     3.52   0.000     .0135015    .0474291
       _cons |  -1.796314   .0232471   -77.27   0.000    -1.841878   -1.750751
-------------+----------------------------------------------------------------
selection_ll |
     r308b1d |
          1  |   .9501335   .0298453    31.84   0.000     .8916377    1.008629
          2  |    .616491   .0169811    36.30   0.000     .5832087    .6497733
             |
     r308b1e |
          1  |  -.0511738   .0273251    -1.87   0.061    -.1047301    .0023825
          2  |          0  (omitted)
             |
       r309a |
          2  |   .0205168    .044219     0.46   0.643    -.0661508    .1071844
          3  |   .2333618   .0628166     3.71   0.000     .1102435    .3564801
             |
       r309b |
          1  |   .1086169   .0328086     3.31   0.001     .0443133    .1729205
          2  |   .2450465   .0405969     6.04   0.000      .165478    .3246149
          3  |          0  (omitted)
             |
       r309d |
          1  |  -.3253223   .0484168    -6.72   0.000    -.4202175    -.230427
          2  |  -.1592158   .0432314    -3.68   0.000    -.2439478   -.0744837
          3  |  -.1537319   .0467383    -3.29   0.001    -.2453373   -.0621266
          4  |          0  (omitted)
             |
       r309e |
          1  |   .0634264   .0341966     1.85   0.064    -.0035978    .1304506
          2  |          0  (omitted)
             |
      2.r310 |   .1575247   .0221917     7.10   0.000     .1140297    .2010198
             |
       r403a |
          2  |   .4841648    .094868     5.10   0.000      .298227    .6701025
          3  |    .838412   .0794716    10.55   0.000     .6826506    .9941735
          4  |   .5598282   .6376603     0.88   0.380     -.689963    1.809619
          5  |  -3.551213   224.1935    -0.02   0.987    -442.9624      435.86
          6  |    1.27576   .0885521    14.41   0.000     1.102201    1.449319
          7  |   1.012038    .078567    12.88   0.000     .8580494    1.166027
          8  |   1.860141   .1382855    13.45   0.000     1.589106    2.131176
          9  |   .9630114   .1029495     9.35   0.000      .761234    1.164789
         11  |  -3.551213   672.5805    -0.01   0.996    -1321.785    1314.682
         13  |   1.694888   .8895866     1.91   0.057    -.0486695    3.438446
         14  |   1.260883   .2797175     4.51   0.000      .712647    1.809119
         15  |   1.397821     .08573    16.30   0.000     1.229794    1.565849
         16  |   1.422718   .1411062    10.08   0.000     1.146154    1.699281
         17  |   1.465625   .6467039     2.27   0.023     .1981082    2.733141
         18  |  -3.718995   282.8942    -0.01   0.990    -558.1814    550.7434
         19  |   1.213672   .0923289    13.15   0.000      1.03271    1.394633
         20  |  -3.757019   338.6931    -0.01   0.991    -667.5832    660.0692
             |
      r403c1 |
          1  |   .3590028   .0803506     4.47   0.000     .2015186    .5164871
          2  |   .2260005    .080152     2.82   0.005     .0689055    .3830955
          3  |  -.0373692   .0791382    -0.47   0.637    -.1924772    .1177389
          4  |   .3462818   .0877139     3.95   0.000     .1743657    .5181979
          5  |          0  (omitted)
             |
      r403c2 |
          1  |    .348708   .0257784    13.53   0.000     .2981833    .3992327
          2  |   .1953127   .0283764     6.88   0.000     .1396959    .2509295
          3  |   .1482866   .0483433     3.07   0.002     .0535354    .2430378
          4  |          0  (omitted)
             |
       _cons |  -2.085775    .099205   -21.02   0.000    -2.280213   -1.891337
-------------+----------------------------------------------------------------
lnsigma      |
       _cons |  -.0943999   .0062303   -15.15   0.000     -.106611   -.0821887
-------------+----------------------------------------------------------------
      /sigma |   .9099188   .0056691                      .8988752    .9210981
------------------------------------------------------------------------------
_est_CH_EXP_Ker5_w1_PRE_T123_SEL1 invalid name
r(7);

end of do-file

r(7);

. do "/Users/athamawardi/Desktop/Research-Projects/PSE_Pertamina/SPBUN-Analysis3.do"

. /****************************************************************************************
> SPBUN (SPBU Nelayan) exposure → welfare outcomes (PODES village + SUSENAS household)
> Baseline: SPBUN only (extend later for SPBU / SPBUN+SPBU)
> 
> Disusun oleh: Atha (PSE)
> Tujuan: Analisis #2 
> ****************************************************************************************/
. 
. version 17

. clear all

. set more off

. set linesize 255

. set maxvar 32767


. 
. /****************************************************************************************
> A. PATHS
> ****************************************************************************************/
. global spbun_csv "/Users/athamawardi/Desktop/Research-Projects/PSE_Pertamina/Realisasi SPBUN 2024-2025(2024).csv"

. global kel_latlon "/Users/athamawardi/Desktop/Research-Projects/PSE_Pertamina/kelurahan_lat_long.csv"

. 
. global podes_main    "/Users/athamawardi/Desktop/Research-Projects/PSE_Pertamina/Podes/podes2024_desa_02..dta"

. global podes_pesisir "/Users/athamawardi/Desktop/Research-Projects/PSE_Pertamina/Podes/Podes kab kota pesisir laut.dta"

. 
. global outdir "/Users/athamawardi/Desktop/Research-Projects/PSE_Pertamina/Output/probabilistic"

. cap mkdir "$outdir"

. 
. cap log close
