---------------------------------------------------------------------------------------------------------------------------------------------------------------------------------------------------------------------------------------------------------------
      name:  <unnamed>
       log:  /Users/athamawardi/Desktop/Research-Projects/PSE_Pertamina/Output/hurdle/churdlegrid_lnpov_PRE2_SEL4.log
  log type:  text
 opened on:  20 Jan 2026, 18:39:31
RUN: churdle exponential lnpov Ker5_w1, select(i.r308b1d i.r308b1e i.r309a i.r309b i.r309d i.r309e i.r310 i.r403a i.r403c1 i.r403c2 Edu_z Wbasic_z Hlth_z) ll(0)
 
Iteration 0:   log likelihood =  -115757.6  (not concave)
Iteration 1:   log likelihood = -73812.234  
Iteration 2:   log likelihood = -71430.834  
Iteration 3:   log likelihood = -71377.797  
Iteration 4:   log likelihood = -71377.307  
Iteration 5:   log likelihood = -71377.241  
Iteration 6:   log likelihood = -71377.233  
Iteration 7:   log likelihood = -71377.232  
Iteration 8:   log likelihood = -71377.232  
Iteration 9:   log likelihood = -71377.232  
Iteration 10:  log likelihood = -71377.232  

Cragg hurdle regression                               Number of obs =   84,276
                                                      LR chi2(1)    = 24511.91
                                                      Prob > chi2   =   0.0000
Log likelihood = -71377.232                           Pseudo R2     =   0.1465

------------------------------------------------------------------------------
       lnpov | Coefficient  Std. err.      z    P>|z|     [95% conf. interval]
-------------+----------------------------------------------------------------
lnpov        |
     Ker5_w1 |   .2035615   .0059194    34.39   0.000     .1919596    .2151634
       _cons |   1.230144    .001362   903.18   0.000     1.227475    1.232814
-------------+----------------------------------------------------------------
selection_ll |
     r308b1d |
          1  |   .2202407   .0505631     4.36   0.000     .1211388    .3193426
          2  |   .1868976   .0234967     7.95   0.000      .140845    .2329503
             |
     r308b1e |
          1  |   .1557869   .0369116     4.22   0.000     .0834415    .2281323
          2  |          0  (omitted)
             |
       r309a |
          2  |    .025118   .0320556     0.78   0.433    -.0377098    .0879459
          3  |    .159794   .0668811     2.39   0.017     .0287094    .2908786
             |
       r309b |
          1  |   .4876757   .0277457    17.58   0.000     .4332951    .5420562
          2  |   .6055028   .0386847    15.65   0.000     .5296821    .6813234
          3  |          0  (omitted)
             |
       r309d |
          1  |  -.4366476    .060923    -7.17   0.000    -.5560545   -.3172407
          2  |   -.260098   .0601035    -4.33   0.000    -.3778988   -.1422973
          3  |   -.052102   .0658737    -0.79   0.429     -.181212     .077008
          4  |          0  (omitted)
             |
       r309e |
          1  |   .1273183   .0399797     3.18   0.001     .0489596     .205677
          2  |          0  (omitted)
             |
      2.r310 |   .0299753   .0234279     1.28   0.201    -.0159426    .0758931
             |
       r403a |
          2  |   .4751935   .0864373     5.50   0.000     .3057795    .6446075
          3  |   .0204536   .0624592     0.33   0.743    -.1019641    .1428713
          4  |   4.013679   248.5211     0.02   0.987    -483.0787    491.1061
          5  |   4.026547   213.2462     0.02   0.985    -413.9283    421.9814
          6  |   .4857672   .1253962     3.87   0.000     .2399952    .7315392
          7  |  -.5409679   .0598881    -9.03   0.000    -.6583464   -.4235894
          8  |   .0285442   .2214756     0.13   0.897    -.4055401    .4626284
          9  |  -.9682603   .0949286   -10.20   0.000    -1.154317   -.7822036
         11  |   2.795698   2421.961     0.00   0.999     -4744.16    4749.752
         13  |   4.131324   427.7879     0.01   0.992    -834.3175    842.5802
         14  |  -.8660219   .3267021    -2.65   0.008    -1.506346   -.2256975
         15  |  -.0209043   .0859476    -0.24   0.808    -.1893584    .1475498
         16  |   .6762372   .3393584     1.99   0.046      .011107    1.341367
         17  |  -.2368765   .9898959    -0.24   0.811    -2.177037    1.703284
         18  |   4.748365   231.1495     0.02   0.984    -448.2963     457.793
         19  |  -.6959092   .0873262    -7.97   0.000    -.8670654    -.524753
         20  |  -1.118112   .8671106    -1.29   0.197    -2.817617     .581394
             |
      r403c1 |
          1  |   .2262382   .0581461     3.89   0.000     .1122738    .3402025
          2  |   .3833566   .0567155     6.76   0.000     .2721963    .4945169
          3  |   .2846314   .0529302     5.38   0.000       .18089    .3883727
          4  |   .2596593   .0638348     4.07   0.000     .1345454    .3847733
          5  |          0  (omitted)
             |
      r403c2 |
          1  |   .2332582   .0249402     9.35   0.000     .1843762    .2821402
          2  |   .3000823   .0257787    11.64   0.000      .249557    .3506075
          3  |   .4793492   .0458679    10.45   0.000     .3894498    .5692485
          4  |          0  (omitted)
             |
       Edu_z |  -.4836649   .0122458   -39.50   0.000    -.5076663   -.4596636
    Wbasic_z |   .4428255   .0096377    45.95   0.000      .423936    .4617151
      Hlth_z |   .0251748   .0071505     3.52   0.000       .01116    .0391895
       _cons |   1.065616   .0862229    12.36   0.000     .8966227     1.23461
-------------+----------------------------------------------------------------
lnsigma      |
       _cons |  -1.028883   .0025851  -398.01   0.000    -1.033949   -1.023816
-------------+----------------------------------------------------------------
      /sigma |   .3574061   .0009239                      .3555998    .3592215
------------------------------------------------------------------------------
      name:  <unnamed>
       log:  /Users/athamawardi/Desktop/Research-Projects/PSE_Pertamina/Output/hurdle/churdlegrid_lnpov_PRE2_SEL4.log
  log type:  text
 closed on:  20 Jan 2026, 18:39:48
---------------------------------------------------------------------------------------------------------------------------------------------------------------------------------------------------------------------------------------------------------------
