---------------------------------------------------------------------------------------------------------------------------------------------------------------------------------------------------------------------------------------------------------------
      name:  <unnamed>
       log:  /Users/athamawardi/Desktop/Research-Projects/PSE_Pertamina/Output/hurdle/churdlegrid_lnpov_PRE3_SEL2.log
  log type:  text
 opened on:  20 Jan 2026, 18:40:04
RUN: churdle exponential lnpov Edu_z Wbasic_z Hlth_z, select(i.r308b1d i.r308b1e i.r309a i.r309b i.r309d i.r309e i.r310 i.r403a i.r403c1 i.r403c2 i.y_combo3 i.kab Env_z) ll(0)

for select()
note: 2.r308b1e omitted because of collinearity.
note: 3.r309b omitted because of collinearity.
note: 4.r309d omitted because of collinearity.
note: 2.r309e omitted because of collinearity.
note: 5.r403c1 omitted because of collinearity.
note: 4.r403c2 omitted because of collinearity.
note: Env_z omitted because of collinearity.
 
Iteration 0:   log likelihood =  -150554.7  (not concave)
Iteration 1:   log likelihood = -95585.579  
Iteration 2:   log likelihood = -55540.474  
Iteration 3:   log likelihood = -55348.606  
Iteration 4:   log likelihood = -55325.961  
Iteration 5:   log likelihood = -55323.174  
Iteration 6:   log likelihood = -55322.601  
Iteration 7:   log likelihood = -55322.486  
Iteration 8:   log likelihood = -55322.461  
Iteration 9:   log likelihood = -55322.457  
Iteration 10:  log likelihood = -55322.456  
Iteration 11:  log likelihood = -55322.456  
Iteration 12:  log likelihood = -55322.456  

Cragg hurdle regression                               Number of obs =   84,276
                                                      LR chi2(3)    = 56621.46
                                                      Prob > chi2   =   0.0000
Log likelihood = -55322.456                           Pseudo R2     =   0.3385

-----------------------------------------------------------------------------------
            lnpov | Coefficient  Std. err.      z    P>|z|     [95% conf. interval]
------------------+----------------------------------------------------------------
lnpov             |
            Edu_z |  -.1940157   .0015945  -121.68   0.000    -.1971407   -.1908906
         Wbasic_z |   .0173302    .001748     9.91   0.000     .0139041    .0207562
           Hlth_z |   .0075448   .0011557     6.53   0.000     .0052798    .0098098
            _cons |   1.208786    .001189  1016.62   0.000     1.206456    1.211117
------------------+----------------------------------------------------------------
selection_ll      |
          r308b1d |
               1  |  -.0496323   .1014101    -0.49   0.625    -.2483925     .149128
               2  |  -.1064227   .0847587    -1.26   0.209    -.2725467    .0597013
                  |
          r308b1e |
               1  |   .0521342   .0436951     1.19   0.233    -.0335066     .137775
               2  |          0  (omitted)
                  |
            r309a |
               2  |    .234277     .04271     5.49   0.000      .150567     .317987
               3  |    .300431    .082136     3.66   0.000     .1394474    .4614147
                  |
            r309b |
               1  |   .0998762   .0394706     2.53   0.011     .0225152    .1772371
               2  |    .184244   .0491637     3.75   0.000     .0878849    .2806031
               3  |          0  (omitted)
                  |
            r309d |
               1  |  -.2273672    .071581    -3.18   0.001    -.3676634    -.087071
               2  |  -.1183762   .0691407    -1.71   0.087    -.2538894     .017137
               3  |   -.009877    .075644    -0.13   0.896    -.1581366    .1383825
               4  |          0  (omitted)
                  |
            r309e |
               1  |   .1264236   .0472429     2.68   0.007     .0338292     .219018
               2  |          0  (omitted)
                  |
           2.r310 |   .0127841   .0291972     0.44   0.661    -.0444414    .0700097
                  |
            r403a |
               2  |    .447905   .1070312     4.18   0.000     .2381278    .6576823
               3  |   .5242077   .0898301     5.84   0.000     .3481439    .7002714
               4  |   5.223416   3430.117     0.00   0.999    -6717.683     6728.13
               5  |   3.741455   2756.749     0.00   0.999    -5399.388     5406.87
               6  |   .6626201    .162305     4.08   0.000     .3445082    .9807321
               7  |   .7792319   .0889013     8.77   0.000     .6049886    .9534752
               8  |    1.67774   .4007537     4.19   0.000      .892277    2.463203
               9  |   .3829743   .1480873     2.59   0.010     .0927286      .67322
              11  |   5.557343   6864.971     0.00   0.999    -13449.54    13460.65
              13  |   5.472315   5358.556     0.00   0.999     -10497.1    10508.05
              14  |   .4235239   .4775078     0.89   0.375    -.5123742    1.359422
              15  |   .9081137    .110661     8.21   0.000     .6912221    1.125005
              16  |   .7287775   .3633069     2.01   0.045      .016709    1.440846
              17  |  -.0003319   1.263918    -0.00   1.000    -2.477566    2.476902
              18  |   6.089722   3182.719     0.00   0.998    -6231.925    6244.105
              19  |   .9735076   .1488103     6.54   0.000     .6818448     1.26517
              20  |  -.8951328   1.088126    -0.82   0.411     -3.02782    1.237555
                  |
           r403c1 |
               1  |   .2886573   .0801509     3.60   0.000     .1315645    .4457501
               2  |   .2895898   .0785259     3.69   0.000     .1356818    .4434978
               3  |   .2395709   .0742018     3.23   0.001     .0941381    .3850036
               4  |   .2937363   .0864042     3.40   0.001     .1243871    .4630855
               5  |          0  (omitted)
                  |
           r403c2 |
               1  |   .1836582    .033276     5.52   0.000     .1184384     .248878
               2  |   .1089345   .0350376     3.11   0.002     .0402619     .177607
               3  |   .0586496   .0563362     1.04   0.298    -.0517672    .1690665
               4  |          0  (omitted)
                  |
         y_combo3 |
    Tangkap-only  |   .1379797   .0855378     1.61   0.107    -.0296713    .3056307
Tangkap+Budidaya  |   .1676205   .0952147     1.76   0.078    -.0189969    .3542379
     Other/mixed  |   .1033044    .141853     0.73   0.466    -.1747224    .3813312
                  |
              kab |
            11 2  |  -4.245361   800.1603    -0.01   0.996    -1572.531     1564.04
            11 3  |  -3.555398   800.1603    -0.00   0.996    -1571.841     1564.73
            11 4  |  -3.926683   800.1602    -0.00   0.996    -1572.212    1564.359
            11 5  |  -4.402506   800.1602    -0.01   0.996    -1572.688    1563.883
            11 6  |  -4.066437   800.1602    -0.01   0.996    -1572.352    1564.219
            11 7  |  -4.392552   800.1602    -0.01   0.996    -1572.678    1563.893
            11 8  |  -3.715124   800.1602    -0.00   0.996        -1572     1564.57
            11 9  |  -4.040556   800.1602    -0.01   0.996    -1572.326    1564.245
           11 10  |  -3.571849   800.1603    -0.00   0.996    -1571.857    1564.713
           11 11  |  -4.232311   800.1602    -0.01   0.996    -1572.518    1564.053
           11 12  |  -.0585199   1086.644    -0.00   1.000    -2129.841    2129.724
           11 13  |  -5.073177   800.1602    -0.01   0.995    -1573.358    1563.212
           11 14  |  -3.666961   800.1603    -0.00   0.996    -1571.952    1564.618
           11 15  |  -4.604501   800.1602    -0.01   0.995     -1572.89    1563.681
           11 16  |   .0354895     1070.8     0.00   1.000    -2098.694    2098.765
           11 17  |  -4.587594   800.1602    -0.01   0.995    -1572.873    1563.698
           11 18  |  -3.663328   800.1603    -0.00   0.996    -1571.949    1564.622
           11 71  |  -4.328279   800.1603    -0.01   0.996    -1572.614    1563.957
           11 72  |  -.1100847   2131.557    -0.00   1.000    -4177.885    4177.665
           11 73  |  -.2228484    1289.91    -0.00   1.000    -2528.399    2527.954
           11 74  |  -.2221781   1294.753    -0.00   1.000    -2537.892    2537.448
           11 75  |   .0163397   1306.633     0.00   1.000    -2560.938     2560.97
            12 1  |  -3.957044   800.1603    -0.00   0.996    -1572.242    1564.328
            12 2  |   -4.41335   800.1602    -0.01   0.996    -1572.699    1563.872
            12 3  |  -4.242205   800.1602    -0.01   0.996    -1572.527    1564.043
            12 4  |  -4.173641   800.1602    -0.01   0.996    -1572.459    1564.112
            12 5  |   .1996255   1001.075     0.00   1.000    -1961.871     1962.27
            12 6  |  -3.952585   800.1603    -0.00   0.996    -1572.238    1564.333
            12 7  |  -4.244319   800.1603    -0.01   0.996     -1572.53    1564.041
            12 8  |  -4.221256   800.1603    -0.01   0.996    -1572.507    1564.064
            12 9  |  -4.361233   800.1602    -0.01   0.996    -1572.646    1563.924
           12 10  |  -3.700229   800.1603    -0.00   0.996    -1571.986    1564.585
           12 11  |  -3.953307   800.1603    -0.00   0.996    -1572.239    1564.332
           12 12  |  -4.264862   800.1602    -0.01   0.996     -1572.55     1564.02
           12 13  |  -4.405157   800.1602    -0.01   0.996     -1572.69     1563.88
           12 14  |  -5.407071   800.1602    -0.01   0.995    -1573.692    1562.878
           12 15  |  -3.598135   800.1603    -0.00   0.996    -1571.884    1564.687
           12 16  |   .1242228   1553.247     0.00   1.000    -3044.183    3044.432
           12 17  |   .0861851    1151.07     0.00   1.000     -2255.97    2256.143
           12 18  |  -4.427026   800.1602    -0.01   0.996    -1572.712    1563.858
           12 19  |  -.0509758   1079.677    -0.00   1.000    -2116.179    2116.077
           12 20  |  -5.644613   800.1602    -0.01   0.994     -1573.93    1562.641
           12 21  |  -4.344211   800.1602    -0.01   0.996    -1572.629    1563.941
           12 22  |   .0287809   1513.355     0.00   1.000    -2966.093    2966.151
           12 23  |  -4.416647   800.1603    -0.01   0.996    -1572.702    1563.869
           12 24  |  -4.362932   800.1603    -0.01   0.996    -1572.648    1563.922
           12 25  |  -4.473621   800.1602    -0.01   0.996    -1572.759    1563.812
           12 71  |  -.4096631   2115.023    -0.00   1.000    -4145.778    4144.959
           12 72  |  -.1963965   1702.147    -0.00   1.000    -3336.343     3335.95
           12 73  |  -4.434988   800.1603    -0.01   0.996     -1572.72     1563.85
           12 74  |  -.3608563   1588.258    -0.00   1.000     -3113.29    3112.568
           12 75  |  -8.638942   800.1603    -0.01   0.991    -1576.924    1559.646
           12 76  |  -.3903933   1557.606    -0.00   1.000    -3053.243    3052.462
           12 77  |  -4.353953   800.1603    -0.01   0.996    -1572.639    1563.931
           12 78  |   .1155097   1215.414     0.00   1.000    -2382.051    2382.282
            13 1  |   .2903379   1729.751     0.00   1.000    -3389.959    3390.539
            13 2  |   .0255155   1055.464     0.00   1.000    -2068.647    2068.698
            13 3  |   .1278457   1364.557     0.00   1.000    -2674.355     2674.61
            13 4  |   .1747891   1467.624     0.00   1.000    -2876.316    2876.665
            13 5  |  -.0484892   1329.339    -0.00   1.000    -2605.504    2605.407
            13 6  |  -.0754289   1189.722    -0.00   1.000    -2331.889    2331.738
            13 7  |  -4.917529   800.1602    -0.01   0.995    -1573.203    1563.368
            13 8  |   .1005328    1346.52     0.00   1.000    -2639.031    2639.232
            13 9  |  -3.933922   800.1603    -0.00   0.996    -1572.219    1564.351
           13 10  |    .007815   1576.991     0.00   1.000    -3090.837    3090.853
           13 11  |   .0390806   1542.339     0.00   1.000    -3022.889    3022.968
           13 12  |   .0192918   1276.013     0.00   1.000     -2500.92    2500.958
           13 71  |  -.3301727   1126.272    -0.00   1.000    -2207.783    2207.123
           13 72  |  -.4230858   2409.858    -0.00   1.000    -4723.658    4722.812
           13 73  |  -.0843127   1616.868    -0.00   1.000    -3169.088    3168.919
           13 74  |  -.2708582   2191.522    -0.00   1.000    -4295.575    4295.034
           13 75  |  -4.844808   800.1604    -0.01   0.995     -1573.13    1563.441
           13 76  |  -.2997571   1436.815    -0.00   1.000    -2816.405    2815.805
           13 77  |  -.2260549   1267.041    -0.00   1.000     -2483.58    2483.128
            14 1  |  -.0103099   1008.678    -0.00   1.000    -1976.983    1976.963
            14 2  |  -3.932847   800.1603    -0.00   0.996    -1572.218    1564.352
            14 3  |  -3.865107   800.1603    -0.00   0.996     -1572.15     1564.42
            14 4  |  -4.112295   800.1603    -0.01   0.996    -1572.398    1564.173
            14 5  |  -4.673039   800.1602    -0.01   0.995    -1572.958    1563.612
            14 6  |   -3.55197   800.1603    -0.00   0.996    -1571.837    1564.733
            14 7  |   .0455086   1117.657     0.00   1.000    -2190.522    2190.613
            14 8  |  -.0356329   1076.592    -0.00   1.000    -2110.118    2110.047
            14 9  |  -3.892071   800.1603    -0.00   0.996    -1572.177    1564.393
           14 10  |   .0877292   1221.771     0.00   1.000     -2394.54    2394.716
           14 71  |  -4.232298   800.1603    -0.01   0.996    -1572.518    1564.053
           14 73  |  -.0810581   1589.164    -0.00   1.000    -3114.785    3114.623
            15 1  |  -4.127136   800.1602    -0.01   0.996    -1572.412    1564.158
            15 2  |  -4.301785   800.1602    -0.01   0.996    -1572.587    1563.983
            15 3  |  -4.782355   800.1602    -0.01   0.995    -1573.068    1563.503
            15 4  |   .0300689   1166.206     0.00   1.000    -2285.691    2285.751
            15 5  |  -.0150248   1092.086    -0.00   1.000    -2140.463    2140.433
            15 6  |  -4.450969   800.1603    -0.01   0.996    -1572.736    1563.834
            15 7  |  -4.463058   800.1602    -0.01   0.996    -1572.748    1563.822
            15 8  |  -4.540233   800.1602    -0.01   0.995    -1572.825    1563.745
            15 9  |  -4.162162   800.1603    -0.01   0.996    -1572.447    1564.123
           15 71  |  -.4067361   1267.011    -0.00   1.000    -2483.702    2482.889
           15 72  |  -4.228419   800.1603    -0.01   0.996    -1572.514    1564.057
            16 1  |  -4.067909   800.1603    -0.01   0.996    -1572.353    1564.217
            16 2  |  -4.345765   800.1602    -0.01   0.996    -1572.631    1563.939
            16 3  |  -3.757841   800.1603    -0.00   0.996    -1572.043    1564.527
            16 4  |  -4.544861   800.1602    -0.01   0.995     -1572.83     1563.74
            16 5  |  -3.838212   800.1603    -0.00   0.996    -1572.124    1564.447
            16 6  |  -4.140803   800.1602    -0.01   0.996    -1572.426    1564.144
            16 7  |  -4.006014   800.1602    -0.01   0.996    -1572.291    1564.279
            16 8  |  -4.494961   800.1602    -0.01   0.996     -1572.78     1563.79
            16 9  |  -4.252854   800.1602    -0.01   0.996    -1572.538    1564.032
           16 10  |  -4.082062   800.1602    -0.01   0.996    -1572.367    1564.203
           16 11  |  -4.318486   800.1602    -0.01   0.996    -1572.604    1563.967
           16 12  |   .0437725   1382.558     0.00   1.000     -2709.72    2709.808
           16 13  |  -4.303416   800.1603    -0.01   0.996    -1572.589    1563.982
           16 71  |  -4.177554   800.1603    -0.01   0.996    -1572.463    1564.108
           16 72  |  -5.111669   800.1603    -0.01   0.995    -1573.397    1563.174
           16 73  |  -.0683277   1708.865    -0.00   1.000    -3349.382    3349.245
           16 74  |  -.2505342   1253.772    -0.00   1.000    -2457.599    2457.098
            17 1  |   -.026396   1083.877    -0.00   1.000    -2124.387    2124.334
            17 2  |  -3.996977   800.1603    -0.00   0.996    -1572.282    1564.288
            17 3  |  -3.630895   800.1603    -0.00   0.996    -1571.916    1564.654
            17 4  |   .0696016   1048.388     0.00   1.000    -2054.733    2054.872
            17 5  |   .0283829   1038.827     0.00   1.000    -2036.034    2036.091
            17 6  |   -4.62172   800.1602    -0.01   0.995    -1572.907    1563.664
            17 7  |   .1415749   1237.623     0.00   1.000    -2425.555    2425.838
            17 8  |   .0269012   1179.306     0.00   1.000    -2311.371    2311.425
            17 9  |  -3.761301   800.1603    -0.00   0.996    -1572.047    1564.524
           17 71  |  -.3986218   1270.407    -0.00   1.000     -2490.35    2489.553
            18 1  |  -4.308633   800.1603    -0.01   0.996    -1572.594    1563.977
            18 2  |   -4.26782   800.1602    -0.01   0.996    -1572.553    1564.017
            18 3  |   -.045682   973.8683    -0.00   1.000    -1908.793    1908.701
            18 4  |  -3.582096   800.1603    -0.00   0.996    -1571.867    1564.703
            18 5  |  -4.022248   800.1602    -0.01   0.996    -1572.308    1564.263
            18 6  |   -4.00445   800.1603    -0.01   0.996     -1572.29    1564.281
            18 7  |  -3.570581   800.1603    -0.00   0.996    -1571.856    1564.715
            18 8  |  -.0072631   1101.797    -0.00   1.000    -2159.489    2159.474
            18 9  |  -.0720661   1091.562    -0.00   1.000    -2139.494     2139.35
           18 10  |  -.0918082   1118.125    -0.00   1.000    -2191.576    2191.392
           18 11  |  -4.266859   800.1603    -0.01   0.996    -1572.552    1564.018
           18 12  |  -.0302651   1219.107    -0.00   1.000    -2389.436    2389.376
           18 13  |  -3.780126   800.1603    -0.00   0.996    -1572.066    1564.505
           18 71  |  -.4366913    1068.62    -0.00   1.000    -2094.894    2094.021
           18 72  |   -.313783   1917.381    -0.00   1.000    -3758.311    3757.684
            19 1  |  -.0394285   1279.129    -0.00   1.000    -2507.086    2507.007
            19 2  |  -5.181547   800.1603    -0.01   0.995    -1573.467    1563.104
            19 3  |   .0738224   1410.235     0.00   1.000    -2763.937    2764.084
            19 4  |  -4.076192   800.1603    -0.01   0.996    -1572.362    1564.209
            19 5  |   .0929656   1551.216     0.00   1.000    -3040.234     3040.42
            19 6  |  -4.972832   800.1603    -0.01   0.995    -1573.258    1563.312
           19 71  |  -.4171907   1485.568    -0.00   1.000    -2912.077    2911.243
            21 1  |  -4.159052   800.1603    -0.01   0.996    -1572.444    1564.126
            21 2  |  -4.576664   800.1603    -0.01   0.995    -1572.862    1563.709
            21 3  |  -4.031398   800.1603    -0.01   0.996    -1572.317    1564.254
            21 4  |  -4.625552   800.1603    -0.01   0.995    -1572.911     1563.66
            21 5  |  -5.302815   800.1603    -0.01   0.995    -1573.588    1562.982
           21 71  |  -5.500444   800.1602    -0.01   0.995    -1573.786    1562.785
           21 72  |  -.4690668   2030.799    -0.00   1.000    -3980.763    3979.825
            31 1  |   -.132108   3747.792    -0.00   1.000     -7345.67    7345.405
           31 71  |  -5.260677   800.1603    -0.01   0.995    -1573.546    1563.025
           31 72  |  -5.259312   800.1603    -0.01   0.995    -1573.545    1563.026
           31 73  |  -4.821611   800.1603    -0.01   0.995    -1573.107    1563.464
           31 74  |  -5.291358   800.1603    -0.01   0.995    -1573.577    1562.994
           31 75  |     -5.607   800.1603    -0.01   0.994    -1573.892    1562.678
            32 1  |  -3.763093   800.1603    -0.00   0.996    -1572.048    1564.522
            32 2  |  -3.488109   800.1603    -0.00   0.997    -1571.773    1564.797
            32 3  |   -4.40245   800.1602    -0.01   0.996    -1572.688    1563.883
            32 4  |  -.1229295   961.2325    -0.00   1.000    -1884.104    1883.858
            32 5  |  -.0948536   902.7685    -0.00   1.000    -1769.489    1769.299
            32 6  |   -4.00669   800.1602    -0.01   0.996    -1572.292    1564.279
            32 7  |  -3.905367   800.1603    -0.00   0.996    -1572.191     1564.38
            32 8  |  -3.882583   800.1603    -0.00   0.996    -1572.168    1564.403
            32 9  |  -.1606746   903.3566    -0.00   1.000    -1770.707    1770.386
           32 10  |   -.113514   932.7901    -0.00   1.000    -1828.349    1828.122
           32 11  |   -3.57143   800.1603    -0.00   0.996    -1571.857    1564.714
           32 12  |  -3.937091   800.1603    -0.00   0.996    -1572.222    1564.348
           32 13  |  -4.572889   800.1602    -0.01   0.995    -1572.858    1563.712
           32 14  |  -.1543858   1015.352    -0.00   1.000    -1990.208    1989.899
           32 15  |  -3.585419   800.1603    -0.00   0.996    -1571.871      1564.7
           32 16  |  -3.757053   800.1603    -0.00   0.996    -1572.042    1564.528
           32 17  |  -.1104905   1057.204    -0.00   1.000    -2072.193    2071.972
           32 18  |  -3.993792   800.1603    -0.00   0.996    -1572.279    1564.292
           32 71  |  -.4026957   1266.041    -0.00   1.000    -2481.797    2480.991
           32 72  |  -12.68021   1522.668    -0.01   0.993    -2997.055    2971.694
           32 73  |  -6.468283   800.1602    -0.01   0.994    -1574.754    1561.817
           32 74  |  -.4475518   1904.571    -0.00   1.000    -3733.338    3732.443
           32 75  |  -5.115343   800.1603    -0.01   0.995    -1573.401     1563.17
           32 76  |  -4.396267   800.1603    -0.01   0.996    -1572.682    1563.889
           32 77  |  -.1884496   2379.227    -0.00   1.000    -4663.388    4663.011
           32 78  |  -.2760529   1279.399    -0.00   1.000    -2507.853    2507.301
           32 79  |  -.1899776   1880.962    -0.00   1.000    -3686.808    3686.428
            33 1  |  -4.774947   800.1602    -0.01   0.995     -1573.06     1563.51
            33 2  |  -.1681858   927.5001    -0.00   1.000    -1818.035    1817.699
            33 3  |  -.0880039   989.8759    -0.00   1.000    -1940.209    1940.033
            33 4  |   -3.76728   800.1603    -0.00   0.996    -1572.053    1564.518
            33 5  |   -3.64952   800.1603    -0.00   0.996    -1571.935    1564.636
            33 6  |  -4.533054   800.1602    -0.01   0.995    -1572.818    1563.752
            33 7  |  -4.067279   800.1602    -0.01   0.996    -1572.353    1564.218
            33 8  |  -3.736597   800.1603    -0.00   0.996    -1572.022    1564.549
            33 9  |  -.0107565   977.3479    -0.00   1.000    -1915.577    1915.556
           33 10  |  -3.499698   800.1603    -0.00   0.997    -1571.785    1564.786
           33 11  |  -4.325013   800.1603    -0.01   0.996     -1572.61     1563.96
           33 12  |   -5.33307   800.1602    -0.01   0.995    -1573.618    1562.952
           33 13  |  -5.014573   800.1602    -0.01   0.995      -1573.3    1563.271
           33 14  |  -.0760976   1020.784    -0.00   1.000    -2000.777    2000.625
           33 15  |  -3.949672   800.1603    -0.00   0.996    -1572.235    1564.336
           33 16  |  -3.494902   800.1603    -0.00   0.997     -1571.78     1564.79
           33 17  |  -.0537697   956.6246    -0.00   1.000    -1875.004    1874.896
           33 18  |  -3.943595   800.1602    -0.00   0.996    -1572.229    1564.342
           33 19  |  -.1373308   1116.055    -0.00   1.000    -2187.564     2187.29
           33 20  |  -.1365276   1026.237    -0.00   1.000    -2011.525    2011.251
           33 21  |  -.0932281   982.2376    -0.00   1.000    -1925.243    1925.057
           33 22  |  -4.329881   800.1602    -0.01   0.996    -1572.615    1563.955
           33 23  |  -4.392574   800.1602    -0.01   0.996    -1572.678    1563.893
           33 24  |  -5.271585   800.1602    -0.01   0.995    -1573.557    1563.014
           33 25  |  -3.645736   800.1603    -0.00   0.996    -1571.931     1564.64
           33 26  |   .1461453   964.8761     0.00   1.000    -1890.976    1891.269
           33 27  |  -.0522682   1003.626    -0.00   1.000    -1967.123    1967.019
           33 28  |  -.0951983   956.2973    -0.00   1.000    -1874.404    1874.213
           33 29  |  -.0191292   953.9706    -0.00   1.000    -1869.767    1869.729
           33 71  |  -.4221869   2143.467    -0.00   1.000    -4201.541    4200.697
           33 72  |  -4.480027   800.1603    -0.01   0.996    -1572.765    1563.805
           33 73  |  -.1747059   1991.331    -0.00   1.000    -3903.112    3902.762
           33 74  |   -5.57482   800.1602    -0.01   0.994     -1573.86     1562.71
           33 75  |  -4.636374   800.1603    -0.01   0.995    -1572.922    1563.649
           33 76  |  -.2417842   1770.112    -0.00   1.000    -3469.598    3469.114
            34 1  |  -.1113975   1247.215    -0.00   1.000    -2444.609    2444.386
            34 2  |  -.1894715   1265.717    -0.00   1.000     -2480.95    2480.571
            34 3  |  -.0534712   1108.826    -0.00   1.000    -2173.313    2173.206
            34 4  |  -4.534086   800.1603    -0.01   0.995    -1572.819    1563.751
           34 71  |  -12.65168   1370.855    -0.01   0.993    -2699.477    2674.174
            35 1  |  -4.003541   800.1603    -0.01   0.996    -1572.289    1564.282
            35 2  |  -.0618714   953.4172    -0.00   1.000    -1868.725    1868.602
            35 3  |  -4.280799   800.1603    -0.01   0.996    -1572.566    1564.004
            35 4  |  -.0721114   967.1915    -0.00   1.000    -1895.733    1895.588
            35 5  |  -.0639957   983.3515    -0.00   1.000    -1927.397     1927.27
            35 6  |   -3.51995   800.1603    -0.00   0.996    -1571.805    1564.765
            35 7  |  -3.708827   800.1603    -0.00   0.996    -1571.994    1564.576
            35 8  |  -3.934712   800.1603    -0.00   0.996     -1572.22    1564.351
            35 9  |  -.0649729   983.4798    -0.00   1.000     -1927.65     1927.52
           35 10  |  -3.715167   800.1603    -0.00   0.996    -1572.001     1564.57
           35 11  |  -4.284734   800.1602    -0.01   0.996     -1572.57    1564.001
           35 12  |   .0481099    1110.58     0.00   1.000    -2176.649    2176.745
           35 13  |  -5.042287   800.1602    -0.01   0.995    -1573.328    1563.243
           35 14  |  -4.485657   800.1602    -0.01   0.996    -1572.771      1563.8
           35 15  |  -3.572809   800.1603    -0.00   0.996    -1571.858    1564.713
           35 16  |  -3.554796   800.1603    -0.00   0.996     -1571.84    1564.731
           35 17  |  -.0571559    947.109    -0.00   1.000    -1856.357    1856.242
           35 18  |  -3.940679   800.1603    -0.00   0.996    -1572.226    1564.345
           35 19  |  -4.328321   800.1602    -0.01   0.996    -1572.614    1563.957
           35 20  |  -4.522482   800.1602    -0.01   0.995    -1572.808    1563.763
           35 21  |  -3.638324   800.1603    -0.00   0.996    -1571.924    1564.647
           35 22  |  -4.161083   800.1602    -0.01   0.996    -1572.446    1564.124
           35 23  |  -4.183451   800.1602    -0.01   0.996    -1572.469    1564.102
           35 24  |    .014772   904.9885     0.00   1.000     -1773.73     1773.76
           35 25  |  -4.008448   800.1602    -0.01   0.996    -1572.294    1564.277
           35 26  |   -5.42483   800.1602    -0.01   0.995     -1573.71     1562.86
           35 27  |  -.0808066   1041.861    -0.00   1.000     -2042.09    2041.929
           35 28  |  -.0997593   1036.067    -0.00   1.000    -2030.754    2030.555
           35 29  |  -4.681718   800.1602    -0.01   0.995    -1572.967    1563.604
           35 71  |   -.300339   1444.829    -0.00   1.000    -2832.113    2831.512
           35 72  |  -.3707794   1951.092    -0.00   1.000     -3824.44    3823.699
           35 73  |  -4.727207   800.1603    -0.01   0.995    -1573.013    1563.558
           35 74  |  -.3054607   1722.192    -0.00   1.000     -3375.74     3375.13
           35 75  |  -5.065896   800.1603    -0.01   0.995    -1573.351    1563.219
           35 76  |  -.2726953   2119.233    -0.00   1.000    -4153.893    4153.347
           35 77  |  -4.760554   800.1604    -0.01   0.995    -1573.046    1563.525
           35 78  |  -12.74037   996.4643    -0.01   0.990    -1965.774    1940.294
           35 79  |  -4.627842   800.1604    -0.01   0.995    -1572.913    1563.658
            36 1  |  -3.709996   800.1603    -0.00   0.996    -1571.995    1564.575
            36 2  |  -3.410125   800.1603    -0.00   0.997    -1571.695    1564.875
            36 3  |  -3.665887   800.1603    -0.00   0.996    -1571.951    1564.619
            36 4  |  -.0879092   937.6718    -0.00   1.000    -1837.891    1837.715
           36 71  |  -7.023476   800.1602    -0.01   0.993    -1575.309    1561.262
           36 72  |  -.2001262   1528.615    -0.00   1.000     -2996.23    2995.829
           36 73  |  -.2874234    1283.03    -0.00   1.000     -2514.98    2514.405
           36 74  |  -.4805448   1325.985    -0.00   1.000    -2599.364    2598.403
            51 1  |  -4.230625   800.1603    -0.01   0.996    -1572.516    1564.055
            51 2  |  -5.070172   800.1602    -0.01   0.995    -1573.355    1563.215
            51 3  |  -5.867549   800.1602    -0.01   0.994    -1574.153    1562.418
            51 4  |  -7.701577   800.1603    -0.01   0.992    -1575.987    1560.584
            51 5  |  -5.087529   800.1603    -0.01   0.995    -1573.373    1563.198
            51 6  |  -4.955956   800.1603    -0.01   0.995    -1573.241    1563.329
            51 7  |  -4.538019   800.1603    -0.01   0.995    -1572.823    1563.747
            51 8  |  -4.435371   800.1603    -0.01   0.996    -1572.721     1563.85
           51 71  |   -6.79008   800.1602    -0.01   0.993    -1575.075    1561.495
            52 1  |  -.1832055   1102.782    -0.00   1.000    -2161.597     2161.23
            52 2  |  -.0749173   1085.206    -0.00   1.000    -2127.039     2126.89
            52 3  |   -3.90005   800.1603    -0.00   0.996    -1572.185    1564.385
            52 4  |  -4.017316   800.1603    -0.01   0.996    -1572.303    1564.268
            52 5  |  -4.909554   800.1602    -0.01   0.995    -1573.195    1563.376
            52 6  |   .0453335    1052.71     0.00   1.000    -2063.228    2063.318
            52 7  |  -.0211971   1376.788    -0.00   1.000    -2698.475    2698.433
            52 8  |  -.0770368   1571.129    -0.00   1.000    -3079.434     3079.28
           52 71  |  -.3918346    1399.76    -0.00   1.000    -2743.871    2743.087
           52 72  |  -.2646859   1499.513    -0.00   1.000    -2939.256    2938.727
            53 1  |   .0527972   1358.828     0.00   1.000    -2663.201    2663.307
            53 2  |  -4.651757   800.1602    -0.01   0.995    -1572.937    1563.633
            53 3  |   .0938521   1066.312     0.00   1.000     -2089.84    2090.028
            53 4  |  -4.042492   800.1602    -0.01   0.996    -1572.328    1564.243
            53 5  |  -4.352369   800.1602    -0.01   0.996    -1572.638    1563.933
            53 6  |   .0545343   1309.526     0.00   1.000    -2566.568    2566.677
            53 7  |   -4.17922   800.1602    -0.01   0.996    -1572.464    1564.106
            53 8  |  -4.845746   800.1602    -0.01   0.995    -1573.131    1563.439
            53 9  |   -5.05641   800.1602    -0.01   0.995    -1573.342    1563.229
           53 10  |  -4.443841   800.1602    -0.01   0.996    -1572.729    1563.841
           53 11  |  -4.449209   800.1602    -0.01   0.996    -1572.734    1563.836
           53 12  |   -4.37014   800.1602    -0.01   0.996    -1572.655    1563.915
           53 13  |  -4.965283   800.1602    -0.01   0.995    -1573.251     1563.32
           53 14  |  -3.863967   800.1603    -0.00   0.996    -1572.149    1564.421
           53 15  |  -4.146946   800.1603    -0.01   0.996    -1572.432    1564.138
           53 16  |   .0447417   1429.978     0.00   1.000    -2802.661     2802.75
           53 17  |   -3.97594   800.1603    -0.00   0.996    -1572.261    1564.309
           53 18  |   .0393706   1195.343     0.00   1.000    -2342.791    2342.869
           53 19  |  -3.993479   800.1603    -0.00   0.996    -1572.279    1564.292
           53 20  |  -4.398128   800.1603    -0.01   0.996    -1572.683    1563.887
           53 21  |   .0379817   1159.329     0.00   1.000    -2272.206    2272.282
           53 71  |  -.3297449   1382.297    -0.00   1.000    -2709.582    2708.922
            61 1  |  -4.308029   800.1602    -0.01   0.996    -1572.593    1563.977
            61 2  |  -4.298331   800.1603    -0.01   0.996    -1572.584    1563.987
            61 3  |  -3.565734   800.1603    -0.00   0.996    -1571.851     1564.72
            61 4  |   .0337618   1372.743     0.00   1.000    -2690.494    2690.561
            61 5  |  -4.767446   800.1602    -0.01   0.995    -1573.053    1563.518
            61 6  |  -5.239666   800.1602    -0.01   0.995    -1573.525    1563.046
            61 7  |  -5.000745   800.1602    -0.01   0.995    -1573.286    1563.284
            61 8  |  -5.508329   800.1602    -0.01   0.995    -1573.794    1562.777
            61 9  |  -4.176543   800.1603    -0.01   0.996    -1572.462    1564.109
           61 10  |  -4.170481   800.1602    -0.01   0.996    -1572.456    1564.115
           61 11  |   .0269789   1616.234     0.00   1.000    -3167.734    3167.787
           61 12  |  -4.186354   800.1603    -0.01   0.996    -1572.472    1564.099
           61 71  |  -4.770815   800.1603    -0.01   0.995    -1573.056    1563.515
           61 72  |  -.1073257   1850.417    -0.00   1.000    -3626.857    3626.643
            62 1  |  -4.654443   800.1603    -0.01   0.995     -1572.94    1563.631
            62 2  |   -4.47209   800.1602    -0.01   0.996    -1572.757    1563.813
            62 3  |  -4.560784   800.1602    -0.01   0.995    -1572.846    1563.724
            62 4  |   .3231904   1328.587     0.00   1.000     -2603.66    2604.307
            62 5  |   -4.01796   800.1603    -0.01   0.996    -1572.303    1564.267
            62 6  |  -.0779176   1757.285    -0.00   1.000    -3444.293    3444.138
            62 7  |  -5.634394   800.1602    -0.01   0.994     -1573.92    1562.651
            62 8  |  -4.230389   800.1603    -0.01   0.996    -1572.516    1564.055
            62 9  |  -4.256651   800.1602    -0.01   0.996    -1572.542    1564.029
           62 10  |   -4.30957   800.1603    -0.01   0.996    -1572.595    1563.976
           62 11  |  -3.874763   800.1603    -0.00   0.996     -1572.16    1564.411
           62 12  |  -3.634476   800.1603    -0.00   0.996     -1571.92    1564.651
           62 13  |  -5.020672   800.1602    -0.01   0.995    -1573.306    1563.265
           62 71  |    .166972   1791.465     0.00   1.000    -3511.041    3511.375
            63 1  |  -.0648302   1114.765    -0.00   1.000    -2184.963    2184.834
            63 2  |  -4.619491   800.1602    -0.01   0.995    -1572.905    1563.666
            63 3  |  -4.321841   800.1602    -0.01   0.996    -1572.607    1563.963
            63 4  |  -4.125634   800.1603    -0.01   0.996    -1572.411     1564.16
            63 5  |  -4.962741   800.1602    -0.01   0.995    -1573.248    1563.323
            63 6  |  -3.683846   800.1603    -0.00   0.996    -1571.969    1564.602
            63 7  |  -4.275894   800.1602    -0.01   0.996    -1572.561    1564.009
            63 8  |  -3.801238   800.1603    -0.00   0.996    -1572.087    1564.484
            63 9  |  -4.896982   800.1602    -0.01   0.995    -1573.182    1563.388
           63 10  |   -4.04176   800.1603    -0.01   0.996    -1572.327    1564.244
           63 11  |  -4.102868   800.1603    -0.01   0.996    -1572.388    1564.182
           63 71  |  -.4960199   1326.811    -0.00   1.000    -2600.997    2600.005
           63 72  |  -.3086271   1979.021    -0.00   1.000    -3879.118    3878.501
            64 1  |  -4.532833   800.1602    -0.01   0.995    -1572.818    1563.752
            64 2  |  -4.219535   800.1602    -0.01   0.996    -1572.505    1564.066
            64 3  |  -4.533643   800.1602    -0.01   0.995    -1572.819    1563.752
            64 4  |  -5.024704   800.1602    -0.01   0.995     -1573.31    1563.261
            64 5  |  -4.936123   800.1602    -0.01   0.995    -1573.221    1563.349
            64 9  |  -.0462913   1444.213    -0.00   1.000    -2830.652     2830.56
           64 11  |  -4.924991   800.1603    -0.01   0.995     -1573.21     1563.36
           64 71  |  -6.823309   800.1603    -0.01   0.993    -1575.109    1561.462
           64 72  |  -.2711383   1317.665    -0.00   1.000    -2582.847    2582.305
           64 74  |  -4.932493   800.1604    -0.01   0.995    -1573.218    1563.353
            65 1  |  -5.321014   800.1602    -0.01   0.995    -1573.606    1562.964
            65 2  |  -4.363044   800.1603    -0.01   0.996    -1572.648    1563.922
            65 3  |   .1205799   1822.844     0.00   1.000    -3572.588    3572.829
            65 4  |   -5.50192   800.1602    -0.01   0.995    -1573.787    1562.783
           65 71  |  -5.404045   800.1603    -0.01   0.995    -1573.689    1562.881
            71 1  |  -4.076142   800.1603    -0.01   0.996    -1572.361    1564.209
            71 2  |  -4.248932   800.1602    -0.01   0.996    -1572.534    1564.036
            71 3  |  -4.399628   800.1602    -0.01   0.996    -1572.685    1563.886
            71 4  |  -5.420821   800.1602    -0.01   0.995    -1573.706    1562.864
            71 5  |  -3.946495   800.1603    -0.00   0.996    -1572.232    1564.339
            71 6  |  -4.446188   800.1603    -0.01   0.996    -1572.731    1563.839
            71 7  |  -.0231492   1197.414    -0.00   1.000    -2346.912    2346.865
            71 8  |  -4.533713   800.1603    -0.01   0.995    -1572.819    1563.752
            71 9  |  -4.525367   800.1602    -0.01   0.995    -1572.811     1563.76
           71 10  |  -.0333449   1307.408    -0.00   1.000    -2562.506     2562.44
           71 11  |  -4.614943   800.1603    -0.01   0.995      -1572.9     1563.67
           71 71  |  -4.630305   800.1603    -0.01   0.995    -1572.916    1563.655
           71 72  |  -4.566717   800.1603    -0.01   0.995    -1572.852    1563.719
           71 73  |  -4.681939   800.1603    -0.01   0.995    -1572.967    1563.603
           71 74  |  -.1888743   1656.966    -0.00   1.000    -3247.782    3247.405
            72 1  |  -4.242085   800.1603    -0.01   0.996    -1572.527    1564.043
            72 2  |  -3.967378   800.1602    -0.00   0.996    -1572.253    1564.318
            72 3  |    -4.4571   800.1602    -0.01   0.996    -1572.742    1563.828
            72 4  |  -5.175111   800.1602    -0.01   0.995     -1573.46     1563.11
            72 5  |  -4.699391   800.1602    -0.01   0.995    -1572.985    1563.586
            72 6  |  -3.860217   800.1603    -0.00   0.996    -1572.146    1564.425
            72 7  |  -4.434397   800.1603    -0.01   0.996     -1572.72    1563.851
            72 8  |  -4.487933   800.1602    -0.01   0.996    -1572.773    1563.797
            72 9  |  -4.121615   800.1603    -0.01   0.996    -1572.407    1564.164
           72 10  |  -5.373427   800.1602    -0.01   0.995    -1573.659    1562.912
           72 11  |   .0748701   1392.598     0.00   1.000    -2729.366    2729.516
           72 12  |  -4.748412   800.1602    -0.01   0.995    -1573.034    1563.537
           72 71  |   -.260928   1381.779    -0.00   1.000    -2708.498    2707.976
            73 1  |  -3.991487   800.1603    -0.00   0.996    -1572.277    1564.294
            73 2  |  -.1105369   1100.986    -0.00   1.000    -2158.004    2157.783
            73 3  |  -.0653329   1357.305    -0.00   1.000    -2660.335    2660.204
            73 4  |  -.0757442   1170.288    -0.00   1.000    -2293.799    2293.647
            73 5  |  -.0963801   1173.731    -0.00   1.000    -2300.566    2300.373
            73 6  |  -.1153254   1051.747    -0.00   1.000    -2061.502    2061.271
            73 7  |   -.047174    1290.63    -0.00   1.000    -2529.636    2529.542
            73 8  |  -4.261063   800.1603    -0.01   0.996    -1572.546    1564.024
            73 9  |  -3.927308   800.1603    -0.00   0.996    -1572.213    1564.358
           73 10  |  -.1167281   1397.561    -0.00   1.000    -2739.285    2739.052
           73 11  |  -4.105331   800.1602    -0.01   0.996    -1572.391     1564.18
           73 12  |  -.0186429   1356.039    -0.00   1.000    -2657.806    2657.769
           73 13  |  -.0722082   1034.959    -0.00   1.000    -2028.554    2028.409
           73 14  |  -3.958441   800.1603    -0.00   0.996    -1572.244    1564.327
           73 15  |  -.0718491   1182.706    -0.00   1.000    -2318.132    2317.988
           73 16  |   .0111803   1144.301     0.00   1.000    -2242.778      2242.8
           73 17  |   -3.85713   800.1603    -0.00   0.996    -1572.142    1564.428
           73 18  |   -3.93292   800.1603    -0.00   0.996    -1572.218    1564.352
           73 22  |  -4.129325   800.1603    -0.01   0.996    -1572.415    1564.156
           73 25  |  -3.861234   800.1603    -0.00   0.996    -1572.147    1564.424
           73 26  |    .009728   1103.299     0.00   1.000    -2162.416    2162.436
           73 71  |   -.348896   1030.228    -0.00   1.000    -2019.558     2018.86
           73 72  |  -8.279089   800.1604    -0.01   0.992    -1576.565    1560.006
           73 73  |  -.1816262   1421.303    -0.00   1.000    -2785.884     2785.52
            74 1  |  -.0542414   1223.623    -0.00   1.000    -2398.312    2398.203
            74 2  |  -3.802415   800.1603    -0.00   0.996    -1572.088    1564.483
            74 3  |  -4.750333   800.1602    -0.01   0.995    -1573.036    1563.535
            74 4  |  -4.496526   800.1602    -0.01   0.996    -1572.782    1563.789
            74 5  |  -4.622898   800.1602    -0.01   0.995    -1572.908    1563.662
            74 6  |  -4.245507   800.1603    -0.01   0.996    -1572.531     1564.04
            74 7  |  -3.975119   800.1603    -0.00   0.996    -1572.261     1564.31
            74 8  |  -4.310122   800.1603    -0.01   0.996    -1572.595    1563.975
            74 9  |   -4.69359   800.1603    -0.01   0.995    -1572.979    1563.592
           74 10  |  -5.012269   800.1602    -0.01   0.995    -1573.298    1563.273
           74 11  |  -4.451861   800.1602    -0.01   0.996    -1572.737    1563.833
           74 12  |  -4.256323   800.1603    -0.01   0.996    -1572.542    1564.029
           74 13  |  -3.992725   800.1603    -0.00   0.996    -1572.278    1564.293
           74 14  |  -4.085413   800.1603    -0.01   0.996    -1572.371      1564.2
           74 15  |  -.0507092   1356.893    -0.00   1.000    -2659.513    2659.411
           74 71  |  -.3339655   1290.592    -0.00   1.000    -2529.847    2529.179
           74 72  |  -4.502545   800.1603    -0.01   0.996    -1572.788    1563.783
            75 1  |  -4.303532   800.1603    -0.01   0.996    -1572.589    1563.982
            75 2  |    -.03182   1019.202    -0.00   1.000    -1997.632    1997.568
            75 3  |  -4.175072   800.1603    -0.01   0.996     -1572.46     1564.11
            75 4  |    .001218   1061.165     0.00   1.000    -2079.843    2079.846
            75 5  |   .0061154   1158.286     0.00   1.000    -2270.192    2270.204
           75 71  |  -.4545841   1334.664    -0.00   1.000    -2616.347    2615.438
            76 1  |   .0147277   1280.314     0.00   1.000    -2509.354    2509.384
            76 2  |  -3.984032   800.1603    -0.00   0.996    -1572.269    1564.301
            76 3  |  -4.185051   800.1602    -0.01   0.996     -1572.47      1564.1
            76 4  |  -3.862753   800.1603    -0.00   0.996    -1572.148    1564.423
            76 5  |  -.0278409   1403.353    -0.00   1.000    -2750.548    2750.493
            76 6  |   -5.03107   800.1603    -0.01   0.995    -1573.316    1563.254
            81 1  |  -5.126582   800.1602    -0.01   0.995    -1573.412    1563.159
            81 2  |  -4.338707   800.1602    -0.01   0.996    -1572.624    1563.947
            81 3  |  -4.694051   800.1602    -0.01   0.995    -1572.979    1563.591
            81 4  |  -4.965127   800.1602    -0.01   0.995     -1573.25     1563.32
            81 5  |  -5.751345   800.1602    -0.01   0.994    -1574.037    1562.534
            81 6  |  -3.979347   800.1603    -0.00   0.996    -1572.265    1564.306
            81 7  |  -5.059882   800.1602    -0.01   0.995    -1573.345    1563.225
            81 8  |  -6.292559   800.1602    -0.01   0.994    -1574.578    1561.993
            81 9  |  -5.077661   800.1602    -0.01   0.995    -1573.363    1563.208
           81 71  |  -.2924565   1374.952    -0.00   1.000    -2695.149    2694.564
           81 72  |  -5.223336   800.1603    -0.01   0.995    -1573.509    1563.062
            82 1  |  -5.265295   800.1602    -0.01   0.995    -1573.551     1563.02
            82 2  |  -4.605159   800.1603    -0.01   0.995     -1572.89     1563.68
            82 3  |  -5.796348   800.1602    -0.01   0.994    -1574.082    1562.489
            82 4  |  -4.526298   800.1602    -0.01   0.995    -1572.812    1563.759
            82 5  |  -5.179325   800.1602    -0.01   0.995    -1573.465    1563.106
            82 6  |   -5.55591   800.1602    -0.01   0.994    -1573.841    1562.729
            82 7  |  -5.527122   800.1602    -0.01   0.994    -1573.812    1562.758
            82 8  |  -5.678683   800.1602    -0.01   0.994    -1573.964    1562.607
           82 71  |  -4.677792   800.1603    -0.01   0.995    -1572.963    1563.608
           82 72  |  -4.906569   800.1602    -0.01   0.995    -1573.192    1563.379
            91 1  |  -5.859445   800.1602    -0.01   0.994    -1574.145    1562.426
            91 2  |  -6.549106   800.1602    -0.01   0.993    -1574.834    1561.736
            91 3  |   -6.51857   800.1602    -0.01   0.994    -1574.804    1561.767
            91 4  |  -6.858381   800.1602    -0.01   0.993    -1575.144    1561.427
            91 5  |  -6.279795   800.1602    -0.01   0.994    -1574.565    1562.005
           91 11  |  -6.969428   800.1603    -0.01   0.993    -1575.255    1561.316
           91 12  |   -7.38025   800.1602    -0.01   0.993    -1575.665    1560.905
            92 1  |  -6.534914   800.1602    -0.01   0.993     -1574.82     1561.75
            92 2  |  -6.346371   800.1602    -0.01   0.994    -1574.632    1561.939
            92 3  |  -6.449124   800.1602    -0.01   0.994    -1574.734    1561.836
            92 4  |  -7.615569   800.1602    -0.01   0.992    -1575.901     1560.67
            92 5  |  -7.417615   800.1602    -0.01   0.993    -1575.703    1560.868
           92 71  |  -.2411588   1445.049    -0.00   1.000    -2832.486    2832.003
            94 3  |  -5.615451   800.1602    -0.01   0.994    -1573.901     1562.67
            94 8  |  -5.977123   800.1602    -0.01   0.994    -1574.262    1562.308
            94 9  |  -5.667992   800.1602    -0.01   0.994    -1573.953    1562.617
           94 19  |  -7.041984   800.1602    -0.01   0.993    -1575.327    1561.243
           94 20  |  -5.515161   800.1602    -0.01   0.995      -1573.8     1562.77
           94 26  |   -6.56076   800.1602    -0.01   0.993    -1574.846    1561.724
           94 27  |  -6.217905   800.1603    -0.01   0.994    -1574.503    1562.067
           94 28  |  -12.13522   1678.257    -0.01   0.994    -3301.459    3277.188
           94 71  |   -4.46839   800.1603    -0.01   0.996    -1572.754    1563.817
            95 1  |  -5.539635   800.1602    -0.01   0.994    -1573.825    1562.746
            95 2  |  -4.882304   800.1602    -0.01   0.995    -1573.168    1563.403
            95 3  |  -7.588797   800.1602    -0.01   0.992    -1575.874    1560.696
            95 4  |  -8.461618   800.1603    -0.01   0.992    -1576.747    1559.824
            96 1  |   -6.25575   800.1602    -0.01   0.994    -1574.541    1562.029
            96 2  |  -6.716595   800.1602    -0.01   0.993    -1575.002    1561.569
            96 3  |  -8.047809   800.1603    -0.01   0.992    -1576.333    1560.238
            96 4  |   -5.69913   800.1602    -0.01   0.994    -1573.984    1562.586
            96 5  |  -7.225146   800.1602    -0.01   0.993     -1575.51     1561.06
            96 6  |  -7.898727   800.1603    -0.01   0.992    -1576.184    1560.387
            96 7  |  -8.599257   800.1603    -0.01   0.991    -1576.885    1559.686
            96 8  |   -8.03193   800.1602    -0.01   0.992    -1576.317    1560.253
            97 1  |   -6.88463   800.1602    -0.01   0.993     -1575.17    1561.401
            97 2  |  -8.086004   800.1602    -0.01   0.992    -1576.371    1560.199
            97 3  |  -12.13614   965.0808    -0.01   0.990     -1903.66    1879.387
            97 4  |  -8.626873   800.1603    -0.01   0.991    -1576.912    1559.658
            97 5  |  -12.26505   1431.593    -0.01   0.993    -2818.135    2793.605
            97 6  |  -12.20896   982.4727    -0.01   0.990     -1937.82    1913.402
            97 7  |  -8.941343   800.1603    -0.01   0.991    -1577.227    1559.344
            97 8  |  -7.528779   800.1602    -0.01   0.992    -1575.814    1560.756
                  |
            Env_z |          0  (omitted)
            _cons |   5.482149   800.1602     0.01   0.995    -1562.803    1573.767
------------------+----------------------------------------------------------------
lnsigma           |
            _cons |  -1.153463   .0025851  -446.20   0.000    -1.158529   -1.148396
------------------+----------------------------------------------------------------
           /sigma |   .3155422   .0008157                      .3139475     .317145
-----------------------------------------------------------------------------------
      name:  <unnamed>
       log:  /Users/athamawardi/Desktop/Research-Projects/PSE_Pertamina/Output/hurdle/churdlegrid_lnpov_PRE3_SEL2.log
  log type:  text
 closed on:  20 Jan 2026, 18:47:02
---------------------------------------------------------------------------------------------------------------------------------------------------------------------------------------------------------------------------------------------------------------
