---------------------------------------------------------------------------------------------------------------------------------------------------------------------------------------------------------------------------------------------------------------
      name:  <unnamed>
       log:  /Users/athamawardi/Desktop/Research-Projects/PSE_Pertamina/Output/hurdle/churdlegrid_lnpov_PRE1_SEL4.log
  log type:  text
 opened on:  20 Jan 2026, 18:34:54
RUN: churdle exponential lnpov Ker5_w1 Edu_z Wbasic_z Hlth_z, select(i.r308b1d i.r308b1e i.r309a i.r309b i.r309d i.r309e i.r310 i.r403a i.r403c1 i.r403c2 Edu_z Wbasic_z Hlth_z) ll(0)
 
Iteration 0:   log likelihood = -114669.58  (not concave)
Iteration 1:   log likelihood = -70000.161  
Iteration 2:   log likelihood = -61858.399  
Iteration 3:   log likelihood = -61852.175  
Iteration 4:   log likelihood = -61851.779  
Iteration 5:   log likelihood = -61851.768  
Iteration 6:   log likelihood = -61851.767  
Iteration 7:   log likelihood = -61851.766  
Iteration 8:   log likelihood = -61851.766  
Iteration 9:   log likelihood = -61851.766  

Cragg hurdle regression                               Number of obs =   84,276
                                                      LR chi2(4)    = 43562.84
                                                      Prob > chi2   =   0.0000
Log likelihood = -61851.766                           Pseudo R2     =   0.2604

------------------------------------------------------------------------------
       lnpov | Coefficient  Std. err.      z    P>|z|     [95% conf. interval]
-------------+----------------------------------------------------------------
lnpov        |
     Ker5_w1 |   .1064031   .0052541    20.25   0.000     .0961053    .1167009
       Edu_z |  -.1910208    .001597  -119.61   0.000    -.1941508   -.1878908
    Wbasic_z |   .0164927   .0017437     9.46   0.000     .0130751    .0199103
      Hlth_z |   .0072919   .0011526     6.33   0.000     .0050329    .0095508
       _cons |   1.202516   .0012255   981.21   0.000     1.200114    1.204918
-------------+----------------------------------------------------------------
selection_ll |
     r308b1d |
          1  |   .2202429   .0505632     4.36   0.000     .1211409    .3193448
          2  |   .1868972   .0234967     7.95   0.000     .1408445    .2329498
             |
     r308b1e |
          1  |   .1557879   .0369116     4.22   0.000     .0834425    .2281333
          2  |          0  (omitted)
             |
       r309a |
          2  |   .0251181   .0320556     0.78   0.433    -.0377097    .0879459
          3  |   .1597943   .0668811     2.39   0.017     .0287097    .2908789
             |
       r309b |
          1  |   .4876758   .0277457    17.58   0.000     .4332952    .5420563
          2  |   .6055046   .0386847    15.65   0.000     .5296839    .6813253
          3  |          0  (omitted)
             |
       r309d |
          1  |  -.4366474    .060923    -7.17   0.000    -.5560543   -.3172405
          2  |   -.260098   .0601035    -4.33   0.000    -.3778988   -.1422972
          3  |  -.0521021   .0658737    -0.79   0.429    -.1812121    .0770079
          4  |          0  (omitted)
             |
       r309e |
          1  |   .1273182   .0399797     3.18   0.001     .0489596    .2056769
          2  |          0  (omitted)
             |
      2.r310 |   .0299747   .0234279     1.28   0.201    -.0159431    .0758926
             |
       r403a |
          2  |   .4751939   .0864373     5.50   0.000     .3057799    .6446079
          3  |   .0204544   .0624591     0.33   0.743    -.1019633     .142872
          4  |   4.034236    261.076     0.02   0.988    -507.6653    515.7337
          5  |   4.040879   220.6111     0.02   0.985    -428.3488    436.4306
          6  |   .4857681   .1253962     3.87   0.000     .2399961    .7315401
          7  |  -.5409669   .0598881    -9.03   0.000    -.6583454   -.4235884
          8  |   .0285446   .2214756     0.13   0.897    -.4055396    .4626289
          9  |  -.9682596   .0949286   -10.20   0.000    -1.154316   -.7822029
         11  |   2.762934   2211.908     0.00   0.999    -4332.497    4338.023
         13  |   4.176025   477.1859     0.01   0.993    -931.0912    939.4432
         14  |  -.8660211   .3267021    -2.65   0.008    -1.506346   -.2256967
         15  |  -.0209036   .0859476    -0.24   0.808    -.1893577    .1475505
         16  |   .6762379   .3393583     1.99   0.046     .0111078    1.341368
         17  |  -.2368755   .9898957    -0.24   0.811    -2.177036    1.703284
         18  |   4.804398   263.1465     0.02   0.985    -510.9533    520.5621
         19  |  -.6959083   .0873262    -7.97   0.000    -.8670645   -.5247521
         20  |  -1.118112   .8671104    -1.29   0.197    -2.817617    .5813933
             |
      r403c1 |
          1  |   .2262386   .0581461     3.89   0.000     .1122743    .3402029
          2  |    .383357   .0567155     6.76   0.000     .2721967    .4945173
          3  |   .2846315   .0529302     5.38   0.000     .1808902    .3883728
          4  |   .2596593   .0638348     4.07   0.000     .1345454    .3847733
          5  |          0  (omitted)
             |
      r403c2 |
          1  |   .2332584   .0249402     9.35   0.000     .1843765    .2821404
          2  |   .3000824   .0257787    11.64   0.000     .2495571    .3506076
          3  |   .4793493   .0458679    10.45   0.000     .3894499    .5692486
          4  |          0  (omitted)
             |
       Edu_z |  -.4836648   .0122458   -39.50   0.000    -.5076661   -.4596634
    Wbasic_z |   .4428254   .0096377    45.95   0.000     .4239358    .4617149
      Hlth_z |   .0251748   .0071505     3.52   0.000       .01116    .0391895
       _cons |   1.065616   .0862229    12.36   0.000     .8966221     1.23461
-------------+----------------------------------------------------------------
lnsigma      |
       _cons |  -1.156197   .0025851  -447.26   0.000    -1.161264   -1.151131
-------------+----------------------------------------------------------------
      /sigma |   .3146805   .0008135                      .3130902     .316279
------------------------------------------------------------------------------
      name:  <unnamed>
       log:  /Users/athamawardi/Desktop/Research-Projects/PSE_Pertamina/Output/hurdle/churdlegrid_lnpov_PRE1_SEL4.log
  log type:  text
 closed on:  20 Jan 2026, 18:35:12
---------------------------------------------------------------------------------------------------------------------------------------------------------------------------------------------------------------------------------------------------------------
