---------------------------------------------------------------------------------------------------------------------------------------------------------------------------------------------------------------------------------------------------------------
      name:  <unnamed>
       log:  /Users/athamawardi/Desktop/Research-Projects/PSE_Pertamina/Output/hurdle/churdlegrid_lnpov_PRE2_SEL2.log
  log type:  text
 opened on:  20 Jan 2026, 18:35:26
RUN: churdle exponential lnpov Ker5_w1, select(i.r308b1d i.r308b1e i.r309a i.r309b i.r309d i.r309e i.r310 i.r403a i.r403c1 i.r403c2 i.y_combo3 i.kab Env_z) ll(0)

for select()
note: 2.r308b1e omitted because of collinearity.
note: 3.r309b omitted because of collinearity.
note: 4.r309d omitted because of collinearity.
note: 2.r309e omitted because of collinearity.
note: 5.r403c1 omitted because of collinearity.
note: 4.r403c2 omitted because of collinearity.
note: Env_z omitted because of collinearity.
 
Iteration 0:   log likelihood = -151649.72  (not concave)
Iteration 1:   log likelihood = -108914.25  
Iteration 2:   log likelihood = -64889.472  
Iteration 3:   log likelihood = -64673.427  
Iteration 4:   log likelihood = -64648.969  
Iteration 5:   log likelihood = -64644.476  
Iteration 6:   log likelihood = -64643.597  
Iteration 7:   log likelihood = -64643.447  
Iteration 8:   log likelihood = -64643.426  
Iteration 9:   log likelihood = -64643.422  
Iteration 10:  log likelihood = -64643.421  
Iteration 11:  log likelihood = -64643.421  
Iteration 12:  log likelihood = -64643.421  

Cragg hurdle regression                               Number of obs =   84,276
                                                      LR chi2(1)    = 37979.53
                                                      Prob > chi2   =   0.0000
Log likelihood = -64643.421                           Pseudo R2     =   0.2271

-----------------------------------------------------------------------------------
            lnpov | Coefficient  Std. err.      z    P>|z|     [95% conf. interval]
------------------+----------------------------------------------------------------
lnpov             |
          Ker5_w1 |   .2035624   .0059194    34.39   0.000     .1919605    .2151643
            _cons |   1.230144    .001362   903.17   0.000     1.227474    1.232813
------------------+----------------------------------------------------------------
selection_ll      |
          r308b1d |
               1  |  -.0496325   .1014101    -0.49   0.625    -.2483927    .1491277
               2  |  -.1064228   .0847587    -1.26   0.209    -.2725467    .0597012
                  |
          r308b1e |
               1  |   .0521342   .0436951     1.19   0.233    -.0335066     .137775
               2  |          0  (omitted)
                  |
            r309a |
               2  |    .234277     .04271     5.49   0.000      .150567    .3179869
               3  |   .3004311    .082136     3.66   0.000     .1394474    .4614147
                  |
            r309b |
               1  |   .0998763   .0394706     2.53   0.011     .0225153    .1772373
               2  |    .184244   .0491637     3.75   0.000     .0878849    .2806031
               3  |          0  (omitted)
                  |
            r309d |
               1  |  -.2273672    .071581    -3.18   0.001    -.3676633    -.087071
               2  |  -.1183761   .0691407    -1.71   0.087    -.2538894    .0171371
               3  |  -.0098771    .075644    -0.13   0.896    -.1581366    .1383825
               4  |          0  (omitted)
                  |
            r309e |
               1  |   .1264236   .0472429     2.68   0.007     .0338292     .219018
               2  |          0  (omitted)
                  |
           2.r310 |   .0127842   .0291972     0.44   0.661    -.0444414    .0700097
                  |
            r403a |
               2  |   .4479051   .1070312     4.18   0.000     .2381278    .6576824
               3  |    .524207   .0898301     5.84   0.000     .3481433    .7002707
               4  |   5.219964   3396.245     0.00   0.999    -6651.298    6661.738
               5  |   3.744173   2777.828     0.00   0.999    -5440.698    5448.186
               6  |   .6626184   .1623049     4.08   0.000     .3445067    .9807302
               7  |   .7792279   .0889012     8.77   0.000     .6049847     .953471
               8  |   1.677676   .4007435     4.19   0.000     .8922335    2.463119
               9  |   .3829726   .1480872     2.59   0.010      .092727    .6732182
              11  |   5.553903   6795.419     0.00   0.999    -13313.22    13324.33
              13  |   5.469383   5312.896     0.00   0.999    -10407.62    10418.55
              14  |   .4235228   .4775077     0.89   0.375    -.5123751    1.359421
              15  |   .9081131    .110661     8.21   0.000     .6912215    1.125005
              16  |   .7287765   .3633067     2.01   0.045     .0167085    1.440845
              17  |  -.0003288   1.263918    -0.00   1.000    -2.477563    2.476905
              18  |    6.08569   3145.416     0.00   0.998    -6158.817    6170.988
              19  |   .9735038   .1488102     6.54   0.000     .6818412    1.265166
              20  |   -.895133   1.088126    -0.82   0.411     -3.02782    1.237554
                  |
           r403c1 |
               1  |   .2886574   .0801509     3.60   0.000     .1315646    .4457502
               2  |   .2895898   .0785259     3.69   0.000     .1356818    .4434978
               3  |   .2395708   .0742017     3.23   0.001     .0941381    .3850036
               4  |   .2937362   .0864042     3.40   0.001      .124387    .4630854
               5  |          0  (omitted)
                  |
           r403c2 |
               1  |   .1836583    .033276     5.52   0.000     .1184385    .2488781
               2  |   .1089345   .0350376     3.11   0.002      .040262    .1776071
               3  |   .0586497   .0563362     1.04   0.298    -.0517671    .1690666
               4  |          0  (omitted)
                  |
         y_combo3 |
    Tangkap-only  |   .1379798   .0855378     1.61   0.107    -.0296712    .3056308
Tangkap+Budidaya  |   .1676203   .0952147     1.76   0.078     -.018997    .3542377
     Other/mixed  |   .1033046    .141853     0.73   0.466    -.1747222    .3813314
                  |
              kab |
            11 2  |  -4.243419   795.5633    -0.01   0.996    -1563.519    1555.032
            11 3  |  -3.553456   795.5633    -0.00   0.996    -1562.829    1555.722
            11 4  |   -3.92474   795.5633    -0.00   0.996      -1563.2    1555.351
            11 5  |  -4.400563   795.5632    -0.01   0.996    -1563.676    1554.875
            11 6  |  -4.064494   795.5633    -0.01   0.996     -1563.34    1555.211
            11 7  |  -4.390609   795.5632    -0.01   0.996    -1563.666    1554.885
            11 8  |  -3.713182   795.5633    -0.00   0.996    -1562.989    1555.562
            11 9  |  -4.038613   795.5632    -0.01   0.996    -1563.314    1555.237
           11 10  |  -3.569906   795.5633    -0.00   0.996    -1562.845    1555.705
           11 11  |  -4.230368   795.5632    -0.01   0.996    -1563.506    1555.045
           11 12  |  -.0578895    1081.31    -0.00   1.000    -2119.387    2119.272
           11 13  |  -5.071234   795.5632    -0.01   0.995    -1564.347    1554.204
           11 14  |  -3.665018   795.5633    -0.00   0.996     -1562.94     1555.61
           11 15  |  -4.602558   795.5632    -0.01   0.995    -1563.878    1554.673
           11 16  |   .0358978   1065.209     0.00   1.000    -2087.734    2087.806
           11 17  |  -4.585651   795.5632    -0.01   0.995    -1563.861     1554.69
           11 18  |  -3.661385   795.5633    -0.00   0.996    -1562.937    1555.614
           11 71  |  -4.326334   795.5633    -0.01   0.996    -1563.602    1554.949
           11 72  |  -.1099979   2119.883    -0.00   1.000    -4155.004    4154.784
           11 73  |  -.2212256   1286.312    -0.00   1.000    -2521.346    2520.904
           11 74  |  -.2207588   1290.669    -0.00   1.000    -2529.885    2529.444
           11 75  |   .0169185   1300.489     0.00   1.000    -2548.895    2548.928
            12 1  |  -3.955101   795.5633    -0.00   0.996     -1563.23     1555.32
            12 2  |  -4.411407   795.5632    -0.01   0.996    -1563.687    1554.864
            12 3  |  -4.240262   795.5633    -0.01   0.996    -1563.516    1555.035
            12 4  |  -4.171698   795.5633    -0.01   0.996    -1563.447    1555.104
            12 5  |   .1997647   995.5034     0.00   1.000    -1950.951    1951.351
            12 6  |  -3.950643   795.5633    -0.00   0.996    -1563.226    1555.325
            12 7  |  -4.242376   795.5633    -0.01   0.996    -1563.518    1555.033
            12 8  |  -4.219313   795.5633    -0.01   0.996    -1563.495    1555.056
            12 9  |   -4.35929   795.5632    -0.01   0.996    -1563.635    1554.916
           12 10  |  -3.698287   795.5633    -0.00   0.996    -1562.974    1555.577
           12 11  |  -3.951364   795.5633    -0.00   0.996    -1563.227    1555.324
           12 12  |  -4.262919   795.5632    -0.01   0.996    -1563.538    1555.012
           12 13  |  -4.403214   795.5633    -0.01   0.996    -1563.679    1554.872
           12 14  |  -5.405128   795.5632    -0.01   0.995     -1564.68     1553.87
           12 15  |  -3.596193   795.5633    -0.00   0.996    -1562.872    1555.679
           12 16  |   .1245339   1545.367     0.00   1.000    -3028.739    3028.988
           12 17  |   .0866814    1145.31     0.00   1.000     -2244.68    2244.853
           12 18  |  -4.425083   795.5633    -0.01   0.996      -1563.7     1554.85
           12 19  |  -.0501243   1074.705    -0.00   1.000    -2106.433    2106.333
           12 20  |   -5.64267   795.5632    -0.01   0.994    -1564.918    1553.633
           12 21  |  -4.342268   795.5632    -0.01   0.996    -1563.618    1554.933
           12 22  |   .0292169   1506.034     0.00   1.000    -2951.743    2951.801
           12 23  |  -4.414705   795.5633    -0.01   0.996     -1563.69    1554.861
           12 24  |  -4.360989   795.5633    -0.01   0.996    -1563.636    1554.914
           12 25  |  -4.471678   795.5633    -0.01   0.996    -1563.747    1554.804
           12 71  |  -.4088202   2107.359    -0.00   1.000    -4130.757    4129.939
           12 72  |  -.1942617   1700.743    -0.00   1.000     -3333.59    3333.201
           12 73  |  -4.433043   795.5633    -0.01   0.996    -1563.709    1554.842
           12 74  |  -.3594377   1584.099    -0.00   1.000    -3105.136    3104.417
           12 75  |  -8.636991   795.5633    -0.01   0.991    -1567.912    1550.638
           12 76  |   -.389625   1551.241    -0.00   1.000    -3040.765    3039.986
           12 77  |   -4.35201   795.5633    -0.01   0.996    -1563.627    1554.923
           12 78  |    .115728   1208.907     0.00   1.000    -2369.299    2369.531
            13 1  |   .2907885   1721.602     0.00   1.000    -3373.987    3374.569
            13 2  |   .0259562   1049.975     0.00   1.000    -2057.887    2057.939
            13 3  |   .1281931   1357.646     0.00   1.000    -2660.809    2661.065
            13 4  |   .1751817   1460.444     0.00   1.000    -2862.243    2862.594
            13 5  |   -.047925   1323.076    -0.00   1.000     -2593.23    2593.134
            13 6  |  -.0745594   1184.547    -0.00   1.000    -2321.743    2321.594
            13 7  |  -4.915586   795.5633    -0.01   0.995    -1564.191     1554.36
            13 8  |   .1009485   1339.826     0.00   1.000    -2625.909    2626.111
            13 9  |  -3.931979   795.5633    -0.00   0.996    -1563.207    1555.344
           13 10  |   .0081904   1569.185     0.00   1.000    -3075.538    3075.554
           13 11  |   .0396389   1535.284     0.00   1.000    -3009.062    3009.142
           13 12  |   .0197668   1269.733     0.00   1.000    -2488.611    2488.651
           13 71  |  -.3285558    1122.47    -0.00   1.000    -2200.329    2199.672
           13 72  |  -.4232082   2395.089    -0.00   1.000    -4694.711    4693.865
           13 73  |  -.0835878   1610.202    -0.00   1.000    -3156.021    3155.854
           13 74  |  -.2692604   2187.908    -0.00   1.000    -4288.491    4287.952
           13 75  |  -4.842861   795.5634    -0.01   0.995    -1564.118    1554.433
           13 76  |  -.2975751   1434.958    -0.00   1.000    -2812.764    2812.169
           13 77  |  -.2242994   1263.717    -0.00   1.000    -2477.064    2476.615
            14 1  |   -.009678   1003.564    -0.00   1.000     -1966.96     1966.94
            14 2  |  -3.930903   795.5633    -0.00   0.996    -1563.206    1555.344
            14 3  |  -3.863164   795.5633    -0.00   0.996    -1563.139    1555.412
            14 4  |  -4.110353   795.5633    -0.01   0.996    -1563.386    1555.165
            14 5  |  -4.671096   795.5633    -0.01   0.995    -1563.946    1554.604
            14 6  |  -3.550027   795.5633    -0.00   0.996    -1562.825    1555.725
            14 7  |   .0459033   1111.874     0.00   1.000    -2179.187    2179.279
            14 8  |  -.0351936   1071.021    -0.00   1.000    -2099.197    2099.127
            14 9  |  -3.890128   795.5633    -0.00   0.996    -1563.166    1555.385
           14 10  |   .0880903     1215.5     0.00   1.000    -2382.248    2382.424
           14 71  |  -4.230354   795.5633    -0.01   0.996    -1563.506    1555.045
           14 73  |  -.0794014   1585.864    -0.00   1.000    -3108.316    3108.157
            15 1  |  -4.125193   795.5633    -0.01   0.996    -1563.401     1555.15
            15 2  |  -4.299842   795.5633    -0.01   0.996    -1563.575    1554.975
            15 3  |  -4.780412   795.5632    -0.01   0.995    -1564.056    1554.495
            15 4  |   .0305759   1160.398     0.00   1.000    -2274.308     2274.37
            15 5  |  -.0144133   1086.704    -0.00   1.000    -2129.915    2129.887
            15 6  |  -4.449026   795.5633    -0.01   0.996    -1563.724    1554.826
            15 7  |  -4.461115   795.5633    -0.01   0.996    -1563.736    1554.814
            15 8  |   -4.53829   795.5633    -0.01   0.995    -1563.814    1554.737
            15 9  |  -4.160219   795.5633    -0.01   0.996    -1563.436    1555.115
           15 71  |  -.4060023   1261.361    -0.00   1.000    -2472.629    2471.817
           15 72  |  -4.226476   795.5633    -0.01   0.996    -1563.502    1555.049
            16 1  |  -4.065966   795.5633    -0.01   0.996    -1563.341    1555.209
            16 2  |  -4.343823   795.5632    -0.01   0.996    -1563.619    1554.931
            16 3  |  -3.755898   795.5633    -0.00   0.996    -1563.031    1555.519
            16 4  |  -4.542918   795.5632    -0.01   0.995    -1563.818    1554.732
            16 5  |  -3.836269   795.5633    -0.00   0.996    -1563.112    1555.439
            16 6  |   -4.13886   795.5633    -0.01   0.996    -1563.414    1555.136
            16 7  |  -4.004071   795.5633    -0.01   0.996    -1563.279    1555.271
            16 8  |  -4.493018   795.5632    -0.01   0.995    -1563.768    1554.782
            16 9  |  -4.250911   795.5632    -0.01   0.996    -1563.526    1555.024
           16 10  |  -4.080119   795.5633    -0.01   0.996    -1563.355    1555.195
           16 11  |  -4.316543   795.5633    -0.01   0.996    -1563.592    1554.959
           16 12  |   .0442814   1375.957     0.00   1.000    -2696.782     2696.87
           16 13  |  -4.301473   795.5633    -0.01   0.996    -1563.577    1554.974
           16 71  |  -4.175609   795.5633    -0.01   0.996    -1563.451      1555.1
           16 72  |  -5.109725   795.5633    -0.01   0.995    -1564.385    1554.166
           16 73  |  -.0672547    1703.25    -0.00   1.000    -3338.376    3338.241
           16 74  |  -.2483456   1251.381    -0.00   1.000    -2452.909    2452.412
            17 1  |   -.025716   1078.622    -0.00   1.000    -2114.086    2114.035
            17 2  |  -3.995034   795.5633    -0.01   0.996     -1563.27     1555.28
            17 3  |  -3.628952   795.5633    -0.00   0.996    -1562.904    1555.646
            17 4  |   .0700183   1042.897     0.00   1.000     -2043.97     2044.11
            17 5  |   .0288293   1033.404     0.00   1.000    -2025.406    2025.464
            17 6  |  -4.619778   795.5633    -0.01   0.995    -1563.895    1554.656
            17 7  |   .1419711   1231.357     0.00   1.000    -2413.273    2413.557
            17 8  |   .0274864   1173.604     0.00   1.000    -2300.195     2300.25
            17 9  |  -3.759358   795.5633    -0.00   0.996    -1563.035    1555.516
           17 71  |  -.3976683    1265.26    -0.00   1.000    -2480.261    2479.466
            18 1  |   -4.30669   795.5633    -0.01   0.996    -1563.582    1554.969
            18 2  |  -4.265877   795.5632    -0.01   0.996    -1563.541    1555.009
            18 3  |  -.0450344   968.8749    -0.00   1.000    -1899.005    1898.915
            18 4  |  -3.580153   795.5633    -0.00   0.996    -1562.856    1555.695
            18 5  |  -4.020305   795.5633    -0.01   0.996    -1563.296    1555.255
            18 6  |  -4.002507   795.5633    -0.01   0.996    -1563.278    1555.273
            18 7  |  -3.568638   795.5633    -0.00   0.996    -1562.844    1555.707
            18 8  |  -.0066401     1096.4    -0.00   1.000     -2148.91    2148.897
            18 9  |  -.0713894   1086.281    -0.00   1.000    -2129.143        2129
           18 10  |  -.0909104   1113.132    -0.00   1.000    -2181.789    2181.608
           18 11  |  -4.264917   795.5633    -0.01   0.996     -1563.54     1555.01
           18 12  |  -.0296555    1213.31    -0.00   1.000    -2378.074    2378.015
           18 13  |  -3.778183   795.5633    -0.00   0.996    -1563.054    1555.497
           18 71  |  -.4355496   1064.056    -0.00   1.000    -2085.948    2085.076
           18 72  |  -.3117327   1915.963    -0.00   1.000     -3755.53    3754.907
            19 1  |  -.0386991   1273.442    -0.00   1.000    -2495.939    2495.862
            19 2  |  -5.179604   795.5633    -0.01   0.995    -1564.455    1554.096
            19 3  |   .0743695   1403.645     0.00   1.000     -2751.02    2751.169
            19 4  |  -4.074249   795.5633    -0.01   0.996     -1563.35    1555.201
            19 5  |   .0934946   1544.025     0.00   1.000     -3026.14    3026.327
            19 6  |  -4.970889   795.5633    -0.01   0.995    -1564.246    1554.304
           19 71  |  -.4167729   1478.305    -0.00   1.000    -2897.841    2897.007
            21 1  |  -4.157109   795.5633    -0.01   0.996    -1563.433    1555.118
            21 2  |  -4.574721   795.5633    -0.01   0.995     -1563.85    1554.701
            21 3  |  -4.029455   795.5633    -0.01   0.996    -1563.305    1555.246
            21 4  |  -4.623609   795.5633    -0.01   0.995    -1563.899    1554.652
            21 5  |  -5.300872   795.5633    -0.01   0.995    -1564.576    1553.974
           21 71  |    -5.4985   795.5633    -0.01   0.994    -1564.774    1553.777
           21 72  |  -.4684926   2022.017    -0.00   1.000    -3963.549    3962.612
            31 1  |  -.1319236       3728    -0.00   1.000    -7306.878    7306.614
           31 71  |  -5.258731   795.5633    -0.01   0.995    -1564.534    1554.017
           31 72  |  -5.257365   795.5633    -0.01   0.995    -1564.533    1554.018
           31 73  |  -4.819664   795.5633    -0.01   0.995    -1564.095    1554.456
           31 74  |  -5.289412   795.5633    -0.01   0.995    -1564.565    1553.986
           31 75  |  -5.605053   795.5633    -0.01   0.994     -1564.88     1553.67
            32 1  |   -3.76115   795.5633    -0.00   0.996    -1563.037    1555.514
            32 2  |  -3.486166   795.5633    -0.00   0.997    -1562.762    1555.789
            32 3  |  -4.400507   795.5632    -0.01   0.996    -1563.676    1554.875
            32 4  |  -.1222322   956.3069    -0.00   1.000    -1874.449    1874.205
            32 5  |  -.0938267   898.1672    -0.00   1.000    -1760.469    1760.282
            32 6  |  -4.004747   795.5633    -0.01   0.996     -1563.28    1555.271
            32 7  |  -3.903424   795.5633    -0.00   0.996    -1563.179    1555.372
            32 8  |  -3.880641   795.5633    -0.00   0.996    -1563.156    1555.395
            32 9  |  -.1596335   898.7638    -0.00   1.000    -1761.704    1761.385
           32 10  |   -.112554   928.1234    -0.00   1.000    -1819.201    1818.976
           32 11  |  -3.569487   795.5633    -0.00   0.996    -1562.845    1555.706
           32 12  |  -3.935148   795.5633    -0.00   0.996     -1563.21     1555.34
           32 13  |  -4.570946   795.5632    -0.01   0.995    -1563.846    1554.704
           32 14  |   -.153242   1010.814    -0.00   1.000    -1981.313    1981.007
           32 15  |  -3.583476   795.5633    -0.00   0.996    -1562.859    1555.692
           32 16  |   -3.75511   795.5633    -0.00   0.996    -1563.031     1555.52
           32 17  |  -.1096551   1052.236    -0.00   1.000    -2062.454    2062.234
           32 18  |  -3.991849   795.5633    -0.01   0.996    -1563.267    1555.284
           32 71  |  -.4020254    1260.26    -0.00   1.000    -2470.467    2469.663
           32 72  |  -12.67542   1510.964    -0.01   0.993    -2974.111     2948.76
           32 73  |  -6.466337   795.5632    -0.01   0.994    -1565.742    1552.809
           32 74  |  -.4477176   1892.766    -0.00   1.000      -3710.2    3709.305
           32 75  |  -5.113397   795.5633    -0.01   0.995    -1564.389    1554.162
           32 76  |  -4.394321   795.5633    -0.01   0.996     -1563.67    1554.881
           32 77  |  -.1874342   2371.827    -0.00   1.000    -4648.882    4648.507
           32 78  |   -.274374   1275.914    -0.00   1.000     -2501.02    2500.471
           32 79  |  -.1882933   1877.822    -0.00   1.000    -3680.652    3680.275
            33 1  |  -4.773004   795.5632    -0.01   0.995    -1564.048    1554.502
            33 2  |  -.1665496   923.3197    -0.00   1.000     -1809.84    1809.507
            33 3  |  -.0872995   984.8906    -0.00   1.000    -1930.437    1930.263
            33 4  |  -3.765337   795.5633    -0.00   0.996    -1563.041     1555.51
            33 5  |  -3.647577   795.5633    -0.00   0.996    -1562.923    1555.628
            33 6  |  -4.531111   795.5632    -0.01   0.995    -1563.806    1554.744
            33 7  |  -4.065336   795.5633    -0.01   0.996    -1563.341     1555.21
            33 8  |  -3.734655   795.5633    -0.00   0.996     -1563.01    1555.541
            33 9  |  -.0103645   972.1067    -0.00   1.000    -1905.304    1905.284
           33 10  |  -3.497756   795.5633    -0.00   0.996    -1562.773    1555.778
           33 11  |  -4.323069   795.5633    -0.01   0.996    -1563.598    1554.952
           33 12  |  -5.331127   795.5632    -0.01   0.995    -1564.606    1553.944
           33 13  |   -5.01263   795.5632    -0.01   0.995    -1564.288    1554.263
           33 14  |  -.0754824   1015.614    -0.00   1.000    -1990.643    1990.492
           33 15  |  -3.947729   795.5633    -0.00   0.996    -1563.223    1555.328
           33 16  |  -3.492959   795.5633    -0.00   0.996    -1562.768    1555.782
           33 17  |  -.0529952   951.7787    -0.00   1.000    -1865.505    1865.399
           33 18  |  -3.941652   795.5633    -0.00   0.996    -1563.217    1555.334
           33 19  |  -.1366726    1110.67    -0.00   1.000     -2177.01    2176.737
           33 20  |  -.1360659   1020.866    -0.00   1.000    -2000.997    2000.725
           33 21  |  -.0925452   977.2489    -0.00   1.000    -1915.465     1915.28
           33 22  |  -4.327938   795.5633    -0.01   0.996    -1563.603    1554.947
           33 23  |  -4.390631   795.5632    -0.01   0.996    -1563.666    1554.885
           33 24  |  -5.269641   795.5632    -0.01   0.995    -1564.545    1554.006
           33 25  |  -3.643793   795.5633    -0.00   0.996    -1562.919    1555.632
           33 26  |   .1460884   959.3482     0.00   1.000    -1880.142    1880.434
           33 27  |  -.0516615   998.5105    -0.00   1.000    -1957.096    1956.993
           33 28  |  -.0942166   951.6295    -0.00   1.000    -1865.254    1865.065
           33 29  |  -.0183392   949.1553    -0.00   1.000    -1860.328    1860.292
           33 71  |  -.4223105   2130.351    -0.00   1.000    -4175.833    4174.989
           33 72  |   -4.47808   795.5633    -0.01   0.996    -1563.754    1554.797
           33 73  |  -.1737826   1984.388    -0.00   1.000    -3889.503    3889.155
           33 74  |  -5.572875   795.5632    -0.01   0.994    -1564.848    1553.702
           33 75  |  -4.634429   795.5634    -0.01   0.995     -1563.91    1554.641
           33 76  |  -.2408733   1763.757    -0.00   1.000    -3457.141     3456.66
            34 1  |   -.110591   1241.767    -0.00   1.000     -2433.93    2433.708
            34 2  |  -.1877661   1262.276    -0.00   1.000    -2474.204    2473.828
            34 3  |  -.0529136   1103.303    -0.00   1.000    -2162.488    2162.382
            34 4  |  -4.532142   795.5633    -0.01   0.995    -1563.808    1554.743
           34 71  |  -12.64723    1361.49    -0.01   0.993    -2681.118    2655.824
            35 1  |  -4.001598   795.5633    -0.01   0.996    -1563.277    1555.274
            35 2  |  -.0612425   948.4536    -0.00   1.000    -1858.996    1858.874
            35 3  |  -4.278856   795.5633    -0.01   0.996    -1563.554    1554.996
            35 4  |  -.0712883   962.3753    -0.00   1.000    -1886.292     1886.15
            35 5  |  -.0632203   978.4563    -0.00   1.000    -1917.802    1917.676
            35 6  |  -3.518007   795.5633    -0.00   0.996    -1562.793    1555.757
            35 7  |  -3.706884   795.5633    -0.00   0.996    -1562.982    1555.568
            35 8  |  -3.932769   795.5633    -0.00   0.996    -1563.208    1555.343
            35 9  |  -.0642039   978.5787    -0.00   1.000    -1918.043    1917.915
           35 10  |  -3.713224   795.5633    -0.00   0.996    -1562.989    1555.562
           35 11  |  -4.282791   795.5633    -0.01   0.996    -1563.558    1554.993
           35 12  |   .0485195   1104.874     0.00   1.000    -2165.466    2165.563
           35 13  |  -5.040344   795.5632    -0.01   0.995    -1564.316    1554.235
           35 14  |  -4.483714   795.5632    -0.01   0.996    -1563.759    1554.792
           35 15  |  -3.570866   795.5633    -0.00   0.996    -1562.846    1555.705
           35 16  |  -3.552853   795.5633    -0.00   0.996    -1562.828    1555.723
           35 17  |  -.0562978   942.3579    -0.00   1.000    -1847.044    1846.931
           35 18  |  -3.938736   795.5633    -0.00   0.996    -1563.214    1555.337
           35 19  |  -4.326379   795.5633    -0.01   0.996    -1563.602    1554.949
           35 20  |  -4.520539   795.5632    -0.01   0.995    -1563.796    1554.755
           35 21  |  -3.636381   795.5633    -0.00   0.996    -1562.912    1555.639
           35 22  |   -4.15914   795.5632    -0.01   0.996    -1563.434    1555.116
           35 23  |  -4.181508   795.5633    -0.01   0.996    -1563.457    1555.094
           35 24  |   .0152269   900.0569     0.00   1.000    -1764.064    1764.094
           35 25  |  -4.006505   795.5633    -0.01   0.996    -1563.282    1555.269
           35 26  |  -5.422887   795.5632    -0.01   0.995    -1564.698    1553.852
           35 27  |  -.0801844   1036.638    -0.00   1.000    -2031.854    2031.693
           35 28  |   -.099042   1030.981    -0.00   1.000    -2020.784    2020.586
           35 29  |  -4.679775   795.5632    -0.01   0.995    -1563.955    1554.596
           35 71  |  -.2996625   1438.555    -0.00   1.000    -2819.816    2819.216
           35 72  |  -.3696799   1945.137    -0.00   1.000    -3812.767    3812.028
           35 73  |   -4.72526   795.5633    -0.01   0.995    -1564.001     1554.55
           35 74  |  -.3037822   1718.994    -0.00   1.000    -3369.471    3368.863
           35 75  |  -5.063952   795.5633    -0.01   0.995    -1564.339    1554.211
           35 76  |  -.2710705   2115.774    -0.00   1.000    -4147.111    4146.569
           35 77  |  -4.758607   795.5634    -0.01   0.995    -1564.034    1554.517
           35 78  |  -12.73573   989.9812    -0.01   0.990    -1953.063    1927.592
           35 79  |  -4.625898   795.5634    -0.01   0.995    -1563.901     1554.65
            36 1  |  -3.708053   795.5633    -0.00   0.996    -1562.983    1555.567
            36 2  |  -3.408184   795.5633    -0.00   0.997    -1562.684    1555.867
            36 3  |  -3.663944   795.5633    -0.00   0.996    -1562.939    1555.611
            36 4  |  -.0871435   932.8606    -0.00   1.000     -1828.46    1828.286
           36 71  |  -7.021528   795.5632    -0.01   0.993    -1566.297    1552.254
           36 72  |  -.1991108   1523.142    -0.00   1.000    -2985.502    2985.104
           36 73  |  -.2855303   1280.049    -0.00   1.000    -2509.135    2508.564
           36 74  |  -.4801812   1319.326    -0.00   1.000    -2586.312    2585.352
            51 1  |  -4.228682   795.5633    -0.01   0.996    -1563.504    1555.047
            51 2  |  -5.068229   795.5632    -0.01   0.995    -1564.344    1554.207
            51 3  |  -5.865605   795.5633    -0.01   0.994    -1565.141     1553.41
            51 4  |  -7.699631   795.5633    -0.01   0.992    -1566.975    1551.576
            51 5  |  -5.085585   795.5633    -0.01   0.995    -1564.361     1554.19
            51 6  |  -4.954014   795.5633    -0.01   0.995    -1564.229    1554.321
            51 7  |  -4.536076   795.5633    -0.01   0.995    -1563.811    1554.739
            51 8  |  -4.433428   795.5633    -0.01   0.996    -1563.709    1554.842
           51 71  |  -6.788134   795.5633    -0.01   0.993    -1566.063    1552.487
            52 1  |  -.1815031   1099.078    -0.00   1.000    -2154.335    2153.972
            52 2  |  -.0742705   1079.895    -0.00   1.000    -2116.629    2116.481
            52 3  |  -3.898107   795.5633    -0.00   0.996    -1563.173    1555.377
            52 4  |  -4.015373   795.5633    -0.01   0.996    -1563.291     1555.26
            52 5  |  -4.907611   795.5633    -0.01   0.995    -1564.183    1554.368
            52 6  |    .045841    1047.31     0.00   1.000    -2052.643    2052.735
            52 7  |  -.0206789   1370.282    -0.00   1.000    -2685.723    2685.682
            52 8  |  -.0762307   1564.842    -0.00   1.000    -3067.111    3066.958
           52 71  |  -.3913609   1393.029    -0.00   1.000    -2730.677    2729.894
           52 72  |  -.2630892   1495.967    -0.00   1.000    -2932.304    2931.778
            53 1  |   .0533196    1352.35     0.00   1.000    -2650.505    2650.611
            53 2  |  -4.649814   795.5632    -0.01   0.995    -1563.925    1554.625
            53 3  |   .0941799   1060.643     0.00   1.000    -2078.728    2078.917
            53 4  |   -4.04055   795.5633    -0.01   0.996    -1563.316    1555.235
            53 5  |  -4.350426   795.5633    -0.01   0.996    -1563.626    1554.925
            53 6  |   .0550744   1303.291     0.00   1.000    -2554.348    2554.458
            53 7  |  -4.177277   795.5633    -0.01   0.996    -1563.453    1555.098
            53 8  |  -4.843803   795.5632    -0.01   0.995    -1564.119    1554.432
            53 9  |  -5.054467   795.5632    -0.01   0.995     -1564.33    1554.221
           53 10  |  -4.441898   795.5633    -0.01   0.996    -1563.717    1554.833
           53 11  |  -4.447266   795.5632    -0.01   0.996    -1563.723    1554.828
           53 12  |  -4.368197   795.5633    -0.01   0.996    -1563.644    1554.907
           53 13  |   -4.96334   795.5632    -0.01   0.995    -1564.239    1554.312
           53 14  |  -3.862024   795.5633    -0.00   0.996    -1563.137    1555.413
           53 15  |  -4.145003   795.5633    -0.01   0.996     -1563.42     1555.13
           53 16  |   .0452233   1423.102     0.00   1.000    -2789.183    2789.273
           53 17  |  -3.973997   795.5633    -0.00   0.996    -1563.249    1555.301
           53 18  |   .0397773   1189.243     0.00   1.000    -2330.834    2330.914
           53 19  |  -3.991536   795.5633    -0.01   0.996    -1563.267    1555.284
           53 20  |  -4.396185   795.5633    -0.01   0.996    -1563.672    1554.879
           53 21  |   .0383685   1153.337     0.00   1.000     -2260.46    2260.537
           53 71  |  -.3283732   1378.098    -0.00   1.000    -2701.352    2700.695
            61 1  |  -4.306086   795.5633    -0.01   0.996    -1563.581    1554.969
            61 2  |  -4.296389   795.5633    -0.01   0.996    -1563.572    1554.979
            61 3  |  -3.563791   795.5633    -0.00   0.996    -1562.839    1555.712
            61 4  |   .0340775   1365.706     0.00   1.000      -2676.7    2676.768
            61 5  |  -4.765503   795.5632    -0.01   0.995    -1564.041     1554.51
            61 6  |  -5.237723   795.5632    -0.01   0.995    -1564.513    1554.038
            61 7  |  -4.998802   795.5632    -0.01   0.995    -1564.274    1554.276
            61 8  |  -5.506386   795.5632    -0.01   0.994    -1564.782    1553.769
            61 9  |    -4.1746   795.5633    -0.01   0.996     -1563.45    1555.101
           61 10  |  -4.168538   795.5633    -0.01   0.996    -1563.444    1555.107
           61 11  |   .0273925   1608.411     0.00   1.000    -3152.399    3152.454
           61 12  |  -4.184412   795.5633    -0.01   0.996     -1563.46    1555.091
           61 71  |  -4.768869   795.5634    -0.01   0.995    -1564.044    1554.507
           61 72  |  -.1060878   1845.306    -0.00   1.000    -3616.838    3616.626
            62 1  |    -4.6525   795.5633    -0.01   0.995    -1563.928    1554.623
            62 2  |  -4.470147   795.5633    -0.01   0.996    -1563.745    1554.805
            62 3  |  -4.558841   795.5632    -0.01   0.995    -1563.834    1554.716
            62 4  |    .323693   1322.186     0.00   1.000    -2591.114    2591.761
            62 5  |  -4.016017   795.5633    -0.01   0.996    -1563.291    1555.259
            62 6  |  -.0777383   1747.901    -0.00   1.000      -3425.9    3425.745
            62 7  |  -5.632452   795.5632    -0.01   0.994    -1564.908    1553.643
            62 8  |  -4.228446   795.5633    -0.01   0.996    -1563.504    1555.047
            62 9  |  -4.254708   795.5633    -0.01   0.996     -1563.53    1555.021
           62 10  |  -4.307628   795.5633    -0.01   0.996    -1563.583    1554.968
           62 11  |   -3.87282   795.5633    -0.00   0.996    -1563.148    1555.403
           62 12  |  -3.632533   795.5633    -0.00   0.996    -1562.908    1555.643
           62 13  |  -5.018729   795.5632    -0.01   0.995    -1564.294    1554.257
           62 71  |   .1675595   1783.766     0.00   1.000    -3495.949    3496.284
            63 1  |  -.0642675   1109.242    -0.00   1.000    -2174.138     2174.01
            63 2  |  -4.617548   795.5632    -0.01   0.995    -1563.893    1554.658
            63 3  |  -4.319898   795.5632    -0.01   0.996    -1563.595    1554.955
            63 4  |  -4.123691   795.5633    -0.01   0.996    -1563.399    1555.152
            63 5  |  -4.960798   795.5632    -0.01   0.995    -1564.236    1554.315
            63 6  |  -3.681904   795.5633    -0.00   0.996    -1562.957    1555.594
            63 7  |  -4.273951   795.5633    -0.01   0.996    -1563.549    1555.001
            63 8  |  -3.799295   795.5633    -0.00   0.996    -1563.075    1555.476
            63 9  |  -4.895039   795.5633    -0.01   0.995     -1564.17     1554.38
           63 10  |  -4.039817   795.5633    -0.01   0.996    -1563.315    1555.236
           63 11  |  -4.100925   795.5633    -0.01   0.996    -1563.376    1555.174
           63 71  |  -.4936124   1325.201    -0.00   1.000    -2597.839    2596.852
           63 72  |   -.307036   1975.442    -0.00   1.000    -3872.102    3871.488
            64 1  |  -4.530891   795.5633    -0.01   0.995    -1563.806    1554.744
            64 2  |  -4.217592   795.5633    -0.01   0.996    -1563.493    1555.058
            64 3  |    -4.5317   795.5632    -0.01   0.995    -1563.807    1554.744
            64 4  |  -5.022761   795.5632    -0.01   0.995    -1564.298    1554.253
            64 5  |   -4.93418   795.5633    -0.01   0.995     -1564.21    1554.341
            64 9  |  -.0456533   1437.809    -0.00   1.000    -2818.099    2818.008
           64 11  |  -4.923048   795.5633    -0.01   0.995    -1564.198    1554.352
           64 71  |  -6.821361   795.5633    -0.01   0.993    -1566.097    1552.454
           64 72  |  -.2692382   1314.771    -0.00   1.000    -2577.173    2576.635
           64 74  |  -4.930549   795.5634    -0.01   0.995    -1564.206    1554.345
            65 1  |  -5.319071   795.5632    -0.01   0.995    -1564.594    1553.956
            65 2  |  -4.361101   795.5633    -0.01   0.996    -1563.636    1554.914
            65 3  |     .12085   1813.554     0.00   1.000     -3554.38    3554.622
            65 4  |  -5.499977   795.5632    -0.01   0.994    -1564.775    1553.775
           65 71  |    -5.4021   795.5633    -0.01   0.995    -1564.678    1553.873
            71 1  |  -4.074199   795.5633    -0.01   0.996     -1563.35    1555.201
            71 2  |  -4.246989   795.5633    -0.01   0.996    -1563.522    1555.028
            71 3  |  -4.397685   795.5633    -0.01   0.996    -1563.673    1554.878
            71 4  |  -5.418878   795.5632    -0.01   0.995    -1564.694    1553.856
            71 5  |  -3.944552   795.5633    -0.00   0.996     -1563.22    1555.331
            71 6  |  -4.444245   795.5633    -0.01   0.996     -1563.72    1554.831
            71 7  |  -.0226392   1191.504    -0.00   1.000    -2335.328    2335.283
            71 8  |   -4.53177   795.5633    -0.01   0.995    -1563.807    1554.744
            71 9  |  -4.523424   795.5633    -0.01   0.995    -1563.799    1554.752
           71 10  |   -.032936   1300.838    -0.00   1.000    -2549.629    2549.563
           71 11  |  -4.613001   795.5633    -0.01   0.995    -1563.888    1554.662
           71 71  |  -4.628359   795.5633    -0.01   0.995    -1563.904    1554.647
           71 72  |  -4.564776   795.5633    -0.01   0.995     -1563.84    1554.711
           71 73  |  -4.679996   795.5633    -0.01   0.995    -1563.955    1554.595
           71 74  |  -.1870274   1654.387    -0.00   1.000    -3242.726    3242.352
            72 1  |  -4.240142   795.5633    -0.01   0.996    -1563.515    1555.035
            72 2  |  -3.965435   795.5633    -0.00   0.996    -1563.241     1555.31
            72 3  |  -4.455157   795.5633    -0.01   0.996     -1563.73     1554.82
            72 4  |  -5.173168   795.5632    -0.01   0.995    -1564.448    1554.102
            72 5  |  -4.697449   795.5633    -0.01   0.995    -1563.973    1554.578
            72 6  |  -3.858275   795.5633    -0.00   0.996    -1563.134    1555.417
            72 7  |  -4.432454   795.5633    -0.01   0.996    -1563.708    1554.843
            72 8  |   -4.48599   795.5632    -0.01   0.996    -1563.761    1554.789
            72 9  |  -4.119672   795.5633    -0.01   0.996    -1563.395    1555.156
           72 10  |  -5.371484   795.5632    -0.01   0.995    -1564.647    1553.904
           72 11  |   .0751297   1385.328     0.00   1.000    -2715.118    2715.268
           72 12  |  -4.746469   795.5633    -0.01   0.995    -1564.022    1554.529
           72 71  |  -.2597242   1377.203    -0.00   1.000    -2699.529    2699.009
            73 1  |  -3.989544   795.5633    -0.01   0.996    -1563.265    1555.286
            73 2  |  -.1096809    1095.96    -0.00   1.000    -2148.152    2147.933
            73 3  |  -.0648923   1350.634    -0.00   1.000     -2647.26     2647.13
            73 4  |  -.0752194   1164.502    -0.00   1.000    -2282.458    2282.307
            73 5  |   -.095715   1168.194    -0.00   1.000    -2289.713    2289.522
            73 6  |  -.1143427   1046.981    -0.00   1.000    -2052.159     2051.93
            73 7  |  -.0467556   1284.189    -0.00   1.000     -2517.01    2516.917
            73 8  |   -4.25912   795.5633    -0.01   0.996    -1563.535    1555.016
            73 9  |  -3.925365   795.5633    -0.00   0.996    -1563.201     1555.35
           73 10  |  -.1157954   1392.127    -0.00   1.000    -2728.634    2728.403
           73 11  |  -4.103388   795.5633    -0.01   0.996    -1563.379    1555.172
           73 12  |   -.018134   1349.584    -0.00   1.000    -2645.154    2645.118
           73 13  |  -.0714339   1029.948    -0.00   1.000    -2018.733     2018.59
           73 14  |  -3.956497   795.5633    -0.00   0.996    -1563.232    1555.319
           73 15  |   -.071261   1176.996    -0.00   1.000     -2306.94    2306.798
           73 16  |   .0115724   1138.387     0.00   1.000    -2231.186    2231.209
           73 17  |  -3.855187   795.5633    -0.00   0.996    -1563.131     1555.42
           73 18  |  -3.930977   795.5633    -0.00   0.996    -1563.206    1555.344
           73 22  |  -4.127382   795.5633    -0.01   0.996    -1563.403    1555.148
           73 25  |  -3.859291   795.5633    -0.00   0.996    -1563.135    1555.416
           73 26  |    .010295   1097.813     0.00   1.000    -2151.664    2151.685
           73 71  |  -.3475991   1025.884    -0.00   1.000    -2011.042    2010.347
           73 72  |  -8.277142   795.5634    -0.01   0.992    -1567.553    1550.998
           73 73  |  -.1801774   1417.323    -0.00   1.000    -2778.081    2777.721
            74 1  |  -.0538254   1217.435    -0.00   1.000    -2386.183    2386.075
            74 2  |  -3.800473   795.5633    -0.00   0.996    -1563.076    1555.475
            74 3  |   -4.74839   795.5632    -0.01   0.995    -1564.024    1554.527
            74 4  |  -4.494583   795.5633    -0.01   0.995     -1563.77    1554.781
            74 5  |  -4.620955   795.5632    -0.01   0.995    -1563.896    1554.654
            74 6  |  -4.243564   795.5633    -0.01   0.996    -1563.519    1555.032
            74 7  |  -3.973176   795.5633    -0.00   0.996    -1563.249    1555.302
            74 8  |  -4.308179   795.5633    -0.01   0.996    -1563.584    1554.967
            74 9  |  -4.691647   795.5633    -0.01   0.995    -1563.967    1554.584
           74 10  |  -5.010326   795.5632    -0.01   0.995    -1564.286    1554.265
           74 11  |  -4.449918   795.5633    -0.01   0.996    -1563.725    1554.825
           74 12  |   -4.25438   795.5633    -0.01   0.996     -1563.53    1555.021
           74 13  |  -3.990782   795.5633    -0.01   0.996    -1563.266    1555.285
           74 14  |   -4.08347   795.5633    -0.01   0.996    -1563.359    1555.192
           74 15  |  -.0501974   1350.394    -0.00   1.000    -2646.773    2646.673
           74 71  |  -.3323566   1286.953    -0.00   1.000    -2522.715     2522.05
           74 72  |    -4.5006   795.5633    -0.01   0.995    -1563.776    1554.775
            75 1  |  -4.301589   795.5633    -0.01   0.996    -1563.577    1554.974
            75 2  |  -.0310654    1014.21    -0.00   1.000    -1987.846    1987.784
            75 3  |  -4.173129   795.5633    -0.01   0.996    -1563.449    1555.102
            75 4  |   .0017983    1055.86     0.00   1.000    -2069.446     2069.45
            75 5  |   .0066132   1152.496     0.00   1.000    -2258.844    2258.857
           75 71  |  -.4507904   1336.605    -0.00   1.000    -2620.148    2619.246
            76 1  |   .0151376   1273.905     0.00   1.000    -2496.793    2496.824
            76 2  |  -3.982089   795.5633    -0.01   0.996    -1563.257    1555.293
            76 3  |  -4.183108   795.5633    -0.01   0.996    -1563.458    1555.092
            76 4  |  -3.860811   795.5633    -0.00   0.996    -1563.136    1555.415
            76 5  |  -.0275927   1395.985    -0.00   1.000    -2736.109    2736.053
            76 6  |  -5.029128   795.5633    -0.01   0.995    -1564.304    1554.246
            81 1  |  -5.124639   795.5633    -0.01   0.995      -1564.4    1554.151
            81 2  |  -4.336764   795.5633    -0.01   0.996    -1563.612    1554.939
            81 3  |  -4.692108   795.5632    -0.01   0.995    -1563.967    1554.583
            81 4  |  -4.963184   795.5633    -0.01   0.995    -1564.239    1554.312
            81 5  |  -5.749401   795.5632    -0.01   0.994    -1565.025    1553.526
            81 6  |  -3.977405   795.5633    -0.00   0.996    -1563.253    1555.298
            81 7  |  -5.057939   795.5632    -0.01   0.995    -1564.333    1554.217
            81 8  |  -6.290616   795.5632    -0.01   0.994    -1565.566    1552.985
            81 9  |  -5.075718   795.5633    -0.01   0.995    -1564.351      1554.2
           81 71  |  -.2910632   1370.823    -0.00   1.000    -2687.055    2686.473
           81 72  |  -5.221393   795.5633    -0.01   0.995    -1564.497    1554.054
            82 1  |  -5.263352   795.5632    -0.01   0.995    -1564.539    1554.012
            82 2  |  -4.603216   795.5633    -0.01   0.995    -1563.879    1554.672
            82 3  |  -5.794405   795.5632    -0.01   0.994     -1565.07    1553.481
            82 4  |  -4.524355   795.5632    -0.01   0.995      -1563.8    1554.751
            82 5  |  -5.177382   795.5632    -0.01   0.995    -1564.453    1554.098
            82 6  |  -5.553967   795.5632    -0.01   0.994    -1564.829    1553.721
            82 7  |  -5.525179   795.5632    -0.01   0.994      -1564.8     1553.75
            82 8  |   -5.67674   795.5633    -0.01   0.994    -1564.952    1553.599
           82 71  |   -4.67585   795.5633    -0.01   0.995    -1563.951      1554.6
           82 72  |  -4.904625   795.5633    -0.01   0.995     -1564.18    1554.371
            91 1  |  -5.857502   795.5632    -0.01   0.994    -1565.133    1553.418
            91 2  |  -6.547163   795.5633    -0.01   0.993    -1565.822    1552.728
            91 3  |  -6.516626   795.5633    -0.01   0.993    -1565.792    1552.759
            91 4  |  -6.856437   795.5632    -0.01   0.993    -1566.132    1552.419
            91 5  |  -6.277852   795.5632    -0.01   0.994    -1565.553    1552.997
           91 11  |  -6.967485   795.5633    -0.01   0.993    -1566.243    1552.308
           91 12  |  -7.378307   795.5632    -0.01   0.993    -1566.654    1551.897
            92 1  |   -6.53297   795.5632    -0.01   0.993    -1565.808    1552.742
            92 2  |  -6.344428   795.5632    -0.01   0.994     -1565.62    1552.931
            92 3  |  -6.447181   795.5632    -0.01   0.994    -1565.722    1552.828
            92 4  |  -7.613626   795.5632    -0.01   0.992    -1566.889    1551.662
            92 5  |  -7.415672   795.5632    -0.01   0.993    -1566.691     1551.86
           92 71  |  -.2381291   1445.683    -0.00   1.000    -2833.725    2833.249
            94 3  |  -5.613508   795.5632    -0.01   0.994    -1564.889    1553.662
            94 8  |   -5.97518   795.5632    -0.01   0.994     -1565.25      1553.3
            94 9  |  -5.666048   795.5632    -0.01   0.994    -1564.941    1553.609
           94 19  |  -7.040041   795.5633    -0.01   0.993    -1566.315    1552.235
           94 20  |  -5.513218   795.5632    -0.01   0.994    -1564.789    1553.762
           94 26  |  -6.558816   795.5632    -0.01   0.993    -1565.834    1552.716
           94 27  |  -6.215962   795.5633    -0.01   0.994    -1565.491    1553.059
           94 28  |   -12.1309   1667.119    -0.01   0.994    -3279.625    3255.363
           94 71  |  -4.466447   795.5634    -0.01   0.996    -1563.742    1554.809
            95 1  |  -5.537692   795.5632    -0.01   0.994    -1564.813    1553.738
            95 2  |  -4.880361   795.5632    -0.01   0.995    -1564.156    1554.395
            95 3  |  -7.586854   795.5633    -0.01   0.992    -1566.862    1551.688
            95 4  |  -8.459675   795.5633    -0.01   0.992    -1567.735    1550.816
            96 1  |  -6.253806   795.5632    -0.01   0.994    -1565.529    1553.021
            96 2  |  -6.714652   795.5633    -0.01   0.993     -1565.99    1552.561
            96 3  |  -8.045866   795.5633    -0.01   0.992    -1567.321     1551.23
            96 4  |  -5.697187   795.5632    -0.01   0.994    -1564.973    1553.578
            96 5  |  -7.223203   795.5632    -0.01   0.993    -1566.499    1552.052
            96 6  |  -7.896784   795.5633    -0.01   0.992    -1567.172    1551.379
            96 7  |  -8.597314   795.5633    -0.01   0.991    -1567.873    1550.678
            96 8  |  -8.029986   795.5633    -0.01   0.992    -1567.305    1551.245
            97 1  |  -6.882687   795.5632    -0.01   0.993    -1566.158    1552.393
            97 2  |   -8.08406   795.5632    -0.01   0.992    -1567.359    1551.191
            97 3  |  -12.13184   959.1571    -0.01   0.990    -1892.045    1867.782
            97 4  |   -8.62493   795.5633    -0.01   0.991      -1567.9     1550.65
            97 5  |   -12.2605   1421.367    -0.01   0.993    -2798.088    2773.567
            97 6  |  -12.20451   976.2712    -0.01   0.990    -1925.661    1901.252
            97 7  |    -8.9394   795.5633    -0.01   0.991    -1568.215    1550.336
            97 8  |  -7.526836   795.5633    -0.01   0.992    -1566.802    1551.748
                  |
            Env_z |          0  (omitted)
            _cons |   5.480206   795.5632     0.01   0.995    -1553.795    1564.756
------------------+----------------------------------------------------------------
lnsigma           |
            _cons |  -1.028881   .0025851  -398.00   0.000    -1.033947   -1.023814
------------------+----------------------------------------------------------------
           /sigma |   .3574068   .0009239                      .3556005    .3592223
-----------------------------------------------------------------------------------
      name:  <unnamed>
       log:  /Users/athamawardi/Desktop/Research-Projects/PSE_Pertamina/Output/hurdle/churdlegrid_lnpov_PRE2_SEL2.log
  log type:  text
 closed on:  20 Jan 2026, 18:39:15
---------------------------------------------------------------------------------------------------------------------------------------------------------------------------------------------------------------------------------------------------------------
