---------------------------------------------------------------------------------------------------------------------------------------------------------------------------------------------------------------------------------------------------------------
      name:  <unnamed>
       log:  /Users/athamawardi/Desktop/Research-Projects/PSE_Pertamina/Output/hurdle/churdlegrid_lnpov_PRE4_SEL4.log
  log type:  text
 opened on:  20 Jan 2026, 18:52:10
RUN: churdle exponential lnpov (none), select(i.r308b1d i.r308b1e i.r309a i.r309b i.r309d i.r309e i.r310 i.r403a i.r403c1 i.r403c2 Edu_z Wbasic_z Hlth_z) ll(0)
 
Iteration 0:   log likelihood = -115834.31  (not concave)
Iteration 1:   log likelihood = -74125.578  
Iteration 2:   log likelihood =  -73650.82  
Iteration 3:   log likelihood = -71964.199  
Iteration 4:   log likelihood = -71963.925  
Iteration 5:   log likelihood = -71963.905  
Iteration 6:   log likelihood = -71963.901  
Iteration 7:   log likelihood =   -71963.9  
Iteration 8:   log likelihood =   -71963.9  
Iteration 9:   log likelihood =   -71963.9  

Cragg hurdle regression                               Number of obs =   84,276
                                                      LR chi2(0)    = 23338.57
                                                      Prob > chi2   =        .
Log likelihood = -71963.9                             Pseudo R2     =   0.1395

------------------------------------------------------------------------------
       lnpov | Coefficient  Std. err.      z    P>|z|     [95% conf. interval]
-------------+----------------------------------------------------------------
lnpov        |
       _cons |   1.243367   .0013169   944.15   0.000     1.240785    1.245948
-------------+----------------------------------------------------------------
selection_ll |
     r308b1d |
          1  |   .2202405   .0505631     4.36   0.000     .1211387    .3193424
          2  |   .1868976   .0234967     7.95   0.000      .140845    .2329503
             |
     r308b1e |
          1  |   .1557868   .0369116     4.22   0.000     .0834414    .2281322
          2  |          0  (omitted)
             |
       r309a |
          2  |    .025118   .0320556     0.78   0.433    -.0377098    .0879459
          3  |    .159794   .0668811     2.39   0.017     .0287094    .2908786
             |
       r309b |
          1  |   .4876757   .0277457    17.58   0.000     .4332951    .5420562
          2  |   .6055026   .0386847    15.65   0.000     .5296819    .6813233
          3  |          0  (omitted)
             |
       r309d |
          1  |  -.4366476    .060923    -7.17   0.000    -.5560545   -.3172407
          2  |   -.260098   .0601035    -4.33   0.000    -.3778988   -.1422973
          3  |   -.052102   .0658737    -0.79   0.429     -.181212     .077008
          4  |          0  (omitted)
             |
       r309e |
          1  |   .1273183   .0399797     3.18   0.001     .0489596     .205677
          2  |          0  (omitted)
             |
      2.r310 |   .0299753   .0234279     1.28   0.201    -.0159426    .0758932
             |
       r403a |
          2  |   .4751935   .0864373     5.50   0.000     .3057795    .6446075
          3  |   .0204536   .0624592     0.33   0.743    -.1019641    .1428713
          4  |   3.921484   199.7643     0.02   0.984    -387.6094    395.4523
          5  |   3.932071   170.9202     0.02   0.982    -331.0653    338.9294
          6  |   .4857672   .1253962     3.87   0.000     .2399952    .7315392
          7  |   -.540968   .0598881    -9.03   0.000    -.6583465   -.4235894
          8  |   .0285441   .2214756     0.13   0.897    -.4055401    .4626284
          9  |  -.9682604   .0949286   -10.20   0.000    -1.154317   -.7822036
         11  |   2.709941   1912.293     0.00   0.999    -3745.315    3750.734
         13  |   4.045017   347.4327     0.01   0.991    -676.9105    685.0006
         14  |   -.866022   .3267021    -2.65   0.008    -1.506346   -.2256975
         15  |  -.0209044   .0859476    -0.24   0.808    -.1893585    .1475498
         16  |   .6762371   .3393584     1.99   0.046      .011107    1.341367
         17  |  -.2368765   .9898959    -0.24   0.811    -2.177037    1.703284
         18  |   4.649045   184.4349     0.03   0.980    -356.8367    366.1348
         19  |  -.6959093   .0873262    -7.97   0.000    -.8670655   -.5247531
         20  |  -1.118112   .8671106    -1.29   0.197    -2.817617    .5813941
             |
      r403c1 |
          1  |   .2262381   .0581461     3.89   0.000     .1122738    .3402025
          2  |   .3833566   .0567155     6.76   0.000     .2721963    .4945169
          3  |   .2846313   .0529302     5.38   0.000       .18089    .3883727
          4  |   .2596593   .0638348     4.07   0.000     .1345454    .3847733
          5  |          0  (omitted)
             |
      r403c2 |
          1  |   .2332582   .0249402     9.35   0.000     .1843762    .2821402
          2  |   .3000823   .0257787    11.64   0.000      .249557    .3506075
          3  |   .4793492   .0458679    10.45   0.000     .3894498    .5692485
          4  |          0  (omitted)
             |
       Edu_z |   -.483665   .0122458   -39.50   0.000    -.5076663   -.4596636
    Wbasic_z |   .4428256   .0096377    45.95   0.000      .423936    .4617151
      Hlth_z |   .0251748   .0071505     3.52   0.000       .01116    .0391895
       _cons |   1.065617   .0862229    12.36   0.000     .8966227     1.23461
-------------+----------------------------------------------------------------
lnsigma      |
       _cons |  -1.021045   .0025851  -394.98   0.000    -1.026112   -1.015978
-------------+----------------------------------------------------------------
      /sigma |   .3602183   .0009312                      .3583978    .3620481
------------------------------------------------------------------------------
      name:  <unnamed>
       log:  /Users/athamawardi/Desktop/Research-Projects/PSE_Pertamina/Output/hurdle/churdlegrid_lnpov_PRE4_SEL4.log
  log type:  text
 closed on:  20 Jan 2026, 18:52:32
---------------------------------------------------------------------------------------------------------------------------------------------------------------------------------------------------------------------------------------------------------------
