---------------------------------------------------------------------------------------------------------------------------------------------------------------------------------------------------------------------------------------------------------------
      name:  <unnamed>
       log:  /Users/athamawardi/Desktop/Research-Projects/PSE_Pertamina/Output/hurdle/churdlegrid_lnpov_PRE3_SEL4.log
  log type:  text
 opened on:  20 Jan 2026, 18:47:19
RUN: churdle exponential lnpov Edu_z Wbasic_z Hlth_z, select(i.r308b1d i.r308b1e i.r309a i.r309b i.r309d i.r309e i.r310 i.r403a i.r403c1 i.r403c2 Edu_z Wbasic_z Hlth_z) ll(0)
 
Iteration 0:   log likelihood = -114690.12  (not concave)
Iteration 1:   log likelihood = -70061.885  
Iteration 2:   log likelihood = -62080.566  
Iteration 3:   log likelihood = -62056.721  
Iteration 4:   log likelihood = -62056.334  
Iteration 5:   log likelihood = -62056.276  
Iteration 6:   log likelihood = -62056.268  
Iteration 7:   log likelihood = -62056.267  
Iteration 8:   log likelihood = -62056.267  
Iteration 9:   log likelihood = -62056.267  
Iteration 10:  log likelihood = -62056.267  

Cragg hurdle regression                               Number of obs =   84,276
                                                      LR chi2(3)    = 43153.84
                                                      Prob > chi2   =   0.0000
Log likelihood = -62056.267                           Pseudo R2     =   0.2580

------------------------------------------------------------------------------
       lnpov | Coefficient  Std. err.      z    P>|z|     [95% conf. interval]
-------------+----------------------------------------------------------------
lnpov        |
       Edu_z |  -.1940152   .0015945  -121.68   0.000    -.1971403   -.1908901
    Wbasic_z |   .0173303    .001748     9.91   0.000     .0139043    .0207563
      Hlth_z |   .0075448   .0011557     6.53   0.000     .0052797    .0098098
       _cons |   1.208787    .001189  1016.61   0.000     1.206456    1.211117
-------------+----------------------------------------------------------------
selection_ll |
     r308b1d |
          1  |   .2202398   .0505631     4.36   0.000      .121138    .3193417
          2  |   .1868978   .0234967     7.95   0.000     .1408451    .2329504
             |
     r308b1e |
          1  |   .1557865   .0369116     4.22   0.000     .0834411    .2281319
          2  |          0  (omitted)
             |
       r309a |
          2  |    .025118   .0320556     0.78   0.433    -.0377098    .0879458
          3  |   .1597939   .0668811     2.39   0.017     .0287093    .2908785
             |
       r309b |
          1  |   .4876756   .0277457    17.58   0.000      .433295    .5420562
          2  |    .605502   .0386847    15.65   0.000     .5296814    .6813227
          3  |          0  (omitted)
             |
       r309d |
          1  |  -.4366477    .060923    -7.17   0.000    -.5560545   -.3172408
          2  |   -.260098   .0601035    -4.33   0.000    -.3778988   -.1422973
          3  |   -.052102   .0658737    -0.79   0.429     -.181212     .077008
          4  |          0  (omitted)
             |
       r309e |
          1  |   .1273184   .0399797     3.18   0.001     .0489597     .205677
          2  |          0  (omitted)
             |
      2.r310 |   .0299755   .0234279     1.28   0.201    -.0159424    .0758933
             |
       r403a |
          2  |   .4751934   .0864373     5.50   0.000     .3057794    .6446074
          3  |   .0204533   .0624592     0.33   0.743    -.1019643     .142871
          4  |   4.139616   337.2425     0.01   0.990    -656.8436    665.1228
          5  |   4.152118   288.1405     0.01   0.989    -560.5929    568.8972
          6  |   .4857669   .1253962     3.87   0.000     .2399949    .7315389
          7  |  -.5409683   .0598881    -9.03   0.000    -.6583468   -.4235897
          8  |    .028544   .2214756     0.13   0.897    -.4055403    .4626282
          9  |  -.9682606   .0949286   -10.20   0.000    -1.154317   -.7822038
         11  |   2.893303   3183.905     0.00   0.999    -6237.446    6243.233
         13  |   4.261598   589.9295     0.01   0.994    -1151.979    1160.502
         14  |  -.8660222   .3267021    -2.65   0.008    -1.506347   -.2256977
         15  |  -.0209046   .0859476    -0.24   0.808    -.1893587    .1475496
         16  |   .6762369   .3393584     1.99   0.046     .0111067    1.341367
         17  |  -.2368768    .989896    -0.24   0.811    -2.177037    1.703284
         18  |   4.880971   314.9724     0.02   0.988    -612.4536    622.2155
         19  |  -.6959096   .0873262    -7.97   0.000    -.8670658   -.5247534
         20  |  -1.118111   .8671107    -1.29   0.197    -2.817617    .5813943
             |
      r403c1 |
          1  |    .226238   .0581461     3.89   0.000     .1122736    .3402023
          2  |   .3833565   .0567155     6.76   0.000     .2721962    .4945168
          3  |   .2846313   .0529302     5.38   0.000       .18089    .3883726
          4  |   .2596593   .0638348     4.07   0.000     .1345454    .3847733
          5  |          0  (omitted)
             |
      r403c2 |
          1  |   .2332581   .0249402     9.35   0.000     .1843761    .2821401
          2  |   .3000822   .0257787    11.64   0.000      .249557    .3506075
          3  |   .4793491   .0458679    10.45   0.000     .3894498    .5692485
          4  |          0  (omitted)
             |
       Edu_z |   -.483665   .0122458   -39.50   0.000    -.5076664   -.4596636
    Wbasic_z |   .4428256   .0096377    45.95   0.000      .423936    .4617152
      Hlth_z |   .0251748   .0071505     3.52   0.000       .01116    .0391895
       _cons |   1.065617   .0862229    12.36   0.000     .8966229     1.23461
-------------+----------------------------------------------------------------
lnsigma      |
       _cons |  -1.153459   .0025851  -446.19   0.000    -1.158526   -1.148392
-------------+----------------------------------------------------------------
      /sigma |   .3155435   .0008157                      .3139487    .3171463
------------------------------------------------------------------------------
      name:  <unnamed>
       log:  /Users/athamawardi/Desktop/Research-Projects/PSE_Pertamina/Output/hurdle/churdlegrid_lnpov_PRE3_SEL4.log
  log type:  text
 closed on:  20 Jan 2026, 18:47:37
---------------------------------------------------------------------------------------------------------------------------------------------------------------------------------------------------------------------------------------------------------------
