---------------------------------------------------------------------------------------------------------------------------------------------------------------------------------------------------------------------------------------------------------------
      name:  <unnamed>
       log:  /Users/athamawardi/Desktop/Research-Projects/PSE_Pertamina/Output/hurdle/churdlegrid_lnpov_PRE4_SEL1.log
  log type:  text
 opened on:  20 Jan 2026, 18:47:38
RUN: churdle exponential lnpov (none), select(i.r308b1d i.r308b1e i.r309a i.r309b i.r309d i.r309e i.r310 i.r403a i.r403c1 i.r403c2) ll(0)
 
Iteration 0:   log likelihood = -120185.73  (not concave)
Iteration 1:   log likelihood = -77472.553  
Iteration 2:   log likelihood = -76589.242  
Iteration 3:   log likelihood = -76299.577  
Iteration 4:   log likelihood = -76299.063  
Iteration 5:   log likelihood = -76298.983  
Iteration 6:   log likelihood = -76298.969  
Iteration 7:   log likelihood = -76298.966  
Iteration 8:   log likelihood = -76298.966  
Iteration 9:   log likelihood = -76298.965  
Iteration 10:  log likelihood = -76298.965  

Cragg hurdle regression                               Number of obs =   84,276
                                                      LR chi2(0)    = 14668.44
                                                      Prob > chi2   =        .
Log likelihood = -76298.965                           Pseudo R2     =   0.0877

------------------------------------------------------------------------------
       lnpov | Coefficient  Std. err.      z    P>|z|     [95% conf. interval]
-------------+----------------------------------------------------------------
lnpov        |
       _cons |   1.243366   .0013169   944.15   0.000     1.240785    1.245947
-------------+----------------------------------------------------------------
selection_ll |
     r308b1d |
          1  |   .2032104   .0476792     4.26   0.000     .1097608    .2966599
          2  |   .0042939   .0217232     0.20   0.843    -.0382828    .0468706
             |
     r308b1e |
          1  |   .1496306   .0352654     4.24   0.000     .0805116    .2187495
          2  |          0  (omitted)
             |
       r309a |
          2  |   .3559272   .0289342    12.30   0.000     .2992172    .4126372
          3  |    .865255   .0622912    13.89   0.000     .7431665    .9873435
             |
       r309b |
          1  |   .9487927   .0246258    38.53   0.000     .9005269    .9970584
          2  |   1.026222   .0349895    29.33   0.000     .9576434      1.0948
          3  |          0  (omitted)
             |
       r309d |
          1  |  -.8382659   .0572402   -14.64   0.000    -.9504546   -.7260772
          2  |  -.4500878   .0567985    -7.92   0.000    -.5614108   -.3387648
          3  |  -.1521036   .0622155    -2.44   0.014    -.2740437   -.0301634
          4  |          0  (omitted)
             |
       r309e |
          1  |   .3908069   .0370123    10.56   0.000     .3182642    .4633497
          2  |          0  (omitted)
             |
      2.r310 |   .0206821   .0213644     0.97   0.333    -.0211913    .0625556
             |
       r403a |
          2  |   1.493613    .079762    18.73   0.000     1.337283    1.649944
          3  |   1.445882   .0528493    27.36   0.000     1.342299    1.549464
          4  |   4.959356   220.6204     0.02   0.982    -427.4487    437.3674
          5  |   4.908122   175.7966     0.03   0.978    -339.6469    349.4632
          6  |   1.894507   .1132931    16.72   0.000     1.672456    2.116557
          7  |    1.26447   .0489219    25.85   0.000     1.168585    1.360355
          8  |   1.595271   .2254866     7.07   0.000     1.153325    2.037216
          9  |   .7366052   .0876852     8.40   0.000     .5647454     .908465
         11  |   4.908122   527.3898     0.01   0.993    -1028.757    1038.573
         13  |   4.908122   372.9209     0.01   0.989    -726.0035    735.8197
         14  |   .7134999   .3236507     2.20   0.027     .0791562    1.347844
         15  |   1.400502   .0751978    18.62   0.000     1.253117    1.547887
         16  |    1.93745   .3053002     6.35   0.000     1.339073    2.535828
         17  |   .7796448   .7594401     1.03   0.305    -.7088305     2.26812
         18  |   4.906248   235.9961     0.02   0.983    -457.6376    467.4501
         19  |   1.066852   .0803104    13.28   0.000     .9094461    1.224257
         20  |  -.4831044   .7727001    -0.63   0.532    -1.997569     1.03136
             |
      r403c1 |
          1  |    .857567   .0495088    17.32   0.000     .7605314    .9546025
          2  |   .7244668   .0482849    15.00   0.000     .6298303    .8191034
          3  |   .3642411   .0452662     8.05   0.000      .275521    .4529611
          4  |   .5171655   .0552849     9.35   0.000     .4088092    .6255218
          5  |          0  (omitted)
             |
      r403c2 |
          1  |   .7558291   .0208919    36.18   0.000     .7148816    .7967765
          2  |   .6628691   .0221969    29.86   0.000     .6193641    .7063742
          3  |   .7279747    .040959    17.77   0.000     .6476964    .8082529
          4  |          0  (omitted)
             |
       _cons |  -.6451309   .0764129    -8.44   0.000    -.7948974   -.4953644
-------------+----------------------------------------------------------------
lnsigma      |
       _cons |   -1.02104   .0025851  -394.97   0.000    -1.026106   -1.015973
-------------+----------------------------------------------------------------
      /sigma |   .3602202   .0009312                      .3583997      .36205
------------------------------------------------------------------------------
      name:  <unnamed>
       log:  /Users/athamawardi/Desktop/Research-Projects/PSE_Pertamina/Output/hurdle/churdlegrid_lnpov_PRE4_SEL1.log
  log type:  text
 closed on:  20 Jan 2026, 18:47:51
---------------------------------------------------------------------------------------------------------------------------------------------------------------------------------------------------------------------------------------------------------------
