---------------------------------------------------------------------------------------------------------------------------------------------------------------------------------------------------------------------------------------------------------------
      name:  <unnamed>
       log:  /Users/athamawardi/Desktop/Research-Projects/PSE_Pertamina/Output/hurdle/churdlegrid_lnpov_PRE2_SEL3.log
  log type:  text
 opened on:  20 Jan 2026, 18:39:15
RUN: churdle exponential lnpov Ker5_w1, select(i.r308b1d i.r308b1e i.r309a i.r309b i.r309d i.r309e i.r310 i.r403a i.r403c1 i.r403c2 Ker5_w1) ll(0)
 
Iteration 0:   log likelihood = -120068.23  (not concave)
Iteration 1:   log likelihood =   -77067.5  
Iteration 2:   log likelihood = -76135.098  
Iteration 3:   log likelihood = -75674.426  
Iteration 4:   log likelihood = -75672.568  
Iteration 5:   log likelihood = -75672.453  
Iteration 6:   log likelihood =  -75672.45  
Iteration 7:   log likelihood =  -75672.45  

Cragg hurdle regression                               Number of obs =   84,276
                                                      LR chi2(1)    = 15921.47
                                                      Prob > chi2   =   0.0000
Log likelihood = -75672.45                            Pseudo R2     =   0.0952

------------------------------------------------------------------------------
       lnpov | Coefficient  Std. err.      z    P>|z|     [95% conf. interval]
-------------+----------------------------------------------------------------
lnpov        |
     Ker5_w1 |   .2035617   .0059194    34.39   0.000     .1919598    .2151635
       _cons |   1.230144    .001362   903.18   0.000     1.227475    1.232814
-------------+----------------------------------------------------------------
selection_ll |
     r308b1d |
          1  |   .1615997   .0480761     3.36   0.001     .0673724    .2558271
          2  |  -.0176218   .0219389    -0.80   0.422    -.0606212    .0253776
             |
     r308b1e |
          1  |   .1508206   .0354188     4.26   0.000     .0814011    .2202402
          2  |          0  (omitted)
             |
       r309a |
          2  |   .3590341   .0289443    12.40   0.000     .3023044    .4157639
          3  |   .8696284   .0623193    13.95   0.000     .7474848     .991772
             |
       r309b |
          1  |   .9492452   .0246297    38.54   0.000      .900972    .9975185
          2  |   1.026014   .0350025    29.31   0.000     .9574108    1.094618
          3  |          0  (omitted)
             |
       r309d |
          1  |  -.8285797   .0572702   -14.47   0.000    -.9408272   -.7163321
          2  |  -.4426032   .0568262    -7.79   0.000    -.5539804    -.331226
          3  |  -.1450003   .0622454    -2.33   0.020    -.2669989   -.0230016
          4  |          0  (omitted)
             |
       r309e |
          1  |    .389234    .037015    10.52   0.000     .3166859     .461782
          2  |          0  (omitted)
             |
      2.r310 |   .0181886   .0213749     0.85   0.395    -.0237053    .0600825
             |
       r403a |
          2  |   1.485831   .0797895    18.62   0.000     1.329447    1.642216
          3  |   1.432256   .0529241    27.06   0.000     1.328527    1.535985
          4  |   6.425259    13068.4     0.00   1.000    -25607.17    25620.02
          5  |   6.341807   10198.02     0.00   1.000    -19981.41     19994.1
          6  |   1.864153   .1138918    16.37   0.000     1.640929    2.087377
          7  |   1.229048   .0490893    25.04   0.000     1.132835    1.325262
          8  |   1.502929    .228759     6.57   0.000     1.054569    1.951288
          9  |   .7131654   .0879624     8.11   0.000     .5407623    .8855686
         11  |   6.341807   30594.07     0.00   1.000    -59956.93    59969.61
         13  |   6.326296   21684.24     0.00   1.000       -42494    42506.65
         14  |   .6774792   .3214025     2.11   0.035     .0475419    1.307417
         15  |   1.333901   .0758295    17.59   0.000     1.185278    1.482524
         16  |   1.878579   .3053184     6.15   0.000     1.280166    2.476992
         17  |    .743146   .7659648     0.97   0.332    -.7581174    2.244409
         18  |   6.345624   13675.39     0.00   1.000    -26796.92    26809.62
         19  |   1.027877   .0805115    12.77   0.000     .8700778    1.185677
         20  |  -.4683378    .773767    -0.61   0.545    -1.984893    1.048218
             |
      r403c1 |
          1  |   .8520702   .0495259    17.20   0.000     .7550013    .9491391
          2  |   .7245722   .0482999    15.00   0.000     .6299061    .8192383
          3  |   .3669825   .0452812     8.10   0.000      .278233    .4557321
          4  |   .5146426   .0553442     9.30   0.000       .40617    .6231151
          5  |          0  (omitted)
             |
      r403c2 |
          1  |   .7513845   .0208957    35.96   0.000     .7104297    .7923394
          2  |   .6615707   .0222033    29.80   0.000      .618053    .7050884
          3  |   .7271014   .0409609    17.75   0.000     .6468194    .8073834
          4  |          0  (omitted)
             |
     Ker5_w1 |   .3785846   .0458391     8.26   0.000     .2887416    .4684277
       _cons |  -.6536676    .076447    -8.55   0.000     -.803501   -.5038342
-------------+----------------------------------------------------------------
lnsigma      |
       _cons |  -1.028883   .0025851  -398.01   0.000     -1.03395   -1.023816
-------------+----------------------------------------------------------------
      /sigma |    .357406   .0009239                      .3555997    .3592214
------------------------------------------------------------------------------
      name:  <unnamed>
       log:  /Users/athamawardi/Desktop/Research-Projects/PSE_Pertamina/Output/hurdle/churdlegrid_lnpov_PRE2_SEL3.log
  log type:  text
 closed on:  20 Jan 2026, 18:39:31
---------------------------------------------------------------------------------------------------------------------------------------------------------------------------------------------------------------------------------------------------------------
