---------------------------------------------------------------------------------------------------------------------------------------------------------------------------------------------------------------------------------------------------------------
      name:  <unnamed>
       log:  /Users/athamawardi/Desktop/Research-Projects/PSE_Pertamina/Output/hurdle/churdlegrid_lnpov_PRE2_SEL1.log
  log type:  text
 opened on:  20 Jan 2026, 18:35:12
RUN: churdle exponential lnpov Ker5_w1, select(i.r308b1d i.r308b1e i.r309a i.r309b i.r309d i.r309e i.r310 i.r403a i.r403c1 i.r403c2) ll(0)
 
Iteration 0:   log likelihood = -120107.47  (not concave)
Iteration 1:   log likelihood = -77097.167  
Iteration 2:   log likelihood = -76166.318  
Iteration 3:   log likelihood = -75714.173  
Iteration 4:   log likelihood = -75712.415  
Iteration 5:   log likelihood = -75712.319  
Iteration 6:   log likelihood = -75712.301  
Iteration 7:   log likelihood = -75712.298  
Iteration 8:   log likelihood = -75712.297  
Iteration 9:   log likelihood = -75712.297  
Iteration 10:  log likelihood = -75712.297  

Cragg hurdle regression                               Number of obs =   84,276
                                                      LR chi2(1)    = 15841.78
                                                      Prob > chi2   =   0.0000
Log likelihood = -75712.297                           Pseudo R2     =   0.0947

------------------------------------------------------------------------------
       lnpov | Coefficient  Std. err.      z    P>|z|     [95% conf. interval]
-------------+----------------------------------------------------------------
lnpov        |
     Ker5_w1 |   .2035616   .0059194    34.39   0.000     .1919597    .2151635
       _cons |   1.230144    .001362   903.17   0.000     1.227475    1.232814
-------------+----------------------------------------------------------------
selection_ll |
     r308b1d |
          1  |   .2032104   .0476792     4.26   0.000     .1097608    .2966599
          2  |   .0042939   .0217232     0.20   0.843    -.0382828    .0468706
             |
     r308b1e |
          1  |   .1496306   .0352654     4.24   0.000     .0805116    .2187495
          2  |          0  (omitted)
             |
       r309a |
          2  |   .3559272   .0289342    12.30   0.000     .2992172    .4126372
          3  |    .865255   .0622912    13.89   0.000     .7431665    .9873435
             |
       r309b |
          1  |   .9487927   .0246258    38.53   0.000     .9005269    .9970584
          2  |   1.026222   .0349895    29.33   0.000     .9576434      1.0948
          3  |          0  (omitted)
             |
       r309d |
          1  |  -.8382659   .0572402   -14.64   0.000    -.9504546   -.7260772
          2  |  -.4500878   .0567985    -7.92   0.000    -.5614108   -.3387648
          3  |  -.1521036   .0622155    -2.44   0.014    -.2740438   -.0301634
          4  |          0  (omitted)
             |
       r309e |
          1  |   .3908069   .0370123    10.56   0.000     .3182641    .4633497
          2  |          0  (omitted)
             |
      2.r310 |   .0206821   .0213644     0.97   0.333    -.0211913    .0625556
             |
       r403a |
          2  |   1.493613    .079762    18.73   0.000     1.337283    1.649944
          3  |   1.445882   .0528493    27.36   0.000     1.342299    1.549464
          4  |   4.906958   194.3897     0.03   0.980    -376.0898    385.9037
          5  |   4.856632   154.8501     0.03   0.975    -298.6439    308.3572
          6  |   1.894507   .1132931    16.72   0.000     1.672456    2.116557
          7  |    1.26447   .0489219    25.85   0.000     1.168585    1.360355
          8  |   1.595271   .2254866     7.07   0.000     1.153325    2.037216
          9  |   .7366052   .0876852     8.40   0.000     .5647454     .908465
         11  |   4.856632   464.5502     0.01   0.992     -905.645    915.3583
         13  |   4.856632   328.4866     0.01   0.988    -638.9653    648.6785
         14  |   .7134999   .3236507     2.20   0.027     .0791562    1.347844
         15  |   1.400502   .0751978    18.62   0.000     1.253117    1.547887
         16  |    1.93745   .3053002     6.35   0.000     1.339073    2.535828
         17  |   .7796448   .7594401     1.03   0.305    -.7088305     2.26812
         18  |   4.854762   207.8773     0.02   0.981    -402.5773    412.2868
         19  |   1.066852   .0803104    13.28   0.000     .9094461    1.224257
         20  |  -.4831044   .7727001    -0.63   0.532    -1.997569     1.03136
             |
      r403c1 |
          1  |    .857567   .0495088    17.32   0.000     .7605314    .9546025
          2  |   .7244668   .0482849    15.00   0.000     .6298303    .8191034
          3  |   .3642411   .0452662     8.05   0.000      .275521    .4529611
          4  |   .5171655   .0552849     9.35   0.000     .4088092    .6255218
          5  |          0  (omitted)
             |
      r403c2 |
          1  |   .7558291   .0208919    36.18   0.000     .7148816    .7967765
          2  |   .6628691   .0221969    29.86   0.000     .6193641    .7063742
          3  |   .7279747    .040959    17.77   0.000     .6476964    .8082529
          4  |          0  (omitted)
             |
       _cons |  -.6451309   .0764129    -8.44   0.000    -.7948974   -.4953644
-------------+----------------------------------------------------------------
lnsigma      |
       _cons |  -1.028881   .0025851  -398.00   0.000    -1.033948   -1.023815
-------------+----------------------------------------------------------------
      /sigma |   .3574066   .0009239                      .3556003     .359222
------------------------------------------------------------------------------
      name:  <unnamed>
       log:  /Users/athamawardi/Desktop/Research-Projects/PSE_Pertamina/Output/hurdle/churdlegrid_lnpov_PRE2_SEL1.log
  log type:  text
 closed on:  20 Jan 2026, 18:35:26
---------------------------------------------------------------------------------------------------------------------------------------------------------------------------------------------------------------------------------------------------------------
