---------------------------------------------------------------------------------------------------------------------------------------------------------------------------------------------------------------------------------------------------------------
      name:  <unnamed>
       log:  /Users/athamawardi/Desktop/Research-Projects/PSE_Pertamina/Output/hurdle/churdlegrid_lnpov_PRE1_SEL3.log
  log type:  text
 opened on:  20 Jan 2026, 18:34:36
RUN: churdle exponential lnpov Ker5_w1 Edu_z Wbasic_z Hlth_z, select(i.r308b1d i.r308b1e i.r309a i.r309b i.r309d i.r309e i.r310 i.r403a i.r403c1 i.r403c2 Ker5_w1) ll(0)
 
Iteration 0:   log likelihood = -119061.74  (not concave)
Iteration 1:   log likelihood = -72642.885  
Iteration 2:   log likelihood = -70582.652  
Iteration 3:   log likelihood = -66205.517  
Iteration 4:   log likelihood = -66147.373  
Iteration 5:   log likelihood = -66147.002  
Iteration 6:   log likelihood = -66146.984  
Iteration 7:   log likelihood = -66146.984  
Iteration 8:   log likelihood = -66146.984  

Cragg hurdle regression                               Number of obs =   84,276
                                                      LR chi2(4)    = 34972.40
                                                      Prob > chi2   =   0.0000
Log likelihood = -66146.984                           Pseudo R2     =   0.2091

------------------------------------------------------------------------------
       lnpov | Coefficient  Std. err.      z    P>|z|     [95% conf. interval]
-------------+----------------------------------------------------------------
lnpov        |
     Ker5_w1 |    .106403   .0052541    20.25   0.000     .0961052    .1167009
       Edu_z |  -.1910205    .001597  -119.61   0.000    -.1941505   -.1878905
    Wbasic_z |   .0164927   .0017437     9.46   0.000     .0130751    .0199104
      Hlth_z |   .0072918   .0011526     6.33   0.000     .0050328    .0095508
       _cons |   1.202516   .0012255   981.21   0.000     1.200114    1.204918
-------------+----------------------------------------------------------------
selection_ll |
     r308b1d |
          1  |   .1615997   .0480761     3.36   0.001     .0673724    .2558271
          2  |  -.0176218   .0219389    -0.80   0.422    -.0606212    .0253776
             |
     r308b1e |
          1  |   .1508206   .0354188     4.26   0.000     .0814011    .2202402
          2  |          0  (omitted)
             |
       r309a |
          2  |   .3590341   .0289443    12.40   0.000     .3023044    .4157639
          3  |   .8696284   .0623193    13.95   0.000     .7474848     .991772
             |
       r309b |
          1  |   .9492452   .0246297    38.54   0.000     .9009719    .9975185
          2  |   1.026014   .0350025    29.31   0.000     .9574108    1.094618
          3  |          0  (omitted)
             |
       r309d |
          1  |  -.8285797   .0572702   -14.47   0.000    -.9408272   -.7163321
          2  |  -.4426032   .0568262    -7.79   0.000    -.5539804   -.3312259
          3  |  -.1450003   .0622454    -2.33   0.020    -.2669989   -.0230016
          4  |          0  (omitted)
             |
       r309e |
          1  |    .389234    .037015    10.52   0.000     .3166859     .461782
          2  |          0  (omitted)
             |
      2.r310 |   .0181886   .0213749     0.85   0.395    -.0237053    .0600825
             |
       r403a |
          2  |   1.485831   .0797895    18.62   0.000     1.329447    1.642216
          3  |   1.432256   .0529241    27.06   0.000     1.328527    1.535985
          4  |    6.57298   20955.77     0.00   1.000    -41065.99    41079.13
          5  |    6.49026    16521.3     0.00   1.000    -32374.65    32387.64
          6  |   1.864153   .1138918    16.37   0.000     1.640929    2.087377
          7  |   1.229048   .0490893    25.04   0.000     1.132835    1.325262
          8  |   1.502929    .228759     6.57   0.000     1.054569    1.951288
          9  |   .7131654   .0879624     8.11   0.000     .5407623    .8855686
         11  |    6.49026   49563.89     0.00   1.000    -97136.94    97149.93
         13  |   6.474696   35122.75     0.00   1.000    -68832.85     68845.8
         14  |   .6774792   .3214025     2.11   0.035     .0475419    1.307417
         15  |   1.333901   .0758295    17.59   0.000     1.185278    1.482524
         16  |   1.878579   .3053184     6.15   0.000     1.280166    2.476992
         17  |    .743146   .7659648     0.97   0.332    -.7581174    2.244409
         18  |   6.494095   22155.53     0.00   1.000    -43417.54    43430.53
         19  |   1.027877   .0805115    12.77   0.000     .8700778    1.185677
         20  |  -.4683378    .773767    -0.61   0.545    -1.984893    1.048218
             |
      r403c1 |
          1  |   .8520702   .0495259    17.20   0.000     .7550013    .9491391
          2  |   .7245722   .0482999    15.00   0.000     .6299061    .8192383
          3  |   .3669825   .0452812     8.10   0.000      .278233    .4557321
          4  |   .5146426   .0553442     9.30   0.000       .40617    .6231151
          5  |          0  (omitted)
             |
      r403c2 |
          1  |   .7513845   .0208957    35.96   0.000     .7104297    .7923394
          2  |   .6615707   .0222033    29.80   0.000      .618053    .7050884
          3  |   .7271014   .0409609    17.75   0.000     .6468194    .8073834
          4  |          0  (omitted)
             |
     Ker5_w1 |   .3785846   .0458391     8.26   0.000     .2887416    .4684277
       _cons |  -.6536676    .076447    -8.55   0.000     -.803501   -.5038342
-------------+----------------------------------------------------------------
lnsigma      |
       _cons |  -1.156196   .0025851  -447.25   0.000    -1.161262   -1.151129
-------------+----------------------------------------------------------------
      /sigma |   .3146811   .0008135                      .3130907    .3162795
------------------------------------------------------------------------------
      name:  <unnamed>
       log:  /Users/athamawardi/Desktop/Research-Projects/PSE_Pertamina/Output/hurdle/churdlegrid_lnpov_PRE1_SEL3.log
  log type:  text
 closed on:  20 Jan 2026, 18:34:54
---------------------------------------------------------------------------------------------------------------------------------------------------------------------------------------------------------------------------------------------------------------
