---------------------------------------------------------------------------------------------------------------------------------------------------------------------------------------------------------------------------------------------------------------
      name:  <unnamed>
       log:  /Users/athamawardi/Desktop/Research-Projects/PSE_Pertamina/Output/hurdle/churdlegrid_lnpov_PRE4_SEL2.log
  log type:  text
 opened on:  20 Jan 2026, 18:47:51
RUN: churdle exponential lnpov (none), select(i.r308b1d i.r308b1e i.r309a i.r309b i.r309d i.r309e i.r310 i.r403a i.r403c1 i.r403c2 i.y_combo3 i.kab Env_z) ll(0)

for select()
note: 2.r308b1e omitted because of collinearity.
note: 3.r309b omitted because of collinearity.
note: 4.r309d omitted because of collinearity.
note: 2.r309e omitted because of collinearity.
note: 5.r403c1 omitted because of collinearity.
note: 4.r403c2 omitted because of collinearity.
note: Env_z omitted because of collinearity.
 
Iteration 0:   log likelihood = -151727.85  (not concave)
Iteration 1:   log likelihood = -110150.32  
Iteration 2:   log likelihood = -65453.788  
Iteration 3:   log likelihood = -65258.452  
Iteration 4:   log likelihood = -65235.242  
Iteration 5:   log likelihood = -65230.905  
Iteration 6:   log likelihood = -65230.223  
Iteration 7:   log likelihood = -65230.116  
Iteration 8:   log likelihood = -65230.094  
Iteration 9:   log likelihood =  -65230.09  
Iteration 10:  log likelihood = -65230.089  
Iteration 11:  log likelihood = -65230.089  
Iteration 12:  log likelihood = -65230.089  
Iteration 13:  log likelihood = -65230.089  

Cragg hurdle regression                               Number of obs =   84,276
                                                      LR chi2(0)    = 36806.19
                                                      Prob > chi2   =        .
Log likelihood = -65230.089                           Pseudo R2     =   0.2200

-----------------------------------------------------------------------------------
            lnpov | Coefficient  Std. err.      z    P>|z|     [95% conf. interval]
------------------+----------------------------------------------------------------
lnpov             |
            _cons |   1.243366   .0013169   944.15   0.000     1.240785    1.245947
------------------+----------------------------------------------------------------
selection_ll      |
          r308b1d |
               1  |  -.0496366     .10141    -0.49   0.625    -.2483965    .1491233
               2  |  -.1064265   .0847585    -1.26   0.209    -.2725502    .0596971
                  |
          r308b1e |
               1  |   .0521353    .043695     1.19   0.233    -.0335054     .137776
               2  |          0  (omitted)
                  |
            r309a |
               2  |   .2342819   .0427099     5.49   0.000      .150572    .3179918
               3  |   .3004372    .082136     3.66   0.000     .1394536    .4614207
                  |
            r309b |
               1  |   .0998779   .0394706     2.53   0.011     .0225171    .1772388
               2  |   .1842481   .0491637     3.75   0.000     .0878891    .2806071
               3  |          0  (omitted)
                  |
            r309d |
               1  |  -.2273734    .071581    -3.18   0.001    -.3676695   -.0870772
               2  |    -.11838   .0691406    -1.71   0.087    -.2538932    .0171332
               3  |  -.0098774    .075644    -0.13   0.896    -.1581369    .1383821
               4  |          0  (omitted)
                  |
            r309e |
               1  |   .1264283   .0472429     2.68   0.007      .033834    .2190227
               2  |          0  (omitted)
                  |
           2.r310 |    .012785   .0291972     0.44   0.661    -.0444405    .0700104
                  |
            r403a |
               2  |   .4479167   .1070311     4.18   0.000     .2381396    .6576939
               3  |   .5242162     .08983     5.84   0.000     .3481527    .7002797
               4  |   5.411887   5949.873     0.00   0.999    -11656.12    11666.95
               5  |   3.939069   4843.396     0.00   0.999    -9488.943    9496.821
               6  |   .6626182    .162304     4.08   0.000     .3445083    .9807281
               7  |   .7792133   .0889008     8.76   0.000     .6049709    .9534556
               8  |   1.677516   .4007178     4.19   0.000     .8921232    2.462908
               9  |   .3829687   .1480868     2.59   0.010     .0927239    .6732134
              11  |   5.740493   11916.41     0.00   1.000       -23350    23361.48
              13  |   5.657695   9293.315     0.00   1.000    -18208.91    18220.22
              14  |   .4235241   .4775068     0.89   0.375    -.5123721     1.35942
              15  |   .9081159   .1106608     8.21   0.000     .6912246    1.125007
              16  |   .7287772   .3633043     2.01   0.045     .0167138     1.44084
              17  |   -.000345   1.263911    -0.00   1.000    -2.477565    2.476875
              18  |   6.275137   5523.635     0.00   0.999    -10819.85     10832.4
              19  |   .9734885   .1488092     6.54   0.000     .6818279    1.265149
              20  |  -.8951235   1.088124    -0.82   0.411    -3.027808    1.237561
                  |
           r403c1 |
               1  |   .2886646   .0801508     3.60   0.000      .131572    .4457572
               2  |   .2895972   .0785258     3.69   0.000     .1356894     .443505
               3  |   .2395754   .0742017     3.23   0.001     .0941428    .3850079
               4  |   .2937437   .0864041     3.40   0.001     .1243947    .4630927
               5  |          0  (omitted)
                  |
           r403c2 |
               1  |   .1836651    .033276     5.52   0.000     .1184454    .2488848
               2  |   .1089385   .0350376     3.11   0.002     .0402661    .1776109
               3  |   .0586507   .0563361     1.04   0.298    -.0517659    .1690674
               4  |          0  (omitted)
                  |
         y_combo3 |
    Tangkap-only  |   .1379833   .0855376     1.61   0.107    -.0296673     .305634
Tangkap+Budidaya  |   .1676228   .0952145     1.76   0.078    -.0189942    .3542399
     Other/mixed  |   .1033078   .1418528     0.73   0.466    -.1747186    .3813342
                  |
              kab |
            11 2  |  -4.428182   1393.628    -0.00   0.997    -2735.888    2727.032
            11 3  |  -3.738223   1393.628    -0.00   0.998    -2735.198    2727.722
            11 4  |  -4.109501   1393.628    -0.00   0.998     -2735.57    2727.351
            11 5  |  -4.585325   1393.628    -0.00   0.997    -2736.045    2726.875
            11 6  |  -4.249256   1393.628    -0.00   0.998    -2735.709    2727.211
            11 7  |  -4.575372   1393.628    -0.00   0.997    -2736.035    2726.885
            11 8  |  -3.897947   1393.628    -0.00   0.998    -2735.358    2727.562
            11 9  |  -4.223376   1393.628    -0.00   0.998    -2735.683    2727.237
           11 10  |  -3.754669   1393.628    -0.00   0.998    -2735.215    2727.705
           11 11  |   -4.41513   1393.628    -0.00   0.997    -2735.875    2727.045
           11 12  |  -.0583928   1893.261    -0.00   1.000    -3710.781    3710.665
           11 13  |  -5.255993   1393.628    -0.00   0.997    -2736.716    2726.204
           11 14  |  -3.849784   1393.628    -0.00   0.998     -2735.31     2727.61
           11 15  |   -4.78732   1393.628    -0.00   0.997    -2736.247    2726.673
           11 16  |   .0364974   1865.991     0.00   1.000    -3657.238    3657.311
           11 17  |  -4.770412   1393.628    -0.00   0.997     -2736.23     2726.69
           11 18  |  -3.846149   1393.628    -0.00   0.998    -2735.306    2727.614
           11 71  |  -4.511076   1393.628    -0.00   0.997    -2735.971    2726.949
           11 72  |  -.1068079   3712.532    -0.00   1.000    -7276.536    7276.323
           11 73  |  -.2205009   2246.308    -0.00   1.000    -4402.903    4402.462
           11 74  |  -.2212387   2255.134    -0.00   1.000    -4420.204    4419.761
           11 75  |    .016281   2277.239     0.00   1.000     -4463.29    4463.323
            12 1  |  -4.139855   1393.628    -0.00   0.998      -2735.6     2727.32
            12 2  |  -4.596164   1393.628    -0.00   0.997    -2736.056    2726.864
            12 3  |   -4.42502   1393.628    -0.00   0.997    -2735.885    2727.035
            12 4  |  -4.356461   1393.628    -0.00   0.998    -2735.817    2727.104
            12 5  |   .2048072   1744.848     0.00   1.000    -3419.635    3420.045
            12 6  |  -4.135404   1393.628    -0.00   0.998    -2735.596    2727.325
            12 7  |  -4.427139   1393.628    -0.00   0.997    -2735.887    2727.033
            12 8  |  -4.404077   1393.628    -0.00   0.997    -2735.864    2727.056
            12 9  |  -4.544052   1393.628    -0.00   0.997    -2736.004    2726.916
           12 10  |  -3.883049   1393.628    -0.00   0.998    -2735.343    2727.577
           12 11  |  -4.136126   1393.628    -0.00   0.998    -2735.596    2727.324
           12 12  |  -4.447683   1393.628    -0.00   0.997    -2735.908    2727.012
           12 13  |  -4.587977   1393.628    -0.00   0.997    -2736.048    2726.872
           12 14  |  -5.589881   1393.628    -0.00   0.997     -2737.05     2725.87
           12 15  |  -3.780952   1393.628    -0.00   0.998    -2735.241    2727.679
           12 16  |   .1260913   2708.626     0.00   1.000    -5308.684    5308.936
           12 17  |    .086749   2006.285     0.00   1.000    -3932.159    3932.332
           12 18  |  -4.609844   1393.628    -0.00   0.997     -2736.07     2726.85
           12 19  |  -.0483394   1881.331    -0.00   1.000    -3687.389    3687.292
           12 20  |  -5.827426   1393.628    -0.00   0.997    -2737.288    2725.633
           12 21  |  -4.527027   1393.628    -0.00   0.997    -2735.987    2726.933
           12 22  |   .0295388   2638.366     0.00   1.000    -5171.072    5171.131
           12 23  |  -4.599466   1393.628    -0.00   0.997     -2736.06    2726.861
           12 24  |  -4.545743   1393.628    -0.00   0.997    -2736.006    2726.914
           12 25  |  -4.656431   1393.628    -0.00   0.997    -2736.117    2726.804
           12 71  |  -.4085556   3682.841    -0.00   1.000    -7218.644    7217.826
           12 72  |  -.1947486   2964.731    -0.00   1.000     -5810.96    5810.571
           12 73  |  -4.617788   1393.628    -0.00   0.997    -2736.078    2726.842
           12 74  |  -.3592445   2765.686    -0.00   1.000    -5421.004    5420.285
           12 75  |  -8.821719   1393.628    -0.01   0.995    -2740.282    2722.638
           12 76  |  -.3894924    2712.21    -0.00   1.000    -5316.223    5315.444
           12 77  |  -4.536775   1393.628    -0.00   0.997    -2735.997    2726.923
           12 78  |   .1191072   2118.413     0.00   1.000    -4151.894    4152.132
            13 1  |   .2916705   3016.035     0.00   1.000    -5911.029    5911.613
            13 2  |   .0264152   1839.214     0.00   1.000    -3604.767     3604.82
            13 3  |    .130246   2379.046     0.00   1.000    -4662.715    4662.975
            13 4  |    .179206   2559.744     0.00   1.000    -5016.826    5017.184
            13 5  |  -.0487314   2316.643    -0.00   1.000    -4540.586    4540.489
            13 6  |  -.0750708   2072.883    -0.00   1.000    -4062.851    4062.701
            13 7  |  -5.100346   1393.628    -0.00   0.997     -2736.56     2726.36
            13 8  |    .101195   2347.531     0.00   1.000    -4600.975    4601.178
            13 9  |   -4.11674   1393.628    -0.00   0.998    -2735.577    2727.343
           13 10  |   .0081442    2748.94     0.00   1.000    -5387.815    5387.831
           13 11  |   .0388668   2688.548     0.00   1.000    -5269.418    5269.496
           13 12  |   .0192579   2224.044     0.00   1.000    -4359.028    4359.066
           13 71  |  -.3279709   1961.351    -0.00   1.000    -3844.506     3843.85
           13 72  |  -.4235318   4196.061    -0.00   1.000    -8224.551    8223.704
           13 73  |  -.0824903    2816.33    -0.00   1.000    -5519.988    5519.823
           13 74  |  -.2683703   3816.495    -0.00   1.000    -7480.461    7479.924
           13 75  |  -5.027594   1393.628    -0.00   0.997    -2736.488    2726.433
           13 76  |  -.2979843   2502.239    -0.00   1.000    -4904.597    4904.001
           13 77  |  -.2242891   2206.855    -0.00   1.000    -4325.581    4325.133
            14 1  |  -.0106725    1757.44    -0.00   1.000    -3444.531    3444.509
            14 2  |  -4.115665   1393.628    -0.00   0.998    -2735.576    2727.344
            14 3  |  -4.047922   1393.628    -0.00   0.998    -2735.508    2727.412
            14 4  |  -4.295114   1393.628    -0.00   0.998    -2735.755    2727.165
            14 5  |  -4.855857   1393.628    -0.00   0.997    -2736.316    2726.604
            14 6  |  -3.734792   1393.628    -0.00   0.998    -2735.195    2727.725
            14 7  |   .0477484   1948.093     0.00   1.000    -3818.144    3818.239
            14 8  |  -.0349923    1875.62    -0.00   1.000    -3676.183    3676.113
            14 9  |  -4.074889   1393.628    -0.00   0.998    -2735.535    2727.385
           14 10  |   .0897596   2129.372     0.00   1.000    -4173.402    4173.582
           14 71  |  -4.415102   1393.628    -0.00   0.997    -2735.875    2727.045
           14 73  |  -.0761287   2768.047    -0.00   1.000    -5425.348    5425.195
            15 1  |  -4.309954   1393.628    -0.00   0.998     -2735.77     2727.15
            15 2  |  -4.484601   1393.628    -0.00   0.997    -2735.945    2726.975
            15 3  |  -4.965171   1393.628    -0.00   0.997    -2736.425    2726.495
            15 4  |   .0296988   2032.344     0.00   1.000    -3983.292    3983.351
            15 5  |  -.0151774   1902.892    -0.00   1.000    -3729.614    3729.584
            15 6  |  -4.633784   1393.628    -0.00   0.997    -2736.094    2726.826
            15 7  |  -4.645874   1393.628    -0.00   0.997    -2736.106    2726.814
            15 8  |   -4.72305   1393.628    -0.00   0.997    -2736.183    2726.737
            15 9  |  -4.344981   1393.628    -0.00   0.998    -2735.805    2727.115
           15 71  |  -.4063012   2206.472    -0.00   1.000    -4325.012      4324.2
           15 72  |  -4.411234   1393.628    -0.00   0.997    -2735.871    2727.049
            16 1  |  -4.250727   1393.628    -0.00   0.998    -2735.711    2727.209
            16 2  |  -4.528583   1393.628    -0.00   0.997    -2735.989    2726.932
            16 3  |  -3.940659   1393.628    -0.00   0.998    -2735.401    2727.519
            16 4  |  -4.727678   1393.628    -0.00   0.997    -2736.188    2726.732
            16 5  |  -4.021029   1393.628    -0.00   0.998    -2735.481    2727.439
            16 6  |   -4.32362   1393.628    -0.00   0.998    -2735.784    2727.136
            16 7  |   -4.18883   1393.628    -0.00   0.998    -2735.649    2727.271
            16 8  |  -4.677775   1393.628    -0.00   0.997    -2736.138    2726.782
            16 9  |  -4.435671   1393.628    -0.00   0.997    -2735.896    2727.024
           16 10  |  -4.264882   1393.628    -0.00   0.998    -2735.725    2727.195
           16 11  |  -4.501302   1393.628    -0.00   0.997    -2735.961    2726.959
           16 12  |   .0437784    2410.05     0.00   1.000    -4723.567    4723.654
           16 13  |  -4.486232   1393.628    -0.00   0.997    -2735.946    2726.974
           16 71  |  -4.360349   1393.628    -0.00   0.998    -2735.821      2727.1
           16 72  |  -5.294478   1393.628    -0.00   0.997    -2736.755    2726.166
           16 73  |  -.0681626   2977.563    -0.00   1.000    -5835.984    5835.847
           16 74  |  -.2479334   2183.465    -0.00   1.000    -4279.761    4279.265
            17 1  |   -.026534   1888.565    -0.00   1.000    -3701.545    3701.492
            17 2  |  -4.179798   1393.628    -0.00   0.998     -2735.64     2727.28
            17 3  |  -3.813714   1393.628    -0.00   0.998    -2735.274    2727.646
            17 4  |   .0709293   1827.086     0.00   1.000    -3580.952    3581.094
            17 5  |   .0292177   1810.311     0.00   1.000    -3548.116    3548.174
            17 6  |  -4.804538   1393.628    -0.00   0.997    -2736.265    2726.656
            17 7  |   .1436671   2157.608     0.00   1.000     -4228.69    4228.978
            17 8  |   .0267975    2055.23     0.00   1.000    -4028.149    4028.203
            17 9  |  -3.944121   1393.628    -0.00   0.998    -2735.404    2727.516
           17 71  |  -.3973688   2212.446    -0.00   1.000    -4336.713    4335.918
            18 1  |   -4.49145   1393.628    -0.00   0.997    -2735.952    2726.969
            18 2  |  -4.450637   1393.628    -0.00   0.997    -2735.911    2727.009
            18 3  |  -.0445616   1696.595    -0.00   1.000    -3325.309     3325.22
            18 4  |  -3.764917   1393.628    -0.00   0.998    -2735.225    2727.695
            18 5  |  -4.205067   1393.628    -0.00   0.998    -2735.665    2727.255
            18 6  |   -4.18727   1393.628    -0.00   0.998    -2735.647    2727.273
            18 7  |    -3.7534   1393.628    -0.00   0.998    -2735.214    2727.707
            18 8  |  -.0077612   1919.851    -0.00   1.000    -3762.847    3762.831
            18 9  |  -.0722337   1901.843    -0.00   1.000    -3727.617    3727.472
           18 10  |  -.0918869   1948.005    -0.00   1.000    -3818.112    3817.928
           18 11  |  -4.449676   1393.628    -0.00   0.997     -2735.91     2727.01
           18 12  |  -.0313486   2124.367    -0.00   1.000    -4163.714    4163.652
           18 13  |  -3.962944   1393.628    -0.00   0.998    -2735.423    2727.497
           18 71  |  -.4361591   1860.949    -0.00   1.000    -3647.829    3646.957
           18 72  |  -.3120397   3339.022    -0.00   1.000    -6544.675    6544.051
            19 1  |  -.0388324   2228.707    -0.00   1.000    -4368.225    4368.147
            19 2  |  -5.364361   1393.628    -0.00   0.997    -2736.824    2726.096
            19 3  |   .0740934   2457.938     0.00   1.000    -4817.395    4817.543
            19 4  |  -4.259013   1393.628    -0.00   0.998    -2735.719    2727.201
            19 5  |   .0926663   2704.366     0.00   1.000    -5300.367    5300.552
            19 6  |  -5.155649   1393.628    -0.00   0.997    -2736.616    2726.304
           19 71  |   -.416565   2587.097    -0.00   1.000    -5071.034    5070.201
            21 1  |  -4.341873   1393.628    -0.00   0.998    -2735.802    2727.118
            21 2  |  -4.759479   1393.628    -0.00   0.997     -2736.22    2726.701
            21 3  |  -4.214216   1393.628    -0.00   0.998    -2735.674    2727.246
            21 4  |  -4.808368   1393.628    -0.00   0.997    -2736.268    2726.652
            21 5  |  -5.485631   1393.628    -0.00   0.997    -2736.946    2725.974
           21 71  |  -5.683255   1393.628    -0.00   0.997    -2737.143    2725.777
           21 72  |  -.4678977   3536.846    -0.00   1.000    -6932.559    6931.623
            31 1  |  -.1324853   6531.075    -0.00   1.000     -12800.8    12800.54
           31 71  |  -5.443473   1393.628    -0.00   0.997    -2736.904    2726.017
           31 72  |  -5.442105   1393.628    -0.00   0.997    -2736.902    2726.018
           31 73  |  -5.004404   1393.628    -0.00   0.997    -2736.465    2726.456
           31 74  |   -5.47415   1393.628    -0.00   0.997    -2736.934    2725.986
           31 75  |  -5.789765   1393.628    -0.00   0.997     -2737.25     2725.67
            32 1  |  -3.945912   1393.628    -0.00   0.998    -2735.406    2727.514
            32 2  |  -3.670931   1393.628    -0.00   0.998    -2735.131    2727.789
            32 3  |  -4.585269   1393.628    -0.00   0.997    -2736.045    2726.875
            32 4  |  -.1231519   1674.436    -0.00   1.000    -3281.958    3281.711
            32 5  |  -.0941294   1572.512    -0.00   1.000    -3082.161    3081.972
            32 6  |  -4.189512   1393.628    -0.00   0.998     -2735.65    2727.271
            32 7  |  -4.088186   1393.628    -0.00   0.998    -2735.548    2727.372
            32 8  |  -4.065406   1393.628    -0.00   0.998    -2735.526    2727.395
            32 9  |  -.1596763   1573.511    -0.00   1.000    -3084.184    3083.865
           32 10  |  -.1136798   1624.866    -0.00   1.000    -3184.792    3184.564
           32 11  |  -3.754254   1393.628    -0.00   0.998    -2735.214    2727.706
           32 12  |  -4.119911   1393.628    -0.00   0.998     -2735.58     2727.34
           32 13  |  -4.755706   1393.628    -0.00   0.997    -2736.216    2726.704
           32 14  |  -.1538248    1768.66    -0.00   1.000    -3466.663    3466.356
           32 15  |  -3.768238   1393.628    -0.00   0.998    -2735.228    2727.692
           32 16  |   -3.93987   1393.628    -0.00   0.998      -2735.4     2727.52
           32 17  |   -.110005    1841.83    -0.00   1.000    -3610.031    3609.811
           32 18  |  -4.176613   1393.628    -0.00   0.998    -2735.637    2727.284
           32 71  |  -.4017051   2204.524    -0.00   1.000    -4321.189    4320.386
           32 72  |  -13.04576   2646.525    -0.00   0.996    -5200.139    5174.048
           32 73  |  -6.651074   1393.628    -0.00   0.996    -2738.111    2724.809
           32 74  |  -.4477549   3316.065    -0.00   1.000    -6499.815     6498.92
           32 75  |   -5.29814   1393.628    -0.00   0.997    -2736.758    2726.162
           32 76  |  -4.579061   1393.628    -0.00   0.997    -2736.039    2726.881
           32 77  |  -.1886468   4144.937    -0.00   1.000    -8124.116    8123.739
           32 78  |  -.2750142   2228.213    -0.00   1.000    -4367.491    4366.941
           32 79  |  -.1893427   3276.976    -0.00   1.000    -6422.945    6422.566
            33 1  |  -4.957764   1393.628    -0.00   0.997    -2736.418    2726.502
            33 2  |  -.1673584   1615.516    -0.00   1.000     -3166.52    3166.186
            33 3  |  -.0880769   1724.498    -0.00   1.000    -3380.042    3379.866
            33 4  |  -3.950102   1393.628    -0.00   0.998     -2735.41     2727.51
            33 5  |  -3.832341   1393.628    -0.00   0.998    -2735.292    2727.628
            33 6  |  -4.715872   1393.628    -0.00   0.997    -2736.176    2726.744
            33 7  |  -4.250101   1393.628    -0.00   0.998     -2735.71     2727.21
            33 8  |   -3.91942   1393.628    -0.00   0.998     -2735.38    2727.541
            33 9  |  -.0087674   1702.946    -0.00   1.000    -3337.722    3337.704
           33 10  |  -3.682519   1393.628    -0.00   0.998    -2735.143    2727.778
           33 11  |  -4.507829   1393.628    -0.00   0.997    -2735.968    2726.952
           33 12  |  -5.515887   1393.628    -0.00   0.997    -2736.976    2725.944
           33 13  |   -5.19739   1393.628    -0.00   0.997    -2736.657    2726.263
           33 14  |   -.076822   1778.455    -0.00   1.000    -3485.784     3485.63
           33 15  |  -4.132491   1393.628    -0.00   0.998    -2735.593    2727.328
           33 16  |  -3.677724   1393.628    -0.00   0.998    -2735.138    2727.782
           33 17  |  -.0534824   1666.537    -0.00   1.000    -3266.406    3266.299
           33 18  |  -4.126417   1393.628    -0.00   0.998    -2735.587    2727.334
           33 19  |  -.1380087   1944.343    -0.00   1.000    -3810.979    3810.703
           33 20  |   -.137272   1787.801    -0.00   1.000    -3504.162    3503.888
           33 21  |  -.0933264   1711.148    -0.00   1.000    -3353.881    3353.694
           33 22  |  -4.512698   1393.628    -0.00   0.997    -2735.973    2726.947
           33 23  |  -4.575393   1393.628    -0.00   0.997    -2736.035    2726.885
           33 24  |  -5.454399   1393.628    -0.00   0.997    -2736.914    2726.006
           33 25  |  -3.828557   1393.628    -0.00   0.998    -2735.289    2727.632
           33 26  |   .1552848   1681.489     0.00   1.000    -3295.503    3295.814
           33 27  |  -.0511015   1748.638    -0.00   1.000    -3427.319    3427.217
           33 28  |   -.094844   1665.911    -0.00   1.000     -3265.22     3265.03
           33 29  |  -.0162923   1662.067    -0.00   1.000    -3257.609    3257.576
           33 71  |  -.4226374   3732.236    -0.00   1.000     -7315.47    7314.625
           33 72  |  -4.662814   1393.628    -0.00   0.997    -2736.123    2726.797
           33 73  |  -.1750598   3469.301    -0.00   1.000     -6799.88     6799.53
           33 74  |  -5.757619   1393.628    -0.00   0.997    -2737.218    2725.702
           33 75  |  -4.819181   1393.628    -0.00   0.997    -2736.279    2726.641
           33 76  |  -.2390171   3082.131    -0.00   1.000    -6041.105    6040.627
            34 1  |  -.1120704   2173.018    -0.00   1.000     -4259.15    4258.925
            34 2  |  -.1888293   2204.734    -0.00   1.000    -4321.389    4321.011
            34 3  |  -.0540247   1932.099    -0.00   1.000    -3786.899    3786.791
            34 4  |  -4.716901   1393.628    -0.00   0.997    -2736.177    2726.743
           34 71  |  -13.01777    2382.97    -0.01   0.996    -4683.552    4657.517
            35 1  |  -4.186361   1393.628    -0.00   0.998    -2735.646    2727.274
            35 2  |  -.0617721   1661.025    -0.00   1.000    -3255.611    3255.488
            35 3  |  -4.463618   1393.628    -0.00   0.997    -2735.924    2726.996
            35 4  |  -.0706915   1685.036    -0.00   1.000    -3302.681     3302.54
            35 5  |  -.0633888    1713.18    -0.00   1.000    -3357.834    3357.708
            35 6  |  -3.702773   1393.628    -0.00   0.998    -2735.163    2727.757
            35 7  |  -3.891648   1393.628    -0.00   0.998    -2735.352    2727.568
            35 8  |  -4.117532   1393.628    -0.00   0.998    -2735.578    2727.343
            35 9  |  -.0642539   1713.414    -0.00   1.000    -3358.295    3358.166
           35 10  |  -3.897991   1393.628    -0.00   0.998    -2735.358    2727.562
           35 11  |  -4.467553   1393.628    -0.00   0.997    -2735.928    2726.993
           35 12  |   .0521515   1935.424     0.00   1.000    -3793.309    3793.413
           35 13  |  -5.225105   1393.628    -0.00   0.997    -2736.685    2726.235
           35 14  |  -4.668475   1393.628    -0.00   0.997    -2736.129    2726.792
           35 15  |  -3.755624   1393.628    -0.00   0.998    -2735.216    2727.705
           35 16  |  -3.737616   1393.628    -0.00   0.998    -2735.198    2727.723
           35 17  |  -.0548425   1649.952    -0.00   1.000    -3233.902    3233.792
           35 18  |    -4.1235   1393.628    -0.00   0.998    -2735.584    2727.337
           35 19  |  -4.511142   1393.628    -0.00   0.997    -2735.971    2726.949
           35 20  |    -4.7053   1393.628    -0.00   0.997    -2736.165    2726.755
           35 21  |  -3.821145   1393.628    -0.00   0.998    -2735.281    2727.639
           35 22  |  -4.343904   1393.628    -0.00   0.998    -2735.804    2727.116
           35 23  |  -4.366272   1393.628    -0.00   0.998    -2735.826    2727.094
           35 24  |   .0172075     1576.7     0.00   1.000    -3090.259    3090.293
           35 25  |  -4.191266   1393.628    -0.00   0.998    -2735.651    2727.269
           35 26  |  -5.607647   1393.628    -0.00   0.997    -2737.068    2725.852
           35 27  |  -.0815363   1815.174    -0.00   1.000    -3557.757    3557.594
           35 28  |  -.1005401   1805.031    -0.00   1.000    -3537.896    3537.694
           35 29  |  -4.864537   1393.628    -0.00   0.997    -2736.325    2726.596
           35 71  |  -.2974378   2515.495    -0.00   1.000    -4930.578    4929.983
           35 72  |  -.3696234   3397.648    -0.00   1.000    -6659.637    6658.898
           35 73  |  -4.909999   1393.628    -0.00   0.997     -2736.37     2726.55
           35 74  |  -.3041853   2999.167    -0.00   1.000    -5878.563    5877.954
           35 75  |  -5.248703   1393.628    -0.00   0.997    -2736.709    2726.211
           35 76  |  -.2718119   3690.951    -0.00   1.000    -7234.403     7233.86
           35 77  |  -4.943344   1393.628    -0.00   0.997    -2736.404    2726.517
           35 78  |  -13.10751   1733.707    -0.01   0.994     -3411.11    3384.895
           35 79  |  -4.810655   1393.628    -0.00   0.997    -2736.271     2726.65
            36 1  |  -3.892822   1393.628    -0.00   0.998    -2735.353    2727.567
            36 2  |  -3.592954   1393.628    -0.00   0.998    -2735.053    2727.867
            36 3  |  -3.848708   1393.628    -0.00   0.998    -2735.309    2727.611
            36 4  |  -.0863556   1633.424    -0.00   1.000    -3201.539    3201.367
           36 71  |  -7.206265   1393.628    -0.01   0.996    -2738.666    2724.254
           36 72  |  -.1996698   2662.702    -0.00   1.000        -5219      5218.6
           36 73  |  -.2857939   2234.413    -0.00   1.000    -4379.655    4379.083
           36 74  |  -.4765806   2307.902    -0.00   1.000    -4523.882    4522.929
            51 1  |  -4.413445   1393.628    -0.00   0.997    -2735.874    2727.047
            51 2  |  -5.252988   1393.628    -0.00   0.997    -2736.713    2726.207
            51 3  |  -6.050354   1393.628    -0.00   0.997     -2737.51     2725.41
            51 4  |  -7.884374   1393.628    -0.01   0.995    -2739.344    2723.576
            51 5  |  -5.270339   1393.628    -0.00   0.997     -2736.73     2726.19
            51 6  |  -5.138774   1393.628    -0.00   0.997    -2736.599    2726.321
            51 7  |  -4.720835   1393.628    -0.00   0.997    -2736.181    2726.739
            51 8  |  -4.618189   1393.628    -0.00   0.997    -2736.078    2726.842
           51 71  |  -6.972868   1393.628    -0.01   0.996    -2738.433    2724.487
            52 1  |  -.1812739   1920.735    -0.00   1.000    -3764.752     3764.39
            52 2  |  -.0753792   1890.789    -0.00   1.000    -3705.954    3705.803
            52 3  |   -4.08287   1393.628    -0.00   0.998    -2735.543    2727.377
            52 4  |  -4.200132   1393.628    -0.00   0.998     -2735.66     2727.26
            52 5  |  -5.092371   1393.628    -0.00   0.997    -2736.552    2726.368
            52 6  |   .0454122   1834.465     0.00   1.000    -3595.441    3595.532
            52 7  |  -.0189856   2399.535    -0.00   1.000     -4703.02    4702.982
            52 8  |  -.0768741   2737.577    -0.00   1.000    -5365.629    5365.475
           52 71  |  -.3904062   2437.577    -0.00   1.000    -4777.954    4777.173
           52 72  |   -.262515   2610.975    -0.00   1.000     -5117.68    5117.155
            53 1  |   .0526354    2368.43     0.00   1.000    -4641.985     4642.09
            53 2  |   -4.83457   1393.628    -0.00   0.997    -2736.295    2726.626
            53 3  |   .0963008   1858.397     0.00   1.000    -3642.294    3642.487
            53 4  |  -4.225308   1393.628    -0.00   0.998    -2735.685    2727.235
            53 5  |  -4.535184   1393.628    -0.00   0.997    -2735.995    2726.925
            53 6  |   .0552431    2282.32     0.00   1.000    -4473.209     4473.32
            53 7  |  -4.362036   1393.628    -0.00   0.998    -2735.822    2727.098
            53 8  |  -5.028559   1393.628    -0.00   0.997    -2736.489    2726.432
            53 9  |  -5.239226   1393.628    -0.00   0.997    -2736.699    2726.221
           53 10  |  -4.626657   1393.628    -0.00   0.997    -2736.087    2726.833
           53 11  |  -4.632023   1393.628    -0.00   0.997    -2736.092    2726.828
           53 12  |  -4.552958   1393.628    -0.00   0.997    -2736.013    2726.907
           53 13  |  -5.148096   1393.628    -0.00   0.997    -2736.608    2726.312
           53 14  |  -4.046786   1393.628    -0.00   0.998    -2735.507    2727.413
           53 15  |  -4.329761   1393.628    -0.00   0.998     -2735.79     2727.13
           53 16  |    .044137   2492.765     0.00   1.000    -4885.685    4885.774
           53 17  |  -4.158759   1393.628    -0.00   0.998    -2735.619    2727.301
           53 18  |   .0397514   2083.466     0.00   1.000    -4083.479    4083.559
           53 19  |  -4.176293   1393.628    -0.00   0.998    -2735.636    2727.284
           53 20  |  -4.580946   1393.628    -0.00   0.997    -2736.041    2726.879
           53 21  |   .0381891    2020.58     0.00   1.000    -3960.227    3960.303
           53 71  |  -.3257684   2407.508    -0.00   1.000    -4718.955    4718.303
            61 1  |  -4.490847   1393.628    -0.00   0.997    -2735.951    2726.969
            61 2  |  -4.481147   1393.628    -0.00   0.997    -2735.941    2726.979
            61 3  |  -3.748551   1393.628    -0.00   0.998    -2735.209    2727.712
            61 4  |   .0357361   2392.658     0.00   1.000    -4689.487    4689.559
            61 5  |   -4.95026   1393.628    -0.00   0.997     -2736.41     2726.51
            61 6  |   -5.42248   1393.628    -0.00   0.997    -2736.883    2726.038
            61 7  |  -5.183556   1393.628    -0.00   0.997    -2736.644    2726.277
            61 8  |  -5.691142   1393.628    -0.00   0.997    -2737.151    2725.769
            61 9  |  -4.359357   1393.628    -0.00   0.998    -2735.819    2727.101
           61 10  |  -4.353294   1393.628    -0.00   0.998    -2735.813    2727.107
           61 11  |   .0278415   2817.342     0.00   1.000     -5521.86    5521.916
           61 12  |  -4.369174   1393.628    -0.00   0.997    -2735.829    2727.091
           61 71  |  -4.953603   1393.628    -0.00   0.997    -2736.414    2726.507
           61 72  |  -.1048471   3223.329    -0.00   1.000    -6317.714    6317.505
            62 1  |  -4.837261   1393.628    -0.00   0.997    -2736.297    2726.623
            62 2  |  -4.654905   1393.628    -0.00   0.997    -2736.115    2726.805
            62 3  |  -4.743598   1393.628    -0.00   0.997    -2736.204    2726.716
            62 4  |   .3239137   2316.378     0.00   1.000    -4539.693    4540.341
            62 5  |  -4.200775   1393.628    -0.00   0.998    -2735.661    2727.259
            62 6  |  -.0770083   3061.901    -0.00   1.000    -6001.293    6001.139
            62 7  |  -5.817208   1393.628    -0.00   0.997    -2737.277    2725.643
            62 8  |  -4.413206   1393.628    -0.00   0.997    -2735.873    2727.047
            62 9  |  -4.439464   1393.628    -0.00   0.997      -2735.9    2727.021
           62 10  |  -4.492387   1393.628    -0.00   0.997    -2735.953    2726.968
           62 11  |  -4.057577   1393.628    -0.00   0.998    -2735.518    2727.403
           62 12  |  -3.817289   1393.628    -0.00   0.998    -2735.277    2727.643
           62 13  |  -5.203483   1393.628    -0.00   0.997    -2736.664    2726.257
           62 71  |   .1718574   3120.981     0.00   1.000    -6116.839    6117.183
            63 1  |  -.0644901   1942.325    -0.00   1.000    -3806.951    3806.822
            63 2  |  -4.802308   1393.628    -0.00   0.997    -2736.262    2726.658
            63 3  |  -4.504661   1393.628    -0.00   0.997    -2735.965    2726.955
            63 4  |  -4.308452   1393.628    -0.00   0.998    -2735.769    2727.152
            63 5  |  -5.145556   1393.628    -0.00   0.997    -2736.606    2726.315
            63 6  |  -3.866669   1393.628    -0.00   0.998    -2735.327    2727.593
            63 7  |   -4.45871   1393.628    -0.00   0.997    -2735.919    2727.001
            63 8  |  -3.984061   1393.628    -0.00   0.998    -2735.444    2727.476
            63 9  |  -5.079799   1393.628    -0.00   0.997     -2736.54     2726.38
           63 10  |  -4.224582   1393.628    -0.00   0.998    -2735.685    2727.236
           63 11  |  -4.285682   1393.628    -0.00   0.998    -2735.746    2727.174
           63 71  |   -.494944   2309.773    -0.00   1.000    -4527.567    4526.578
           63 72  |  -.3063749   3446.008    -0.00   1.000    -6754.358    6753.745
            64 1  |  -4.715651   1393.628    -0.00   0.997    -2736.176    2726.744
            64 2  |  -4.402354   1393.628    -0.00   0.997    -2735.862    2727.058
            64 3  |  -4.716461   1393.628    -0.00   0.997    -2736.177    2726.744
            64 4  |  -5.207519   1393.628    -0.00   0.997    -2736.668    2726.253
            64 5  |  -5.118938   1393.628    -0.00   0.997    -2736.579    2726.341
            64 9  |  -.0442837   2516.522    -0.00   1.000    -4932.336    4932.248
           64 11  |  -5.107801   1393.628    -0.00   0.997    -2736.568    2726.352
           64 71  |  -7.006094   1393.628    -0.01   0.996    -2738.466    2724.454
           64 72  |   -.267073   2294.178    -0.00   1.000    -4496.773    4496.238
           64 74  |  -5.115304   1393.628    -0.00   0.997    -2736.576    2726.345
            65 1  |  -5.503823   1393.628    -0.00   0.997    -2736.964    2725.956
            65 2  |  -4.545861   1393.628    -0.00   0.997    -2736.006    2726.914
            65 3  |    .122492   3176.919     0.00   1.000    -6226.524    6226.769
            65 4  |  -5.684731   1393.628    -0.00   0.997    -2737.145    2725.775
           65 71  |  -5.586849   1393.628    -0.00   0.997    -2737.047    2725.873
            71 1  |  -4.258961   1393.628    -0.00   0.998    -2735.719    2727.201
            71 2  |  -4.431752   1393.628    -0.00   0.997    -2735.892    2727.028
            71 3  |  -4.582448   1393.628    -0.00   0.997    -2736.043    2726.878
            71 4  |  -5.603636   1393.628    -0.00   0.997    -2737.064    2725.856
            71 5  |  -4.129314   1393.628    -0.00   0.998    -2735.589    2727.331
            71 6  |  -4.629009   1393.628    -0.00   0.997    -2736.089    2726.831
            71 7  |  -.0232366   2086.691    -0.00   1.000    -4089.862    4089.816
            71 8  |  -4.716531   1393.628    -0.00   0.997    -2736.177    2726.744
            71 9  |  -4.708185   1393.628    -0.00   0.997    -2736.168    2726.752
           71 10  |  -.0338144   2278.661    -0.00   1.000    -4466.128    4466.061
           71 11  |  -4.797762   1393.628    -0.00   0.997    -2736.258    2726.662
           71 71  |    -4.8131   1393.628    -0.00   0.997    -2736.273    2726.647
           71 72  |  -4.749536   1393.628    -0.00   0.997     -2736.21    2726.711
           71 73  |  -4.864759   1393.628    -0.00   0.997    -2736.325    2726.595
           71 74  |  -.1878862   2885.823    -0.00   1.000    -5656.297    5655.922
            72 1  |  -4.424901   1393.628    -0.00   0.997    -2735.885    2727.035
            72 2  |  -4.150197   1393.628    -0.00   0.998     -2735.61     2727.31
            72 3  |  -4.639917   1393.628    -0.00   0.997      -2736.1     2726.82
            72 4  |  -5.357928   1393.628    -0.00   0.997    -2736.818    2726.102
            72 5  |  -4.882211   1393.628    -0.00   0.997    -2736.342    2726.578
            72 6  |  -4.043037   1393.628    -0.00   0.998    -2735.503    2727.417
            72 7  |  -4.617215   1393.628    -0.00   0.997    -2736.077    2726.843
            72 8  |  -4.670751   1393.628    -0.00   0.997    -2736.131    2726.789
            72 9  |  -4.304432   1393.628    -0.00   0.998    -2735.765    2727.156
           72 10  |  -5.556241   1393.628    -0.00   0.997    -2737.016    2725.904
           72 11  |   .0773452   2427.256     0.00   1.000    -4757.258    4757.412
           72 12  |  -4.931229   1393.628    -0.00   0.997    -2736.391    2726.529
           72 71  |   -.250659   2406.303    -0.00   1.000    -4716.518    4716.017
            73 1  |  -4.174306   1393.628    -0.00   0.998    -2735.634    2727.286
            73 2  |  -.1105567    1918.01    -0.00   1.000    -3759.341     3759.12
            73 3  |  -.0648161   2365.201    -0.00   1.000    -4635.774    4635.645
            73 4  |  -.0760469   2039.141    -0.00   1.000    -3996.719    3996.567
            73 5  |   -.096841    2045.05    -0.00   1.000    -4008.321    4008.128
            73 6  |  -.1152634   1832.188    -0.00   1.000    -3591.137    3590.907
            73 7  |  -.0458224   2249.337    -0.00   1.000    -4408.666    4408.574
            73 8  |  -4.443883   1393.628    -0.00   0.997    -2735.904    2727.016
            73 9  |   -4.11013   1393.628    -0.00   0.998     -2735.57     2727.35
           73 10  |  -.1147557   2434.688    -0.00   1.000    -4772.015    4771.785
           73 11  |   -4.28815   1393.628    -0.00   0.998    -2735.748    2727.172
           73 12  |  -.0163185   2363.936    -0.00   1.000    -4633.245    4633.212
           73 13  |  -.0726507   1803.074    -0.00   1.000    -3534.032    3533.887
           73 14  |  -4.141256   1393.628    -0.00   0.998    -2735.601    2727.319
           73 15  |  -.0721902   2060.858    -0.00   1.000     -4039.28    4039.136
           73 16  |   .0118631   1994.262     0.00   1.000     -3908.67    3908.694
           73 17  |   -4.03995   1393.628    -0.00   0.998      -2735.5     2727.42
           73 18  |  -4.115738   1393.628    -0.00   0.998    -2735.576    2727.344
           73 22  |  -4.312145   1393.628    -0.00   0.998    -2735.772    2727.148
           73 25  |  -4.044054   1393.628    -0.00   0.998    -2735.504    2727.416
           73 26  |   .0095974   1922.633     0.00   1.000    -3768.281      3768.3
           73 71  |  -.3453176   1794.105    -0.00   1.000    -3516.726    3516.036
           73 72  |  -8.461874   1393.628    -0.01   0.995    -2739.922    2722.998
           73 73  |  -.1766787   2475.253    -0.00   1.000    -4851.583     4851.23
            74 1  |  -.0536232     2132.2    -0.00   1.000     -4179.09    4178.982
            74 2  |   -3.98524   1393.628    -0.00   0.998    -2735.445    2727.475
            74 3  |  -4.933151   1393.628    -0.00   0.997    -2736.393    2726.527
            74 4  |  -4.679346   1393.628    -0.00   0.997    -2736.139    2726.781
            74 5  |  -4.805716   1393.628    -0.00   0.997    -2736.266    2726.654
            74 6  |  -4.428326   1393.628    -0.00   0.997    -2735.888    2727.032
            74 7  |   -4.15794   1393.628    -0.00   0.998    -2735.618    2727.302
            74 8  |  -4.492939   1393.628    -0.00   0.997    -2735.953    2726.967
            74 9  |  -4.876409   1393.628    -0.00   0.997    -2736.337    2726.584
           74 10  |  -5.195086   1393.628    -0.00   0.997    -2736.655    2726.265
           74 11  |  -4.634679   1393.628    -0.00   0.997    -2736.095    2726.825
           74 12  |  -4.439142   1393.628    -0.00   0.997    -2735.899    2727.021
           74 13  |  -4.175543   1393.628    -0.00   0.998    -2735.636    2727.285
           74 14  |  -4.268235   1393.628    -0.00   0.998    -2735.728    2727.192
           74 15  |  -.0510011   2364.675    -0.00   1.000    -4634.729    4634.627
           74 71  |  -.3325773   2248.164    -0.00   1.000    -4406.653    4405.987
           74 72  |  -4.685354   1393.628    -0.00   0.997    -2736.146    2726.775
            75 1  |  -4.486352   1393.628    -0.00   0.997    -2735.946    2726.974
            75 2  |  -.0312451   1775.675    -0.00   1.000    -3480.291    3480.229
            75 3  |  -4.357889   1393.628    -0.00   0.998    -2735.818    2727.102
            75 4  |   .0037001   1848.917     0.00   1.000    -3623.807    3623.814
            75 5  |   .0061401   2018.547     0.00   1.000    -3956.274    3956.286
           75 71  |  -.4525144   2323.901    -0.00   1.000    -4555.216    4554.311
            76 1  |    .016621   2231.197     0.00   1.000    -4373.049    4373.082
            76 2  |  -4.166854   1393.628    -0.00   0.998    -2735.627    2727.293
            76 3  |  -4.367865   1393.628    -0.00   0.997    -2735.828    2727.092
            76 4  |  -4.045576   1393.628    -0.00   0.998    -2735.506    2727.415
            76 5  |  -.0259169   2446.288    -0.00   1.000    -4794.662     4794.61
            76 6  |  -5.213889   1393.628    -0.00   0.997    -2736.674    2726.246
            81 1  |  -5.309392   1393.628    -0.00   0.997    -2736.769    2726.151
            81 2  |   -4.52152   1393.628    -0.00   0.997    -2735.982    2726.939
            81 3  |  -4.876863   1393.628    -0.00   0.997    -2736.337    2726.583
            81 4  |  -5.147945   1393.628    -0.00   0.997    -2736.608    2726.312
            81 5  |  -5.934151   1393.628    -0.00   0.997    -2737.394    2725.526
            81 6  |  -4.162164   1393.628    -0.00   0.998    -2735.622    2727.298
            81 7  |  -5.242693   1393.628    -0.00   0.997    -2736.703    2726.217
            81 8  |   -6.47537   1393.628    -0.00   0.996    -2737.935    2724.985
            81 9  |  -5.260473   1393.628    -0.00   0.997    -2736.721      2726.2
           81 71  |  -.2875344   2393.978    -0.00   1.000    -4692.398    4691.823
           81 72  |  -5.406151   1393.628    -0.00   0.997    -2736.866    2726.054
            82 1  |  -5.448107   1393.628    -0.00   0.997    -2736.908    2726.012
            82 2  |  -4.787974   1393.628    -0.00   0.997    -2736.248    2726.672
            82 3  |   -5.97916   1393.628    -0.00   0.997    -2737.439    2725.481
            82 4  |  -4.709112   1393.628    -0.00   0.997    -2736.169    2726.751
            82 5  |   -5.36214   1393.628    -0.00   0.997    -2736.822    2726.098
            82 6  |  -5.738723   1393.628    -0.00   0.997    -2737.199    2725.721
            82 7  |  -5.709938   1393.628    -0.00   0.997     -2737.17     2725.75
            82 8  |  -5.861494   1393.628    -0.00   0.997    -2737.322    2725.599
           82 71  |  -4.860613   1393.628    -0.00   0.997    -2736.321      2726.6
           82 72  |  -5.089386   1393.628    -0.00   0.997    -2736.549    2726.371
            91 1  |  -6.042255   1393.628    -0.00   0.997    -2737.502    2725.418
            91 2  |  -6.731908   1393.628    -0.00   0.996    -2738.192    2724.728
            91 3  |  -6.701376   1393.628    -0.00   0.996    -2738.161    2724.759
            91 4  |  -7.041185   1393.628    -0.01   0.996    -2738.501    2724.419
            91 5  |  -6.462604   1393.628    -0.00   0.996    -2737.923    2724.997
           91 11  |  -7.152234   1393.628    -0.01   0.996    -2738.612    2724.308
           91 12  |  -7.563058   1393.628    -0.01   0.996    -2739.023    2723.897
            92 1  |   -6.71772   1393.628    -0.00   0.996    -2738.178    2724.742
            92 2  |  -6.529179   1393.628    -0.00   0.996    -2737.989    2724.931
            92 3  |  -6.631926   1393.628    -0.00   0.996    -2738.092    2724.828
            92 4  |  -7.798373   1393.628    -0.01   0.996    -2739.258    2723.662
            92 5  |  -7.600419   1393.628    -0.01   0.996    -2739.061     2723.86
           92 71  |  -.2363712   2515.053    -0.00   1.000     -4929.65    4929.177
            94 3  |  -5.798262   1393.628    -0.00   0.997    -2737.258    2725.662
            94 8  |  -6.159932   1393.628    -0.00   0.996     -2737.62      2725.3
            94 9  |  -5.850803   1393.628    -0.00   0.997    -2737.311    2725.609
           94 19  |  -7.224787   1393.628    -0.01   0.996    -2738.685    2724.235
           94 20  |  -5.697969   1393.628    -0.00   0.997    -2737.158    2725.762
           94 26  |  -6.743567   1393.628    -0.00   0.996    -2738.204    2724.717
           94 27  |  -6.400714   1393.628    -0.00   0.996    -2737.861    2725.059
           94 28  |  -12.50497   2917.853    -0.00   0.997    -5731.392    5706.382
           94 71  |  -4.651212   1393.628    -0.00   0.997    -2736.111    2726.809
            95 1  |  -5.722443   1393.628    -0.00   0.997    -2737.183    2725.738
            95 2  |  -5.065102   1393.628    -0.00   0.997    -2736.525    2726.395
            95 3  |  -7.771603   1393.628    -0.01   0.996    -2739.232    2723.688
            95 4  |  -8.644419   1393.628    -0.01   0.995    -2740.105    2722.816
            96 1  |  -6.438554   1393.628    -0.00   0.996    -2737.899    2725.022
            96 2  |  -6.899402   1393.628    -0.00   0.996    -2738.359    2724.561
            96 3  |  -8.230623   1393.628    -0.01   0.995    -2739.691     2723.23
            96 4  |   -5.88194   1393.628    -0.00   0.997    -2737.342    2725.578
            96 5  |  -7.407956   1393.628    -0.01   0.996    -2738.868    2724.052
            96 6  |  -8.081535   1393.628    -0.01   0.995    -2739.542    2723.379
            96 7  |  -8.782065   1393.628    -0.01   0.995    -2740.242    2722.678
            96 8  |  -8.214736   1393.628    -0.01   0.995    -2739.675    2723.245
            97 1  |  -7.067432   1393.628    -0.01   0.996    -2738.528    2724.393
            97 2  |  -8.268813   1393.628    -0.01   0.995    -2739.729    2723.191
            97 3  |   -12.5015   1679.755    -0.01   0.994     -3304.76    3279.757
            97 4  |   -8.80967   1393.628    -0.01   0.995     -2740.27     2722.65
            97 5  |  -12.62925   2489.541    -0.01   0.996     -4892.04    4866.781
            97 6  |  -12.57489   1709.974    -0.01   0.994    -3364.062    3338.912
            97 7  |  -9.124151   1393.628    -0.01   0.995    -2740.584    2722.336
            97 8  |  -7.711578   1393.628    -0.01   0.996    -2739.172    2723.749
                  |
            Env_z |          0  (omitted)
            _cons |   5.664949   1393.628     0.00   0.997    -2725.795    2737.125
------------------+----------------------------------------------------------------
lnsigma           |
            _cons |  -1.021044   .0025851  -394.97   0.000    -1.026111   -1.015978
------------------+----------------------------------------------------------------
           /sigma |   .3602186   .0009312                      .3583981    .3620483
-----------------------------------------------------------------------------------
      name:  <unnamed>
       log:  /Users/athamawardi/Desktop/Research-Projects/PSE_Pertamina/Output/hurdle/churdlegrid_lnpov_PRE4_SEL2.log
  log type:  text
 closed on:  20 Jan 2026, 18:51:50
---------------------------------------------------------------------------------------------------------------------------------------------------------------------------------------------------------------------------------------------------------------
