---------------------------------------------------------------------------------------------------------------------------------------------------------------------------------------------------------------------------------------------------------------
      name:  <unnamed>
       log:  /Users/athamawardi/Desktop/Research-Projects/PSE_Pertamina/Output/hurdle/churdlegrid_PCA_EXP_Ker5_w1_PRE0_SEL1.log
  log type:  text
 opened on:  23 Jan 2026, 06:46:40
RUN: churdle exponential Ker5_w1 lnpov, select(i.r308b1d i.r308b1e i.r309a i.r309b i.r309d i.r309e i.r310 i.r403a i.r403c1 i.r403c2) ll(0)
 
Iteration 0:   log likelihood = -33489.931  (not concave)
Iteration 1:   log likelihood = -22167.608  
Iteration 2:   log likelihood = -22106.591  
Iteration 3:   log likelihood = -20378.617  
Iteration 4:   log likelihood = -20297.054  
Iteration 5:   log likelihood = -20296.407  
Iteration 6:   log likelihood = -20296.406  
Iteration 7:   log likelihood = -20296.406  
Iteration 8:   log likelihood = -20296.405  
Iteration 9:   log likelihood = -20296.405  

Cragg hurdle regression                                Number of obs =  84,276
                                                       LR chi2(1)    = 7439.41
                                                       Prob > chi2   =  0.0000
Log likelihood = -20296.405                            Pseudo R2     =  0.1549

------------------------------------------------------------------------------
     Ker5_w1 | Coefficient  Std. err.      z    P>|z|     [95% conf. interval]
-------------+----------------------------------------------------------------
Ker5_w1      |
       lnpov |   .1215379   .0057134    21.27   0.000     .1103398     .132736
       _cons |  -1.817306    .023031   -78.91   0.000    -1.862446   -1.772167
-------------+----------------------------------------------------------------
selection_ll |
     r308b1d |
          1  |   .9501335   .0298453    31.84   0.000     .8916378    1.008629
          2  |    .616491   .0169811    36.30   0.000     .5832087    .6497733
             |
     r308b1e |
          1  |  -.0511738   .0273251    -1.87   0.061    -.1047301    .0023825
          2  |          0  (omitted)
             |
       r309a |
          2  |   .0205169    .044219     0.46   0.643    -.0661507    .1071845
          3  |   .2333618   .0628166     3.71   0.000     .1102435    .3564801
             |
       r309b |
          1  |   .1086169   .0328086     3.31   0.001     .0443133    .1729206
          2  |   .2450466   .0405969     6.04   0.000     .1654781     .324615
          3  |          0  (omitted)
             |
       r309d |
          1  |  -.3253222   .0484168    -6.72   0.000    -.4202174    -.230427
          2  |  -.1592158   .0432314    -3.68   0.000    -.2439478   -.0744837
          3  |  -.1537319   .0467383    -3.29   0.001    -.2453373   -.0621266
          4  |          0  (omitted)
             |
       r309e |
          1  |   .0634264   .0341966     1.85   0.064    -.0035978    .1304506
          2  |          0  (omitted)
             |
      2.r310 |   .1575247   .0221917     7.10   0.000     .1140297    .2010197
             |
       r403a |
          2  |   .4841648    .094868     5.10   0.000      .298227    .6701026
          3  |   .8384121   .0794716    10.55   0.000     .6826506    .9941735
          4  |   .5598282   .6376603     0.88   0.380     -.689963    1.809619
          5  |  -3.799165   426.3154    -0.01   0.993    -839.3621    831.7637
          6  |    1.27576   .0885521    14.41   0.000     1.102201    1.449319
          7  |   1.012038    .078567    12.88   0.000     .8580495    1.166027
          8  |   1.860141   .1382855    13.45   0.000     1.589106    2.131176
          9  |   .9630114   .1029495     9.35   0.000      .761234    1.164789
         11  |  -3.799165   1278.946    -0.00   0.998    -2510.488    2502.889
         13  |   1.694888   .8895866     1.91   0.057    -.0486694    3.438446
         14  |   1.260883   .2797175     4.51   0.000      .712647    1.809119
         15  |   1.397821     .08573    16.30   0.000     1.229794    1.565849
         16  |   1.422718   .1411062    10.08   0.000     1.146154    1.699281
         17  |   1.465625   .6467039     2.27   0.023     .1981083    2.733141
         18  |  -3.972133   534.6182    -0.01   0.994    -1051.805     1043.86
         19  |   1.213672   .0923289    13.15   0.000      1.03271    1.394633
         20  |   -4.00449   635.8205    -0.01   0.995     -1250.19    1242.181
             |
      r403c1 |
          1  |   .3590028   .0803506     4.47   0.000     .2015186    .5164871
          2  |   .2260005    .080152     2.82   0.005     .0689055    .3830955
          3  |  -.0373692   .0791382    -0.47   0.637    -.1924772    .1177389
          4  |   .3462818   .0877139     3.95   0.000     .1743657    .5181979
          5  |          0  (omitted)
             |
      r403c2 |
          1  |    .348708   .0257784    13.53   0.000     .2981833    .3992327
          2  |   .1953127   .0283764     6.88   0.000     .1396959    .2509295
          3  |   .1482866   .0483433     3.07   0.002     .0535354    .2430378
          4  |          0  (omitted)
             |
       _cons |  -2.085775    .099205   -21.02   0.000    -2.280213   -1.891337
-------------+----------------------------------------------------------------
lnsigma      |
       _cons |  -.0923577   .0062302   -14.82   0.000    -.1045688   -.0801467
-------------+----------------------------------------------------------------
      /sigma |   .9117789   .0056806                      .9007129    .9229809
------------------------------------------------------------------------------
      name:  <unnamed>
       log:  /Users/athamawardi/Desktop/Research-Projects/PSE_Pertamina/Output/hurdle/churdlegrid_PCA_EXP_Ker5_w1_PRE0_SEL1.log
  log type:  text
 closed on:  23 Jan 2026, 06:47:52
---------------------------------------------------------------------------------------------------------------------------------------------------------------------------------------------------------------------------------------------------------------
