---------------------------------------------------------------------------------------------------------------------------------------------------------------------------------------------------------------------------------------------------------------
      name:  <unnamed>
       log:  /Users/athamawardi/Desktop/Research-Projects/PSE_Pertamina/Output/hurdle/churdlegrid_PCA_EXP_Ker5_w1_PRE_S2_SEL3.log
  log type:  text
 opened on:  23 Jan 2026, 07:00:48
RUN: churdle exponential Ker5_w1 lnpov Wbasic_z, select(i.r308b1d i.r308b1e i.r309a i.r309b i.r309d i.r309e i.r310 i.r403a i.r403c1 i.r403c2 lnpov) ll(0)
 
Iteration 0:   log likelihood = -32851.057  (not concave)
Iteration 1:   log likelihood = -21721.467  
Iteration 2:   log likelihood =  -21094.69  
Iteration 3:   log likelihood = -20165.486  
Iteration 4:   log likelihood =  -20146.02  
Iteration 5:   log likelihood = -20146.003  
Iteration 6:   log likelihood = -20146.002  
Iteration 7:   log likelihood = -20146.002  
Iteration 8:   log likelihood = -20146.001  
Iteration 9:   log likelihood = -20146.001  

Cragg hurdle regression                                Number of obs =  84,276
                                                       LR chi2(2)    = 7740.22
                                                       Prob > chi2   =  0.0000
Log likelihood = -20146.001                            Pseudo R2     =  0.1611

------------------------------------------------------------------------------
     Ker5_w1 | Coefficient  Std. err.      z    P>|z|     [95% conf. interval]
-------------+----------------------------------------------------------------
Ker5_w1      |
       lnpov |   .1137589    .005906    19.26   0.000     .1021833    .1253345
    Wbasic_z |   .0639015   .0124715     5.12   0.000     .0394577    .0883453
       _cons |  -1.809268    .023061   -78.46   0.000    -1.854467   -1.764069
-------------+----------------------------------------------------------------
selection_ll |
     r308b1d |
          1  |   .9344494   .0299014    31.25   0.000     .8758437    .9930551
          2  |   .6240664   .0170302    36.64   0.000     .5906878     .657445
             |
     r308b1e |
          1  |  -.0534326   .0274056    -1.95   0.051    -.1071466    .0002815
          2  |          0  (omitted)
             |
       r309a |
          2  |  -.0142657   .0445316    -0.32   0.749    -.1015461    .0730146
          3  |    .143267   .0633383     2.26   0.024     .0191262    .2674078
             |
       r309b |
          1  |   .0461001   .0331232     1.39   0.164    -.0188202    .1110205
          2  |   .1926611   .0408433     4.72   0.000     .1126097    .2727126
          3  |          0  (omitted)
             |
       r309d |
          1  |  -.2852024    .048571    -5.87   0.000    -.3803998    -.190005
          2  |  -.1464196   .0432919    -3.38   0.001    -.2312701   -.0615691
          3  |  -.1496798    .046804    -3.20   0.001    -.2414141   -.0579456
          4  |          0  (omitted)
             |
       r309e |
          1  |   .0425241   .0342771     1.24   0.215    -.0246577     .109706
          2  |          0  (omitted)
             |
      2.r310 |   .1543112   .0222464     6.94   0.000     .1107091    .1979134
             |
       r403a |
          2  |   .4093402    .095646     4.28   0.000     .2218776    .5968029
          3  |   .7183113   .0805867     8.91   0.000     .5603643    .8762583
          4  |   .4991718   .6371856     0.78   0.433    -.7496891    1.748033
          5  |  -3.642732   193.0167    -0.02   0.985    -381.9485    374.6631
          6  |   1.135766   .0896679    12.67   0.000     .9600196    1.311511
          7  |   .8747107   .0797908    10.96   0.000     .7183236    1.031098
          8  |   1.720962   .1393023    12.35   0.000     1.447934    1.993989
          9  |    .883767   .1036047     8.53   0.000     .6807056    1.086828
         11  |  -3.610546   596.2415    -0.01   0.995    -1172.222    1165.001
         13  |   1.676041   .8852641     1.89   0.058    -.0590452    3.411126
         14  |   1.175063    .280335     4.19   0.000     .6256163    1.724509
         15  |   1.271512   .0868327    14.64   0.000     1.101323    1.441701
         16  |   1.320078   .1421014     9.29   0.000     1.041564    1.598591
         17  |   1.398015   .6533122     2.14   0.032     .1175463    2.678483
         18  |  -3.730462   258.2295    -0.01   0.988    -509.8511    502.3902
         19  |    1.09193   .0932169    11.71   0.000     .9092282    1.274632
         20  |  -3.664638   331.2932    -0.01   0.991    -652.9873     645.658
             |
      r403c1 |
          1  |   .3075192   .0811812     3.79   0.000      .148407    .4666313
          2  |    .185483   .0809612     2.29   0.022      .026802    .3441641
          3  |  -.0606322   .0799577    -0.76   0.448    -.2173464     .096082
          4  |   .3180681    .088601     3.59   0.000     .1444134    .4917228
          5  |          0  (omitted)
             |
      r403c2 |
          1  |   .3017182   .0260129    11.60   0.000      .250734    .3527025
          2  |    .156295   .0285903     5.47   0.000      .100259     .212331
          3  |   .1069986   .0485172     2.21   0.027     .0119065    .2020906
          4  |          0  (omitted)
             |
       lnpov |   .0682634   .0041465    16.46   0.000     .0601365    .0763903
       _cons |  -2.145092   .1000387   -21.44   0.000    -2.341165    -1.94902
-------------+----------------------------------------------------------------
lnsigma      |
       _cons |  -.0933713   .0062303   -14.99   0.000    -.1055824   -.0811602
-------------+----------------------------------------------------------------
      /sigma |   .9108553   .0056749                      .8998003     .922046
------------------------------------------------------------------------------
      name:  <unnamed>
       log:  /Users/athamawardi/Desktop/Research-Projects/PSE_Pertamina/Output/hurdle/churdlegrid_PCA_EXP_Ker5_w1_PRE_S2_SEL3.log
  log type:  text
 closed on:  23 Jan 2026, 07:02:07
---------------------------------------------------------------------------------------------------------------------------------------------------------------------------------------------------------------------------------------------------------------
