---------------------------------------------------------------------------------------------------------------------------------------------------------------------------------------------------------------------------------------------------------------
      name:  <unnamed>
       log:  /Users/athamawardi/Desktop/Research-Projects/PSE_Pertamina/Output/hurdle/churdlegrid_PCA_EXP_Ker5_w1_PRE_P13_SEL4.log
  log type:  text
 opened on:  23 Jan 2026, 07:23:37
RUN: churdle exponential Ker5_w1 lnpov Edu_z Hlth_z, select(i.r308b1d i.r308b1e i.r309a i.r309b i.r309d i.r309e i.r310 i.r403a i.r403c1 i.r403c2 Edu_z Wbasic_z Hlth_z Util_z) ll(0)
 
Iteration 0:   log likelihood = -32406.165  (not concave)
Iteration 1:   log likelihood = -21407.094  
Iteration 2:   log likelihood = -20664.547  
Iteration 3:   log likelihood = -19985.872  
Iteration 4:   log likelihood = -19977.553  
Iteration 5:   log likelihood = -19977.519  
Iteration 6:   log likelihood = -19977.517  
Iteration 7:   log likelihood = -19977.516  
Iteration 8:   log likelihood = -19977.516  
Iteration 9:   log likelihood = -19977.516  

Cragg hurdle regression                                Number of obs =  84,276
                                                       LR chi2(3)    = 8077.19
                                                       Prob > chi2   =  0.0000
Log likelihood = -19977.516                            Pseudo R2     =  0.1682

------------------------------------------------------------------------------
     Ker5_w1 | Coefficient  Std. err.      z    P>|z|     [95% conf. interval]
-------------+----------------------------------------------------------------
Ker5_w1      |
       lnpov |   .1097562   .0060829    18.04   0.000     .0978339    .1216784
       Edu_z |  -.0573134   .0107788    -5.32   0.000    -.0784395   -.0361873
      Hlth_z |   .0289458   .0086471     3.35   0.001     .0119978    .0458939
       _cons |  -1.796988   .0232566   -77.27   0.000     -1.84257   -1.751406
-------------+----------------------------------------------------------------
selection_ll |
     r308b1d |
          1  |   .9637564    .029997    32.13   0.000     .9049635    1.022549
          2  |   .6752414   .0174136    38.78   0.000     .6411115    .7093714
             |
     r308b1e |
          1  |  -.0396718   .0275126    -1.44   0.149    -.0935955    .0142519
          2  |          0  (omitted)
             |
       r309a |
          2  |  -.0771344    .045022    -1.71   0.087    -.1653759     .011107
          3  |  -.0048059   .0643567    -0.07   0.940    -.1309426    .1213309
             |
       r309b |
          1  |  -.0269713   .0337218    -0.80   0.424    -.0930649    .0391223
          2  |    .136089   .0413464     3.29   0.001     .0550516    .2171264
          3  |          0  (omitted)
             |
       r309d |
          1  |  -.2411507   .0488619    -4.94   0.000    -.3369182   -.1453832
          2  |  -.1336908   .0434365    -3.08   0.002    -.2188248   -.0485568
          3  |  -.1469641   .0469291    -3.13   0.002    -.2389434   -.0549848
          4  |          0  (omitted)
             |
       r309e |
          1  |   .0105021   .0344718     0.30   0.761    -.0570613    .0780655
          2  |          0  (omitted)
             |
      2.r310 |   .1459705   .0223492     6.53   0.000     .1021668    .1897741
             |
       r403a |
          2  |   .3249253   .0979069     3.32   0.001     .1330314    .5168192
          3  |   .5380745   .0828379     6.50   0.000     .3757153    .7004337
          4  |   .2795368   .6432004     0.43   0.664    -.9811128    1.540187
          5  |  -3.741158   167.2738    -0.02   0.982    -331.5918    324.1094
          6  |   .9799888   .0914644    10.71   0.000     .8007219    1.159256
          7  |   .6549061   .0822952     7.96   0.000     .4936105    .8162017
          8  |   1.554781   .1409614    11.03   0.000     1.278502    1.831061
          9  |   .6295956   .1057695     5.95   0.000     .4222912    .8368999
         11  |  -3.949893   417.1739    -0.01   0.992    -821.5957    813.6959
         13  |   1.393061    .929553     1.50   0.134    -.4288291    3.214952
         14  |   .9708837   .2841426     3.42   0.001     .4139744    1.527793
         15  |   1.083051   .0888834    12.19   0.000     .9088431     1.25726
         16  |   1.129093   .1433197     7.88   0.000      .848192    1.409995
         17  |   1.224035   .6505519     1.88   0.060    -.0510237    2.499093
         18  |  -3.713811   224.5564    -0.02   0.987    -443.8362    436.4086
         19  |   .8540574   .0954888     8.94   0.000     .6669028    1.041212
         20  |  -3.740051   287.6308    -0.01   0.990     -567.486    560.0059
             |
      r403c1 |
          1  |   .2246995   .0828403     2.71   0.007     .0623356    .3870634
          2  |    .146581   .0825377     1.78   0.076    -.0151898    .3083518
          3  |  -.0686714   .0815399    -0.84   0.400    -.2284868    .0911439
          4  |   .2921772   .0902142     3.24   0.001     .1153606    .4689938
          5  |          0  (omitted)
             |
      r403c2 |
          1  |   .2351842   .0264291     8.90   0.000     .1833841    .2869842
          2  |   .1198484   .0289247     4.14   0.000      .063157    .1765397
          3  |   .0922044    .048987     1.88   0.060    -.0038084    .1882172
          4  |          0  (omitted)
             |
       Edu_z |  -.1418103   .0084282   -16.83   0.000    -.1583293   -.1252912
    Wbasic_z |   .0912475   .0093657     9.74   0.000      .072891     .109604
      Hlth_z |     -.0067   .0059084    -1.13   0.257    -.0182802    .0048802
      Util_z |  -.0357491   .0058226    -6.14   0.000    -.0471612    -.024337
       _cons |  -1.686972   .1025923   -16.44   0.000    -1.888049   -1.485894
-------------+----------------------------------------------------------------
lnsigma      |
       _cons |  -.0939561   .0062304   -15.08   0.000    -.1061674   -.0817448
-------------+----------------------------------------------------------------
      /sigma |   .9103227   .0056717                      .8992741    .9215071
------------------------------------------------------------------------------
      name:  <unnamed>
       log:  /Users/athamawardi/Desktop/Research-Projects/PSE_Pertamina/Output/hurdle/churdlegrid_PCA_EXP_Ker5_w1_PRE_P13_SEL4.log
  log type:  text
 closed on:  23 Jan 2026, 07:24:56
---------------------------------------------------------------------------------------------------------------------------------------------------------------------------------------------------------------------------------------------------------------
