---------------------------------------------------------------------------------------------------------------------------------------------------------------------------------------------------------------------------------------------------------------
      name:  <unnamed>
       log:  /Users/athamawardi/Desktop/Research-Projects/PSE_Pertamina/Output/hurdle/churdlegrid_PCA_EXP_Ker5_w1_PRE_S3_SEL3.log
  log type:  text
 opened on:  23 Jan 2026, 07:06:26
RUN: churdle exponential Ker5_w1 lnpov Hlth_z, select(i.r308b1d i.r308b1e i.r309a i.r309b i.r309d i.r309e i.r310 i.r403a i.r403c1 i.r403c2 lnpov) ll(0)
 
Iteration 0:   log likelihood = -33103.235  (not concave)
Iteration 1:   log likelihood = -21888.884  
Iteration 2:   log likelihood = -21509.144  
Iteration 3:   log likelihood =  -20198.15  
Iteration 4:   log likelihood = -20152.486  
Iteration 5:   log likelihood =  -20152.46  
Iteration 6:   log likelihood = -20152.458  
Iteration 7:   log likelihood = -20152.458  

Cragg hurdle regression                                Number of obs =  84,276
                                                       LR chi2(2)    = 7727.30
                                                       Prob > chi2   =  0.0000
Log likelihood = -20152.458                            Pseudo R2     =  0.1609

------------------------------------------------------------------------------
     Ker5_w1 | Coefficient  Std. err.      z    P>|z|     [95% conf. interval]
-------------+----------------------------------------------------------------
Ker5_w1      |
       lnpov |   .1209582   .0057127    21.17   0.000     .1097615    .1321549
      Hlth_z |   .0315411   .0086427     3.65   0.000     .0146017    .0484806
       _cons |  -1.815282   .0230259   -78.84   0.000    -1.860412   -1.770152
-------------+----------------------------------------------------------------
selection_ll |
     r308b1d |
          1  |   .9344494   .0299014    31.25   0.000     .8758437    .9930551
          2  |   .6240664   .0170302    36.64   0.000     .5906878    .6574451
             |
     r308b1e |
          1  |  -.0534326   .0274056    -1.95   0.051    -.1071467    .0002815
          2  |          0  (omitted)
             |
       r309a |
          2  |  -.0142658   .0445316    -0.32   0.749    -.1015461    .0730146
          3  |   .1432669   .0633383     2.26   0.024     .0191261    .2674078
             |
       r309b |
          1  |   .0461001   .0331232     1.39   0.164    -.0188202    .1110204
          2  |   .1926611   .0408433     4.72   0.000     .1126096    .2727125
          3  |          0  (omitted)
             |
       r309d |
          1  |  -.2852024    .048571    -5.87   0.000    -.3803998   -.1900051
          2  |  -.1464196   .0432919    -3.38   0.001    -.2312701   -.0615691
          3  |  -.1496798    .046804    -3.20   0.001    -.2414141   -.0579456
          4  |          0  (omitted)
             |
       r309e |
          1  |   .0425242   .0342771     1.24   0.215    -.0246577     .109706
          2  |          0  (omitted)
             |
      2.r310 |   .1543112   .0222464     6.94   0.000     .1107091    .1979134
             |
       r403a |
          2  |   .4093402    .095646     4.28   0.000     .2218776    .5968029
          3  |   .7183113   .0805867     8.91   0.000     .5603643    .8762583
          4  |   .4991718   .6371856     0.78   0.433    -.7496891    1.748033
          5  |  -3.686291   215.2902    -0.02   0.986    -425.6473    418.2747
          6  |   1.135766   .0896679    12.67   0.000     .9600196    1.311511
          7  |   .8747107   .0797908    10.96   0.000     .7183235    1.031098
          8  |   1.720962   .1393023    12.35   0.000     1.447934    1.993989
          9  |    .883767   .1036047     8.53   0.000     .6807056    1.086828
         11  |  -3.652851   663.1462    -0.01   0.996    -1303.396     1296.09
         13  |   1.676041   .8852641     1.89   0.058    -.0590453    3.411126
         14  |   1.175063    .280335     4.19   0.000     .6256163    1.724509
         15  |   1.271512   .0868327    14.64   0.000     1.101323    1.441701
         16  |   1.320078   .1421014     9.29   0.000     1.041564    1.598591
         17  |   1.398015   .6533122     2.14   0.032     .1175463    2.678483
         18  |  -3.775639   288.4635    -0.01   0.990    -569.1537    561.6024
         19  |    1.09193   .0932169    11.71   0.000     .9092281    1.274632
         20  |  -3.708919   370.0572    -0.01   0.992    -729.0078    721.5899
             |
      r403c1 |
          1  |   .3075192   .0811812     3.79   0.000      .148407    .4666313
          2  |    .185483   .0809612     2.29   0.022      .026802    .3441641
          3  |  -.0606322   .0799577    -0.76   0.448    -.2173465     .096082
          4  |   .3180681    .088601     3.59   0.000     .1444134    .4917229
          5  |          0  (omitted)
             |
      r403c2 |
          1  |   .3017182   .0260129    11.60   0.000      .250734    .3527025
          2  |    .156295   .0285903     5.47   0.000      .100259     .212331
          3  |   .1069986   .0485172     2.21   0.027     .0119065    .2020906
          4  |          0  (omitted)
             |
       lnpov |   .0682634   .0041465    16.46   0.000     .0601365    .0763903
       _cons |  -2.145092   .1000387   -21.44   0.000    -2.341165    -1.94902
-------------+----------------------------------------------------------------
lnsigma      |
       _cons |  -.0928678   .0062303   -14.91   0.000     -.105079   -.0806566
-------------+----------------------------------------------------------------
      /sigma |    .911314   .0056778                      .9002534    .9225104
------------------------------------------------------------------------------
      name:  <unnamed>
       log:  /Users/athamawardi/Desktop/Research-Projects/PSE_Pertamina/Output/hurdle/churdlegrid_PCA_EXP_Ker5_w1_PRE_S3_SEL3.log
  log type:  text
 closed on:  23 Jan 2026, 07:07:40
---------------------------------------------------------------------------------------------------------------------------------------------------------------------------------------------------------------------------------------------------------------
