---------------------------------------------------------------------------------------------------------------------------------------------------------------------------------------------------------------------------------------------------------------
      name:  <unnamed>
       log:  /Users/athamawardi/Desktop/Research-Projects/PSE_Pertamina/Output/hurdle/olsgrid_Ker5_w1_PRE2_SEL3.log
  log type:  text
 opened on:  21 Jan 2026, 21:48:30
RUN: reg Ker5_w1 lnpov i.r308b1d i.r308b1e i.r309a i.r309b i.r309d i.r309e i.r310 i.r403a i.r403c1 i.r403c2 lnpov, vce(cluster nama_kab)
note: 2.r308b1e omitted because of collinearity.
note: 3.r309b omitted because of collinearity.
note: 4.r309d omitted because of collinearity.
note: 2.r309e omitted because of collinearity.
note: 5.r403c1 omitted because of collinearity.
note: 4.r403c2 omitted because of collinearity.
note: lnpov omitted because of collinearity.

Linear regression                               Number of obs     =     84,276
                                                F(36, 487)        =          .
                                                Prob > F          =          .
                                                R-squared         =     0.0850
                                                Root MSE          =     .20288

                             (Std. err. adjusted for 488 clusters in nama_kab)
------------------------------------------------------------------------------
             |               Robust
     Ker5_w1 | Coefficient  std. err.      t    P>|t|     [95% conf. interval]
-------------+----------------------------------------------------------------
       lnpov |   .0113938   .0024612     4.63   0.000     .0065579    .0162296
             |
     r308b1d |
          1  |   .1526557   .0143494    10.64   0.000     .1244613      .18085
          2  |    .089273   .0096678     9.23   0.000     .0702772    .1082689
             |
     r308b1e |
          1  |   .0029394   .0107809     0.27   0.785    -.0182434    .0241221
          2  |          0  (omitted)
             |
       r309a |
          2  |  -.0217263   .0044557    -4.88   0.000     -.030481   -.0129716
          3  |  -.0242608   .0098411    -2.47   0.014     -.043597   -.0049246
             |
       r309b |
          1  |  -.0124343   .0066284    -1.88   0.061     -.025458    .0005894
          2  |  -.0100456   .0076489    -1.31   0.190    -.0250745    .0049833
          3  |          0  (omitted)
             |
       r309d |
          1  |  -.0184929   .0092235    -2.00   0.046    -.0366156   -.0003702
          2  |  -.0160758   .0081193    -1.98   0.048     -.032029   -.0001227
          3  |  -.0156285   .0078109    -2.00   0.046    -.0309757   -.0002813
          4  |          0  (omitted)
             |
       r309e |
          1  |   .0026165   .0043991     0.59   0.552     -.006027      .01126
          2  |          0  (omitted)
             |
      2.r310 |   .0115698   .0035428     3.27   0.001     .0046086    .0185309
             |
       r403a |
          2  |   .0080945   .0153517     0.53   0.598    -.0220692    .0382583
          3  |   .0232303   .0169283     1.37   0.171    -.0100312    .0564918
          4  |   .0202725   .0618191     0.33   0.743    -.1011926    .1417376
          5  |  -.0499559   .0091026    -5.49   0.000    -.0678411   -.0320706
          6  |   .0827452   .0199054     4.16   0.000     .0436342    .1218562
          7  |   .0860547   .0156956     5.48   0.000     .0552154    .1168941
          8  |   .2831863   .0937618     3.02   0.003     .0989587    .4674139
          9  |   .0524168   .0294057     1.78   0.075    -.0053609    .1101944
         11  |  -.0428994   .0080184    -5.35   0.000    -.0586544   -.0271444
         13  |   .0171919   .0360258     0.48   0.633    -.0535933    .0879771
         14  |   .0516088   .0649835     0.79   0.427    -.0760739    .1792915
         15  |   .1799599   .0317611     5.67   0.000     .1175543    .2423655
         16  |   .1430806   .0453035     3.16   0.002      .054066    .2320951
         17  |   .0902889   .0895895     1.01   0.314    -.0857409    .2663186
         18  |  -.0574821   .0235105    -2.44   0.015    -.1036766   -.0112876
         19  |    .087748   .0290402     3.02   0.003     .0306885    .1448075
         20  |  -.0524669   .0137462    -3.82   0.000    -.0794761   -.0254577
             |
      r403c1 |
          1  |   .0101227   .0074784     1.35   0.176    -.0045712    .0248165
          2  |  -.0105187   .0066803    -1.57   0.116    -.0236446    .0026071
          3  |  -.0178785   .0060021    -2.98   0.003    -.0296717   -.0060853
          4  |  -.0043717   .0109898    -0.40   0.691    -.0259649    .0172215
          5  |          0  (omitted)
             |
      r403c2 |
          1  |   .0063319   .0043503     1.46   0.146    -.0022157    .0148796
          2  |  -.0015467   .0038061    -0.41   0.685    -.0090251    .0059316
          3  |  -.0053411   .0046199    -1.16   0.248    -.0144185    .0037364
          4  |          0  (omitted)
             |
       lnpov |          0  (omitted)
       _cons |   .0122183   .0111405     1.10   0.273     -.009671    .0341076
------------------------------------------------------------------------------
      name:  <unnamed>
       log:  /Users/athamawardi/Desktop/Research-Projects/PSE_Pertamina/Output/hurdle/olsgrid_Ker5_w1_PRE2_SEL3.log
  log type:  text
 closed on:  21 Jan 2026, 21:48:30
---------------------------------------------------------------------------------------------------------------------------------------------------------------------------------------------------------------------------------------------------------------
