---------------------------------------------------------------------------------------------------------------------------------------------------------------------------------------------------------------------------------------------------------------
      name:  <unnamed>
       log:  /Users/athamawardi/Desktop/Research-Projects/PSE_Pertamina/Output/hurdle/olsgrid_PCA_Ker5_w1_     _SEL1.log
  log type:  text
 opened on:  22 Jan 2026, 11:55:02
RUN: reg Ker5_w1  i.r308b1d i.r308b1e i.r309a i.r309b i.r309d i.r309e i.r310 i.r403a i.r403c1 i.r403c2, vce(cluster nama_kab)
note: 2.r308b1e omitted because of collinearity.
note: 3.r309b omitted because of collinearity.
note: 4.r309d omitted because of collinearity.
note: 2.r309e omitted because of collinearity.
note: 5.r403c1 omitted because of collinearity.
note: 4.r403c2 omitted because of collinearity.

Linear regression                               Number of obs     =     84,276
                                                F(34, 487)        =          .
                                                Prob > F          =          .
                                                R-squared         =     0.0795
                                                Root MSE          =     .20348

                             (Std. err. adjusted for 488 clusters in nama_kab)
------------------------------------------------------------------------------
             |               Robust
     Ker5_w1 | Coefficient  std. err.      t    P>|t|     [95% conf. interval]
-------------+----------------------------------------------------------------
     r308b1d |
          1  |   .1560515   .0145658    10.71   0.000     .1274318    .1846711
          2  |   .0887237   .0096621     9.18   0.000      .069739    .1077083
             |
     r308b1e |
          1  |   .0035131   .0109331     0.32   0.748    -.0179689     .024995
          2  |          0  (omitted)
             |
       r309a |
          2  |  -.0159265   .0038106    -4.18   0.000    -.0234137   -.0084393
          3  |  -.0087505   .0094045    -0.93   0.353     -.027229    .0097279
             |
       r309b |
          1  |  -.0008828    .005753    -0.15   0.878    -.0121866    .0104209
          2  |   .0002009   .0069972     0.03   0.977    -.0135475    .0139494
          3  |          0  (omitted)
             |
       r309d |
          1  |   -.026401   .0090639    -2.91   0.004    -.0442101   -.0085918
          2  |  -.0189372   .0081926    -2.31   0.021    -.0350344     -.00284
          3  |  -.0166607    .007871    -2.12   0.035    -.0321259   -.0011954
          4  |          0  (omitted)
             |
       r309e |
          1  |    .006826   .0042594     1.60   0.110    -.0015431    .0151951
          2  |          0  (omitted)
             |
      2.r310 |   .0117972   .0035319     3.34   0.001     .0048576    .0187368
             |
       r403a |
          2  |   .0229441   .0149223     1.54   0.125    -.0063759    .0522641
          3  |   .0457518   .0174927     2.62   0.009     .0113813    .0801223
          4  |   .0324124   .0607365     0.53   0.594    -.0869256    .1517504
          5  |  -.0221826   .0056812    -3.90   0.000    -.0333453   -.0110198
          6  |   .1086089   .0210911     5.15   0.000      .067168    .1500498
          7  |   .1113961   .0181917     6.12   0.000     .0756522      .14714
          8  |   .3093063   .0945122     3.27   0.001     .1236042    .4950083
          9  |    .068354   .0309268     2.21   0.028     .0075876    .1291204
         11  |  -.0221826   .0056812    -3.90   0.000    -.0333453   -.0110198
         13  |    .023157   .0325039     0.71   0.477    -.0407083    .0870222
         14  |   .0681311   .0631935     1.08   0.282    -.0560344    .1922967
         15  |   .2034315    .032977     6.17   0.000     .1386368    .2682262
         16  |   .1623648   .0462424     3.51   0.000     .0715057     .253224
         17  |   .1031215   .0923113     1.12   0.264    -.0782561    .2844992
         18  |  -.0450608   .0240957    -1.87   0.062    -.0924052    .0022836
         19  |   .1109062   .0286547     3.87   0.000     .0546041    .1672084
         20  |   -.059081   .0196086    -3.01   0.003     -.097609    -.020553
             |
      r403c1 |
          1  |   .0197261   .0073687     2.68   0.008     .0052477    .0342045
          2  |  -.0030237   .0061417    -0.49   0.623    -.0150911    .0090438
          3  |  -.0138616   .0053056    -2.61   0.009    -.0242863   -.0034369
          4  |   .0004418   .0104996     0.04   0.966    -.0201882    .0210719
          5  |          0  (omitted)
             |
      r403c2 |
          1  |   .0153754   .0038353     4.01   0.000     .0078396    .0229113
          2  |   .0058214   .0032852     1.77   0.077    -.0006334    .0122763
          3  |   .0033508   .0040235     0.83   0.405    -.0045548    .0112563
          4  |          0  (omitted)
             |
       _cons |   .0191359   .0105617     1.81   0.071    -.0016163    .0398881
------------------------------------------------------------------------------
single name expected
r(198);

end of do-file

r(198);

. do "/Users/athamawardi/Desktop/Research-Projects/PSE_Pertamina/SPBUN-Analysis3.do"

. /****************************************************************************************
> SPBUN (SPBU Nelayan) exposure → welfare outcomes (PODES village + SUSENAS household)
> Baseline: SPBUN only (extend later for SPBU / SPBUN+SPBU)
> 
> Disusun oleh: Atha (PSE)
> Tujuan: Analisis #2 
> ****************************************************************************************/
. 
. version 17

. clear all

. set more off

. set linesize 255

. set maxvar 32767


. 
. /****************************************************************************************
> A. PATHS
> ****************************************************************************************/
. global spbun_csv "/Users/athamawardi/Desktop/Research-Projects/PSE_Pertamina/Realisasi SPBUN 2024-2025(2024).csv"

. global kel_latlon "/Users/athamawardi/Desktop/Research-Projects/PSE_Pertamina/kelurahan_lat_long.csv"

. 
. global podes_main    "/Users/athamawardi/Desktop/Research-Projects/PSE_Pertamina/Podes/podes2024_desa_02..dta"

. global podes_pesisir "/Users/athamawardi/Desktop/Research-Projects/PSE_Pertamina/Podes/Podes kab kota pesisir laut.dta"

. 
. global outdir "/Users/athamawardi/Desktop/Research-Projects/PSE_Pertamina/Output/probabilistic"

. cap mkdir "$outdir"

. 
. cap log close
