---------------------------------------------------------------------------------------------------------------------------------------------------------------------------------------------------------------------------------------------------------------
      name:  <unnamed>
       log:  /Users/athamawardi/Desktop/Research-Projects/PSE_Pertamina/Output/hurdle/welfaregrid_Wbasic_z_C5_w1.log
  log type:  text
 opened on:  20 Jan 2026, 18:53:08
RUN: reg Wbasic_z on basepre=C5_w1 + controls
note: 2.r308b1e omitted because of collinearity.
note: 3.r309b omitted because of collinearity.
note: 4.r309d omitted because of collinearity.
note: 2.r309e omitted because of collinearity.
note: 5.r403c1 omitted because of collinearity.
note: 4.r403c2 omitted because of collinearity.

Linear regression                               Number of obs     =     84,276
                                                F(38, 487)        =          .
                                                Prob > F          =          .
                                                R-squared         =     0.8210
                                                Root MSE          =     .42452

                                  (Std. err. adjusted for 488 clusters in nama_kab)
-----------------------------------------------------------------------------------
                  |               Robust
         Wbasic_z | Coefficient  std. err.      t    P>|t|     [95% conf. interval]
------------------+----------------------------------------------------------------
            C5_w1 |   .0838367   .0157533     5.32   0.000     .0528839    .1147895
                  |
          r308b1d |
               1  |    .000672   .0297817     0.02   0.982    -.0578445    .0591884
               2  |  -.0367588   .0275201    -1.34   0.182    -.0908316     .017314
                  |
          r308b1e |
               1  |   .0126594   .0175538     0.72   0.471    -.0218312    .0471499
               2  |          0  (omitted)
                  |
            r309a |
               2  |   .1947889   .0261288     7.45   0.000     .1434497    .2461281
               3  |   .2751459   .0385312     7.14   0.000     .1994379    .3508538
                  |
            r309b |
               1  |   .0614415   .0208113     2.95   0.003     .0205504    .1023326
               2  |   .0743364   .0227974     3.26   0.001     .0295429    .1191299
               3  |          0  (omitted)
                  |
            r309d |
               1  |  -.1834891   .0277406    -6.61   0.000    -.2379951   -.1289831
               2  |  -.0794268   .0192668    -4.12   0.000    -.1172831   -.0415705
               3  |  -.0411031   .0182524    -2.25   0.025    -.0769664   -.0052398
               4  |          0  (omitted)
                  |
            r309e |
               1  |    .039435   .0111142     3.55   0.000     .0175973    .0612728
               2  |          0  (omitted)
                  |
           2.r310 |   .0236873   .0110413     2.15   0.032     .0019928    .0453817
                  |
            r403a |
               2  |   .3421981   .0601474     5.69   0.000     .2240177    .4603786
               3  |   .3855904   .0560329     6.88   0.000     .2754943    .4956865
               4  |   .5396772   .0976833     5.52   0.000     .3477445    .7316099
               5  |   .2226146   .1392643     1.60   0.111    -.0510185    .4962477
               6  |   .3797266   .0559385     6.79   0.000      .269816    .4896373
               7  |   .5383806   .0533111    10.10   0.000     .4336325    .6431288
               8  |    .475544   .0618514     7.69   0.000     .3540155    .5970725
               9  |   .4549205   .0574656     7.92   0.000     .3420093    .5678316
              11  |   1.030742   .0533462    19.32   0.000     .9259246    1.135559
              13  |   .5543781   .3633869     1.53   0.128    -.1596216    1.268378
              14  |   .5386291   .1536571     3.51   0.000     .2367164    .8405418
              15  |   .7813642    .058888    13.27   0.000     .6656582    .8970702
              16  |   .5026237   .0719592     6.98   0.000     .3612348    .6440125
              17  |   .6222188   .1223332     5.09   0.000     .3818529    .8625848
              18  |   .1541251   .2171704     0.71   0.478    -.2725815    .5808318
              19  |   .5185529   .0538769     9.62   0.000     .4126929    .6244128
              20  |  -.3795288   .3028947    -1.25   0.211    -.9746706     .215613
                  |
           r403c1 |
               1  |   .1072331   .0498402     2.15   0.032     .0093048    .2051615
               2  |   .0566626   .0496085     1.14   0.254    -.0408106    .1541358
               3  |  -.0118564   .0499022    -0.24   0.812    -.1099066    .0861937
               4  |   .0228671   .0577838     0.40   0.692    -.0906693    .1364034
               5  |          0  (omitted)
                  |
           r403c2 |
               1  |   .1611456   .0136786    11.78   0.000     .1342692     .188022
               2  |   .0793547   .0147559     5.38   0.000     .0503616    .1083478
               3  |   .0041414   .0177818     0.23   0.816    -.0307972    .0390799
               4  |          0  (omitted)
                  |
         y_combo3 |
    Tangkap-only  |   .0374091   .0250227     1.50   0.136    -.0117567    .0865748
Tangkap+Budidaya  |   .0759187   .0257505     2.95   0.003     .0253228    .1265145
     Other/mixed  |   .0730151   .0356188     2.05   0.041     .0030296    .1430006
                  |
              kab |
            11 2  |   .9551492   .0125715    75.98   0.000      .930448    .9798503
            11 3  |   1.192583   .0112541   105.97   0.000      1.17047    1.214696
            11 4  |   1.091922   .0134646    81.10   0.000     1.065466    1.118377
            11 5  |   1.021585   .0135677    75.30   0.000     .9949261    1.048243
            11 6  |   1.258113   .0135833    92.62   0.000     1.231424    1.284802
            11 7  |   1.066892   .0121452    87.84   0.000     1.043029    1.090755
            11 8  |   1.378477   .0125724   109.64   0.000     1.353775     1.40318
            11 9  |   1.248625   .0134199    93.04   0.000     1.222257    1.274993
           11 10  |   1.148389   .0124323    92.37   0.000     1.123962    1.172817
           11 11  |   1.119264   .0134304    83.34   0.000     1.092876    1.145653
           11 12  |   1.431297   .0124736   114.75   0.000     1.406788    1.455806
           11 13  |   1.393233   .0138075   100.90   0.000     1.366103    1.420363
           11 14  |   1.161829   .0130823    88.81   0.000     1.136124    1.187534
           11 15  |    1.23317   .0126057    97.83   0.000     1.208402    1.257939
           11 16  |   1.453644   .0098713   147.26   0.000     1.434249     1.47304
           11 17  |   1.377621   .0136898   100.63   0.000     1.350723    1.404519
           11 18  |   1.298432   .0125692   103.30   0.000     1.273735    1.323128
           11 71  |   1.489337   .0320959    46.40   0.000     1.426274    1.552401
           11 72  |   1.338952   .0118353   113.13   0.000     1.315697    1.362206
           11 73  |   1.521831   .0140036   108.67   0.000     1.494316    1.549346
           11 74  |   1.396137   .0217031    64.33   0.000     1.353494     1.43878
           11 75  |   .8938246   .0136826    65.33   0.000     .8669404    .9207088
            12 1  |   .0024316   .0165531     0.15   0.883    -.0300927     .034956
            12 2  |   1.058965   .0148153    71.48   0.000     1.029855    1.088075
            12 3  |   1.057644   .0144429    73.23   0.000     1.029266    1.086022
            12 4  |   1.057248    .012517    84.47   0.000     1.032654    1.081842
            12 5  |   1.095299   .0142031    77.12   0.000     1.067392    1.123206
            12 6  |   1.143251    .013784    82.94   0.000     1.116168    1.170335
            12 7  |   1.422368   .0129549   109.79   0.000     1.396913    1.447822
            12 8  |   1.115809    .014326    77.89   0.000      1.08766    1.143957
            12 9  |   1.128074   .0138072    81.70   0.000     1.100945    1.155203
           12 10  |   1.081639   .0135514    79.82   0.000     1.055012    1.108265
           12 11  |   1.150329   .0139461    82.48   0.000     1.122927    1.177731
           12 12  |   1.266516   .0143375    88.34   0.000     1.238345    1.294687
           12 13  |   1.096282   .0134659    81.41   0.000     1.069823     1.12274
           12 14  |  -.1508602   .0147348   -10.24   0.000    -.1798118   -.1219086
           12 15  |   .9662895   .0148607    65.02   0.000     .9370904    .9954886
           12 16  |   1.143816   .0154786    73.90   0.000     1.113403    1.174229
           12 17  |   1.163445   .0141228    82.38   0.000     1.135695    1.191194
           12 18  |   1.197228   .0136217    87.89   0.000     1.170463    1.223993
           12 19  |   1.350916   .0132817   101.71   0.000      1.32482    1.377013
           12 20  |   .6355343   .0144193    44.08   0.000     .6072027     .663866
           12 21  |   .6950503   .0139848    49.70   0.000     .6675722    .7225283
           12 22  |   1.653863   .0146487   112.90   0.000     1.625081    1.682646
           12 23  |   1.283769   .0134031    95.78   0.000     1.257434    1.310104
           12 24  |   .0244533   .0147055     1.66   0.097    -.0044407    .0533473
           12 25  |   .1431218   .0141062    10.15   0.000     .1154052    .1708384
           12 71  |   1.367631    .021713    62.99   0.000     1.324968    1.410294
           12 72  |   1.261558   .0513127    24.59   0.000     1.160736     1.36238
           12 73  |   1.595889   .0162017    98.50   0.000     1.564055    1.627723
           12 74  |   1.465559   .0166349    88.10   0.000     1.432873    1.498244
           12 75  |   1.582739   .0162989    97.11   0.000     1.550715    1.614764
           12 76  |   1.404456   .0168499    83.35   0.000     1.371348    1.437563
           12 77  |   1.223127   .0142801    85.65   0.000     1.195069    1.251185
           12 78  |   .7574618    .009933    76.26   0.000     .7379449    .7769787
            13 1  |  -.6265717   .0171403   -36.56   0.000    -.6602499   -.5928936
            13 2  |   .9949141   .0105485    94.32   0.000     .9741879     1.01564
            13 3  |   1.217995   .0145567    83.67   0.000     1.189393    1.246597
            13 4  |   1.277553    .016903    75.58   0.000     1.244342    1.310765
            13 5  |   1.375392   .0138361    99.41   0.000     1.348206    1.402578
            13 6  |   1.248676   .0119103   104.84   0.000     1.225274    1.272078
            13 7  |   1.314786   .0141815    92.71   0.000     1.286922    1.342651
            13 8  |   1.389597   .0143039    97.15   0.000     1.361492    1.417702
            13 9  |     1.1214   .0165611    67.71   0.000      1.08886     1.15394
           13 10  |   1.306189   .0153833    84.91   0.000     1.275964    1.336415
           13 11  |    1.54613   .0148741   103.95   0.000     1.516905    1.575356
           13 12  |   1.145703   .0126466    90.59   0.000     1.120854    1.170552
           13 71  |   1.275117   .0140214    90.94   0.000     1.247567    1.302667
           13 72  |   1.331371   .0174023    76.51   0.000     1.297179    1.365564
           13 73  |   1.470061   .0166303    88.40   0.000     1.437385    1.502737
           13 74  |     1.3278   .0167242    79.39   0.000     1.294939     1.36066
           13 75  |   1.397193   .0172799    80.86   0.000     1.363241    1.431146
           13 76  |   1.427167   .0161515    88.36   0.000     1.395432    1.458903
           13 77  |    1.38859   .0134385   103.33   0.000     1.362185    1.414994
            14 1  |    1.16508   .0139443    83.55   0.000     1.137681    1.192478
            14 2  |   1.168851   .0144193    81.06   0.000     1.140519    1.197182
            14 3  |   1.394998    .014174    98.42   0.000     1.367148    1.422848
            14 4  |   1.518653   .0124128   122.35   0.000     1.494263    1.543042
            14 5  |   1.430273   .0125312   114.14   0.000     1.405651    1.454894
            14 6  |   1.251018   .0135772    92.14   0.000     1.224341    1.277695
            14 7  |   1.325498   .0138172    95.93   0.000     1.298349    1.352646
            14 8  |    1.55774   .0089216   174.60   0.000      1.54021    1.575269
            14 9  |   1.155471    .012739    90.70   0.000     1.130441    1.180501
           14 10  |   1.078996   .0094164   114.59   0.000     1.060494    1.097497
           14 71  |   1.511283   .0163814    92.26   0.000     1.479096    1.543469
           14 73  |   1.430238   .0130433   109.65   0.000     1.404609    1.455866
            15 1  |   1.244959   .0141329    88.09   0.000      1.21719    1.272728
            15 2  |   1.071096   .0146478    73.12   0.000     1.042315    1.099876
            15 3  |   1.272089   .0138529    91.83   0.000     1.244871    1.299308
            15 4  |   1.326955   .0150437    88.21   0.000     1.297397    1.356514
            15 5  |   1.330618   .0139982    95.06   0.000     1.303113    1.358122
            15 6  |   1.474015   .0118609   124.28   0.000     1.450711     1.49732
            15 7  |   1.437879   .0140146   102.60   0.000     1.410342    1.465415
            15 8  |   1.379622   .0149939    92.01   0.000     1.350161    1.409083
            15 9  |   1.310044   .0140843    93.01   0.000     1.282371    1.337718
           15 71  |   1.563869   .0169601    92.21   0.000     1.530545    1.597193
           15 72  |   1.312825   .0146624    89.54   0.000     1.284016    1.341635
            16 1  |   1.222205   .0151494    80.68   0.000     1.192438    1.251971
            16 2  |   1.199766   .0136994    87.58   0.000     1.172849    1.226683
            16 3  |   1.362728   .0140823    96.77   0.000     1.335058    1.390397
            16 4  |   1.530131   .0137053   111.65   0.000     1.503203     1.55706
            16 5  |   1.298602   .0149687    86.75   0.000      1.26919    1.328013
            16 6  |   1.437383   .0146661    98.01   0.000     1.408566      1.4662
            16 7  |   1.199408   .0152847    78.47   0.000     1.169376     1.22944
            16 8  |   .9961633   .0143724    69.31   0.000     .9679236    1.024403
            16 9  |    1.24492   .0140496    88.61   0.000     1.217315    1.272525
           16 10  |   .9967352   .0142693    69.85   0.000     .9686982    1.024772
           16 11  |   1.249703   .0146165    85.50   0.000     1.220983    1.278422
           16 12  |   1.363844   .0143454    95.07   0.000     1.335658    1.392031
           16 13  |   1.268277   .0148042    85.67   0.000     1.239189    1.297365
           16 71  |   1.571267   .0171144    91.81   0.000      1.53764    1.604894
           16 72  |   1.530572   .0154436    99.11   0.000     1.500228    1.560917
           16 73  |   1.559906   .0144257   108.13   0.000     1.531561     1.58825
           16 74  |   1.418198   .0155963    90.93   0.000     1.387554    1.448843
            17 1  |   .9112882   .0118453    76.93   0.000      .888014    .9345624
            17 2  |   1.221527   .0139272    87.71   0.000     1.194162    1.248892
            17 3  |    1.21693   .0118711   102.51   0.000     1.193605    1.240255
            17 4  |   1.624651   .0088221   184.16   0.000     1.607317    1.641985
            17 5  |   .9921685   .0126804    78.24   0.000     .9672534    1.017083
            17 6  |   1.308389   .0124341   105.23   0.000     1.283958     1.33282
            17 7  |   1.155175   .0141893    81.41   0.000     1.127296    1.183055
            17 8  |   1.239205   .0142769    86.80   0.000     1.211153    1.267257
            17 9  |   1.046765   .0142989    73.21   0.000      1.01867     1.07486
           17 71  |   1.286693   .0254492    50.56   0.000     1.236689    1.336697
            18 1  |   1.223702   .0140549    87.07   0.000     1.196087    1.251318
            18 2  |   1.163731   .0119651    97.26   0.000     1.140221    1.187241
            18 3  |   1.153418   .0131836    87.49   0.000     1.127514    1.179321
            18 4  |    1.42601   .0139117   102.50   0.000     1.398676    1.453345
            18 5  |   1.477951   .0142062   104.04   0.000     1.450038    1.505864
            18 6  |   1.187689   .0140912    84.29   0.000     1.160002    1.215376
            18 7  |   1.307644   .0143312    91.24   0.000     1.279485    1.335803
            18 8  |   1.441358   .0138305   104.22   0.000     1.414183    1.468532
            18 9  |   1.265563   .0129292    97.88   0.000     1.240159    1.290966
           18 10  |   1.476467   .0140072   105.41   0.000     1.448945    1.503989
           18 11  |   1.424895   .0153086    93.08   0.000     1.394816    1.454974
           18 12  |   1.540293   .0151532   101.65   0.000     1.510519    1.570067
           18 13  |   .7843269   .0053936   145.42   0.000     .7737294    .7949244
           18 71  |   1.622763   .0162183   100.06   0.000     1.590896    1.654629
           18 72  |   1.454888   .0162444    89.56   0.000      1.42297    1.486806
            19 1  |   1.629922   .0158779   102.65   0.000     1.598725     1.66112
            19 2  |   1.316138   .0199591    65.94   0.000     1.276921    1.355355
            19 3  |   1.427305   .0146987    97.10   0.000     1.398424    1.456185
            19 4  |    1.65578   .0113935   145.33   0.000     1.633394    1.678166
            19 5  |   1.465226   .0146726    99.86   0.000     1.436397    1.494056
            19 6  |   1.399832   .0185708    75.38   0.000     1.363343    1.436321
           19 71  |   1.548676   .0175049    88.47   0.000     1.514281     1.58307
            21 1  |   1.155025   .0120362    95.96   0.000     1.131375    1.178674
            21 2  |   1.323296   .0144494    91.58   0.000     1.294905    1.351687
            21 3  |   .6008669   .0117668    51.06   0.000     .5777468    .6239869
            21 4  |   .6443083    .013721    46.96   0.000     .6173487    .6712679
            21 5  |   .4479062   .0163706    27.36   0.000     .4157404     .480072
           21 71  |   1.505602   .0168905    89.14   0.000     1.472414    1.538789
           21 72  |   1.329153   .0140235    94.78   0.000     1.301599    1.356707
            31 1  |   1.348181   .0265377    50.80   0.000     1.296038    1.400323
           31 71  |   1.677186   .0179515    93.43   0.000     1.641914    1.712458
           31 72  |   1.507607   .0186509    80.83   0.000     1.470961    1.544253
           31 73  |   1.565361   .0174997    89.45   0.000     1.530977    1.599745
           31 74  |   1.679187   .0173905    96.56   0.000     1.645017    1.713357
           31 75  |   1.670825    .018442    90.60   0.000      1.63459    1.707061
            32 1  |   1.430681   .0163052    87.74   0.000     1.398644    1.462719
            32 2  |    1.24819    .013607    91.73   0.000     1.221454    1.274926
            32 3  |   1.377767    .013253   103.96   0.000     1.351727    1.403807
            32 4  |    1.55617   .0192493    80.84   0.000     1.518348    1.593992
            32 5  |   1.384033   .0137096   100.95   0.000     1.357096    1.410971
            32 6  |   1.335583   .0137249    97.31   0.000     1.308616    1.362551
            32 7  |   1.580359   .0142582   110.84   0.000     1.552344    1.608375
            32 8  |   1.595437    .014464   110.30   0.000     1.567017    1.623857
            32 9  |   1.344647   .0155916    86.24   0.000     1.314012    1.375283
           32 10  |   1.522185   .0144225   105.54   0.000     1.493847    1.550523
           32 11  |    1.57531   .0148489   106.09   0.000     1.546134    1.604486
           32 12  |   1.534428   .0134874   113.77   0.000     1.507927    1.560929
           32 13  |   1.527904    .013502   113.16   0.000     1.501374    1.554433
           32 14  |   1.320771   .0165113    79.99   0.000     1.288329    1.353213
           32 15  |   1.400098   .0150293    93.16   0.000     1.370568    1.429628
           32 16  |    1.40802    .018432    76.39   0.000     1.371804    1.444236
           32 17  |   1.471562   .0150316    97.90   0.000     1.442027    1.501097
           32 18  |   1.454939   .0124562   116.80   0.000     1.430464    1.479413
           32 71  |    1.85283   .0169747   109.15   0.000     1.819478    1.886183
           32 72  |    1.48531   .0172319    86.20   0.000     1.451452    1.519168
           32 73  |    1.69638   .0170893    99.27   0.000     1.662802    1.729958
           32 74  |    1.92128   .0156645   122.65   0.000     1.890502    1.952059
           32 75  |   1.809475   .0176038   102.79   0.000     1.774886    1.844064
           32 76  |   1.690212   .0170499    99.13   0.000     1.656712    1.723713
           32 77  |   1.657761   .0213322    77.71   0.000     1.615846    1.699675
           32 78  |   1.701785    .017377    97.93   0.000     1.667642    1.735928
           32 79  |   1.715775   .0151702   113.10   0.000     1.685968    1.745582
            33 1  |    1.46446   .0136128   107.58   0.000     1.437713    1.491207
            33 2  |   1.482909   .0148001   100.20   0.000     1.453829    1.511989
            33 3  |   1.484992   .0151408    98.08   0.000     1.455243    1.514742
            33 4  |    1.56089   .0140347   111.22   0.000     1.533314    1.588466
            33 5  |   1.581447   .0136348   115.99   0.000     1.554657    1.608237
            33 6  |   1.477088   .0139485   105.90   0.000     1.449681    1.504495
            33 7  |   1.678759   .0140911   119.14   0.000     1.651072    1.706446
            33 8  |   1.485315   .0142551   104.20   0.000     1.457306    1.513324
            33 9  |   1.569796   .0149665   104.89   0.000     1.540389    1.599203
           33 10  |   1.711106    .015314   111.73   0.000     1.681016    1.741195
           33 11  |   1.442633   .0170723    84.50   0.000     1.409089    1.476178
           33 12  |    1.34662   .0137818    97.71   0.000     1.319541    1.373699
           33 13  |   1.509478   .0157314    95.95   0.000     1.478568    1.540388
           33 14  |   1.447829   .0141861   102.06   0.000     1.419955    1.475702
           33 15  |   1.619942   .0139711   115.95   0.000     1.592491    1.647393
           33 16  |   1.461068   .0143361   101.91   0.000       1.4329    1.489236
           33 17  |   1.347726   .0127953   105.33   0.000     1.322585    1.372867
           33 18  |   1.582044   .0133858   118.19   0.000     1.555743    1.608345
           33 19  |   1.623882   .0208472    77.89   0.000      1.58292    1.664843
           33 20  |   1.476289   .0204958    72.03   0.000     1.436017     1.51656
           33 21  |   1.419897   .0152944    92.84   0.000     1.389846    1.449948
           33 22  |    1.59491   .0171985    92.74   0.000     1.561118    1.628703
           33 23  |   1.497664   .0136571   109.66   0.000      1.47083    1.524499
           33 24  |   1.525971   .0151579   100.67   0.000     1.496188    1.555754
           33 25  |   1.327409   .0146085    90.87   0.000     1.298706    1.356113
           33 26  |   1.501764    .018171    82.65   0.000     1.466061    1.537467
           33 27  |   1.489612   .0147532   100.97   0.000     1.460624    1.518599
           33 28  |   1.416299   .0151859    93.26   0.000     1.386461    1.446137
           33 29  |    1.41684   .0139498   101.57   0.000     1.389431    1.444249
           33 71  |    1.78365   .0173671   102.70   0.000     1.749526    1.817774
           33 72  |   1.603492   .0173656    92.34   0.000     1.569371    1.637613
           33 73  |   1.614373   .0212582    75.94   0.000     1.572604    1.656142
           33 74  |   1.666839   .0173387    96.13   0.000     1.632771    1.700907
           33 75  |   1.641375   .0190486    86.17   0.000     1.603947    1.678802
           33 76  |   1.293841   .0434548    29.77   0.000     1.208459    1.379223
            34 1  |   1.620946   .0134046   120.92   0.000     1.594608    1.647284
            34 2  |    1.64985   .0143912   114.64   0.000     1.621574    1.678127
            34 3  |    1.39384   .0119822   116.33   0.000     1.370297    1.417383
            34 4  |    1.70808    .014678   116.37   0.000      1.67924     1.73692
           34 71  |   1.694467   .0174241    97.25   0.000     1.660231    1.728702
            35 1  |   1.084514   .0123586    87.75   0.000     1.060231    1.108797
            35 2  |   1.702687   .0141962   119.94   0.000     1.674794     1.73058
            35 3  |   1.306627   .0154885    84.36   0.000     1.276195     1.33706
            35 4  |   1.467806   .0138648   105.87   0.000     1.440564    1.495049
            35 5  |   1.669481   .0132631   125.87   0.000     1.643421    1.695541
            35 6  |   1.440408   .0141559   101.75   0.000     1.412594    1.468222
            35 7  |   1.634601   .0138616   117.92   0.000     1.607365    1.661836
            35 8  |   1.327066   .0130159   101.96   0.000     1.301492     1.35264
            35 9  |   1.461472    .013389   109.15   0.000     1.435165    1.487779
           35 10  |   1.459962   .0126289   115.60   0.000     1.435148    1.484776
           35 11  |   1.325307   .0141384    93.74   0.000     1.297527    1.353086
           35 12  |   1.258957   .0131593    95.67   0.000     1.233101    1.284813
           35 13  |   1.195698   .0132436    90.29   0.000     1.169676    1.221719
           35 14  |    1.34335   .0148789    90.29   0.000     1.314115    1.372585
           35 15  |   1.644518   .0232406    70.76   0.000     1.598854    1.690182
           35 16  |    1.40921   .0174829    80.60   0.000     1.374859    1.443561
           35 17  |   1.490629   .0145709   102.30   0.000        1.462    1.519259
           35 18  |   1.372785   .0140305    97.84   0.000     1.345218    1.400353
           35 19  |   1.486039   .0140233   105.97   0.000     1.458486    1.513593
           35 20  |   1.566465   .0139495   112.30   0.000     1.539056    1.593873
           35 21  |   1.455644   .0142666   102.03   0.000     1.427612    1.483675
           35 22  |   1.286154   .0137455    93.57   0.000     1.259146    1.313161
           35 23  |   1.360008   .0126121   107.83   0.000     1.335227    1.384789
           35 24  |   1.389695   .0135423   102.62   0.000     1.363086    1.416304
           35 25  |   1.490313   .0155952    95.56   0.000     1.459671    1.520955
           35 26  |   .9733932   .0122014    79.78   0.000     .9494193     .997367
           35 27  |   1.001906   .0125114    80.08   0.000     .9773233    1.026489
           35 28  |   1.159472   .0137384    84.40   0.000     1.132478    1.186466
           35 29  |   1.070199   .0102544   104.36   0.000     1.050051    1.090347
           35 71  |   1.519082   .0172984    87.82   0.000     1.485093     1.55307
           35 72  |   1.614263   .0168819    95.62   0.000     1.581093    1.647434
           35 73  |   1.624685    .017171    94.62   0.000     1.590946    1.658423
           35 74  |   1.822333   .0159157   114.50   0.000     1.791062    1.853605
           35 75  |   1.631482   .0180309    90.48   0.000     1.596054     1.66691
           35 76  |   2.037443   .0180525   112.86   0.000     2.001973    2.072914
           35 77  |   1.523552   .0171645    88.76   0.000     1.489826    1.557278
           35 78  |   1.710964   .0167761   101.99   0.000     1.678001    1.743926
           35 79  |    1.73427   .0168055   103.20   0.000      1.70125    1.767291
            36 1  |   .8515014   .0131706    64.65   0.000     .8256232    .8773796
            36 2  |   .9116197   .0132311    68.90   0.000     .8856226    .9376168
            36 3  |   1.277968   .0215755    59.23   0.000     1.235575    1.320361
            36 4  |    .962928   .0149555    64.39   0.000     .9335427    .9923133
           36 71  |   1.734471   .0188595    91.97   0.000     1.697415    1.771527
           36 72  |   1.587334   .0209909    75.62   0.000      1.54609    1.628577
           36 73  |   1.251542   .0161138    77.67   0.000     1.219881    1.283203
           36 74  |   1.650624   .0185409    89.03   0.000     1.614194    1.687054
            51 1  |   1.577872   .0104877   150.45   0.000     1.557265    1.598478
            51 2  |   1.375039   .0130575   105.31   0.000     1.349383    1.400695
            51 3  |   1.666012   .0186352    89.40   0.000     1.629396    1.702627
            51 4  |   1.423131   .0155045    91.79   0.000     1.392667    1.453595
            51 5  |   1.346138   .0111704   120.51   0.000      1.32419    1.368087
            51 6  |    1.25464   .0142678    87.94   0.000     1.226606    1.282674
            51 7  |   1.244931   .0115679   107.62   0.000     1.222202     1.26766
            51 8  |   1.338735   .0110741   120.89   0.000     1.316976    1.360493
           51 71  |   1.658445   .0160581   103.28   0.000     1.626893    1.689997
            52 1  |   1.199938   .0143578    83.57   0.000     1.171727    1.228149
            52 2  |   1.331853   .0135007    98.65   0.000     1.305326     1.35838
            52 3  |   1.113003   .0132346    84.10   0.000     1.086999    1.139007
            52 4  |   1.454984   .0109847   132.46   0.000       1.4334    1.476567
            52 5  |   1.001113    .009938   100.74   0.000     .9815862     1.02064
            52 6  |   1.420403   .0121042   117.35   0.000      1.39662    1.444186
            52 7  |   1.645642   .0108993   150.99   0.000     1.624226    1.667057
            52 8  |   1.404885   .0107366   130.85   0.000      1.38379    1.425981
           52 71  |   1.517584   .0159392    95.21   0.000     1.486266    1.548902
           52 72  |   1.135415   .0152292    74.56   0.000     1.105492    1.165338
            53 1  |  -.7179032   .0125902   -57.02   0.000     -.742641   -.6931655
            53 2  |  -.5470654   .0215576   -25.38   0.000    -.5894228   -.5047079
            53 3  |   -.549279   .0101484   -54.12   0.000     -.569219    -.529339
            53 4  |  -.5175984   .0134714   -38.42   0.000    -.5440677   -.4911291
            53 5  |  -.5069782   .0151103   -33.55   0.000    -.5366676   -.4772889
            53 6  |  -.3196961   .0132992   -24.04   0.000    -.3458271   -.2935651
            53 7  |  -.4317076   .0137459   -31.41   0.000    -.4587163    -.404699
            53 8  |  -.3258708   .0118988   -27.39   0.000    -.3492502   -.3024915
            53 9  |  -.6638533   .0074991   -88.52   0.000    -.6785879   -.6491187
           53 10  |  -.6979375   .0110837   -62.97   0.000    -.7197153   -.6761597
           53 11  |  -.6942067   .0115579   -60.06   0.000    -.7169162   -.6714971
           53 12  |  -.8193746   .0109469   -74.85   0.000    -.8408836   -.7978657
           53 13  |  -.7700805   .0143099   -53.81   0.000    -.7981972   -.7419638
           53 14  |  -.9446485   .0087907  -107.46   0.000    -.9619208   -.9273762
           53 15  |  -.8344561   .0138567   -60.22   0.000    -.8616824   -.8072298
           53 16  |   -.862753   .0117706   -73.30   0.000    -.8858805   -.8396255
           53 17  |  -1.208859    .011895  -101.63   0.000    -1.232231   -1.185488
           53 18  |  -.8267037   .0125864   -65.68   0.000    -.8514339   -.8019734
           53 19  |   -.901826   .0140753   -64.07   0.000    -.9294819   -.8741701
           53 20  |  -.8716005   .0124091   -70.24   0.000    -.8959824   -.8472186
           53 21  |  -.6550676   .0124638   -52.56   0.000    -.6795571   -.6305781
           53 71  |   .8617423   .0202117    42.64   0.000     .8220294    .9014552
            61 1  |    1.60608   .0125666   127.81   0.000     1.581389    1.630772
            61 2  |   .8051077   .0156889    51.32   0.000     .7742814     .835934
            61 3  |   .5696649   .0165769    34.37   0.000     .5370939    .6022359
            61 4  |    1.25116   .0097849   127.87   0.000     1.231934    1.270386
            61 5  |   1.077463   .0156756    68.74   0.000     1.046663    1.108263
            61 6  |    1.30525   .0145462    89.73   0.000     1.276669    1.333831
            61 7  |   .7280236    .016797    43.34   0.000     .6950202    .7610271
            61 8  |   .9479821   .0150239    63.10   0.000     .9184625    .9775017
            61 9  |   .9145483   .0150011    60.97   0.000     .8850735    .9440232
           61 10  |   .6703073   .0177325    37.80   0.000     .6354656    .7051489
           61 11  |    1.52461   .0112347   135.70   0.000     1.502536    1.546685
           61 12  |   1.169915   .0128532    91.02   0.000      1.14466     1.19517
           61 71  |   1.456046   .0186113    78.23   0.000     1.419477    1.492614
           61 72  |   1.602611   .0145606   110.07   0.000     1.574001     1.63122
            62 1  |   1.619129   .0137381   117.86   0.000     1.592136    1.646123
            62 2  |   1.404259   .0138837   101.14   0.000      1.37698    1.431539
            62 3  |   1.072248   .0156443    68.54   0.000      1.04151    1.102987
            62 4  |   1.253289   .0200531    62.50   0.000     1.213888     1.29269
            62 5  |   1.010564   .0183896    54.95   0.000     .9744313    1.046697
            62 6  |   1.690321   .0129391   130.64   0.000     1.664897    1.715744
            62 7  |   1.412718    .015225    92.79   0.000     1.382803    1.442633
            62 8  |   1.379412   .0148199    93.08   0.000     1.350293    1.408531
            62 9  |   1.174068   .0197469    59.46   0.000     1.135268    1.212868
           62 10  |   1.230994   .0173295    71.03   0.000     1.196945    1.265044
           62 11  |   1.308386   .0293844    44.53   0.000      1.25065    1.366122
           62 12  |   1.401371   .0185657    75.48   0.000     1.364892     1.43785
           62 13  |   1.171498   .0214359    54.65   0.000      1.12938    1.213616
           62 71  |   1.311841   .0191044    68.67   0.000     1.274304    1.349378
            63 1  |    1.55137   .0118553   130.86   0.000     1.528076    1.574664
            63 2  |   1.164817   .0078147   149.06   0.000     1.149463    1.180172
            63 3  |   1.158124   .0135885    85.23   0.000     1.131424    1.184823
            63 4  |   1.234376   .0135173    91.32   0.000     1.207817    1.260936
            63 5  |   1.241063   .0137405    90.32   0.000     1.214065    1.268061
            63 6  |   1.378651   .0141686    97.30   0.000     1.350812    1.406491
            63 7  |   1.351726    .015581    86.75   0.000     1.321112    1.382341
            63 8  |   1.234203   .0170132    72.54   0.000     1.200775    1.267632
            63 9  |   1.559829   .0135654   114.99   0.000     1.533175    1.586482
           63 10  |    1.49466   .0124371   120.18   0.000     1.470223    1.519097
           63 11  |    1.59249    .016951    93.95   0.000     1.559184    1.625796
           63 71  |   1.434009   .0172126    83.31   0.000     1.400189     1.46783
           63 72  |    1.35405   .0165461    81.84   0.000      1.32154    1.386561
            64 1  |   1.432207   .0123216   116.24   0.000     1.407997    1.456417
            64 2  |   1.209428   .0142074    85.13   0.000     1.181512    1.237343
            64 3  |   1.557193   .0142972   108.92   0.000     1.529102    1.585285
            64 4  |   1.691817   .0125658   134.64   0.000     1.667127    1.716507
            64 5  |   1.792035   .0141283   126.84   0.000     1.764275    1.819795
            64 9  |   1.751843     .01058   165.58   0.000     1.731055    1.772631
           64 11  |   1.333533   .0221521    60.20   0.000     1.290008    1.377059
           64 71  |   1.642548   .0175024    93.85   0.000     1.608158    1.676937
           64 72  |   1.608811   .0163655    98.31   0.000     1.576656    1.640967
           64 74  |   2.024764   .0313463    64.59   0.000     1.963173    2.086354
            65 1  |   .6648994   .0214994    30.93   0.000     .6226564    .7071425
            65 2  |   1.343232   .0141291    95.07   0.000      1.31547    1.370993
            65 3  |   1.492544   .0165543    90.16   0.000     1.460017    1.525071
            65 4  |   .3907914    .017827    21.92   0.000      .355764    .4258188
           65 71  |   1.811273   .0266061    68.08   0.000     1.758996     1.86355
            71 1  |   1.060362   .0111307    95.26   0.000     1.038492    1.082233
            71 2  |   1.289204   .0123693   104.23   0.000       1.2649    1.313508
            71 3  |   .1328703   .0087713    15.15   0.000     .1156361    .1501045
            71 4  |   .2450834   .0060816    40.30   0.000     .2331341    .2570328
            71 5  |   1.047946   .0109902    95.35   0.000     1.026352     1.06954
            71 6  |   1.190014   .0104694   113.67   0.000     1.169444    1.210585
            71 7  |    1.16054    .006397   181.42   0.000     1.147971    1.173109
            71 8  |   .9762704   .0070937   137.62   0.000     .9623323    .9902085
            71 9  |   1.045828   .0114615    91.25   0.000     1.023308    1.068348
           71 10  |   1.084901   .0041309   262.63   0.000     1.076784    1.093018
           71 11  |   1.150555    .010444   110.16   0.000     1.130034    1.171076
           71 71  |   1.255392   .0170415    73.67   0.000     1.221908    1.288876
           71 72  |   1.086183   .0180837    60.06   0.000     1.050652    1.121715
           71 73  |   1.480184   .0147061   100.65   0.000     1.451289    1.509079
           71 74  |   1.193934   .0144744    82.49   0.000     1.165494    1.222374
            72 1  |  -.1036888   .0088997   -11.65   0.000    -.1211754   -.0862021
            72 2  |   .9296264   .0067455   137.81   0.000     .9163726    .9428803
            72 3  |   1.044713    .010533    99.18   0.000     1.024017    1.065408
            72 4  |   1.143793   .0131883    86.73   0.000      1.11788    1.169706
            72 5  |    1.10947    .006779   163.66   0.000      1.09615    1.122789
            72 6  |   1.291645   .0094266   137.02   0.000     1.273124    1.310167
            72 7  |   1.178968   .0070692   166.77   0.000     1.165078    1.192858
            72 8  |   1.406239   .0074072   189.85   0.000     1.391685    1.420793
            72 9  |   1.094158    .008826   123.97   0.000     1.076816      1.1115
           72 10  |   1.000454   .0145111    68.94   0.000     .9719422    1.028966
           72 11  |   .3308813   .0129212    25.61   0.000     .3054931    .3562696
           72 12  |     1.2646   .0117675   107.47   0.000     1.241478    1.287721
           72 71  |   1.366171   .0152621    89.51   0.000     1.336183    1.396158
            73 1  |   .9902153   .0052549   188.44   0.000     .9798903     1.00054
            73 2  |   1.176213   .0125768    93.52   0.000     1.151501    1.200924
            73 3  |   1.323343   .0124277   106.48   0.000     1.298924    1.347761
            73 4  |   1.080917   .0119845    90.19   0.000     1.057369    1.104465
            73 5  |   1.162934   .0124005    93.78   0.000     1.138569    1.187299
            73 6  |   1.274874   .0141896    89.85   0.000     1.246994    1.302755
            73 7  |    1.20399   .0146704    82.07   0.000     1.175165    1.232815
            73 8  |   1.277996    .019097    66.92   0.000     1.240473    1.315518
            73 9  |   1.475572   .0135047   109.26   0.000     1.449037    1.502106
           73 10  |   1.164621    .013365    87.14   0.000     1.138361    1.190881
           73 11  |   1.338707   .0129525   103.36   0.000     1.313258    1.364157
           73 12  |   1.557358   .0138398   112.53   0.000     1.530164    1.584551
           73 13  |    1.49156   .0130401   114.38   0.000     1.465938    1.517182
           73 14  |   1.680399   .0138361   121.45   0.000     1.653214    1.707585
           73 15  |   1.641568    .012271   133.78   0.000     1.617457    1.665679
           73 16  |    1.35538   .0136521    99.28   0.000     1.328556    1.382205
           73 17  |   .8751548   .0125446    69.76   0.000     .8505065     .899803
           73 18  |   .7250975   .0139929    51.82   0.000     .6976035    .7525915
           73 22  |    .887447   .0127061    69.84   0.000     .8624815    .9124126
           73 25  |    1.46296   .0135007   108.36   0.000     1.436433    1.489487
           73 26  |   .8728097   .0140469    62.14   0.000     .8452097    .9004097
           73 71  |   1.469173   .0183176    80.21   0.000     1.433182    1.505164
           73 72  |   1.715011   .0131655   130.27   0.000     1.689143    1.740879
           73 73  |   1.303993   .0180152    72.38   0.000     1.268596     1.33939
            74 1  |   .2754648   .0088479    31.13   0.000       .25808    .2928496
            74 2  |   .3838637   .0113773    33.74   0.000     .3615091    .4062183
            74 3  |   1.011084   .0132497    76.31   0.000     .9850508    1.037118
            74 4  |   1.154338   .0110829   104.16   0.000     1.132562    1.176114
            74 5  |   1.090847   .0112685    96.80   0.000     1.068706    1.112987
            74 6  |   1.058066   .0122137    86.63   0.000     1.034068    1.082064
            74 7  |   .7388816   .0082506    89.55   0.000     .7226703    .7550928
            74 8  |   1.080484   .0096489   111.98   0.000     1.061526    1.099443
            74 9  |     .70619   .0085568    82.53   0.000     .6893773    .7230028
           74 10  |   .9826023   .0113313    86.72   0.000      .960338    1.004867
           74 11  |   .7997231    .014054    56.90   0.000     .7721092     .827337
           74 12  |   .7669238   .0075082   102.15   0.000     .7521714    .7816763
           74 13  |   .4415706   .0100712    43.85   0.000     .4217823    .4613589
           74 14  |   .5790966   .0119035    48.65   0.000     .5557081    .6024852
           74 15  |  -.1012954   .0063411   -15.97   0.000    -.1137548   -.0888361
           74 71  |    1.19767   .0273206    43.84   0.000     1.143989    1.251351
           74 72  |   .6778079   .0168822    40.15   0.000     .6446371    .7109788
            75 1  |   1.350818   .0140932    95.85   0.000     1.323127    1.378509
            75 2  |   1.198159   .0124874    95.95   0.000     1.173623    1.222695
            75 3  |   1.303402   .0100481   129.72   0.000     1.283659    1.323145
            75 4  |   1.189409   .0108156   109.97   0.000     1.168158     1.21066
            75 5  |   1.245318   .0081997   151.87   0.000     1.229207     1.26143
           75 71  |    1.28661   .0205725    62.54   0.000     1.246188    1.327031
            76 1  |    1.07429   .0086241   124.57   0.000     1.057345    1.091235
            76 2  |   1.169576   .0128721    90.86   0.000     1.144284    1.194868
            76 3  |   .1362232   .0162275     8.39   0.000     .1043387    .1681077
            76 4  |   .9638708   .0110075    87.57   0.000     .9422428    .9854988
            76 5  |   1.352099   .0094255   143.45   0.000      1.33358    1.370619
            76 6  |   1.115246   .0129466    86.14   0.000     1.089808    1.140685
            81 1  |  -.4004394   .0196666   -20.36   0.000    -.4390812   -.3617975
            81 2  |  -.1682408   .0183607    -9.16   0.000    -.2043168   -.1321648
            81 3  |   .3480601   .0187196    18.59   0.000     .3112789    .3848413
            81 4  |   .1709137   .0101207    16.89   0.000     .1510281    .1907993
            81 5  |  -.0823433   .0260983    -3.16   0.002    -.1336226   -.0310641
            81 6  |   .1149205   .0185561     6.19   0.000     .0784607    .1513804
            81 7  |  -.3561645   .0197607   -18.02   0.000    -.3949913   -.3173377
            81 8  |  -.5035979   .0121346   -41.50   0.000    -.5274405   -.4797553
            81 9  |  -.0590514   .0227805    -2.59   0.010    -.1038116   -.0142911
           81 71  |   .7222046   .0173499    41.63   0.000     .6881148    .7562944
           81 72  |  -.3123244   .0172041   -18.15   0.000    -.3461278    -.278521
            82 1  |  -.1264625   .0159145    -7.95   0.000    -.1577321    -.095193
            82 2  |   .1536595   .0116842    13.15   0.000     .1307018    .1766172
            82 3  |  -.2722486   .0135094   -20.15   0.000    -.2987926   -.2457046
            82 4  |   -.241153   .0225056   -10.72   0.000     -.285373   -.1969329
            82 5  |  -.0956818   .0117306    -8.16   0.000    -.1187306   -.0726331
            82 6  |  -.0540114    .006138    -8.80   0.000    -.0660716   -.0419512
            82 7  |  -.1911632   .0062687   -30.49   0.000    -.2034803   -.1788462
            82 8  |  -.1443003   .0144796    -9.97   0.000    -.1727505   -.1158501
           82 71  |   .3214462   .0168718    19.05   0.000     .2882957    .3545966
           82 72  |   .1504309   .0108755    13.83   0.000     .1290622    .1717995
            91 1  |  -.0783345   .0182784    -4.29   0.000    -.1142488   -.0424202
            91 2  |  -.2494396   .0359099    -6.95   0.000    -.3199969   -.1788822
            91 3  |  -.2205838   .0186158   -11.85   0.000    -.2571609   -.1840066
            91 4  |  -.5145145   .0274601   -18.74   0.000    -.5684693   -.4605597
            91 5  |  -.0766096   .0136658    -5.61   0.000    -.1034609   -.0497583
           91 11  |  -.3339206   .0244899   -13.64   0.000    -.3820396   -.2858017
           91 12  |  -1.068759   .0246712   -43.32   0.000    -1.117234   -1.020284
            92 1  |  -.2934572   .0237554   -12.35   0.000     -.340133   -.2467814
            92 2  |  -.3442118   .0229106   -15.02   0.000    -.3892276    -.299196
            92 3  |  -.5298732   .0356641   -14.86   0.000    -.5999476   -.4597987
            92 4  |  -.5501885   .0289725   -18.99   0.000     -.607115   -.4932621
            92 5  |  -.8050931   .0215907   -37.29   0.000    -.8475156   -.7626706
           92 71  |   .1514657   .0248072     6.11   0.000     .1027234     .200208
            94 3  |   -.395943   .0194408   -20.37   0.000    -.4341411   -.3577448
            94 8  |  -.8451353   .0181305   -46.61   0.000    -.8807589   -.8095116
            94 9  |  -.4512256   .0141241   -31.95   0.000    -.4789773   -.4234739
           94 19  |  -.5056812   .0242968   -20.81   0.000    -.5534208   -.4579417
           94 20  |  -.5888566   .0270533   -21.77   0.000    -.6420122   -.5357011
           94 26  |  -1.124804    .019449   -57.83   0.000    -1.163019    -1.08659
           94 27  |  -.5032434   .0221502   -22.72   0.000    -.5467652   -.4597217
           94 28  |  -.5937831   .0421222   -14.10   0.000    -.6765467   -.5110195
           94 71  |   .4263784   .0184797    23.07   0.000     .3900686    .4626882
            95 1  |  -.1575686   .0227858    -6.92   0.000    -.2023393   -.1127979
            95 2  |  -.3792739   .0561129    -6.76   0.000    -.4895271   -.2690207
            95 3  |  -.8835622   .0301343   -29.32   0.000    -.9427715   -.8243528
            95 4  |   -1.25935   .0362011   -34.79   0.000    -1.330479    -1.18822
            96 1  |  -.4725678    .023406   -20.19   0.000     -.518557   -.4265785
            96 2  |  -1.316968   .0257687   -51.11   0.000    -1.367599   -1.266336
            96 3  |  -1.313178   .0139959   -93.83   0.000    -1.340677   -1.285678
            96 4  |  -.2440297   .0201221   -12.13   0.000    -.2835665   -.2044929
            96 5  |  -1.433416   .0158395   -90.50   0.000    -1.464538   -1.402294
            96 6  |  -1.481413   .0180241   -82.19   0.000    -1.516828   -1.445998
            96 7  |  -1.134274   .0195975   -57.88   0.000     -1.17278   -1.095768
            96 8  |  -.8865407   .0211466   -41.92   0.000    -.9280905   -.8449909
            97 1  |  -1.145753   .0413432   -27.71   0.000    -1.226987    -1.06452
            97 2  |  -1.070138   .0162585   -65.82   0.000    -1.102083   -1.038192
            97 3  |  -1.140208   .0276974   -41.17   0.000    -1.194629   -1.085786
            97 4  |  -.7239053   .0400032   -18.10   0.000    -.8025055    -.645305
            97 5  |  -1.150191   .0182277   -63.10   0.000    -1.186005   -1.114376
            97 6  |  -1.038145   .0234791   -44.22   0.000    -1.084277   -.9920118
            97 7  |  -1.449155   .0203427   -71.24   0.000    -1.489125   -1.409185
            97 8  |  -1.287449   .0519363   -24.79   0.000    -1.389496   -1.185402
                  |
            _cons |  -1.445115   .0794717   -18.18   0.000    -1.601265   -1.288965
-----------------------------------------------------------------------------------
      name:  <unnamed>
       log:  /Users/athamawardi/Desktop/Research-Projects/PSE_Pertamina/Output/hurdle/welfaregrid_Wbasic_z_C5_w1.log
  log type:  text
 closed on:  20 Jan 2026, 18:53:12
---------------------------------------------------------------------------------------------------------------------------------------------------------------------------------------------------------------------------------------------------------------
