---------------------------------------------------------------------------------------------------------------------------------------------------------------------------------------------------------------------------------------------------------------
      name:  <unnamed>
       log:  /Users/athamawardi/Desktop/Research-Projects/PSE_Pertamina/Output/hurdle/welfaregrid_Edu_z_C15_w1.log
  log type:  text
 opened on:  20 Jan 2026, 18:52:52
RUN: reg Edu_z on basepre=C15_w1 + controls
note: 2.r308b1e omitted because of collinearity.
note: 3.r309b omitted because of collinearity.
note: 4.r309d omitted because of collinearity.
note: 2.r309e omitted because of collinearity.
note: 5.r403c1 omitted because of collinearity.
note: 4.r403c2 omitted because of collinearity.

Linear regression                               Number of obs     =     84,276
                                                F(38, 487)        =          .
                                                Prob > F          =          .
                                                R-squared         =     0.7209
                                                Root MSE          =     .53006

                                  (Std. err. adjusted for 488 clusters in nama_kab)
-----------------------------------------------------------------------------------
                  |               Robust
            Edu_z | Coefficient  std. err.      t    P>|t|     [95% conf. interval]
------------------+----------------------------------------------------------------
           C15_w1 |  -.0742329   .0138543    -5.36   0.000    -.1014545   -.0470113
                  |
          r308b1d |
               1  |   .0235035    .029976     0.78   0.433    -.0353948    .0824018
               2  |   .0508945   .0282004     1.80   0.072     -.004515    .1063039
                  |
          r308b1e |
               1  |   .0279143   .0225499     1.24   0.216    -.0163928    .0722214
               2  |          0  (omitted)
                  |
            r309a |
               2  |  -.2694826   .0280703    -9.60   0.000    -.3246363   -.2143288
               3  |  -.4065075   .0426761    -9.53   0.000    -.4903594   -.3226556
                  |
            r309b |
               1  |  -.0881652   .0260231    -3.39   0.001    -.1392966   -.0370338
               2  |  -.0980519   .0251892    -3.89   0.000    -.1475449   -.0485589
               3  |          0  (omitted)
                  |
            r309d |
               1  |   .2224215    .026339     8.44   0.000     .1706694    .2741736
               2  |   .1095578   .0220119     4.98   0.000     .0663078    .1528078
               3  |    .047981   .0223161     2.15   0.032     .0041334    .0918287
               4  |          0  (omitted)
                  |
            r309e |
               1  |   -.050017   .0142707    -3.50   0.000    -.0780568   -.0219773
               2  |          0  (omitted)
                  |
           2.r310 |  -.0478572   .0121652    -3.93   0.000    -.0717599   -.0239545
                  |
            r403a |
               2  |  -.2287521    .086162    -2.65   0.008    -.3980473    -.059457
               3  |  -.5035109   .0628556    -8.01   0.000    -.6270126   -.3800092
               4  |  -.4053309   .2823999    -1.44   0.152    -.9602036    .1495418
               5  |  -.5045308   .1959908    -2.57   0.010    -.8896228   -.1194387
               6  |  -.5312844   .0742253    -7.16   0.000    -.6771258    -.385443
               7  |  -.7926574     .05795   -13.68   0.000    -.9065202   -.6787946
               8  |  -.6224931   .0930599    -6.69   0.000    -.8053415   -.4396447
               9  |  -.5496043   .0737102    -7.46   0.000    -.6944337    -.404775
              11  |     -.6002   .0590925   -10.16   0.000    -.7163078   -.4840922
              13  |  -.3113906   .4711441    -0.66   0.509    -1.237117    .6143354
              14  |  -.3480875   .1571517    -2.21   0.027    -.6568665   -.0393085
              15  |  -1.020229   .0621493   -16.42   0.000    -1.142342   -.8981149
              16  |  -.8255623   .0774736   -10.66   0.000    -.9777861   -.6733384
              17  |  -.2473555   .1494254    -1.66   0.098    -.5409536    .0462426
              18  |   .0394914    .120432     0.33   0.743     -.197139    .2761218
              19  |  -.6294375   .0655412    -9.60   0.000    -.7582159   -.5006592
              20  |  -.4466627   .0575048    -7.77   0.000    -.5596509   -.3336745
                  |
           r403c1 |
               1  |   -.082165   .0544889    -1.51   0.132    -.1892273    .0248973
               2  |  -.0144878    .054606    -0.27   0.791    -.1217801    .0928046
               3  |   .0708909   .0553121     1.28   0.201    -.0377889    .1795707
               4  |   .1500453   .0599657     2.50   0.013     .0322218    .2678688
               5  |          0  (omitted)
                  |
           r403c2 |
               1  |  -.2305672   .0185765   -12.41   0.000    -.2670671   -.1940673
               2  |  -.0930653   .0186269    -5.00   0.000    -.1296643   -.0564663
               3  |  -.0523855   .0230361    -2.27   0.023    -.0976479    -.007123
               4  |          0  (omitted)
                  |
         y_combo3 |
    Tangkap-only  |  -.0301362   .0290209    -1.04   0.300    -.0871578    .0268854
Tangkap+Budidaya  |  -.0988704   .0302614    -3.27   0.001    -.1583293   -.0394114
     Other/mixed  |  -.0830105   .0420641    -1.97   0.049      -.16566   -.0003609
                  |
              kab |
            11 2  |  -.2387679   .0129946   -18.37   0.000    -.2643003   -.2132355
            11 3  |  -.2716848   .0179544   -15.13   0.000    -.3069625   -.2364071
            11 4  |  -.3443639   .0151035   -22.80   0.000      -.37404   -.3146879
            11 5  |   .1013182   .0181796     5.57   0.000      .065598    .1370383
            11 6  |  -.2173651   .0144446   -15.05   0.000    -.2457466   -.1889837
            11 7  |  -.0451069   .0131672    -3.43   0.001    -.0709784   -.0192355
            11 8  |  -.1413431   .0218987    -6.45   0.000    -.1843706   -.0983155
            11 9  |  -.2444267   .0153636   -15.91   0.000    -.2746138   -.2142397
           11 10  |  -.2205249   .0142202   -15.51   0.000    -.2484655   -.1925843
           11 11  |    .001854   .0171805     0.11   0.914    -.0319032    .0356111
           11 12  |   -.511657   .0177623   -28.81   0.000    -.5465572   -.4767568
           11 13  |  -.2185205    .014155   -15.44   0.000    -.2463328   -.1907081
           11 14  |  -.2817196   .0144578   -19.49   0.000     -.310127   -.2533122
           11 15  |  -.1186673   .0136983    -8.66   0.000    -.1455825   -.0917522
           11 16  |  -.1807348   .0101075   -17.88   0.000    -.2005945   -.1608752
           11 17  |  -.2854959   .0151932   -18.79   0.000    -.3153481   -.2556436
           11 18  |  -.3435944   .0141279   -24.32   0.000    -.3713535   -.3158352
           11 71  |  -.0257025   .0445712    -0.58   0.564    -.1132781    .0618731
           11 72  |  -.4487465   .0143062   -31.37   0.000    -.4768561   -.4206369
           11 73  |  -.3705164   .0222356   -16.66   0.000     -.414206   -.3268269
           11 74  |  -.5049588   .0329659   -15.32   0.000    -.5697318   -.4401858
           11 75  |  -.4685283   .0143546   -32.64   0.000     -.496733   -.4403237
            12 1  |   .2573119   .0198655    12.95   0.000     .2182793    .2963445
            12 2  |  -.1210685   .0152843    -7.92   0.000    -.1510998   -.0910373
            12 3  |  -.2699193   .0150882   -17.89   0.000    -.2995652   -.2402733
            12 4  |  -.3848595   .0137034   -28.08   0.000    -.4117847   -.3579343
            12 5  |  -.0165066   .0144893    -1.14   0.255    -.0449757    .0119626
            12 6  |   .3497805    .014725    23.75   0.000     .3208481     .378713
            12 7  |  -1.037513   .0142943   -72.58   0.000    -1.065599   -1.009427
            12 8  |  -.6755299   .0175002   -38.60   0.000    -.7099151   -.6411446
            12 9  |    -.20776   .0150561   -13.80   0.000    -.2373429    -.178177
           12 10  |  -.0521929   .0147601    -3.54   0.000    -.0811943   -.0231915
           12 11  |   .0639003   .0151095     4.23   0.000     .0342125     .093588
           12 12  |  -.6506681   .0188717   -34.48   0.000     -.687748   -.6135881
           12 13  |  -.7241175   .0156868   -46.16   0.000    -.7549397   -.6932952
           12 14  |   .3095048   .0169386    18.27   0.000     .2762231    .3427866
           12 15  |  -.0455082   .0154599    -2.94   0.003    -.0758845   -.0151318
           12 16  |  -.1736367   .0166892   -10.40   0.000    -.2064284   -.1408449
           12 17  |   .1967428   .0147779    13.31   0.000     .1677065    .2257791
           12 18  |  -.4170713   .0163054   -25.58   0.000    -.4491089   -.3850336
           12 19  |  -.6861728   .0216137   -31.75   0.000    -.7286404   -.6437052
           12 20  |    .138543   .0155792     8.89   0.000     .1079322    .1691538
           12 21  |  -.1800985   .0147407   -12.22   0.000    -.2090617   -.1511354
           12 22  |   -1.10964   .0158503   -70.01   0.000    -1.140783   -1.078496
           12 23  |  -.8768968   .0145798   -60.14   0.000     -.905544   -.8482497
           12 24  |   .0257677   .0181246     1.42   0.156    -.0098443    .0613797
           12 25  |   .0102051   .0183321     0.56   0.578    -.0258148     .046225
           12 71  |   -.815294    .024272   -33.59   0.000    -.8629847   -.7676032
           12 72  |  -.9948226   .0459449   -21.65   0.000    -1.085097    -.904548
           12 73  |  -.6476844   .0201932   -32.07   0.000     -.687361   -.6080078
           12 74  |  -.9175828   .0214129   -42.85   0.000    -.9596559   -.8755097
           12 75  |  -1.422917   .0212367   -67.00   0.000    -1.464644    -1.38119
           12 76  |  -1.299425   .0236952   -54.84   0.000    -1.345982   -1.252867
           12 77  |  -.6497734   .0159671   -40.69   0.000    -.6811464   -.6184004
           12 78  |  -.4142382   .0105881   -39.12   0.000    -.4350422   -.3934343
            13 1  |  -.2938006   .0185971   -15.80   0.000    -.3303411   -.2572601
            13 2  |  -.8304353   .0119998   -69.20   0.000     -.854013   -.8068576
            13 3  |  -.8877186   .0149641   -59.32   0.000    -.9171208   -.8583163
            13 4  |  -.8351133   .0175801   -47.50   0.000    -.8696555   -.8005711
            13 5  |   -1.15606    .015422   -74.96   0.000    -1.186362   -1.125758
            13 6  |  -.7084858    .013442   -52.71   0.000    -.7348971   -.6820744
            13 7  |  -.8784604    .015575   -56.40   0.000    -.9090629    -.847858
            13 8  |  -.9297244   .0148698   -62.52   0.000    -.9589412   -.9005075
            13 9  |  -.9464469   .0168265   -56.25   0.000    -.9795084   -.9133855
           13 10  |  -1.115795   .0176682   -63.15   0.000     -1.15051    -1.08108
           13 11  |  -.9599337    .015459   -62.10   0.000    -.9903083    -.929559
           13 12  |  -1.069573   .0133832   -79.92   0.000    -1.095869   -1.043277
           13 71  |  -.7367141   .0189842   -38.81   0.000    -.7740151   -.6994131
           13 72  |  -.8793111    .022849   -38.48   0.000    -.9242058   -.8344163
           13 73  |  -.4665309   .0189154   -24.66   0.000    -.5036968   -.4293651
           13 74  |   -1.06244   .0196336   -54.11   0.000    -1.101018   -1.023863
           13 75  |   -.959287   .0223835   -42.86   0.000    -1.003267   -.9153068
           13 76  |  -.7078136   .0202997   -34.87   0.000    -.7476994   -.6679278
           13 77  |  -.4545806   .0168472   -26.98   0.000    -.4876827   -.4214785
            14 1  |  -.3746697   .0149995   -24.98   0.000    -.4041414   -.3451981
            14 2  |  -.3663857   .0152748   -23.99   0.000    -.3963984    -.336373
            14 3  |  -.6159953   .0166372   -37.03   0.000    -.6486849   -.5833056
            14 4  |  -.2916645   .0133832   -21.79   0.000    -.3179604   -.2653686
            14 5  |  -.7730683   .0135455   -57.07   0.000    -.7996831   -.7464535
            14 6  |  -.7502279   .0144501   -51.92   0.000    -.7786202   -.7218356
            14 7  |  -.7992913   .0145523   -54.93   0.000    -.8278843   -.7706983
            14 8  |   -.643609   .0099088   -64.95   0.000    -.6630782   -.6241397
            14 9  |  -.8518244   .0135203   -63.00   0.000    -.8783898    -.825259
           14 10  |  -.5703757   .0115393   -49.43   0.000    -.5930487   -.5477027
           14 71  |  -1.159598   .0209309   -55.40   0.000    -1.200724   -1.118472
           14 73  |  -.9498864   .0189056   -50.24   0.000     -.987033   -.9127398
            15 1  |  -.5400819   .0146077   -36.97   0.000    -.5687839   -.5113799
            15 2  |  -.4845494   .0154921   -31.28   0.000    -.5149891   -.4541097
            15 3  |  -.5803074   .0150437   -38.57   0.000    -.6098658   -.5507489
            15 4  |  -.6085325   .0157357   -38.67   0.000    -.6394507   -.5776143
            15 5  |  -.5521592   .0151887   -36.35   0.000    -.5820025   -.5223158
            15 6  |  -.5679611   .0131674   -43.13   0.000    -.5938329   -.5420892
            15 7  |  -.4785601   .0148478   -32.23   0.000    -.5077338   -.4493864
            15 8  |  -.8980036   .0160989   -55.78   0.000    -.9296354   -.8663718
            15 9  |  -.7032757   .0150919   -46.60   0.000    -.7329289   -.6736225
           15 71  |  -1.121707    .022912   -48.96   0.000    -1.166725   -1.076688
           15 72  |  -.5633763   .0172494   -32.66   0.000    -.5972688   -.5294839
            16 1  |    -.34563   .0167508   -20.63   0.000    -.3785428   -.3127171
            16 2  |  -.2585956    .014737   -17.55   0.000    -.2875516   -.2296397
            16 3  |  -.5010819    .015092   -33.20   0.000    -.5307353   -.4714284
            16 4  |  -.1502241   .0149262   -10.06   0.000    -.1795517   -.1208965
            16 5  |  -.5316235   .0160825   -33.06   0.000    -.5632232   -.5000237
            16 6  |   -.324734   .0156746   -20.72   0.000    -.3555323   -.2939358
            16 7  |  -.4423881   .0163551   -27.05   0.000    -.4745233   -.4102529
            16 8  |    -.12897   .0158896    -8.12   0.000    -.1601907   -.0977493
            16 9  |  -.7437998    .015393   -48.32   0.000    -.7740447    -.713555
           16 10  |   -.400595   .0160674   -24.93   0.000     -.432165   -.3690249
           16 11  |   -.109781   .0156769    -7.00   0.000    -.1405837   -.0789783
           16 12  |  -.7473608   .0155183   -48.16   0.000    -.7778519   -.7168696
           16 13  |  -.5677308   .0155345   -36.55   0.000    -.5982537   -.5372079
           16 71  |   -1.08436   .0252531   -42.94   0.000    -1.133978   -1.034741
           16 72  |  -.7152996   .0173861   -41.14   0.000    -.7494606   -.6811386
           16 73  |  -1.032224   .0155534   -66.37   0.000    -1.062784   -1.001664
           16 74  |  -.5714231   .0190095   -30.06   0.000    -.6087739   -.5340724
            17 1  |  -.2184455   .0133423   -16.37   0.000    -.2446611   -.1922299
            17 2  |  -.2779623   .0150999   -18.41   0.000    -.3076313   -.2482933
            17 3  |  -.1013667   .0128316    -7.90   0.000    -.1265789   -.0761545
            17 4  |  -.3431428   .0095592   -35.90   0.000    -.3619252   -.3243604
            17 5  |  -.0370508    .014788    -2.51   0.013    -.0661071   -.0079945
            17 6  |  -.1739978   .0134872   -12.90   0.000    -.2004981   -.1474975
            17 7  |  -.2435389   .0158505   -15.36   0.000    -.2746828    -.212395
            17 8  |  -.3140655   .0155809   -20.16   0.000    -.3446795   -.2834515
            17 9  |  -.0205542   .0174638    -1.18   0.240    -.0548679    .0137595
           17 71  |  -.4252657   .0467488    -9.10   0.000      -.51712   -.3334114
            18 1  |  -.4108758    .015351   -26.77   0.000    -.4410382   -.3807134
            18 2  |  -.3663391   .0134077   -27.32   0.000    -.3926831   -.3399951
            18 3  |    -.80838   .0150586   -53.68   0.000    -.8379679   -.7787921
            18 4  |  -.9525372   .0151903   -62.71   0.000    -.9823839   -.9226906
            18 5  |  -.8185102   .0155538   -52.62   0.000    -.8490709   -.7879494
            18 6  |  -.4986432   .0154508   -32.27   0.000    -.5290017   -.4682846
            18 7  |  -.4283956    .015266   -28.06   0.000    -.4583909   -.3984003
            18 8  |  -.5289344   .0149095   -35.48   0.000    -.5582294   -.4996395
            18 9  |   -.805236   .0142605   -56.47   0.000    -.8332558   -.7772162
           18 10  |  -.7304475   .0158761   -46.01   0.000    -.7616417   -.6992533
           18 11  |  -.4438787   .0162224   -27.36   0.000    -.4757532   -.4120041
           18 12  |  -.6392696   .0164036   -38.97   0.000    -.6715001   -.6070391
           18 13  |  -.3290672   .0072946   -45.11   0.000       -.3434   -.3147344
           18 71  |  -.8653026   .0264112   -32.76   0.000    -.9171967   -.8134086
           18 72  |  -1.422798   .0206341   -68.95   0.000    -1.463341   -1.382255
            19 1  |   -.583403   .0254649   -22.91   0.000    -.6334376   -.5333685
            19 2  |  -.0455717   .0319146    -1.43   0.154    -.1082791    .0171357
            19 3  |  -.3298102   .0230128   -14.33   0.000    -.3750268   -.2845935
            19 4  |  -.7273676   .0148861   -48.86   0.000    -.7566164   -.6981188
            19 5  |   -.453943   .0155447   -29.20   0.000     -.484486   -.4234001
            19 6  |  -.4115186   .0329324   -12.50   0.000    -.4762257   -.3468115
           19 71  |  -.5527667    .025918   -21.33   0.000    -.6036915   -.5018418
            21 1  |  -.3893306   .0159798   -24.36   0.000    -.4207284   -.3579329
            21 2  |  -.1992804   .0209689    -9.50   0.000    -.2404811   -.1580798
            21 3  |   .2198781   .0163779    13.43   0.000      .187698    .2520581
            21 4  |   .1300754   .0159928     8.13   0.000     .0986519    .1614989
            21 5  |   .1605762    .018934     8.48   0.000     .1233737    .1977787
           21 71  |  -1.412784   .0221923   -63.66   0.000    -1.456389   -1.369179
           21 72  |  -.9218233   .0219976   -41.91   0.000    -.9650452   -.8786013
            31 1  |   -.950554   .0337751   -28.14   0.000    -1.016917   -.8841911
           31 71  |    -2.1232   .0256743   -82.70   0.000    -2.173646   -2.072754
           31 72  |  -2.233008   .0250533   -89.13   0.000    -2.282234   -2.183782
           31 73  |  -1.233238   .0330756   -37.29   0.000    -1.298227    -1.16825
           31 74  |  -2.121514   .0284653   -74.53   0.000    -2.177444   -2.065584
           31 75  |  -2.349631   .0369237   -63.63   0.000     -2.42218   -2.277081
            32 1  |  -1.449097   .0213544   -67.86   0.000    -1.491055   -1.407139
            32 2  |  -1.369205   .0158167   -86.57   0.000    -1.400282   -1.338127
            32 3  |  -1.210864    .014918   -81.17   0.000    -1.240176   -1.181552
            32 4  |  -1.625781   .0248828   -65.34   0.000    -1.674672    -1.57689
            32 5  |  -1.419161   .0158033   -89.80   0.000    -1.450212    -1.38811
            32 6  |  -1.351614   .0156216   -86.52   0.000    -1.382308    -1.32092
            32 7  |   -1.20037   .0164166   -73.12   0.000    -1.232626   -1.168113
            32 8  |  -.7434775   .0168007   -44.25   0.000    -.7764884   -.7104666
            32 9  |  -.8464473   .0234319   -36.12   0.000    -.8924873   -.8004073
           32 10  |  -.8876875   .0169232   -52.45   0.000     -.920939   -.8544361
           32 11  |  -.8780388   .0167596   -52.39   0.000    -.9109688   -.8451088
           32 12  |  -.9713825   .0218429   -44.47   0.000      -1.0143   -.9284646
           32 13  |   -1.04192   .0155775   -66.89   0.000    -1.072527   -1.011312
           32 14  |  -.8861299   .0219501   -40.37   0.000    -.9292586   -.8430013
           32 15  |  -.9409985   .0189777   -49.58   0.000    -.9782868   -.9037101
           32 16  |  -1.618335   .0239818   -67.48   0.000    -1.665455   -1.571214
           32 17  |  -1.618233   .0194155   -83.35   0.000    -1.656381   -1.580084
           32 18  |  -1.100964   .0141415   -77.85   0.000    -1.128749   -1.073178
           32 71  |  -1.545529   .0229717   -67.28   0.000    -1.590664   -1.500393
           32 72  |  -1.480446   .0223245   -66.31   0.000     -1.52431   -1.436582
           32 73  |  -1.273648   .0226501   -56.23   0.000    -1.318152   -1.229144
           32 74  |  -1.714592   .0214227   -80.04   0.000    -1.756684     -1.6725
           32 75  |  -2.586686   .0258501  -100.06   0.000    -2.637477   -2.535894
           32 76  |  -2.250593    .022183  -101.46   0.000    -2.294179   -2.207007
           32 77  |  -2.258755   .0285472   -79.12   0.000    -2.314846   -2.202664
           32 78  |  -1.618778   .0229916   -70.41   0.000    -1.663953   -1.573603
           32 79  |  -1.519037   .0179994   -84.39   0.000    -1.554403   -1.483671
            33 1  |  -.8398189   .0180321   -46.57   0.000    -.8752492   -.8043886
            33 2  |  -.9123739   .0180634   -50.51   0.000    -.9478657    -.876882
            33 3  |  -.8753227   .0181216   -48.30   0.000    -.9109288   -.8397165
            33 4  |   -.854847   .0155587   -54.94   0.000    -.8854175   -.8242764
            33 5  |  -.6239456   .0160743   -38.82   0.000    -.6555292    -.592362
            33 6  |   -.299583   .0164576   -18.20   0.000    -.3319197   -.2672463
            33 7  |  -.8267594   .0156758   -52.74   0.000      -.85756   -.7959589
            33 8  |  -.8162728   .0165863   -49.21   0.000    -.8488623   -.7836832
            33 9  |  -.8588829   .0176456   -48.67   0.000    -.8935538   -.8242121
           33 10  |  -.7296216     .01879   -38.83   0.000    -.7665411   -.6927021
           33 11  |  -.8852481   .0216143   -40.96   0.000    -.9277169   -.8427793
           33 12  |  -.5595415   .0155712   -35.93   0.000    -.5901366   -.5289465
           33 13  |  -.8205672    .019332   -42.45   0.000    -.8585516   -.7825828
           33 14  |  -.8592392   .0164837   -52.13   0.000    -.8916272   -.8268513
           33 15  |  -1.272975   .0159407   -79.86   0.000    -1.304296   -1.241653
           33 16  |  -.8377388    .015445   -54.24   0.000    -.8680859   -.8073918
           33 17  |  -.7533251   .0197672   -38.11   0.000    -.7921646   -.7144856
           33 18  |  -.8581663   .0168619   -50.89   0.000    -.8912974   -.8250352
           33 19  |   -1.22623   .0276353   -44.37   0.000    -1.280529   -1.171931
           33 20  |   -1.10659   .0350568   -31.57   0.000    -1.175471   -1.037709
           33 21  |  -.9925097   .0217475   -45.64   0.000     -1.03524   -.9497792
           33 22  |  -.9053932   .0215995   -41.92   0.000    -.9478329   -.8629534
           33 23  |  -.7600541   .0152243   -49.92   0.000    -.7899675   -.7301406
           33 24  |  -.7872435   .0210517   -37.40   0.000    -.8286068   -.7458803
           33 25  |  -.8117838   .0187239   -43.36   0.000    -.8485733   -.7749942
           33 26  |  -.7261284   .0259555   -27.98   0.000     -.777127   -.6751298
           33 27  |  -.8174728    .025073   -32.60   0.000    -.8667374   -.7682083
           33 28  |  -.7741793   .0280948   -27.56   0.000    -.8293813   -.7189774
           33 29  |  -.9654521   .0204625   -47.18   0.000    -1.005658   -.9252464
           33 71  |  -1.254467    .022775   -55.08   0.000    -1.299216   -1.209718
           33 72  |  -1.179372    .022674   -52.01   0.000    -1.223923   -1.134821
           33 73  |  -1.497257   .0284306   -52.66   0.000    -1.553118   -1.441395
           33 74  |  -1.161774   .0225333   -51.56   0.000    -1.206049     -1.1175
           33 75  |  -1.236296   .0394502   -31.34   0.000     -1.31381   -1.158782
           33 76  |  -.8901498   .0485483   -18.34   0.000    -.9855398   -.7947598
            34 1  |  -1.000003   .0157918   -63.32   0.000    -1.031031   -.9689745
            34 2  |  -1.314139   .0173863   -75.58   0.000      -1.3483   -1.279978
            34 3  |  -1.010555   .0131921   -76.60   0.000    -1.036475    -.984634
            34 4  |   -1.43231   .0171234   -83.65   0.000    -1.465955   -1.398665
           34 71  |  -1.265124   .0224749   -56.29   0.000    -1.309284   -1.220964
            35 1  |  -.9360159   .0165439   -56.58   0.000    -.9685221   -.9035097
            35 2  |  -.9338792   .0162385   -57.51   0.000    -.9657854    -.901973
            35 3  |  -1.156284   .0172518   -67.02   0.000    -1.190181   -1.122387
            35 4  |  -.8801682   .0161525   -54.49   0.000    -.9119055   -.8484309
            35 5  |  -1.016824   .0149903   -67.83   0.000    -1.046277   -.9873699
            35 6  |  -1.083755   .0161966   -66.91   0.000    -1.115579   -1.051931
            35 7  |  -1.348817   .0164699   -81.90   0.000    -1.381178   -1.316456
            35 8  |  -1.296719   .0151648   -85.51   0.000    -1.326516   -1.266923
            35 9  |  -1.759867   .0153522  -114.63   0.000    -1.790032   -1.729703
           35 10  |  -1.454271   .0162672   -89.40   0.000    -1.486234   -1.422308
           35 11  |  -1.213026   .0163343   -74.26   0.000    -1.245121   -1.180932
           35 12  |  -1.400632   .0183725   -76.24   0.000    -1.436731   -1.364533
           35 13  |  -1.288579   .0153543   -83.92   0.000    -1.318748    -1.25841
           35 14  |  -1.224149   .0182681   -67.01   0.000    -1.260043   -1.188255
           35 15  |  -1.057038   .0316277   -33.42   0.000    -1.119182   -.9948945
           35 16  |  -1.048189   .0221551   -47.31   0.000     -1.09172   -1.004657
           35 17  |  -1.275651    .016999   -75.04   0.000    -1.309051    -1.24225
           35 18  |  -1.057381   .0159715   -66.20   0.000    -1.088763   -1.025999
           35 19  |  -.9079322   .0161013   -56.39   0.000    -.9395688   -.8762957
           35 20  |  -.8584837   .0156366   -54.90   0.000    -.8892072   -.8277602
           35 21  |  -1.030113   .0157949   -65.22   0.000    -1.061147   -.9990782
           35 22  |  -1.062913    .015324   -69.36   0.000    -1.093022   -1.032803
           35 23  |  -1.022331   .0157232   -65.02   0.000    -1.053225   -.9914373
           35 24  |  -1.186677    .015869   -74.78   0.000    -1.217857   -1.155496
           35 25  |  -1.013942   .0204643   -49.55   0.000    -1.054151   -.9737327
           35 26  |  -.8676635   .0217232   -39.94   0.000    -.9103463   -.8249807
           35 27  |  -1.685945   .0170373   -98.96   0.000    -1.719421    -1.65247
           35 28  |  -1.635514   .0291802   -56.05   0.000    -1.692848   -1.578179
           35 29  |  -1.274406    .015129   -84.24   0.000    -1.304132    -1.24468
           35 71  |  -1.096842   .0223722   -49.03   0.000      -1.1408   -1.052884
           35 72  |  -1.159475   .0215714   -53.75   0.000    -1.201859    -1.11709
           35 73  |  -1.779902   .0223012   -79.81   0.000    -1.823721   -1.736084
           35 74  |  -1.350379   .0209051   -64.60   0.000    -1.391455   -1.309304
           35 75  |  -1.301595   .0245156   -53.09   0.000    -1.349765   -1.253426
           35 76  |  -1.125917   .0234683   -47.98   0.000    -1.172029   -1.079805
           35 77  |   -1.10153   .0222027   -49.61   0.000    -1.145155   -1.057905
           35 78  |  -1.251876   .0296575   -42.21   0.000    -1.310149   -1.193604
           35 79  |    -1.4813   .0204215   -72.54   0.000    -1.521425   -1.441175
            36 1  |  -.8835415    .019012   -46.47   0.000    -.9208972   -.8461857
            36 2  |  -1.065036   .0142473   -74.75   0.000     -1.09303   -1.037043
            36 3  |  -1.354685   .0333744   -40.59   0.000    -1.420261    -1.28911
            36 4  |  -.9904371   .0192299   -51.51   0.000    -1.028221   -.9526533
           36 71  |  -1.544211   .0275167   -56.12   0.000    -1.598277   -1.490145
           36 72  |  -1.564664   .0268523   -58.27   0.000    -1.617424   -1.511903
           36 73  |    -1.2943   .0204828   -63.19   0.000    -1.334546   -1.254055
           36 74  |  -1.927592   .0323823   -59.53   0.000    -1.991219   -1.863966
            51 1  |  -1.004595   .0159356   -63.04   0.000    -1.035906   -.9732839
            51 2  |  -.2740538   .0153683   -17.83   0.000    -.3042501   -.2438575
            51 3  |  -.8415588   .0223988   -37.57   0.000     -.885569   -.7975487
            51 4  |  -.5946821    .021582   -27.55   0.000    -.6370875   -.5522767
            51 5  |  -.2376916   .0143583   -16.55   0.000    -.2659035   -.2094797
            51 6  |  -.1007159   .0164233    -6.13   0.000    -.1329851   -.0684467
            51 7  |  -.5155941   .0137931   -37.38   0.000    -.5426954   -.4884928
            51 8  |  -.6883324   .0136127   -50.57   0.000    -.7150793   -.6615855
           51 71  |  -1.123617   .0260634   -43.11   0.000    -1.174828   -1.072407
            52 1  |   -1.32842   .0181056   -73.37   0.000    -1.363995   -1.292846
            52 2  |  -2.083086   .0150184  -138.70   0.000    -2.112595   -2.053577
            52 3  |  -1.458252    .023048   -63.27   0.000    -1.503537   -1.412966
            52 4  |  -.6131849     .01222   -50.18   0.000    -.6371954   -.5891745
            52 5  |  -1.246659   .0105886  -117.74   0.000    -1.267464   -1.225854
            52 6  |  -1.033367   .0126597   -81.63   0.000    -1.058242   -1.008493
            52 7  |  -.6270848   .0138351   -45.33   0.000    -.6542687    -.599901
            52 8  |  -1.604362   .0125105  -128.24   0.000    -1.628944   -1.579781
           52 71  |  -1.219163   .0207646   -58.71   0.000    -1.259962   -1.178364
           52 72  |  -.8840731   .0176392   -50.12   0.000    -.9187314   -.8494147
            53 1  |   -.287055   .0142765   -20.11   0.000    -.3151061   -.2590039
            53 2  |  -.0117808   .0221883    -0.53   0.596    -.0553774    .0318158
            53 3  |  -.0839795   .0107805    -7.79   0.000    -.1051614   -.0627975
            53 4  |   -.142608   .0146332    -9.75   0.000      -.17136    -.113856
            53 5  |  -.2367403   .0153766   -15.40   0.000    -.2669529   -.2065278
            53 6  |   -.242059   .0137377   -17.62   0.000    -.2690516   -.2150664
            53 7  |  -.3676015    .014847   -24.76   0.000    -.3967735   -.3384295
            53 8  |  -.2603273   .0121851   -21.36   0.000    -.2842692   -.2363855
            53 9  |   -.206309   .0084452   -24.43   0.000    -.2229026   -.1897154
           53 10  |  -.2428651   .0195349   -12.43   0.000    -.2812483   -.2044819
           53 11  |   .0830133   .0128999     6.44   0.000      .057667    .1083596
           53 12  |  -.0126814   .0111888    -1.13   0.258    -.0346657     .009303
           53 13  |   -.070929   .0160506    -4.42   0.000    -.1024659   -.0393921
           53 14  |   .2546448   .0094088    27.06   0.000     .2361579    .2731317
           53 15  |   .1367435   .0156472     8.74   0.000     .1059991    .1674878
           53 16  |   .1344383   .0129486    10.38   0.000     .1089963    .1598802
           53 17  |  -.3513267   .0127661   -27.52   0.000    -.3764101   -.3262434
           53 18  |  -.0586182   .0136511    -4.29   0.000    -.0854405   -.0317959
           53 19  |   .0420196   .0155537     2.70   0.007     .0114589    .0725804
           53 20  |    .503701   .0141461    35.61   0.000     .4759061     .531496
           53 21  |  -.0288945   .0133477    -2.16   0.031    -.0551208   -.0026683
           53 71  |  -.6578126   .0238712   -27.56   0.000    -.7047159   -.6109092
            61 1  |  -.5112017   .0159994   -31.95   0.000     -.542638   -.4797654
            61 2  |  -.1813778    .015771   -11.50   0.000    -.2123654   -.1503902
            61 3  |  -.0603104   .0162598    -3.71   0.000    -.0922583   -.0283625
            61 4  |  -.9717593   .0122213   -79.51   0.000    -.9957722   -.9477464
            61 5  |  -.1465632   .0154625    -9.48   0.000    -.1769447   -.1161818
            61 6  |   .0894908   .0147168     6.08   0.000     .0605745    .1184072
            61 7  |   .3647192   .0173325    21.04   0.000     .3306636    .3987748
            61 8  |   .1887507    .016236    11.63   0.000     .1568495    .2206518
            61 9  |  -.1776317   .0160258   -11.08   0.000    -.2091199   -.1461436
           61 10  |  -.0354274   .0186197    -1.90   0.058    -.0720122    .0011574
           61 11  |  -.2944702   .0131556   -22.38   0.000     -.320319   -.2686215
           61 12  |  -.8401173   .0159693   -52.61   0.000    -.8714945   -.8087401
           61 71  |  -1.544912   .0374002   -41.31   0.000    -1.618398   -1.471426
           61 72  |  -.9638187   .0233006   -41.36   0.000    -1.009601   -.9180365
            62 1  |  -.3438921   .0152126   -22.61   0.000    -.3737825   -.3140018
            62 2  |    -.03819     .01484    -2.57   0.010    -.0673484   -.0090316
            62 3  |  -.3160002   .0222322   -14.21   0.000    -.3596832   -.2723173
            62 4  |  -.6407391   .0200179   -32.01   0.000    -.6800712   -.6014071
            62 5  |  -.1674041   .0195708    -8.55   0.000    -.2058577   -.1289505
            62 6  |  -.2529373   .0136385   -18.55   0.000    -.2797349   -.2261398
            62 7  |  -.1510053   .0154573    -9.77   0.000    -.1813764   -.1206342
            62 8  |    .021672   .0150263     1.44   0.150    -.0078524    .0511963
            62 9  |  -.0003671   .0262161    -0.01   0.989    -.0518778    .0511436
           62 10  |  -.4364671   .0250466   -17.43   0.000    -.4856799   -.3872543
           62 11  |  -.0086538   .0510276    -0.17   0.865    -.1089153    .0916076
           62 12  |  -.4476572   .0193198   -23.17   0.000    -.4856177   -.4096968
           62 13  |   .0675965   .0310688     2.18   0.030     .0065512    .1286419
           62 71  |  -.8251415   .0288159   -28.63   0.000    -.8817604   -.7685227
            63 1  |  -.4235245    .014803   -28.61   0.000    -.4526102   -.3944389
            63 2  |   .1848567   .0097337    18.99   0.000     .1657315     .203982
            63 3  |  -.5094156   .0151159   -33.70   0.000    -.5391159   -.4797152
            63 4  |  -.5314264   .0151364   -35.11   0.000    -.5611671   -.5016857
            63 5  |  -.4129505   .0154263   -26.77   0.000    -.4432609   -.3826402
            63 6  |  -.7587952   .0158846   -47.77   0.000     -.790006   -.7275844
            63 7  |   -.754593   .0183853   -41.04   0.000    -.7907174   -.7184687
            63 8  |  -.8135324   .0178752   -45.51   0.000    -.8486544   -.7784104
            63 9  |  -.5737118   .0149695   -38.33   0.000    -.6031247    -.544299
           63 10  |  -.2820871   .0170662   -16.53   0.000    -.3156197   -.2485546
           63 11  |  -.7167153   .0193186   -37.10   0.000    -.7546735   -.6787572
           63 71  |  -1.368384   .0249797   -54.78   0.000    -1.417466   -1.319303
           63 72  |  -1.285045   .0197451   -65.08   0.000    -1.323841   -1.246249
            64 1  |  -.1180029   .0133371    -8.85   0.000    -.1442083   -.0917975
            64 2  |   .2093902   .0153986    13.60   0.000     .1791344    .2396461
            64 3  |  -.2925511   .0191525   -15.27   0.000    -.3301828   -.2549193
            64 4  |   .1007867   .0142889     7.05   0.000     .0727112    .1288623
            64 5  |  -.1484884   .0168381    -8.82   0.000    -.1815727   -.1154041
            64 9  |  -.4619607   .0143912   -32.10   0.000    -.4902371   -.4336843
           64 11  |   .4290231   .0226311    18.96   0.000     .3845563    .4734898
           64 71  |  -1.215921   .0390818   -31.11   0.000    -1.292711   -1.139131
           64 72  |  -1.241463   .0208654   -59.50   0.000     -1.28246   -1.200465
           64 74  |  -1.359727    .033226   -40.92   0.000    -1.425011   -1.294443
            65 1  |   .1695468   .0204071     8.31   0.000       .12945    .2096435
            65 2  |  -.2487879   .0156038   -15.94   0.000    -.2794471   -.2181288
            65 3  |   .1508396   .0185626     8.13   0.000     .1143669    .1873123
            65 4  |   .2987595   .0186327    16.03   0.000     .2621491    .3353699
           65 71  |  -1.318429   .0305095   -43.21   0.000    -1.378376   -1.258483
            71 1  |  -.3563004   .0124494   -28.62   0.000    -.3807616   -.3318393
            71 2  |  -.1790114   .0143637   -12.46   0.000    -.2072339   -.1507888
            71 3  |  -.0991351   .0104408    -9.49   0.000    -.1196496   -.0786205
            71 4  |   .2328736    .006874    33.88   0.000     .2193672    .2463801
            71 5  |  -.1689341   .0123468   -13.68   0.000    -.1931938   -.1446745
            71 6  |  -.2009123   .0136695   -14.70   0.000    -.2277708   -.1740537
            71 7  |  -.2619826   .0074627   -35.11   0.000    -.2766457   -.2473195
            71 8  |   .0571385   .0081002     7.05   0.000     .0412229    .0730541
            71 9  |  -.1303118   .0142322    -9.16   0.000    -.1582759   -.1023476
           71 10  |  -.1484026   .0049601   -29.92   0.000    -.1581484   -.1386568
           71 11  |  -.3598625   .0141702   -25.40   0.000    -.3877048   -.3320201
           71 71  |  -.5988517   .0254211   -23.56   0.000    -.6488002   -.5489032
           71 72  |   -.258604   .0357775    -7.23   0.000    -.3289014   -.1883066
           71 73  |  -.4167964   .0171681   -24.28   0.000     -.450529   -.3830637
           71 74  |  -.9557975   .0168282   -56.80   0.000    -.9888624   -.9227326
            72 1  |  -.1873187   .0094436   -19.84   0.000     -.205874   -.1687633
            72 2  |  -.1945102   .0068637   -28.34   0.000    -.2079964    -.181024
            72 3  |  -.0945212   .0123754    -7.64   0.000     -.118837   -.0702053
            72 4  |  -.2383708   .0137926   -17.28   0.000    -.2654711   -.2112704
            72 5  |  -.2424532   .0083439   -29.06   0.000    -.2588477   -.2260588
            72 6  |  -.3923493   .0103424   -37.94   0.000    -.4126705   -.3720281
            72 7  |  -.2932282   .0080094   -36.61   0.000    -.3089654    -.277491
            72 8  |   -.398343   .0080318   -49.60   0.000    -.4141243   -.3825617
            72 9  |  -.3711115   .0104081   -35.66   0.000    -.3915618   -.3506612
           72 10  |  -.3046525   .0148088   -20.57   0.000    -.3337496   -.2755555
           72 11  |  -.1155185   .0146269    -7.90   0.000    -.1442581   -.0867788
           72 12  |   .0739929   .0125297     5.91   0.000     .0493739     .098612
           72 71  |  -1.110162   .0200845   -55.27   0.000    -1.149624   -1.070699
            73 1  |   .0131145   .0067641     1.94   0.053    -.0001759    .0264048
            73 2  |    -.58759   .0175745   -33.43   0.000    -.6221212   -.5530588
            73 3  |  -.9994679   .0136872   -73.02   0.000    -1.026361   -.9725746
            73 4  |  -.9639735   .0134165   -71.85   0.000    -.9903349   -.9376121
            73 5  |  -.6377264   .0245562   -25.97   0.000    -.6859755   -.5894773
            73 6  |  -.7698236   .0197966   -38.89   0.000     -.808721   -.7309263
            73 7  |  -.8545025   .0241026   -35.45   0.000    -.9018605   -.8071446
            73 8  |  -.6046248   .0315595   -19.16   0.000    -.6666343   -.5426152
            73 9  |  -.4298373   .0235448   -18.26   0.000    -.4760993   -.3835752
           73 10  |  -.7818716    .015713   -49.76   0.000    -.8127452    -.750998
           73 11  |  -.3207657   .0160885   -19.94   0.000    -.3523771   -.2891544
           73 12  |  -.8526668   .0151977   -56.10   0.000    -.8825279   -.8228056
           73 13  |  -.3710136    .014203   -26.12   0.000    -.3989204   -.3431068
           73 14  |   -.692993   .0153363   -45.19   0.000    -.7231265   -.6628594
           73 15  |  -.7320421   .0134583   -54.39   0.000    -.7584856   -.7055986
           73 16  |  -.3103754   .0145642   -21.31   0.000    -.3389919    -.281759
           73 17  |  -.2519144   .0149134   -16.89   0.000    -.2812169   -.2226119
           73 18  |  -.2269783   .0149714   -15.16   0.000    -.2563948   -.1975619
           73 22  |  -.1354143   .0133898   -10.11   0.000    -.1617233   -.1091053
           73 25  |  -.2161331   .0163709   -13.20   0.000    -.2482993   -.1839668
           73 26  |  -.0531967   .0151708    -3.51   0.000    -.0830049   -.0233885
           73 71  |  -.8908935   .0446899   -19.93   0.000    -.9787024   -.8030846
           73 72  |  -1.249283    .018534   -67.40   0.000    -1.285699   -1.212866
           73 73  |  -.5411817   .0250164   -21.63   0.000    -.5903352   -.4920283
            74 1  |  -.4764252   .0116085   -41.04   0.000    -.4992342   -.4536163
            74 2  |  -.3650986    .013349   -27.35   0.000    -.3913272   -.3388699
            74 3  |   .0751776   .0154062     4.88   0.000     .0449067    .1054484
            74 4  |  -.3090152    .016574   -18.64   0.000    -.3415806   -.2764498
            74 5  |    .017774   .0123846     1.44   0.152    -.0065598    .0421079
            74 6  |  -.0509417     .01947    -2.62   0.009    -.0891973   -.0126862
            74 7  |  -.7031643   .0096231   -73.07   0.000    -.7220722   -.6842563
            74 8  |  -.1882753   .0106291   -17.71   0.000    -.2091598   -.1673908
            74 9  |   .0765849   .0099142     7.72   0.000      .057105    .0960649
           74 10  |   .4272612   .0163367    26.15   0.000     .3951621    .4593603
           74 11  |  -.0119119   .0149206    -0.80   0.425    -.0412286    .0174049
           74 12  |   .3631177   .0084051    43.20   0.000     .3466029    .3796325
           74 13  |  -.1836091   .0149121   -12.31   0.000    -.2129091   -.1543092
           74 14  |  -.2972502   .0161416   -18.42   0.000    -.3289661   -.2655344
           74 15  |  -.4364557   .0086009   -50.75   0.000    -.4533552   -.4195562
           74 71  |  -.4544198   .0463958    -9.79   0.000    -.5455805   -.3632591
           74 72  |   -.661393   .0210495   -31.42   0.000    -.7027521   -.6200338
            75 1  |  -.6966578   .0155531   -44.79   0.000    -.7272173   -.6660984
            75 2  |  -.5688029   .0140205   -40.57   0.000    -.5963511   -.5412548
            75 3  |   -.616635   .0114003   -54.09   0.000    -.6390348   -.5942351
            75 4  |     -.3727   .0148865   -25.04   0.000    -.4019496   -.3434503
            75 5  |  -.3740208   .0092767   -40.32   0.000    -.3922481   -.3557935
           75 71  |  -.5895427   .0264043   -22.33   0.000    -.6414231   -.5376622
            76 1  |  -.6884031   .0121795   -56.52   0.000    -.7123339   -.6644723
            76 2  |  -.5736798   .0193106   -29.71   0.000    -.6116221   -.5357376
            76 3  |  -.1510466   .0175219    -8.62   0.000    -.1854744   -.1166188
            76 4  |  -.4384227   .0113916   -38.49   0.000    -.4608053     -.41604
            76 5  |   -.665738   .0100916   -65.97   0.000    -.6855665   -.6459095
            76 6  |  -.5331394   .0141217   -37.75   0.000    -.5608863   -.5053924
            81 1  |   -.112262    .019884    -5.65   0.000    -.1513311    -.073193
            81 2  |  -.1622884   .0182932    -8.87   0.000    -.1982317   -.1263451
            81 3  |  -.8065878   .0179043   -45.05   0.000     -.841767   -.7714087
            81 4  |  -.3628188   .0122362   -29.65   0.000     -.386861   -.3387766
            81 5  |   .1211171   .0295282     4.10   0.000     .0630986    .1791355
            81 6  |  -.4130645   .0164644   -25.09   0.000    -.4454145   -.3807145
            81 7  |  -.1151198   .0198968    -5.79   0.000     -.154214   -.0760256
            81 8  |   .3686816   .0137848    26.75   0.000     .3415966    .3957667
            81 9  |   -.201113   .0212132    -9.48   0.000    -.2427937   -.1594323
           81 71  |  -.5702745   .0237095   -24.05   0.000    -.6168601   -.5236889
           81 72  |  -.3294593   .0180504   -18.25   0.000    -.3649255   -.2939931
            82 1  |  -.0765945   .0175199    -4.37   0.000    -.1110185   -.0421705
            82 2  |  -.1599954   .0192988    -8.29   0.000    -.1979146   -.1220763
            82 3  |  -.3756145   .0158918   -23.64   0.000    -.4068395   -.3443895
            82 4  |  -.0232643   .0239017    -0.97   0.331    -.0702275    .0236989
            82 5  |  -.0719027   .0158331    -4.54   0.000    -.1030123   -.0407931
            82 6  |  -.0402609   .0080653    -4.99   0.000     -.056108   -.0244138
            82 7  |  -.0469149   .0087036    -5.39   0.000    -.0640161   -.0298138
            82 8  |   .0089647    .014846     0.60   0.546    -.0202054    .0381348
           82 71  |  -.3987915   .0231167   -17.25   0.000    -.4442123   -.3533706
           82 72  |  -.4010003   .0156487   -25.63   0.000    -.4317476   -.3702529
            91 1  |   .3343353   .0197093    16.96   0.000     .2956095    .3730611
            91 2  |    .467629   .0362995    12.88   0.000     .3963061     .538952
            91 3  |   .3522119   .0207247    16.99   0.000      .311491    .3929329
            91 4  |   .6346998    .028061    22.62   0.000     .5795642    .6898355
            91 5  |   .2272694   .0132054    17.21   0.000     .2013228    .2532161
           91 11  |   .4467474   .0241424    18.50   0.000     .3993113    .4941835
           91 12  |   .9276828   .0243145    38.15   0.000     .8799085    .9754571
            92 1  |   .4493623   .0269546    16.67   0.000     .3964006     .502324
            92 2  |   .5034009   .0232277    21.67   0.000     .4577621    .5490397
            92 3  |   .4166019   .0351777    11.84   0.000      .347483    .4857208
            92 4  |   .8168428   .0281284    29.04   0.000     .7615749    .8721108
            92 5  |   .9738392   .0222356    43.80   0.000     .9301496    1.017529
           92 71  |  -.3612672    .033714   -10.72   0.000      -.42751   -.2950244
            94 3  |   .1731096   .0194393     8.91   0.000     .1349143    .2113049
            94 8  |    .382036   .0212563    17.97   0.000     .3402706    .4238015
            94 9  |   .4522249   .0141978    31.85   0.000     .4243283    .4801215
           94 19  |   .5651018   .0221318    25.53   0.000     .5216163    .6085873
           94 20  |   .4828421    .027778    17.38   0.000     .4282626    .5374215
           94 26  |   .7539636   .0194239    38.82   0.000     .7157986    .7921287
           94 27  |   .3364759   .0238725    14.09   0.000     .2895701    .3833818
           94 28  |   .5944826   .0412758    14.40   0.000     .5133821    .6755832
           94 71  |  -.6645994   .0270211   -24.60   0.000    -.7176917   -.6115072
            95 1  |    .311147   .0233169    13.34   0.000     .2653328    .3569612
            95 2  |   .4649985   .0562989     8.26   0.000     .3543798    .5756171
            95 3  |   .7589734   .0300369    25.27   0.000     .6999555    .8179913
            95 4  |   .8986636    .034565    26.00   0.000     .8307486    .9665786
            96 1  |   .5817395    .021843    26.63   0.000     .5388214    .6246576
            96 2  |   1.167447   .0252794    46.18   0.000     1.117777    1.217118
            96 3  |   1.025872   .0149444    68.65   0.000     .9965089    1.055236
            96 4  |   .1699859   .0214957     7.91   0.000     .1277501    .2122217
            96 5  |    1.18627   .0175012    67.78   0.000     1.151882    1.220657
            96 6  |   1.436507   .0189958    75.62   0.000     1.399183    1.473831
            96 7  |   1.061443   .0206404    51.43   0.000     1.020888    1.101998
            96 8  |   1.124694   .0216266    52.01   0.000     1.082201    1.167187
            97 1  |   1.211352   .0398608    30.39   0.000     1.133031    1.289672
            97 2  |   .8670353   .0177799    48.76   0.000     .8321006    .9019701
            97 3  |    .967941   .0300364    32.23   0.000      .908924    1.026958
            97 4  |   .8460649   .0407376    20.77   0.000     .7660216    .9261081
            97 5  |   1.081668   .0219103    49.37   0.000     1.038617    1.124718
            97 6  |   1.172396   .0239319    48.99   0.000     1.125374    1.219419
            97 7  |   1.571263   .0223106    70.43   0.000     1.527426      1.6151
            97 8  |   1.060368   .0500336    21.19   0.000     .9620592    1.158676
                  |
            _cons |   1.128221   .0843929    13.37   0.000     .9624024    1.294041
-----------------------------------------------------------------------------------
      name:  <unnamed>
       log:  /Users/athamawardi/Desktop/Research-Projects/PSE_Pertamina/Output/hurdle/welfaregrid_Edu_z_C15_w1.log
  log type:  text
 closed on:  20 Jan 2026, 18:52:55
---------------------------------------------------------------------------------------------------------------------------------------------------------------------------------------------------------------------------------------------------------------
