---------------------------------------------------------------------------------------------------------------------------------------------------------------------------------------------------------------------------------------------------------------
      name:  <unnamed>
       log:  /Users/athamawardi/Desktop/Research-Projects/PSE_Pertamina/Output/hurdle/welfaregrid_Edu_z_Ker10_w1.log
  log type:  text
 opened on:  20 Jan 2026, 18:52:35
RUN: reg Edu_z on basepre=Ker10_w1 + controls
note: 2.r308b1e omitted because of collinearity.
note: 3.r309b omitted because of collinearity.
note: 4.r309d omitted because of collinearity.
note: 2.r309e omitted because of collinearity.
note: 5.r403c1 omitted because of collinearity.
note: 4.r403c2 omitted because of collinearity.

Linear regression                               Number of obs     =     84,276
                                                F(38, 487)        =          .
                                                Prob > F          =          .
                                                R-squared         =     0.7213
                                                Root MSE          =     .52969

                                  (Std. err. adjusted for 488 clusters in nama_kab)
-----------------------------------------------------------------------------------
                  |               Robust
            Edu_z | Coefficient  std. err.      t    P>|t|     [95% conf. interval]
------------------+----------------------------------------------------------------
         Ker10_w1 |   -.159326   .0261395    -6.10   0.000    -.2106862   -.1079658
                  |
          r308b1d |
               1  |   .0346417   .0299171     1.16   0.247    -.0241408    .0934242
               2  |   .0590244   .0282448     2.09   0.037     .0035277    .1145211
                  |
          r308b1e |
               1  |   .0301203   .0224154     1.34   0.180    -.0139226    .0741631
               2  |          0  (omitted)
                  |
            r309a |
               2  |  -.2696882   .0280733    -9.61   0.000     -.324848   -.2145284
               3  |  -.4057436   .0425549    -9.53   0.000    -.4893575   -.3221297
                  |
            r309b |
               1  |  -.0883399   .0259494    -3.40   0.001    -.1393264   -.0373533
               2  |  -.0982461   .0251446    -3.91   0.000    -.1476514   -.0488409
               3  |          0  (omitted)
                  |
            r309d |
               1  |   .2217233   .0263537     8.41   0.000     .1699424    .2735043
               2  |   .1090577   .0220166     4.95   0.000     .0657985     .152317
               3  |   .0478456   .0223115     2.14   0.032     .0040068    .0916843
               4  |          0  (omitted)
                  |
            r309e |
               1  |  -.0495935   .0142799    -3.47   0.001    -.0776513   -.0215356
               2  |          0  (omitted)
                  |
           2.r310 |  -.0474532    .012159    -3.90   0.000    -.0713438   -.0235626
                  |
            r403a |
               2  |  -.2277706   .0861408    -2.64   0.008     -.397024   -.0585171
               3  |   -.502191   .0628162    -7.99   0.000    -.6256153   -.3787667
               4  |  -.4024233   .2797826    -1.44   0.151    -.9521534    .1473068
               5  |   -.498111   .1974247    -2.52   0.012    -.8860204   -.1102017
               6  |  -.5300156   .0741854    -7.14   0.000    -.6757785   -.3842527
               7  |   -.787803   .0578549   -13.62   0.000     -.901479    -.674127
               8  |  -.6115095   .0911372    -6.71   0.000    -.7905802   -.4324388
               9  |  -.5476937   .0736177    -7.44   0.000    -.6923412   -.4030462
              11  |  -.5721996   .0588092    -9.73   0.000    -.6877507   -.4566486
              13  |  -.3251904   .4812224    -0.68   0.500    -1.270719    .6203381
              14  |  -.3562016   .1566462    -2.27   0.023    -.6639874   -.0484158
              15  |  -1.012342   .0620297   -16.32   0.000    -1.134221   -.8904627
              16  |  -.8206449   .0774144   -10.60   0.000    -.9727524   -.6685373
              17  |  -.2436253   .1438689    -1.69   0.091    -.5263057    .0390551
              18  |   .0391175   .1198632     0.33   0.744    -.1963953    .2746303
              19  |  -.6268562   .0658141    -9.52   0.000    -.7561709   -.4975415
              20  |  -.4525129   .0564452    -8.02   0.000    -.5634191   -.3416067
                  |
           r403c1 |
               1  |  -.0810599   .0544338    -1.49   0.137     -.188014    .0258943
               2  |  -.0145409    .054559    -0.27   0.790    -.1217409    .0926592
               3  |   .0706499   .0552723     1.28   0.202    -.0379518    .1792516
               4  |   .1489753   .0597963     2.49   0.013     .0314847    .2664658
               5  |          0  (omitted)
                  |
           r403c2 |
               1  |  -.2310368   .0185666   -12.44   0.000    -.2675173   -.1945564
               2  |  -.0930869   .0186154    -5.00   0.000    -.1296633   -.0565105
               3  |  -.0528079   .0229594    -2.30   0.022    -.0979196   -.0076962
               4  |          0  (omitted)
                  |
         y_combo3 |
    Tangkap-only  |  -.0343362   .0289983    -1.18   0.237    -.0913134    .0226411
Tangkap+Budidaya  |  -.1024387   .0302626    -3.38   0.001    -.1619002   -.0429773
     Other/mixed  |  -.0785997   .0427161    -1.84   0.066    -.1625304     .005331
                  |
              kab |
            11 2  |  -.2356154   .0130048   -18.12   0.000    -.2611679   -.2100629
            11 3  |   -.250413   .0193255   -12.96   0.000    -.2883845   -.2124414
            11 4  |  -.3402972   .0150899   -22.55   0.000    -.3699465   -.3106479
            11 5  |   .1178214   .0189213     6.23   0.000     .0806438    .1549989
            11 6  |  -.2131947   .0144559   -14.75   0.000    -.2415984    -.184791
            11 7  |  -.0376913   .0133421    -2.82   0.005    -.0639065   -.0114761
            11 8  |  -.1410341   .0201553    -7.00   0.000    -.1806362    -.101432
            11 9  |  -.2413261   .0153267   -15.75   0.000    -.2714407   -.2112115
           11 10  |   -.218098   .0141451   -15.42   0.000    -.2458909   -.1903051
           11 11  |   .0058452   .0168631     0.35   0.729    -.0272883    .0389787
           11 12  |  -.4933501   .0186977   -26.39   0.000    -.5300882    -.456612
           11 13  |  -.2138885   .0141841   -15.08   0.000    -.2417581   -.1860189
           11 14  |  -.2795665   .0144236   -19.38   0.000    -.3079067   -.2512263
           11 15  |  -.1122862   .0137388    -8.17   0.000    -.1392808   -.0852916
           11 16  |  -.1773519   .0101117   -17.54   0.000      -.19722   -.1574839
           11 17  |  -.2812681    .015178   -18.53   0.000    -.3110906   -.2514457
           11 18  |   -.340873   .0140899   -24.19   0.000    -.3685576   -.3131884
           11 71  |   .0247408   .0473701     0.52   0.602    -.0683341    .1178158
           11 72  |  -.4521355   .0142901   -31.64   0.000    -.4802133   -.4240576
           11 73  |  -.3712876   .0208285   -17.83   0.000    -.4122125   -.3303627
           11 74  |  -.4604835    .035866   -12.84   0.000    -.5309546   -.3900123
           11 75  |  -.4641718   .0143697   -32.30   0.000     -.492406   -.4359375
            12 1  |   .2614844   .0199167    13.13   0.000      .222351    .3006178
            12 2  |  -.1143583   .0154323    -7.41   0.000    -.1446804   -.0840362
            12 3  |  -.2649819   .0151598   -17.48   0.000    -.2947686   -.2351951
            12 4  |  -.3740214   .0141645   -26.41   0.000    -.4018525   -.3461904
            12 5  |  -.0117215   .0145205    -0.81   0.420     -.040252    .0168091
            12 6  |   .3541993   .0147383    24.03   0.000     .3252408    .3831578
            12 7  |  -1.034247    .014274   -72.46   0.000    -1.062293     -1.0062
            12 8  |  -.6279768   .0215326   -29.16   0.000     -.670285   -.5856685
            12 9  |  -.2028501   .0150647   -13.47   0.000    -.2324498   -.1732503
           12 10  |  -.0477529   .0147661    -3.23   0.001    -.0767661   -.0187397
           12 11  |    .068691   .0151367     4.54   0.000     .0389498    .0984323
           12 12  |  -.6452107    .018816   -34.29   0.000    -.6821812   -.6082403
           12 13  |  -.7166289    .015749   -45.50   0.000    -.7475732   -.6856846
           12 14  |   .3141441   .0170328    18.44   0.000     .2806773     .347611
           12 15  |  -.0393392   .0155503    -2.53   0.012    -.0698931   -.0087853
           12 16  |  -.1678925   .0167858   -10.00   0.000    -.2008739    -.134911
           12 17  |   .2014576   .0148257    13.59   0.000     .1723273     .230588
           12 18  |   -.412602   .0161909   -25.48   0.000    -.4444147   -.3807893
           12 19  |  -.6736887   .0214203   -31.45   0.000    -.7157763   -.6316011
           12 20  |   .1430949   .0156186     9.16   0.000     .1124067    .1737831
           12 21  |  -.1754124   .0147726   -11.87   0.000    -.2044383   -.1463865
           12 22  |  -1.104955   .0158685   -69.63   0.000    -1.136134   -1.073776
           12 23  |  -.8717133   .0146124   -59.66   0.000    -.9004244   -.8430023
           12 24  |   .0284463   .0181543     1.57   0.118    -.0072241    .0641168
           12 25  |   .0129487   .0183944     0.70   0.482    -.0231935    .0490909
           12 71  |  -.7705362   .0274766   -28.04   0.000    -.8245234   -.7165489
           12 72  |  -.5592469   .1096017    -5.10   0.000    -.7745974   -.3438963
           12 73  |  -.6475459   .0201192   -32.19   0.000    -.6870771   -.6080147
           12 74  |  -.9176366   .0213525   -42.98   0.000     -.959591   -.8756822
           12 75  |  -1.416086   .0212439   -66.66   0.000    -1.457827   -1.374345
           12 76  |    -1.2933   .0237191   -54.53   0.000    -1.339905   -1.246696
           12 77  |  -.6476988   .0159157   -40.70   0.000    -.6789706    -.616427
           12 78  |  -.4123493   .0105778   -38.98   0.000    -.4331332   -.3915655
            13 1  |  -.2926579   .0186119   -15.72   0.000    -.3292274   -.2560884
            13 2  |  -.8260518   .0119992   -68.84   0.000    -.8496284   -.8024752
            13 3  |  -.8829919   .0150031   -58.85   0.000    -.9124708    -.853513
            13 4  |   -.829897    .017619   -47.10   0.000    -.8645157   -.7952783
            13 5  |  -1.151909   .0154024   -74.79   0.000    -1.182173   -1.121646
            13 6  |  -.7042073   .0134427   -52.39   0.000    -.7306201   -.6777944
            13 7  |   -.874448   .0155922   -56.08   0.000    -.9050843   -.8438118
            13 8  |  -.9245996   .0149308   -61.93   0.000    -.9539363   -.8952629
            13 9  |  -.9413407    .016919   -55.64   0.000     -.974584   -.9080975
           13 10  |  -1.110163   .0177317   -62.61   0.000    -1.145003   -1.075323
           13 11  |  -.9551732    .015488   -61.67   0.000    -.9856048   -.9247417
           13 12  |  -1.064128   .0134468   -79.14   0.000    -1.090549   -1.037707
           13 71  |  -.7372681   .0189347   -38.94   0.000     -.774472   -.7000642
           13 72  |  -.8798707   .0227454   -38.68   0.000     -.924562   -.8351794
           13 73  |  -.4646552    .018876   -24.62   0.000    -.5017436   -.4275668
           13 74  |  -1.062408   .0195628   -54.31   0.000    -1.100846    -1.02397
           13 75  |  -.9599562   .0222811   -43.08   0.000    -1.003735   -.9161773
           13 76  |  -.7073813   .0202121   -35.00   0.000     -.747095   -.6676676
           13 77  |  -.4546362   .0168169   -27.03   0.000    -.4876789   -.4215935
            14 1  |  -.3705187   .0149972   -24.71   0.000    -.3999859   -.3410514
            14 2  |  -.3622525   .0152815   -23.71   0.000    -.3922783   -.3322268
            14 3  |  -.6114929   .0167341   -36.54   0.000    -.6443728   -.5786131
            14 4  |  -.2874832   .0134032   -21.45   0.000    -.3138185    -.261148
            14 5  |  -.7692448   .0135442   -56.80   0.000     -.795857   -.7426326
            14 6  |  -.7458756   .0144649   -51.56   0.000     -.774297   -.7174543
            14 7  |  -.7947324   .0145779   -54.52   0.000    -.8233758    -.766089
            14 8  |  -.6413301   .0099023   -64.77   0.000    -.6607865   -.6218737
            14 9  |  -.8477978   .0135397   -62.62   0.000    -.8744012   -.8211943
           14 10  |  -.5707945   .0115144   -49.57   0.000    -.5934185   -.5481704
           14 71  |  -1.159471   .0208507   -55.61   0.000    -1.200439   -1.118502
           14 73  |  -.9359552   .0191929   -48.77   0.000    -.9736664    -.898244
            15 1  |  -.5356168   .0146272   -36.62   0.000     -.564357   -.5068766
            15 2  |  -.4797882   .0155351   -30.88   0.000    -.5103124    -.449264
            15 3  |  -.5758077   .0150642   -38.22   0.000    -.6054065   -.5462088
            15 4  |  -.6040745   .0157539   -38.34   0.000    -.6350284   -.5731206
            15 5  |  -.5480817   .0151873   -36.09   0.000    -.5779224    -.518241
            15 6  |  -.5603988   .0133911   -41.85   0.000    -.5867102   -.5340873
            15 7  |   -.470724   .0150369   -31.30   0.000    -.5002693   -.4411787
            15 8  |  -.8934124   .0161127   -55.45   0.000    -.9250714   -.8617533
            15 9  |  -.6990262   .0150899   -46.32   0.000    -.7286754   -.6693769
           15 71  |  -1.122198   .0228496   -49.11   0.000    -1.167094   -1.077302
           15 72  |  -.5617093    .017186   -32.68   0.000    -.5954772   -.5279415
            16 1  |  -.3416404   .0167794   -20.36   0.000    -.3746093   -.3086715
            16 2  |  -.2546852   .0147508   -17.27   0.000    -.2836682   -.2257022
            16 3  |  -.4966603   .0151046   -32.88   0.000    -.5263384   -.4669822
            16 4  |  -.1461846   .0149307    -9.79   0.000    -.1755213    -.116848
            16 5  |  -.5271504   .0161099   -32.72   0.000    -.5588039   -.4954968
            16 6  |   -.320263   .0156834   -20.42   0.000    -.3510785   -.2894474
            16 7  |  -.4381214   .0163794   -26.75   0.000    -.4703044   -.4059384
            16 8  |  -.1244591   .0159345    -7.81   0.000    -.1557681   -.0931502
            16 9  |   -.739832    .015376   -48.12   0.000    -.7700435   -.7096205
           16 10  |  -.3970645   .0160696   -24.71   0.000    -.4286388   -.3654901
           16 11  |  -.1052198   .0156985    -6.70   0.000    -.1360651   -.0743746
           16 12  |  -.7430623   .0155271   -47.86   0.000    -.7735707   -.7125539
           16 13  |  -.5632315   .0155681   -36.18   0.000    -.5938205   -.5326425
           16 71  |  -1.084152   .0252339   -42.96   0.000    -1.133733   -1.034572
           16 72  |  -.7128659   .0173379   -41.12   0.000    -.7469322   -.6787995
           16 73  |  -1.028915   .0155152   -66.32   0.000      -1.0594   -.9984304
           16 74  |  -.5708478     .01893   -30.16   0.000    -.6080425   -.5336532
            17 1  |  -.2153172   .0133312   -16.15   0.000     -.241511   -.1891234
            17 2  |  -.2740744   .0151049   -18.14   0.000    -.3037533   -.2443956
            17 3  |  -.0973722   .0128351    -7.59   0.000    -.1225911   -.0721533
            17 4  |  -.3405058   .0095768   -35.56   0.000    -.3593227   -.3216889
            17 5  |  -.0180221   .0158523    -1.14   0.256    -.0491694    .0131252
            17 6  |  -.1700573   .0135232   -12.58   0.000    -.1966283   -.1434863
            17 7  |  -.2393631   .0158766   -15.08   0.000    -.2705583   -.2081679
            17 8  |  -.3096091   .0156135   -19.83   0.000    -.3402872    -.278931
            17 9  |  -.0009694   .0185518    -0.05   0.958    -.0374209    .0354821
           17 71  |  -.2970309   .0610329    -4.87   0.000    -.4169513   -.1771105
            18 1  |    -.40553   .0153943   -26.34   0.000    -.4357775   -.3752826
            18 2  |  -.3604529   .0135146   -26.67   0.000     -.387007   -.3338988
            18 3  |  -.8025494   .0150841   -53.20   0.000    -.8321874   -.7729113
            18 4  |  -.9474618   .0152423   -62.16   0.000    -.9774106   -.9175129
            18 5  |  -.8140351   .0155613   -52.31   0.000    -.8446107   -.7834595
            18 6  |  -.4944926   .0154418   -32.02   0.000    -.5248334   -.4641518
            18 7  |  -.4238853     .01529   -27.72   0.000    -.4539278   -.3938427
            18 8  |  -.5253982   .0149047   -35.25   0.000    -.5546835   -.4961128
            18 9  |  -.7992945   .0143152   -55.84   0.000    -.8274217   -.7711674
           18 10  |  -.7267729   .0158608   -45.82   0.000    -.7579369   -.6956089
           18 11  |  -.4392706   .0162549   -27.02   0.000     -.471209   -.4073322
           18 12  |  -.6347068   .0164105   -38.68   0.000    -.6669509   -.6024627
           18 13  |  -.3178145   .0082531   -38.51   0.000    -.3340306   -.3015984
           18 71  |  -.8725886   .0244989   -35.62   0.000    -.9207251   -.8244521
           18 72  |   -1.42252   .0205431   -69.25   0.000    -1.462884   -1.382156
            19 1  |  -.5498379   .0277909   -19.78   0.000    -.6044429    -.495233
            19 2  |   .0913748   .0492037     1.86   0.064    -.0053029    .1880524
            19 3  |  -.3149787   .0235458   -13.38   0.000    -.3612425   -.2687148
            19 4  |  -.7209008   .0148032   -48.70   0.000    -.7499869   -.6918148
            19 5  |  -.4505858   .0155819   -28.92   0.000     -.481202   -.4199697
            19 6  |  -.3477496   .0380907    -9.13   0.000     -.422592   -.2729071
           19 71  |  -.5398734   .0256989   -21.01   0.000    -.5903678    -.489379
            21 1  |  -.3920672   .0159635   -24.56   0.000    -.4234329   -.3607014
            21 2  |  -.1875803   .0211135    -8.88   0.000     -.229065   -.1460955
            21 3  |   .2270796   .0162802    13.95   0.000     .1950915    .2590677
            21 4  |   .1289791   .0159401     8.09   0.000     .0976593    .1602989
            21 5  |   .1579664   .0188775     8.37   0.000      .120875    .1950577
           21 71  |  -1.412116   .0222069   -63.59   0.000     -1.45575   -1.368483
           21 72  |  -.9331868   .0200987   -46.43   0.000    -.9726777   -.8936958
            31 1  |  -.9636763   .0327762   -29.40   0.000    -1.028077   -.8992761
           31 71  |   -2.11548   .0258444   -81.85   0.000    -2.166261     -2.0647
           31 72  |  -2.226984   .0251983   -88.38   0.000    -2.276495   -2.177473
           31 73  |  -1.263248   .0276171   -45.74   0.000    -1.317511   -1.208984
           31 74  |  -2.109376   .0279596   -75.44   0.000    -2.164313    -2.05444
           31 75  |  -2.344364   .0349663   -67.05   0.000    -2.413068   -2.275661
            32 1  |  -1.447116   .0213785   -67.69   0.000    -1.489122   -1.405111
            32 2  |  -1.364964   .0158478   -86.13   0.000    -1.396102   -1.333825
            32 3  |  -1.207647   .0148938   -81.08   0.000    -1.236911   -1.178383
            32 4  |  -1.622869   .0249168   -65.13   0.000    -1.671827   -1.573912
            32 5  |  -1.416075   .0157898   -89.68   0.000      -1.4471   -1.385051
            32 6  |  -1.348691   .0155988   -86.46   0.000     -1.37934   -1.318041
            32 7  |  -1.197362   .0163815   -73.09   0.000    -1.229549   -1.165175
            32 8  |  -.7381547   .0168148   -43.90   0.000    -.7711932   -.7051161
            32 9  |   -.846432   .0232283   -36.44   0.000    -.8920722   -.8007919
           32 10  |  -.8845264   .0169008   -52.34   0.000    -.9177338    -.851319
           32 11  |  -.8745031   .0167682   -52.15   0.000    -.9074501   -.8415562
           32 12  |   -.958581   .0218102   -43.95   0.000    -1.001435   -.9157273
           32 13  |  -1.037993   .0155882   -66.59   0.000    -1.068622   -1.007365
           32 14  |  -.8833118    .021956   -40.23   0.000     -.926452   -.8401717
           32 15  |  -.9354502   .0189814   -49.28   0.000    -.9727457   -.8981548
           32 16  |   -1.61555   .0240367   -67.21   0.000    -1.662779   -1.568322
           32 17  |  -1.615162   .0193979   -83.26   0.000    -1.653276   -1.577048
           32 18  |  -1.098743   .0141273   -77.77   0.000    -1.126501   -1.070985
           32 71  |  -1.544356   .0229668   -67.24   0.000    -1.589482   -1.499229
           32 72  |   -1.48069   .0222437   -66.57   0.000    -1.524395   -1.436984
           32 73  |  -1.273306   .0226616   -56.19   0.000    -1.317833   -1.228779
           32 74  |  -1.716472   .0213685   -80.33   0.000    -1.758457   -1.674486
           32 75  |  -2.586757   .0260099   -99.45   0.000    -2.637862   -2.535652
           32 76  |   -2.25062   .0221461  -101.63   0.000    -2.294133   -2.207106
           32 77  |  -2.256723   .0285964   -78.92   0.000     -2.31291   -2.200535
           32 78  |  -1.617828   .0229997   -70.34   0.000    -1.663019   -1.572637
           32 79  |  -1.516765   .0179417   -84.54   0.000    -1.552018   -1.481512
            33 1  |  -.8179022   .0192631   -42.46   0.000    -.8557513   -.7800532
            33 2  |  -.9112078   .0179587   -50.74   0.000    -.9464938   -.8759218
            33 3  |   -.871879   .0181171   -48.12   0.000    -.9074763   -.8362816
            33 4  |  -.8507916   .0155637   -54.67   0.000     -.881372   -.8202113
            33 5  |  -.6208656   .0160272   -38.74   0.000    -.6523566   -.5893747
            33 6  |  -.2907685   .0166341   -17.48   0.000     -.323452    -.258085
            33 7  |   -.822857    .015686   -52.46   0.000    -.8536775   -.7920365
            33 8  |  -.8129723   .0165685   -49.07   0.000    -.8455269   -.7804178
            33 9  |  -.8551117     .01764   -48.48   0.000    -.8897715   -.8204519
           33 10  |  -.7265909   .0187711   -38.71   0.000    -.7634732   -.6897086
           33 11  |  -.8820947   .0216193   -40.80   0.000    -.9245734    -.839616
           33 12  |  -.5555732   .0155555   -35.72   0.000    -.5861375    -.525009
           33 13  |  -.8171011   .0193255   -42.28   0.000    -.8550728   -.7791294
           33 14  |  -.8556304   .0164498   -52.01   0.000    -.8879517   -.8233091
           33 15  |  -1.268478   .0159447   -79.55   0.000    -1.299807   -1.237149
           33 16  |  -.8325894   .0154948   -53.73   0.000    -.8630343   -.8021445
           33 17  |  -.7438286   .0195269   -38.09   0.000     -.782196   -.7054612
           33 18  |  -.8572984   .0164633   -52.07   0.000    -.8896462   -.8249507
           33 19  |  -1.216537   .0276176   -44.05   0.000    -1.270801   -1.162272
           33 20  |  -1.072196   .0368389   -29.10   0.000    -1.144579   -.9998133
           33 21  |  -.9527585   .0244518   -38.96   0.000    -1.000803   -.9047144
           33 22  |  -.9018629   .0216064   -41.74   0.000    -.9443163   -.8594096
           33 23  |  -.7562429    .015217   -49.70   0.000     -.786142   -.7263439
           33 24  |  -.7823019   .0206087   -37.96   0.000    -.8227948    -.741809
           33 25  |  -.8028896   .0188507   -42.59   0.000    -.8399284   -.7658508
           33 26  |  -.7127684   .0262034   -27.20   0.000     -.764254   -.6612829
           33 27  |  -.7948894   .0259337   -30.65   0.000    -.8458452   -.7439336
           33 28  |  -.7451027    .029608   -25.17   0.000    -.8032778   -.6869276
           33 29  |  -.9535199   .0205329   -46.44   0.000    -.9938638   -.9131759
           33 71  |  -1.255003   .0226697   -55.36   0.000    -1.299545    -1.21046
           33 72  |  -1.179862   .0225718   -52.27   0.000    -1.224212   -1.135512
           33 73  |   -1.49502   .0284765   -52.50   0.000    -1.550972   -1.439068
           33 74  |  -1.151753   .0225662   -51.04   0.000    -1.196092   -1.107414
           33 75  |  -1.214287   .0391694   -31.00   0.000    -1.291249   -1.137326
           33 76  |  -.7064078    .071349    -9.90   0.000    -.8465976   -.5662179
            34 1  |  -.9993831   .0157097   -63.62   0.000     -1.03025   -.9685159
            34 2  |   -1.31251   .0173546   -75.63   0.000     -1.34661   -1.278411
            34 3  |  -1.006863   .0132018   -76.27   0.000    -1.032802   -.9809235
            34 4  |  -1.431275   .0170691   -83.85   0.000    -1.464813   -1.397737
           34 71  |   -1.26482   .0224384   -56.37   0.000    -1.308908   -1.220732
            35 1  |  -.9308394   .0162012   -57.45   0.000    -.9626723   -.8990065
            35 2  |  -.9298439    .016227   -57.30   0.000    -.9617275   -.8979603
            35 3  |  -1.148077   .0173734   -66.08   0.000    -1.182213   -1.113941
            35 4  |  -.8755834   .0161641   -54.17   0.000    -.9073434   -.8438234
            35 5  |   -1.01353   .0149666   -67.72   0.000    -1.042937   -.9841233
            35 6  |   -1.08031    .016164   -66.83   0.000     -1.11207    -1.04855
            35 7  |  -1.345533   .0164609   -81.74   0.000    -1.377876    -1.31319
            35 8  |  -1.293278   .0151369   -85.44   0.000    -1.323019   -1.263536
            35 9  |  -1.755044   .0153645  -114.23   0.000    -1.785233   -1.724855
           35 10  |  -1.455028   .0156822   -92.78   0.000    -1.485841   -1.424215
           35 11  |  -1.208909   .0163304   -74.03   0.000    -1.240996   -1.176822
           35 12  |  -1.398448   .0175205   -79.82   0.000    -1.432874   -1.364023
           35 13  |  -1.283986   .0153455   -83.67   0.000    -1.314138   -1.253835
           35 14  |  -1.220913   .0182737   -66.81   0.000    -1.256818   -1.185008
           35 15  |  -1.050296   .0316494   -33.19   0.000    -1.112482   -.9881094
           35 16  |  -1.044855   .0221748   -47.12   0.000    -1.088426   -1.001285
           35 17  |  -1.272623     .01698   -74.95   0.000    -1.305986    -1.23926
           35 18  |  -1.053806   .0159556   -66.05   0.000    -1.085156   -1.022456
           35 19  |   -.904487   .0160728   -56.27   0.000    -.9360675   -.8729064
           35 20  |  -.8548376   .0156149   -54.75   0.000    -.8855184   -.8241567
           35 21  |  -1.025376   .0158294   -64.78   0.000    -1.056478   -.9942732
           35 22  |  -1.058968   .0153244   -69.10   0.000    -1.089078   -1.028858
           35 23  |  -1.016234   .0156696   -64.85   0.000    -1.047023   -.9854457
           35 24  |  -1.174374   .0163067   -72.02   0.000    -1.206414   -1.142334
           35 25  |  -1.001203   .0208539   -48.01   0.000    -1.042177   -.9602278
           35 26  |   -.868891   .0199028   -43.66   0.000    -.9079969    -.829785
           35 27  |  -1.684383   .0164387  -102.46   0.000    -1.716682   -1.652083
           35 28  |  -1.636074   .0264518   -61.85   0.000    -1.688048     -1.5841
           35 29  |   -1.27174   .0146482   -86.82   0.000    -1.300521   -1.242958
           35 71  |  -1.096941   .0222983   -49.19   0.000    -1.140754   -1.053128
           35 72  |  -1.159809   .0214892   -53.97   0.000    -1.202032   -1.117586
           35 73  |  -1.780104   .0222273   -80.09   0.000    -1.823777   -1.736431
           35 74  |  -1.350953   .0209008   -64.64   0.000     -1.39202   -1.309886
           35 75  |  -1.302065   .0245607   -53.01   0.000    -1.350323   -1.253807
           35 76  |  -1.125102   .0234744   -47.93   0.000    -1.171226   -1.078978
           35 77  |  -1.101825   .0221073   -49.84   0.000    -1.145262   -1.058387
           35 78  |  -1.242172    .028809   -43.12   0.000    -1.298778   -1.185567
           35 79  |  -1.478675   .0203895   -72.52   0.000    -1.518737   -1.438612
            36 1  |  -.8681326   .0195037   -44.51   0.000    -.9064544   -.8298107
            36 2  |  -1.060825   .0142826   -74.27   0.000    -1.088888   -1.032762
            36 3  |  -1.342416   .0333294   -40.28   0.000    -1.407903   -1.276929
            36 4  |  -.9884988   .0192401   -51.38   0.000    -1.026303   -.9506949
           36 71  |  -1.513767   .0288815   -52.41   0.000    -1.570515   -1.457019
           36 72  |  -1.563318   .0268865   -58.15   0.000    -1.616146    -1.51049
           36 73  |   -1.29403   .0204436   -63.30   0.000    -1.334198   -1.253861
           36 74  |  -1.915148   .0329161   -58.18   0.000    -1.979823   -1.850473
            51 1  |  -1.001614   .0153387   -65.30   0.000    -1.031752   -.9714753
            51 2  |  -.2709655   .0153444   -17.66   0.000    -.3011148   -.2408162
            51 3  |  -.8374115   .0224568   -37.29   0.000    -.8815357   -.7932874
            51 4  |  -.5912903   .0216249   -27.34   0.000    -.6337799   -.5488007
            51 5  |  -.2390616   .0143225   -16.69   0.000     -.267203   -.2109201
            51 6  |  -.0968983   .0163978    -5.91   0.000    -.1291175   -.0646792
            51 7  |  -.5152627   .0137789   -37.40   0.000    -.5423362   -.4881893
            51 8  |  -.6876511    .013599   -50.57   0.000    -.7143711    -.660931
           51 71  |  -1.141267   .0234627   -48.64   0.000    -1.187367   -1.095166
            52 1  |  -1.327585    .018061   -73.51   0.000    -1.363072   -1.292098
            52 2  |  -2.081398   .0149793  -138.95   0.000     -2.11083   -2.051966
            52 3  |  -1.448089   .0224683   -64.45   0.000    -1.492236   -1.403943
            52 4  |  -.6093959   .0122461   -49.76   0.000    -.6334577   -.5853342
            52 5  |  -1.244416   .0105632  -117.81   0.000    -1.265171   -1.223661
            52 6  |   -1.03027   .0127043   -81.10   0.000    -1.055232   -1.005308
            52 7  |   -.624219   .0138575   -45.05   0.000    -.6514468   -.5969912
            52 8  |  -1.603391   .0124787  -128.49   0.000     -1.62791   -1.578872
           52 71  |  -1.220586   .0206865   -59.00   0.000    -1.261232    -1.17994
           52 72  |  -.8847372    .017582   -50.32   0.000    -.9192831   -.8501913
            53 1  |  -.2834131   .0142947   -19.83   0.000       -.3115   -.2553263
            53 2  |  -.0045567   .0223599    -0.20   0.839    -.0484905     .039377
            53 3  |  -.0822042   .0107925    -7.62   0.000    -.1034098   -.0609986
            53 4  |  -.1383033   .0146897    -9.41   0.000    -.1671663   -.1094403
            53 5  |   -.232625   .0154253   -15.08   0.000    -.2629334   -.2023166
            53 6  |  -.2383729   .0137544   -17.33   0.000    -.2653982   -.2113476
            53 7  |  -.3648811   .0148057   -24.64   0.000    -.3939721   -.3357902
            53 8  |  -.2587476   .0122092   -21.19   0.000    -.2827368   -.2347584
            53 9  |   -.198343   .0088664   -22.37   0.000    -.2157642   -.1809218
           53 10  |  -.2327252   .0192175   -12.11   0.000    -.2704848   -.1949657
           53 11  |   .0861427   .0129387     6.66   0.000       .06072    .1115653
           53 12  |  -.0090772   .0112167    -0.81   0.419    -.0311164    .0129619
           53 13  |  -.0671237   .0160869    -4.17   0.000    -.0987319   -.0355154
           53 14  |   .2550034   .0094307    27.04   0.000     .2364735    .2735333
           53 15  |   .1437362   .0158371     9.08   0.000     .1126188    .1748536
           53 16  |   .1380593   .0129967    10.62   0.000     .1125229    .1635958
           53 17  |  -.3475749   .0127961   -27.16   0.000    -.3727172   -.3224326
           53 18  |  -.0551486   .0136836    -4.03   0.000    -.0820348   -.0282625
           53 19  |   .0462741   .0156085     2.96   0.003     .0156058    .0769424
           53 20  |   .5034705   .0142236    35.40   0.000     .4755233    .5314176
           53 21  |  -.0251143    .013376    -1.88   0.061    -.0513961    .0011675
           53 71  |  -.6228087   .0261377   -23.83   0.000    -.6741653   -.5714522
            61 1  |  -.5055154   .0159546   -31.68   0.000    -.5368636   -.4741671
            61 2  |  -.1759169   .0158578   -11.09   0.000    -.2070751   -.1447587
            61 3  |  -.0548183   .0163297    -3.36   0.001    -.0869036    -.022733
            61 4  |  -.9660331   .0121103   -79.77   0.000    -.9898281   -.9422382
            61 5  |  -.1407653   .0155711    -9.04   0.000      -.17136   -.1101705
            61 6  |   .1004353   .0151716     6.62   0.000     .0706254    .1302452
            61 7  |   .3699206   .0174202    21.24   0.000     .3356927    .4041485
            61 8  |   .1940197   .0163063    11.90   0.000     .1619803    .2260592
            61 9  |  -.1728485   .0160607   -10.76   0.000    -.2044054   -.1412916
           61 10  |  -.0301633   .0187197    -1.61   0.108    -.0669446     .006618
           61 11  |  -.2879824    .013299   -21.65   0.000    -.3141129   -.2618519
           61 12  |  -.8383476   .0156265   -53.65   0.000    -.8690513   -.8076439
           61 71  |  -1.535702   .0352384   -43.58   0.000     -1.60494   -1.466464
           61 72  |  -.9334481     .02505   -37.26   0.000    -.9826675   -.8842286
            62 1  |  -.3371499   .0153008   -22.03   0.000    -.3672137   -.3070862
            62 2  |  -.0337609   .0148674    -2.27   0.024    -.0629731   -.0045487
            62 3  |  -.3115878   .0222578   -14.00   0.000     -.355321   -.2678545
            62 4  |  -.6352616   .0200867   -31.63   0.000    -.6747288   -.5957944
            62 5  |  -.1619045   .0196433    -8.24   0.000    -.2005006   -.1233085
            62 6  |  -.2501239    .013634   -18.35   0.000    -.2769125   -.2233352
            62 7  |  -.1457299   .0155247    -9.39   0.000    -.1762335   -.1152263
            62 8  |   .0283639   .0151773     1.87   0.062    -.0014572    .0581851
            62 9  |   .0048726   .0262782     0.19   0.853      -.04676    .0565052
           62 10  |  -.4315784   .0250763   -17.21   0.000    -.4808495   -.3823073
           62 11  |  -.0034823   .0510781    -0.07   0.946     -.103843    .0968784
           62 12  |  -.4422551   .0194044   -22.79   0.000    -.4803818   -.4041284
           62 13  |   .0722012   .0311106     2.32   0.021     .0110738    .1333287
           62 71  |  -.8223506   .0288211   -28.53   0.000    -.8789797   -.7657216
            63 1  |  -.4166234   .0148439   -28.07   0.000    -.4457893   -.3874574
            63 2  |   .1919564   .0099833    19.23   0.000     .1723408     .211572
            63 3  |  -.5043454   .0151556   -33.28   0.000    -.5341238   -.4745671
            63 4  |  -.5270862   .0151873   -34.71   0.000    -.5569269   -.4972455
            63 5  |  -.4091229   .0154267   -26.52   0.000     -.439434   -.3788118
            63 6  |  -.7551744   .0159014   -47.49   0.000    -.7864182   -.7239305
            63 7  |  -.7505527   .0184263   -40.73   0.000    -.7867575   -.7143479
            63 8  |  -.8104741   .0178811   -45.33   0.000    -.8456078   -.7753404
            63 9  |  -.5692982   .0149984   -37.96   0.000    -.5987677   -.5398286
           63 10  |  -.2743188   .0171278   -16.02   0.000    -.3079722   -.2406653
           63 11  |  -.7124531   .0193648   -36.79   0.000    -.7505019   -.6744042
           63 71  |  -1.353423    .025196   -53.72   0.000    -1.402929   -1.303917
           63 72  |  -1.284128   .0196793   -65.25   0.000    -1.322794   -1.245461
            64 1  |   -.112588   .0134613    -8.36   0.000    -.1390375   -.0861386
            64 2  |   .2137812    .015418    13.87   0.000     .1834871    .2440753
            64 3  |  -.2891943    .019157   -15.10   0.000    -.3268348   -.2515538
            64 4  |   .1047672   .0143447     7.30   0.000     .0765819    .1329524
            64 5  |  -.1420383   .0169715    -8.37   0.000    -.1753847   -.1086919
            64 9  |  -.4557085   .0141992   -32.09   0.000    -.4836077   -.4278093
           64 11  |   .4347081   .0226517    19.19   0.000      .390201    .4792153
           64 71  |  -1.190605    .038578   -30.86   0.000    -1.266405   -1.114806
           64 72  |  -1.241345   .0208041   -59.67   0.000    -1.282222   -1.200468
           64 74  |  -1.324519   .0347982   -38.06   0.000    -1.392892   -1.256146
            65 1  |   .1751498   .0204899     8.55   0.000     .1348903    .2154094
            65 2  |  -.2422384   .0157116   -15.42   0.000    -.2731093   -.2113676
            65 3  |   .1515742   .0183051     8.28   0.000     .1156075    .1875409
            65 4  |   .3034905   .0186789    16.25   0.000     .2667894    .3401917
           65 71  |  -1.250324   .0371345   -33.67   0.000    -1.323288    -1.17736
            71 1  |  -.3516099   .0125288   -28.06   0.000    -.3762269   -.3269928
            71 2  |  -.1753281   .0143594   -12.21   0.000    -.2035422    -.147114
            71 3  |  -.0989784   .0104338    -9.49   0.000    -.1194792   -.0784776
            71 4  |   .2343364   .0068062    34.43   0.000     .2209633    .2477096
            71 5  |  -.1662116   .0123431   -13.47   0.000     -.190464   -.1419593
            71 6  |  -.1960287   .0135287   -14.49   0.000    -.2226105   -.1694468
            71 7  |  -.2626894   .0073323   -35.83   0.000    -.2770963   -.2482824
            71 8  |   .0566513   .0080923     7.00   0.000     .0407511    .0725515
            71 9  |  -.1260094   .0142542    -8.84   0.000    -.1540168    -.098002
           71 10  |  -.1478696   .0049602   -29.81   0.000    -.1576157   -.1381235
           71 11  |  -.3563683   .0141762   -25.14   0.000    -.3842224   -.3285143
           71 71  |  -.5782037   .0261387   -22.12   0.000    -.6295623   -.5268451
           71 72  |  -.2258186   .0368065    -6.14   0.000    -.2981378   -.1534995
           71 73  |  -.4147931   .0171369   -24.20   0.000    -.4484645   -.3811217
           71 74  |  -.9539147   .0167695   -56.88   0.000    -.9868641   -.9209653
            72 1  |  -.1867671    .009426   -19.81   0.000    -.2052878   -.1682464
            72 2  |   -.190199   .0069586   -27.33   0.000    -.2038716   -.1765263
            72 3  |  -.0942019   .0123567    -7.62   0.000    -.1184808   -.0699229
            72 4  |  -.2346544   .0138298   -16.97   0.000    -.2618279   -.2074809
            72 5  |  -.2402141   .0081876   -29.34   0.000    -.2563015   -.2241266
            72 6  |  -.3863169   .0105075   -36.77   0.000    -.4069627   -.3656712
            72 7  |   -.290754   .0080234   -36.24   0.000    -.3065187   -.2749893
            72 8  |  -.3963317   .0080248   -49.39   0.000    -.4120993   -.3805641
            72 9  |  -.3655894   .0105607   -34.62   0.000    -.3863396   -.3448392
           72 10  |  -.2996266   .0148724   -20.15   0.000    -.3288486   -.2704045
           72 11  |  -.1165799   .0145647    -8.00   0.000    -.1451973   -.0879625
           72 12  |    .077652   .0125868     6.17   0.000     .0529209     .102383
           72 71  |  -1.111127   .0199949   -55.57   0.000    -1.150414    -1.07184
            73 1  |   .0115773   .0067795     1.71   0.088    -.0017434    .0248981
            73 2  |  -.5735989   .0179583   -31.94   0.000    -.6088843   -.5383135
            73 3  |  -.9911674    .013736   -72.16   0.000    -1.018157   -.9641782
            73 4  |  -.9592056   .0134695   -71.21   0.000    -.9856711   -.9327402
            73 5  |  -.6299585   .0232938   -27.04   0.000    -.6757273   -.5841898
            73 6  |  -.7617367   .0195635   -38.94   0.000    -.8001761   -.7232973
            73 7  |   -.819933   .0266337   -30.79   0.000    -.8722642   -.7676018
            73 8  |  -.4585022   .0504186    -9.09   0.000    -.5575672   -.3594373
            73 9  |  -.4098386   .0242329   -16.91   0.000    -.4574525   -.3622248
           73 10  |  -.7811486   .0156664   -49.86   0.000    -.8119308   -.7503665
           73 11  |  -.3080968   .0165608   -18.60   0.000    -.3406363   -.2755573
           73 12  |  -.8484927   .0152039   -55.81   0.000    -.8783661   -.8186194
           73 13  |  -.3672621   .0142081   -25.85   0.000    -.3951789   -.3393453
           73 14  |  -.6893054   .0153361   -44.95   0.000    -.7194384   -.6591724
           73 15  |  -.7267874   .0135244   -53.74   0.000    -.7533608   -.7002139
           73 16  |  -.3059264   .0145826   -20.98   0.000    -.3345791   -.2772737
           73 17  |   -.244351   .0150407   -16.25   0.000    -.2739036   -.2147983
           73 18  |  -.2223796   .0150033   -14.82   0.000    -.2518588   -.1929004
           73 22  |  -.1312753   .0134004    -9.80   0.000    -.1576051   -.1049455
           73 25  |  -.2096088   .0163471   -12.82   0.000    -.2417283   -.1774893
           73 26  |  -.0477645   .0151934    -3.14   0.002    -.0776171   -.0179119
           73 71  |   -.801331    .052951   -15.13   0.000    -.9053717   -.6972903
           73 72  |  -1.251816    .018498   -67.67   0.000    -1.288162    -1.21547
           73 73  |   -.509068   .0270424   -18.82   0.000     -.562202   -.4559339
            74 1  |  -.4712258   .0114184   -41.27   0.000    -.4936611   -.4487905
            74 2  |  -.3530535   .0138163   -25.55   0.000    -.3802005   -.3259065
            74 3  |   .0823631   .0155344     5.30   0.000     .0518404    .1128858
            74 4  |  -.3020737   .0162869   -18.55   0.000    -.3340749   -.2700726
            74 5  |   .0222297   .0124202     1.79   0.074     -.002174    .0466335
            74 6  |   -.032105   .0203815    -1.58   0.116    -.0721516    .0079415
            74 7  |  -.7037174   .0096085   -73.24   0.000    -.7225966   -.6848381
            74 8  |  -.1853368   .0106585   -17.39   0.000    -.2062791   -.1643944
            74 9  |   .0905615     .01074     8.43   0.000     .0694591    .1116639
           74 10  |    .443523   .0171667    25.84   0.000     .4097932    .4772529
           74 11  |  -.0054582   .0150129    -0.36   0.716    -.0349562    .0240398
           74 12  |   .3643017   .0083829    43.46   0.000     .3478306    .3807729
           74 13  |  -.1759296   .0148013   -11.89   0.000     -.205012   -.1468472
           74 14  |  -.2927391    .015761   -18.57   0.000     -.323707   -.2617711
           74 15  |  -.4354591   .0084961   -51.25   0.000    -.4521526   -.4187656
           74 71  |  -.3942531   .0503539    -7.83   0.000    -.4931908   -.2953154
           74 72  |  -.6309142   .0229871   -27.45   0.000    -.6760802   -.5857481
            75 1  |  -.6938731    .015551   -44.62   0.000    -.7244284   -.6633178
            75 2  |  -.5645486    .014006   -40.31   0.000    -.5920683    -.537029
            75 3  |  -.6142234   .0114117   -53.82   0.000    -.6366456   -.5918011
            75 4  |  -.3721835   .0142857   -26.05   0.000    -.4002526   -.3441143
            75 5  |   -.365901   .0096193   -38.04   0.000    -.3848015   -.3470006
           75 71  |  -.5578111   .0279114   -19.99   0.000    -.6126527   -.5029696
            76 1  |  -.6823888   .0118956   -57.36   0.000    -.7057619   -.6590158
            76 2  |   -.565743    .018844   -30.02   0.000    -.6027686   -.5287174
            76 3  |  -.1459777   .0176128    -8.29   0.000    -.1805841   -.1113712
            76 4  |  -.4355927    .011409   -38.18   0.000    -.4580097   -.4131757
            76 5  |  -.6630341   .0101056   -65.61   0.000      -.68289   -.6431782
            76 6  |  -.5298752   .0141238   -37.52   0.000    -.5576263   -.5021241
            81 1  |  -.1132719   .0198519    -5.71   0.000     -.152278   -.0742659
            81 2  |  -.1585165   .0183679    -8.63   0.000    -.1946066   -.1224263
            81 3  |  -.8050398   .0179357   -44.88   0.000    -.8402807   -.7697989
            81 4  |   -.361361   .0122437   -29.51   0.000    -.3854181   -.3373039
            81 5  |   .1265281   .0295075     4.29   0.000     .0685503    .1845058
            81 6  |  -.4109183   .0164735   -24.94   0.000    -.4432861   -.3785505
            81 7  |  -.1144316    .019911    -5.75   0.000    -.1535536   -.0753095
            81 8  |   .3687725    .013774    26.77   0.000     .3417087    .3958364
            81 9  |  -.2003494   .0212354    -9.43   0.000    -.2420737   -.1586251
           81 71  |  -.5523944   .0241149   -22.91   0.000    -.5997765   -.5050122
           81 72  |  -.3205137   .0183124   -17.50   0.000    -.3564947   -.2845327
            82 1  |  -.0755547   .0174921    -4.32   0.000     -.109924   -.0411853
            82 2  |  -.1593407   .0193063    -8.25   0.000    -.1972747   -.1214068
            82 3  |  -.3785158   .0158951   -23.81   0.000    -.4097473   -.3472844
            82 4  |  -.0223414   .0239029    -0.93   0.350    -.0693069    .0246241
            82 5  |  -.0646691   .0160388    -4.03   0.000    -.0961829   -.0331553
            82 6  |  -.0385528    .008101    -4.76   0.000    -.0544701   -.0226355
            82 7  |  -.0395723   .0090228    -4.39   0.000    -.0573007   -.0218439
            82 8  |   .0098272   .0148332     0.66   0.508    -.0193178    .0389723
           82 71  |  -.3918604   .0221789   -17.67   0.000    -.4354386   -.3482822
           82 72  |  -.3995957   .0150168   -26.61   0.000    -.4291014     -.37009
            91 1  |   .3481316     .02033    17.12   0.000     .3081863    .3880769
            91 2  |   .4702941    .036294    12.96   0.000     .3989819    .5416064
            91 3  |   .3541606   .0207166    17.10   0.000     .3134557    .3948656
            91 4  |   .6405736   .0281449    22.76   0.000     .5852731    .6958741
            91 5  |   .2383856   .0136212    17.50   0.000      .211622    .2651492
           91 11  |   .4505923   .0241641    18.65   0.000     .4031135    .4980711
           91 12  |   .9364599   .0244517    38.30   0.000     .8884161    .9845037
            92 1  |    .453851     .02686    16.90   0.000     .4010751    .5066268
            92 2  |   .5092603   .0234085    21.76   0.000     .4632662    .5552545
            92 3  |   .4272814   .0354733    12.05   0.000     .3575818    .4969809
            92 4  |    .822681   .0281883    29.19   0.000     .7672952    .8780667
            92 5  |   .9776503   .0223124    43.82   0.000     .9338098    1.021491
           92 71  |  -.3015249   .0386572    -7.80   0.000    -.3774804   -.2255693
            94 3  |   .1772813   .0194575     9.11   0.000     .1390502    .2155123
            94 8  |   .3958901   .0217867    18.17   0.000     .3530825    .4386976
            94 9  |   .4620028   .0145205    31.82   0.000     .4334722    .4905335
           94 19  |   .5678272   .0221825    25.60   0.000      .524242    .6114125
           94 20  |   .4897924   .0278476    17.59   0.000     .4350761    .5445087
           94 26  |    .756881   .0194295    38.96   0.000      .718705     .795057
           94 27  |   .3345822   .0238003    14.06   0.000     .2878183    .3813461
           94 28  |   .5993366   .0412615    14.53   0.000     .5182641    .6804092
           94 71  |  -.6327072   .0290679   -21.77   0.000    -.6898213   -.5755932
            95 1  |   .3179629   .0234451    13.56   0.000      .271897    .3640289
            95 2  |   .4710327   .0562843     8.37   0.000     .3604427    .5816227
            95 3  |   .7650026    .030061    25.45   0.000     .7059373    .8240679
            95 4  |   .9050191    .034465    26.26   0.000     .8373006    .9727377
            96 1  |   .5860129   .0218974    26.76   0.000     .5429878     .629038
            96 2  |   1.173203     .02535    46.28   0.000     1.123394    1.223012
            96 3  |   1.030436   .0149896    68.74   0.000     1.000983    1.059888
            96 4  |   .1821986   .0219165     8.31   0.000     .1391361    .2252611
            96 5  |   1.191122   .0175722    67.78   0.000     1.156595    1.225649
            96 6  |   1.441735   .0190924    75.51   0.000     1.404221    1.479248
            96 7  |   1.066167   .0206984    51.51   0.000     1.025497    1.106836
            96 8  |   1.130172   .0216822    52.12   0.000      1.08757    1.172775
            97 1  |    1.21748   .0398847    30.52   0.000     1.139112    1.295847
            97 2  |   .8718881    .017845    48.86   0.000     .8368255    .9069507
            97 3  |     .97391   .0301016    32.35   0.000     .9147649    1.033055
            97 4  |   .8518995   .0407542    20.90   0.000     .7718237    .9319754
            97 5  |   1.086196   .0219674    49.45   0.000     1.043034    1.129359
            97 6  |   1.177846    .024046    48.98   0.000     1.130599    1.225092
            97 7  |   1.575794    .022362    70.47   0.000     1.531856    1.619732
            97 8  |   1.066418   .0500494    21.31   0.000     .9680788    1.164758
                  |
            _cons |   1.122759   .0843183    13.32   0.000     .9570863    1.288431
-----------------------------------------------------------------------------------
      name:  <unnamed>
       log:  /Users/athamawardi/Desktop/Research-Projects/PSE_Pertamina/Output/hurdle/welfaregrid_Edu_z_Ker10_w1.log
  log type:  text
 closed on:  20 Jan 2026, 18:52:39
---------------------------------------------------------------------------------------------------------------------------------------------------------------------------------------------------------------------------------------------------------------
