---------------------------------------------------------------------------------------------------------------------------------------------------------------------------------------------------------------------------------------------------------------
      name:  <unnamed>
       log:  /Users/athamawardi/Desktop/Research-Projects/PSE_Pertamina/Output/hurdle/welfaregrid_Wbasic_z_C15_w1.log
  log type:  text
 opened on:  20 Jan 2026, 18:53:15
RUN: reg Wbasic_z on basepre=C15_w1 + controls
note: 2.r308b1e omitted because of collinearity.
note: 3.r309b omitted because of collinearity.
note: 4.r309d omitted because of collinearity.
note: 2.r309e omitted because of collinearity.
note: 5.r403c1 omitted because of collinearity.
note: 4.r403c2 omitted because of collinearity.

Linear regression                               Number of obs     =     84,276
                                                F(38, 487)        =          .
                                                Prob > F          =          .
                                                R-squared         =     0.8209
                                                Root MSE          =     .42456

                                  (Std. err. adjusted for 488 clusters in nama_kab)
-----------------------------------------------------------------------------------
                  |               Robust
         Wbasic_z | Coefficient  std. err.      t    P>|t|     [95% conf. interval]
------------------+----------------------------------------------------------------
           C15_w1 |   .0401866   .0083657     4.80   0.000     .0237492     .056624
                  |
          r308b1d |
               1  |   .0043862   .0297537     0.15   0.883    -.0540753    .0628478
               2  |  -.0319315   .0272276    -1.17   0.241    -.0854295    .0215665
                  |
          r308b1e |
               1  |   .0157803   .0175971     0.90   0.370    -.0187953    .0503559
               2  |          0  (omitted)
                  |
            r309a |
               2  |   .1945413   .0260609     7.46   0.000     .1433356    .2457469
               3  |   .2742901   .0385219     7.12   0.000     .1986005    .3499798
                  |
            r309b |
               1  |   .0621895   .0208095     2.99   0.003      .021302    .1030769
               2  |    .073438   .0227974     3.22   0.001     .0286446    .1182314
               3  |          0  (omitted)
                  |
            r309d |
               1  |  -.1833639   .0277556    -6.61   0.000    -.2378994   -.1288284
               2  |  -.0786966    .019287    -4.08   0.000    -.1165925   -.0408007
               3  |  -.0406787   .0182714    -2.23   0.026    -.0765791   -.0047783
               4  |          0  (omitted)
                  |
            r309e |
               1  |   .0394269    .011084     3.56   0.000     .0176486    .0612052
               2  |          0  (omitted)
                  |
           2.r310 |   .0234536   .0110298     2.13   0.034     .0017817    .0451256
                  |
            r403a |
               2  |    .340096   .0601629     5.65   0.000     .2218851     .458307
               3  |   .3813255   .0561608     6.79   0.000      .270978    .4916729
               4  |   .5201501    .103615     5.02   0.000     .3165624    .7237378
               5  |   .2332151   .1384551     1.68   0.093    -.0388281    .5052582
               6  |   .3738666   .0559571     6.68   0.000     .2639194    .4838138
               7  |   .5384689    .053311    10.10   0.000     .4337209    .6432169
               8  |   .4770367   .0631861     7.55   0.000     .3528858    .6011877
               9  |   .4508886    .057601     7.83   0.000     .3377114    .5640658
              11  |   1.040256    .053366    19.49   0.000     .9353996    1.145112
              13  |   .5379539   .3523741     1.53   0.127    -.1544073    1.230315
              14  |   .5319107   .1532689     3.47   0.001     .2307607    .8330607
              15  |    .781119   .0593131    13.17   0.000     .6645779    .8976602
              16  |   .4940208   .0718806     6.87   0.000     .3527863    .6352553
              17  |   .5995075   .1189836     5.04   0.000     .3657228    .8332921
              18  |   .1566705    .217427     0.72   0.472    -.2705404    .5838814
              19  |   .5177211   .0539597     9.59   0.000     .4116985    .6237437
              20  |  -.3802738   .3027077    -1.26   0.210    -.9750482    .2145005
                  |
           r403c1 |
               1  |   .1061234   .0497618     2.13   0.033     .0083491    .2038977
               2  |   .0555062   .0495217     1.12   0.263    -.0417964    .1528087
               3  |  -.0127425   .0498124    -0.26   0.798    -.1106162    .0851313
               4  |   .0206215    .057909     0.36   0.722    -.0931609    .1344039
               5  |          0  (omitted)
                  |
           r403c2 |
               1  |   .1607771   .0136548    11.77   0.000     .1339475    .1876066
               2  |    .079322   .0147262     5.39   0.000     .0503873    .1082566
               3  |   .0041047   .0178272     0.23   0.818     -.030923    .0391323
               4  |          0  (omitted)
                  |
         y_combo3 |
    Tangkap-only  |   .0340851   .0249598     1.37   0.173    -.0149571    .0831273
Tangkap+Budidaya  |   .0722123   .0255922     2.82   0.005     .0219276     .122497
     Other/mixed  |   .0727819   .0353387     2.06   0.040     .0033467    .1422171
                  |
              kab |
            11 2  |   .9564401    .012469    76.71   0.000     .9319404    .9809398
            11 3  |   1.176378   .0136232    86.35   0.000     1.149611    1.203146
            11 4  |   1.093785   .0133768    81.77   0.000     1.067502    1.120069
            11 5  |    1.00746   .0148973    67.63   0.000     .9781893    1.036731
            11 6  |   1.259568   .0134787    93.45   0.000     1.233084    1.286052
            11 7  |   1.065194   .0121859    87.41   0.000     1.041251    1.089138
            11 8  |   1.338103   .0167097    80.08   0.000     1.305271    1.370935
            11 9  |   1.250913   .0133277    93.86   0.000     1.224726      1.2771
           11 10  |   1.143954   .0125481    91.17   0.000     1.119299    1.168609
           11 11  |   1.099564   .0145975    75.33   0.000     1.070883    1.128246
           11 12  |      1.423   .0137157   103.75   0.000     1.396051    1.449949
           11 13  |   1.394679   .0136903   101.87   0.000      1.36778    1.421579
           11 14  |   1.158157   .0131162    88.30   0.000     1.132386    1.183928
           11 15  |   1.234112   .0125414    98.40   0.000      1.20947    1.258754
           11 16  |   1.454997   .0098026   148.43   0.000     1.435736    1.474257
           11 17  |   1.379472   .0136148   101.32   0.000     1.352721    1.406223
           11 18  |   1.300349   .0125026   104.01   0.000     1.275783    1.324914
           11 71  |   1.495623   .0320546    46.66   0.000     1.432641    1.558605
           11 72  |    1.33888   .0121407   110.28   0.000     1.315026    1.362735
           11 73  |   1.484589   .0170662    86.99   0.000     1.451057    1.518122
           11 74  |   1.400753   .0221479    63.25   0.000     1.357236    1.444271
           11 75  |   .8955653   .0135838    65.93   0.000     .8688752    .9222555
            12 1  |   .0040905   .0164177     0.25   0.803    -.0281679    .0363488
            12 2  |    1.05837   .0147405    71.80   0.000     1.029407    1.087333
            12 3  |   1.058913   .0143135    73.98   0.000     1.030789    1.087037
            12 4  |   1.052449   .0128039    82.20   0.000     1.027292    1.077607
            12 5  |    1.09689   .0141002    77.79   0.000     1.069186    1.124595
            12 6  |   1.144889   .0136913    83.62   0.000     1.117988     1.17179
            12 7  |   1.424007   .0128648   110.69   0.000      1.39873    1.449284
            12 8  |   1.108553    .014787    74.97   0.000     1.079499    1.137607
            12 9  |   1.130177   .0137056    82.46   0.000     1.103247    1.157106
           12 10  |   1.083469   .0134681    80.45   0.000     1.057006    1.109932
           12 11  |   1.152071   .0138664    83.08   0.000     1.124825    1.179316
           12 12  |   1.258574   .0145557    86.47   0.000     1.229974    1.287174
           12 13  |   1.091595   .0136945    79.71   0.000     1.064688    1.118503
           12 14  |  -.1502206   .0146461   -10.26   0.000     -.178998   -.1214432
           12 15  |   .9675235   .0147499    65.60   0.000     .9385422    .9965048
           12 16  |   1.144359   .0153827    74.39   0.000     1.114134    1.174584
           12 17  |   1.164935   .0140301    83.03   0.000     1.137368    1.192502
           12 18  |   1.183104   .0142525    83.01   0.000       1.1551    1.211108
           12 19  |   1.327254   .0161262    82.30   0.000     1.295568     1.35894
           12 20  |   .6374018   .0142979    44.58   0.000     .6093086    .6654951
           12 21  |    .697022   .0138885    50.19   0.000     .6697332    .7243109
           12 22  |   1.655879   .0145381   113.90   0.000     1.627314    1.684444
           12 23  |   1.285573   .0133126    96.57   0.000     1.259416     1.31173
           12 24  |   .0255084   .0146208     1.74   0.082    -.0032193    .0542361
           12 25  |   .1436621   .0140084    10.26   0.000     .1161377    .1711864
           12 71  |   1.410768    .016487    85.57   0.000     1.378373    1.443162
           12 72  |   1.393962   .0302039    46.15   0.000     1.334616    1.453308
           12 73  |   1.597029   .0161584    98.84   0.000      1.56528    1.628778
           12 74  |     1.4666   .0165961    88.37   0.000     1.433992    1.499209
           12 75  |   1.583724   .0162621    97.39   0.000     1.551772    1.615677
           12 76  |   1.405919   .0167886    83.74   0.000     1.372932    1.438906
           12 77  |   1.224806   .0141878    86.33   0.000      1.19693    1.252683
           12 78  |   .7586489   .0098661    76.89   0.000     .7392634    .7780344
            13 1  |  -.6281341   .0171324   -36.66   0.000    -.6617967   -.5944715
            13 2  |   .9862196   .0110578    89.19   0.000     .9644928    1.007946
            13 3  |   1.219369   .0144715    84.26   0.000     1.190935    1.247804
            13 4  |   1.278414   .0168257    75.98   0.000     1.245354    1.311473
            13 5  |   1.377165   .0137645   100.05   0.000     1.350119     1.40421
            13 6  |   1.248801   .0118573   105.32   0.000     1.225503    1.272099
            13 7  |   1.314341   .0141244    93.05   0.000     1.286588    1.342093
            13 8  |   1.391007   .0142038    97.93   0.000     1.363099    1.418915
            13 9  |    1.12205   .0164422    68.24   0.000     1.089744    1.154357
           13 10  |   1.307161   .0152147    85.91   0.000     1.277266    1.337056
           13 11  |   1.547913   .0147623   104.86   0.000     1.518908    1.576919
           13 12  |   1.146962   .0125482    91.40   0.000     1.122307    1.171617
           13 71  |    1.27584   .0140063    91.09   0.000     1.248319     1.30336
           13 72  |   1.332093   .0173707    76.69   0.000     1.297962    1.366223
           13 73  |   1.471214   .0166302    88.47   0.000     1.438539     1.50389
           13 74  |   1.329657    .016703    79.61   0.000     1.296838    1.362476
           13 75  |   1.397918   .0172588    81.00   0.000     1.364008    1.431829
           13 76  |   1.428182    .016099    88.71   0.000      1.39655    1.459814
           13 77  |   1.390087    .013401   103.73   0.000     1.363756    1.416417
            14 1  |   1.166957   .0138364    84.34   0.000      1.13977    1.194143
            14 2  |   1.170688   .0143104    81.81   0.000      1.14257    1.198806
            14 3  |   1.393434   .0140954    98.86   0.000     1.365738    1.421129
            14 4  |   1.520308   .0123011   123.59   0.000     1.496138    1.544477
            14 5  |   1.432085   .0124216   115.29   0.000     1.407679    1.456492
            14 6  |    1.25292    .013461    93.08   0.000     1.226472    1.279369
            14 7  |   1.327396   .0137151    96.78   0.000     1.300448    1.354345
            14 8  |   1.557442   .0088749   175.49   0.000     1.540004     1.57488
            14 9  |   1.157144   .0126374    91.56   0.000     1.132313    1.181975
           14 10  |   1.078134    .009405   114.63   0.000     1.059654    1.096613
           14 71  |   1.512324   .0163333    92.59   0.000     1.480232    1.544417
           14 73  |    1.42848   .0134567   106.15   0.000     1.402039     1.45492
            15 1  |   1.246664   .0140417    88.78   0.000     1.219075    1.274254
            15 2  |   1.072693   .0145357    73.80   0.000     1.044132    1.101253
            15 3  |   1.273734   .0137382    92.71   0.000      1.24674    1.300727
            15 4  |   1.328699   .0149213    89.05   0.000      1.29938    1.358017
            15 5  |   1.332797   .0138795    96.03   0.000     1.305526    1.360068
            15 6  |   1.472201    .011842   124.32   0.000     1.448933    1.495469
            15 7  |    1.43681   .0139773   102.80   0.000     1.409347    1.464273
            15 8  |   1.381318    .014892    92.76   0.000     1.352057    1.410578
            15 9  |    1.31197   .0139758    93.87   0.000      1.28451     1.33943
           15 71  |   1.565248   .0169275    92.47   0.000     1.531988    1.598508
           15 72  |   1.314248   .0145821    90.13   0.000     1.285596    1.342899
            16 1  |    1.22382   .0150141    81.51   0.000      1.19432    1.253321
            16 2  |   1.201498   .0135735    88.52   0.000     1.174828    1.228168
            16 3  |   1.364645   .0139619    97.74   0.000     1.337212    1.392078
            16 4  |   1.532004   .0135954   112.69   0.000     1.505292    1.558717
            16 5  |    1.30036   .0148418    87.61   0.000     1.271198    1.329522
            16 6  |   1.439307   .0145564    98.88   0.000     1.410706    1.467908
            16 7  |   1.201286   .0151512    79.29   0.000     1.171516    1.231056
            16 8  |   .9977119   .0142457    70.04   0.000     .9697214    1.025703
            16 9  |   1.246995   .0139469    89.41   0.000     1.219592    1.274399
           16 10  |   .9989655   .0141489    70.60   0.000     .9711651    1.026766
           16 11  |   1.251602   .0144931    86.36   0.000     1.223125    1.280079
           16 12  |   1.365738   .0142374    95.93   0.000     1.337764    1.393712
           16 13  |   1.269892   .0146991    86.39   0.000      1.24101    1.298773
           16 71  |   1.573064   .0170336    92.35   0.000     1.539595    1.606532
           16 72  |   1.532229   .0153364    99.91   0.000     1.502095    1.562363
           16 73  |   1.561488   .0143488   108.82   0.000     1.533295    1.589681
           16 74  |   1.419381    .015538    91.35   0.000     1.388851     1.44991
            17 1  |   .9128239   .0117635    77.60   0.000     .8897103    .9359374
            17 2  |   1.223103   .0138024    88.62   0.000     1.195983    1.250222
            17 3  |   1.218594   .0117852   103.40   0.000     1.195437     1.24175
            17 4  |   1.625852   .0087531   185.74   0.000     1.608653    1.643051
            17 5  |   .9798638   .0132065    74.20   0.000      .953915    1.005813
            17 6  |   1.304605   .0125414   104.02   0.000     1.279963    1.329247
            17 7  |   1.156942   .0140519    82.33   0.000     1.129333    1.184552
            17 8  |   1.240626   .0141545    87.65   0.000     1.212815    1.268438
            17 9  |    1.02536   .0152999    67.02   0.000     .9952983    1.055422
           17 71  |   1.265281   .0304498    41.55   0.000     1.205452    1.325111
            18 1  |   1.224977   .0139304    87.94   0.000     1.197606    1.252348
            18 2  |   1.160626   .0120492    96.32   0.000     1.136951    1.184301
            18 3  |   1.149898   .0132695    86.66   0.000     1.123825    1.175971
            18 4  |   1.423866   .0139101   102.36   0.000     1.396535    1.451198
            18 5  |   1.480081   .0141043   104.94   0.000     1.452368    1.507794
            18 6  |   1.189765   .0140014    84.97   0.000     1.162254    1.217276
            18 7  |   1.309515   .0142189    92.10   0.000     1.281577    1.337453
            18 8  |   1.443027   .0137346   105.06   0.000     1.416041    1.470014
            18 9  |   1.265292   .0128623    98.37   0.000     1.240019    1.290564
           18 10  |   1.478756   .0138951   106.42   0.000     1.451454    1.506058
           18 11  |   1.426616   .0151939    93.89   0.000     1.396762     1.45647
           18 12  |   1.542332   .0150415   102.54   0.000     1.512778    1.571886
           18 13  |   .7850839   .0055092   142.50   0.000     .7742591    .7959086
           18 71  |   1.593311   .0186839    85.28   0.000       1.5566    1.630022
           18 72  |   1.455885   .0161902    89.92   0.000     1.424074    1.487697
            19 1  |   1.615663   .0175964    91.82   0.000     1.581088    1.650237
            19 2  |   1.316651   .0207191    63.55   0.000     1.275941     1.35736
            19 3  |   1.428385   .0145411    98.23   0.000     1.399814    1.456957
            19 4  |   1.642154   .0122705   133.83   0.000     1.618044    1.666263
            19 5  |   1.462968   .0146493    99.87   0.000     1.434185    1.491752
            19 6  |   1.400961   .0187969    74.53   0.000     1.364028    1.437894
           19 71  |   1.529335   .0193133    79.19   0.000     1.491387    1.567283
            21 1  |   1.154319   .0120876    95.50   0.000     1.130569    1.178069
            21 2  |   1.310684   .0158697    82.59   0.000     1.279503    1.341866
            21 3  |   .5893885   .0130017    45.33   0.000     .5638421    .6149349
            21 4  |   .6431541   .0137329    46.83   0.000      .616171    .6701373
            21 5  |   .4467277    .016379    27.27   0.000     .4145456    .4789099
           21 71  |   1.500419   .0170045    88.24   0.000     1.467008     1.53383
           21 72  |    1.29406   .0169915    76.16   0.000     1.260674    1.327446
            31 1  |   1.313881   .0281477    46.68   0.000     1.258575    1.369187
           31 71  |   1.668481   .0181259    92.05   0.000     1.632866    1.704096
           31 72  |   1.500155   .0187367    80.07   0.000      1.46334     1.53697
           31 73  |   1.500983   .0229841    65.31   0.000     1.455823    1.546143
           31 74  |    1.63925   .0204162    80.29   0.000     1.599136    1.679365
           31 75  |   1.639406   .0225774    72.61   0.000     1.595045    1.683768
            32 1  |   1.433308   .0162292    88.32   0.000      1.40142    1.465196
            32 2  |   1.247415   .0135072    92.35   0.000     1.220876    1.273955
            32 3  |   1.379587   .0131589   104.84   0.000     1.353732    1.405442
            32 4  |    1.55941   .0192365    81.06   0.000     1.521613    1.597207
            32 5  |   1.385756   .0135965   101.92   0.000     1.359041    1.412471
            32 6  |   1.337428   .0136216    98.18   0.000     1.310664    1.364192
            32 7  |   1.581894   .0141657   111.67   0.000      1.55406    1.609727
            32 8  |   1.596933   .0143662   111.16   0.000     1.568706    1.625161
            32 9  |   1.335347   .0158347    84.33   0.000     1.304234     1.36646
           32 10  |   1.524519   .0143165   106.49   0.000     1.496389    1.552648
           32 11  |    1.57696   .0147287   107.07   0.000     1.548021      1.6059
           32 12  |   1.506391   .0164056    91.82   0.000     1.474156    1.538626
           32 13  |   1.525096   .0134844   113.10   0.000     1.498601    1.551591
           32 14  |   1.323675   .0164219    80.60   0.000     1.291408    1.355941
           32 15  |    1.38796   .0152833    90.82   0.000     1.357931    1.417989
           32 16  |   1.408055    .018401    76.52   0.000       1.3719    1.444211
           32 17  |   1.474676   .0149266    98.80   0.000     1.445348    1.504005
           32 18  |   1.456847    .012358   117.89   0.000     1.432565    1.481128
           32 71  |   1.852891   .0169572   109.27   0.000     1.819572    1.886209
           32 72  |   1.486413   .0171883    86.48   0.000      1.45264    1.520185
           32 73  |   1.698006   .0170482    99.60   0.000     1.664509    1.731503
           32 74  |   1.921783   .0156588   122.73   0.000     1.891016     1.95255
           32 75  |   1.809523   .0176032   102.80   0.000     1.774936    1.844111
           32 76  |   1.691539   .0170092    99.45   0.000     1.658118    1.724959
           32 77  |   1.661674   .0214046    77.63   0.000     1.619617    1.703731
           32 78  |   1.704124   .0173214    98.38   0.000      1.67009    1.738158
           32 79  |   1.717273   .0150968   113.75   0.000     1.687611    1.746936
            33 1  |   1.451941   .0146102    99.38   0.000     1.423234    1.480648
            33 2  |   1.478322   .0148357    99.65   0.000     1.449173    1.507472
            33 3  |   1.487668   .0150397    98.92   0.000     1.458117    1.517219
            33 4  |   1.562355   .0139302   112.16   0.000     1.534984    1.589726
            33 5  |   1.577322   .0136746   115.35   0.000     1.550454    1.604191
            33 6  |   1.471171   .0141167   104.21   0.000     1.443434    1.498908
            33 7  |    1.68013   .0139707   120.26   0.000      1.65268     1.70758
            33 8  |   1.487356   .0141357   105.22   0.000     1.459581     1.51513
            33 9  |   1.572373   .0148642   105.78   0.000     1.543168    1.601579
           33 10  |   1.713993   .0152227   112.59   0.000     1.684083    1.743903
           33 11  |   1.446092   .0170341    84.89   0.000     1.412623    1.479562
           33 12  |   1.348475   .0136922    98.48   0.000     1.321572    1.375378
           33 13  |   1.512577   .0156548    96.62   0.000     1.481817    1.543336
           33 14  |   1.450089    .014095   102.88   0.000     1.422394    1.477783
           33 15  |   1.621735   .0138687   116.93   0.000     1.594485    1.648985
           33 16  |   1.462356   .0142362   102.72   0.000     1.434384    1.490328
           33 17  |   1.323642   .0151917    87.13   0.000     1.293793    1.353491
           33 18  |   1.568531   .0141067   111.19   0.000     1.540814    1.596249
           33 19  |   1.627951   .0209066    77.87   0.000     1.586873     1.66903
           33 20  |   1.426238   .0240584    59.28   0.000     1.378967    1.473509
           33 21  |   1.402556   .0161906    86.63   0.000     1.370744    1.434368
           33 22  |   1.598159   .0171428    93.23   0.000     1.564476    1.631841
           33 23  |    1.49968   .0135425   110.74   0.000     1.473072    1.526289
           33 24  |   1.505902    .016363    92.03   0.000     1.473751    1.538053
           33 25  |   1.313778   .0151066    86.97   0.000     1.284096     1.34346
           33 26  |   1.468715   .0195566    75.10   0.000      1.43029    1.507141
           33 27  |   1.455906    .018237    79.83   0.000     1.420073    1.491739
           33 28  |   1.368258   .0198237    69.02   0.000     1.329307    1.407208
           33 29  |   1.386185   .0161671    85.74   0.000     1.354419     1.41795
           33 71  |   1.784357   .0173353   102.93   0.000     1.750296    1.818419
           33 72  |   1.604281   .0173335    92.55   0.000     1.570223    1.638339
           33 73  |    1.61838   .0213318    75.87   0.000     1.576466    1.660294
           33 74  |   1.668048    .017322    96.30   0.000     1.634013    1.702083
           33 75  |   1.552476   .0261105    59.46   0.000     1.501172    1.603779
           33 76  |   1.376787   .0313457    43.92   0.000     1.315197    1.438376
            34 1  |   1.616285    .013445   120.21   0.000     1.589868    1.642703
            34 2  |   1.651688   .0143096   115.43   0.000     1.623572    1.679804
            34 3  |   1.395376   .0119081   117.18   0.000     1.371978    1.418773
            34 4  |   1.708057   .0146013   116.98   0.000     1.679368    1.736746
           34 71  |   1.696317   .0173804    97.60   0.000     1.662168    1.730467
            35 1  |   1.064555   .0138351    76.95   0.000     1.037371    1.091739
            35 2  |   1.704249   .0141071   120.81   0.000      1.67653    1.731967
            35 3  |     1.3038   .0154705    84.28   0.000     1.273402    1.334197
            35 4  |   1.466124   .0138043   106.21   0.000     1.439001    1.493247
            35 5  |   1.671063   .0131736   126.85   0.000     1.645179    1.696947
            35 6  |   1.442428   .0140644   102.56   0.000     1.414794    1.470062
            35 7  |   1.635576   .0137519   118.93   0.000     1.608555    1.662596
            35 8  |   1.328964   .0129274   102.80   0.000     1.303564    1.354364
            35 9  |   1.458599   .0134127   108.75   0.000     1.432245    1.484953
           35 10  |   1.445565   .0134279   107.65   0.000     1.419182    1.471949
           35 11  |   1.323998   .0140814    94.02   0.000     1.296331    1.351666
           35 12  |   1.238829   .0150158    82.50   0.000     1.209325    1.268333
           35 13  |   1.196503    .013178    90.80   0.000      1.17061    1.222396
           35 14  |   1.346081   .0147939    90.99   0.000     1.317013    1.375149
           35 15  |   1.648062   .0233667    70.53   0.000      1.60215    1.693974
           35 16  |   1.412454    .017432    81.03   0.000     1.378202    1.446705
           35 17  |   1.492961   .0144631   103.23   0.000     1.464544    1.521379
           35 18  |   1.374541   .0139315    98.66   0.000     1.347168    1.401915
           35 19  |    1.48767   .0139337   106.77   0.000     1.460293    1.515048
           35 20  |   1.568499   .0138486   113.26   0.000     1.541289     1.59571
           35 21  |   1.457126    .014166   102.86   0.000     1.429292     1.48496
           35 22  |   1.287876    .013652    94.34   0.000     1.261052      1.3147
           35 23  |   1.349381   .0132084   102.16   0.000     1.323428    1.375333
           35 24  |    1.38151   .0138652    99.64   0.000     1.354267    1.408753
           35 25  |   1.483382   .0156768    94.62   0.000      1.45258    1.514185
           35 26  |   .9385128   .0157638    59.54   0.000     .9075393    .9694863
           35 27  |   .9842734   .0138405    71.12   0.000      .957079    1.011468
           35 28  |   1.105907   .0203458    54.36   0.000      1.06593    1.145883
           35 29  |   1.052624   .0117922    89.26   0.000     1.029454    1.075794
           35 71  |   1.520305   .0172664    88.05   0.000     1.486379     1.55423
           35 72  |   1.615282   .0168462    95.88   0.000     1.582182    1.648383
           35 73  |   1.625958   .0171287    94.93   0.000     1.592303    1.659613
           35 74  |   1.823817   .0158878   114.79   0.000       1.7926    1.855034
           35 75  |   1.633877    .018123    90.15   0.000     1.598268    1.669486
           35 76  |   2.039857    .018016   113.22   0.000     2.004459    2.075256
           35 77  |   1.524484   .0171277    89.01   0.000      1.49083    1.558137
           35 78  |     1.6756   .0199666    83.92   0.000     1.636368    1.714831
           35 79  |    1.73492   .0167128   103.81   0.000     1.702082    1.767758
            36 1  |   .8287978   .0152053    54.51   0.000     .7989218    .8586738
            36 2  |   .9118708   .0131413    69.39   0.000     .8860502    .9376914
            36 3  |   1.245335   .0229943    54.16   0.000     1.200155    1.290516
            36 4  |   .9613164   .0148996    64.52   0.000     .9320411    .9905918
           36 71  |   1.709212   .0194369    87.94   0.000     1.671021    1.747402
           36 72  |   1.590574   .0210288    75.64   0.000     1.549255    1.631892
           36 73  |   1.253061   .0160666    77.99   0.000     1.221493     1.28463
           36 74  |   1.652234    .018673    88.48   0.000     1.615545    1.688924
            51 1  |   1.562855   .0119576   130.70   0.000      1.53936     1.58635
            51 2  |   1.377163   .0129803   106.10   0.000     1.351659    1.402667
            51 3  |   1.663107   .0186144    89.35   0.000     1.626532    1.699681
            51 4  |    1.42613   .0154924    92.05   0.000     1.395689     1.45657
            51 5  |   1.346397   .0111572   120.68   0.000     1.324475    1.368319
            51 6  |    1.25657    .014178    88.63   0.000     1.228712    1.284428
            51 7  |   1.246062   .0115124   108.24   0.000     1.223442    1.268683
            51 8  |   1.340096   .0109989   121.84   0.000     1.318485    1.361707
           51 71  |   1.621656   .0186337    87.03   0.000     1.585044    1.658269
            52 1  |   1.201079   .0142812    84.10   0.000     1.173019     1.22914
            52 2  |   1.329515   .0134964    98.51   0.000     1.302997    1.356034
            52 3  |   1.076628   .0171181    62.89   0.000     1.042994    1.110263
            52 4  |   1.450642   .0111437   130.18   0.000     1.428747    1.472538
            52 5  |   1.002071   .0098623   101.61   0.000      .982693    1.021449
            52 6  |   1.420409   .0120363   118.01   0.000      1.39676    1.444058
            52 7  |   1.646354   .0108354   151.94   0.000     1.625064    1.667644
            52 8  |   1.404872   .0106992   131.31   0.000      1.38385    1.425895
           52 71  |    1.51844   .0159207    95.38   0.000     1.487158    1.549721
           52 72  |   1.136831   .0152643    74.48   0.000     1.106839    1.166823
            53 1  |  -.7169197   .0125436   -57.15   0.000    -.7415659   -.6922735
            53 2  |  -.5480736   .0214972   -25.50   0.000    -.5903122   -.5058349
            53 3  |  -.5530276   .0102559   -53.92   0.000    -.5731788   -.5328764
            53 4  |  -.5162998   .0133533   -38.66   0.000     -.542537   -.4900625
            53 5  |  -.5056381   .0150148   -33.68   0.000    -.5351399   -.4761363
            53 6  |  -.3184075   .0132009   -24.12   0.000    -.3443452   -.2924697
            53 7  |  -.4380821   .0139558   -31.39   0.000    -.4655031   -.4106611
            53 8  |  -.3264226   .0118569   -27.53   0.000    -.3497197   -.3031256
            53 9  |  -.6675825   .0077094   -86.59   0.000    -.6827302   -.6524347
           53 10  |  -.7235858    .014214   -50.91   0.000    -.7515141   -.6956575
           53 11  |  -.6931293    .011463   -60.47   0.000    -.7156523   -.6706062
           53 12  |  -.8183411   .0108519   -75.41   0.000    -.8396634   -.7970188
           53 13  |  -.7686149    .014204   -54.11   0.000    -.7965236   -.7407063
           53 14  |  -.9447636   .0087764  -107.65   0.000    -.9620079   -.9275193
           53 15  |   -.838348   .0139452   -60.12   0.000    -.8657483   -.8109478
           53 16  |  -.8620265   .0117192   -73.56   0.000     -.885053       -.839
           53 17  |  -1.207571   .0118363  -102.02   0.000    -1.230828   -1.184315
           53 18  |  -.8260013   .0125077   -66.04   0.000    -.8505771   -.8014255
           53 19  |  -.9006497   .0139789   -64.43   0.000     -.928116   -.8731833
           53 20  |  -.8709291   .0123615   -70.45   0.000    -.8952177   -.8466406
           53 21  |  -.6537071   .0123752   -52.82   0.000    -.6780224   -.6293918
           53 71  |   .8803644   .0179919    48.93   0.000     .8450131    .9157156
            61 1  |   1.593326   .0133471   119.38   0.000       1.5671    1.619551
            61 2  |   .8058672    .015591    51.69   0.000     .7752333    .8365011
            61 3  |   .5711869   .0164645    34.69   0.000     .5388367     .603537
            61 4  |   1.241694   .0107106   115.93   0.000      1.22065    1.262739
            61 5  |   1.077192   .0156022    69.04   0.000     1.046536    1.107848
            61 6  |   1.306655     .01434    91.12   0.000     1.278479     1.33483
            61 7  |   .7290947   .0166885    43.69   0.000     .6963043    .7618851
            61 8  |   .9493476   .0149037    63.70   0.000      .920064    .9786312
            61 9  |   .9163311   .0148756    61.60   0.000     .8871028    .9455595
           61 10  |   .6711687   .0176189    38.09   0.000     .6365502    .7057872
           61 11  |   1.521139   .0113141   134.45   0.000     1.498909     1.54337
           61 12  |   1.158565   .0135166    85.71   0.000     1.132007    1.185123
           61 71  |   1.404229   .0251055    55.93   0.000       1.3549    1.453557
           61 72  |   1.599762   .0154749   103.38   0.000     1.569357    1.630168
            62 1  |    1.61423    .013916   116.00   0.000     1.586888    1.641573
            62 2  |   1.406021   .0137588   102.19   0.000     1.378987    1.433055
            62 3  |   1.074127   .0155476    69.09   0.000     1.043579    1.104676
            62 4  |   1.254217   .0199484    62.87   0.000     1.215021    1.293412
            62 5  |   1.012537   .0182183    55.58   0.000      .976741    1.048333
            62 6  |   1.691098   .0128535   131.57   0.000     1.665843    1.716353
            62 7  |   1.414125   .0151019    93.64   0.000     1.384453    1.443798
            62 8  |    1.37933   .0147015    93.82   0.000     1.350444    1.408216
            62 9  |    1.17522   .0196582    59.78   0.000     1.136595    1.213845
           62 10  |   1.232913   .0172377    71.52   0.000     1.199043    1.266782
           62 11  |   1.309934   .0293493    44.63   0.000     1.252267    1.367601
           62 12  |   1.402758   .0184233    76.14   0.000     1.366559    1.438957
           62 13  |   1.173067   .0213669    54.90   0.000     1.131084     1.21505
           62 71  |   1.313133   .0190368    68.98   0.000     1.275729    1.350538
            63 1  |   1.535533   .0126798   121.10   0.000     1.510619    1.560447
            63 2  |   1.158106   .0083492   138.71   0.000     1.141701     1.17451
            63 3  |   1.154893   .0135984    84.93   0.000     1.128175    1.181612
            63 4  |   1.233564   .0134586    91.66   0.000      1.20712    1.260008
            63 5  |    1.24315   .0136163    91.30   0.000     1.216396    1.269904
            63 6  |   1.380517   .0140256    98.43   0.000     1.352959    1.408075
            63 7  |   1.353414   .0154394    87.66   0.000     1.323078     1.38375
            63 8  |    1.23603   .0169008    73.13   0.000     1.202822    1.269237
            63 9  |   1.561321   .0134496   116.09   0.000     1.534894    1.587747
           63 10  |   1.487659   .0128988   115.33   0.000     1.462314    1.513003
           63 11  |   1.594156   .0168185    94.79   0.000      1.56111    1.627201
           63 71  |   1.428616   .0173623    82.28   0.000     1.394502    1.462731
           63 72  |   1.355558   .0165861    81.73   0.000     1.322969    1.388148
            64 1  |   1.429328   .0123393   115.84   0.000     1.405083    1.453572
            64 2  |   1.211228   .0140697    86.09   0.000     1.183584    1.238873
            64 3  |   1.558514   .0141941   109.80   0.000     1.530625    1.586403
            64 4  |   1.691414   .0125047   135.26   0.000     1.666844    1.715983
            64 5  |   1.791585   .0140306   127.69   0.000     1.764017    1.819153
            64 9  |   1.734198   .0121261   143.01   0.000     1.710372    1.758024
           64 11  |   1.335149   .0220844    60.46   0.000     1.291757    1.378542
           64 71  |    1.60172   .0247531    64.71   0.000     1.553084    1.650356
           64 72  |    1.61002   .0163175    98.67   0.000     1.577959    1.642082
           64 74  |   2.056466    .029028    70.84   0.000     1.999431    2.113502
            65 1  |   .6657897   .0214245    31.08   0.000     .6236939    .7078855
            65 2  |   1.345541   .0139161    96.69   0.000     1.318198    1.372884
            65 3  |   1.477921   .0172254    85.80   0.000     1.444076    1.511766
            65 4  |   .3915596   .0177588    22.05   0.000     .3566662     .426453
           65 71  |   1.855929   .0206632    89.82   0.000     1.815328    1.896529
            71 1  |   1.059222   .0110977    95.44   0.000     1.037416    1.081027
            71 2  |   1.286381   .0123668   104.02   0.000     1.262082     1.31068
            71 3  |   .1334471   .0087922    15.18   0.000     .1161717    .1507225
            71 4  |   .2407353   .0061912    38.88   0.000     .2285704    .2529001
            71 5  |   1.049858   .0109042    96.28   0.000     1.028433    1.071283
            71 6  |   1.179201   .0112158   105.14   0.000     1.157164    1.201239
            71 7  |   1.155326   .0065666   175.94   0.000     1.142424    1.168229
            71 8  |    .976143   .0071069   137.35   0.000     .9621791    .9901069
            71 9  |    1.04416   .0114566    91.14   0.000      1.02165    1.066671
           71 10  |   1.085638    .004118   263.63   0.000     1.077547    1.093729
           71 11  |   1.149772   .0104311   110.23   0.000     1.129277    1.170268
           71 71  |   1.256791   .0169357    74.21   0.000     1.223515    1.290067
           71 72  |   1.064176   .0222202    47.89   0.000     1.020516    1.107835
           71 73  |   1.481985    .014632   101.28   0.000     1.453236    1.510735
           71 74  |   1.195585   .0144044    83.00   0.000     1.167283    1.223887
            72 1  |  -.1038823   .0088821   -11.70   0.000    -.1213343   -.0864302
            72 2  |   .9299759   .0066779   139.26   0.000      .916855    .9430969
            72 3  |   1.044162   .0105709    98.78   0.000     1.023392    1.064933
            72 4  |   1.144227   .0131034    87.32   0.000     1.118481    1.169973
            72 5  |   1.103729   .0070882   155.71   0.000     1.089801    1.117656
            72 6  |   1.289614   .0094617   136.30   0.000     1.271023    1.308205
            72 7  |    1.17971   .0070084   168.33   0.000     1.165939     1.19348
            72 8  |   1.406685   .0073543   191.27   0.000     1.392235    1.421135
            72 9  |   1.092701   .0088334   123.70   0.000     1.075345    1.110058
           72 10  |   1.001723   .0143917    69.60   0.000     .9734458    1.030001
           72 11  |   .3292997   .0129501    25.43   0.000     .3038547    .3547447
           72 12  |   1.264883    .011686   108.24   0.000     1.241921    1.287844
           72 71  |   1.364796   .0155935    87.52   0.000     1.334157    1.395435
            73 1  |   .9896077   .0052644   187.98   0.000     .9792638    .9999515
            73 2  |   1.161822   .0140441    82.73   0.000     1.134228    1.189417
            73 3  |   1.322887   .0123959   106.72   0.000     1.298531    1.347243
            73 4  |   1.079796    .011997    90.01   0.000     1.056223    1.103368
            73 5  |   1.129691   .0173702    65.04   0.000     1.095561    1.163821
            73 6  |   1.251869   .0157499    79.48   0.000     1.220923    1.282816
            73 7  |   1.176349   .0181957    64.65   0.000     1.140598    1.212101
            73 8  |   1.262454   .0221609    56.97   0.000     1.218911    1.305996
            73 9  |   1.445947   .0175997    82.16   0.000     1.411367    1.480528
           73 10  |    1.16437   .0133552    87.19   0.000      1.13813    1.190611
           73 11  |   1.325949   .0138574    95.69   0.000     1.298721    1.353177
           73 12  |   1.559259   .0137428   113.46   0.000     1.532256    1.586261
           73 13  |   1.490296   .0130434   114.26   0.000     1.464667    1.515924
           73 14  |   1.681847   .0137412   122.39   0.000     1.654847    1.708846
           73 15  |   1.640447   .0122471   133.95   0.000     1.616383     1.66451
           73 16  |   1.356744   .0135632   100.03   0.000     1.330094    1.383393
           73 17  |    .864422   .0132677    65.15   0.000      .838353    .8904911
           73 18  |   .7264528   .0139053    52.24   0.000      .699131    .7537746
           73 22  |   .8890568   .0126105    70.50   0.000      .864279    .9138345
           73 25  |   1.449797    .014282   101.51   0.000     1.421735    1.477859
           73 26  |   .8744339   .0139524    62.67   0.000     .8470196    .9018482
           73 71  |   1.405872   .0282154    49.83   0.000     1.350433    1.461311
           73 72  |    1.71442   .0132303   129.58   0.000     1.688425    1.740416
           73 73  |   1.299628   .0191717    67.79   0.000     1.261959    1.337298
            74 1  |   .2685411   .0095384    28.15   0.000     .2497995    .2872827
            74 2  |   .3782432   .0118245    31.99   0.000     .3550099    .4014766
            74 3  |   1.000534   .0134577    74.35   0.000     .9740917    1.026976
            74 4  |   1.139825   .0127941    89.09   0.000     1.114687    1.164964
            74 5  |   1.085184   .0114501    94.78   0.000     1.062686    1.107681
            74 6  |   1.035913   .0150721    68.73   0.000     1.006299    1.065528
            74 7  |   .7382165   .0082518    89.46   0.000     .7220031      .75443
            74 8  |   1.081093   .0095814   112.83   0.000     1.062267    1.099919
            74 9  |   .7053394   .0085513    82.48   0.000     .6885374    .7221413
           74 10  |   .9805056   .0114287    85.79   0.000       .95805    1.002961
           74 11  |   .7994404   .0139843    57.17   0.000     .7719634    .8269175
           74 12  |   .7669243   .0074898   102.40   0.000     .7522081    .7816406
           74 13  |   .4222887   .0119453    35.35   0.000     .3988181    .4457593
           74 14  |   .5685778   .0129814    43.80   0.000     .5430712    .5940843
           74 15  |  -.1087438   .0066168   -16.43   0.000    -.1217447   -.0957428
           74 71  |   1.192443   .0299268    39.85   0.000     1.133641    1.251244
           74 72  |   .6847833   .0161981    42.28   0.000     .6529566    .7166101
            75 1  |   1.351004    .014069    96.03   0.000      1.32336    1.378647
            75 2  |   1.190181   .0127443    93.39   0.000     1.165141    1.215222
            75 3  |   1.304002   .0099841   130.61   0.000     1.284385    1.323619
            75 4  |   1.171628   .0118979    98.47   0.000      1.14825    1.195005
            75 5  |   1.242098   .0083358   149.01   0.000      1.22572    1.258477
           75 71  |   1.304045   .0189706    68.74   0.000     1.266771     1.34132
            76 1  |   1.065825   .0096633   110.30   0.000     1.046838    1.084812
            76 2  |   1.147627   .0151837    75.58   0.000     1.117794    1.177461
            76 3  |    .137089   .0161024     8.51   0.000     .1054501    .1687278
            76 4  |   .9600279   .0110775    86.66   0.000     .9382624    .9817935
            76 5  |    1.35302    .009382   144.21   0.000     1.334586    1.371454
            76 6  |   1.116763   .0128931    86.62   0.000      1.09143    1.142096
            81 1  |  -.4043811   .0197447   -20.48   0.000    -.4431764   -.3655859
            81 2  |  -.1715845   .0183833    -9.33   0.000    -.2077049   -.1354641
            81 3  |   .3447366    .018752    18.38   0.000     .3078918    .3815813
            81 4  |   .1714114   .0100935    16.98   0.000     .1515792    .1912437
            81 5  |  -.0814576   .0260925    -3.12   0.002    -.1327255   -.0301898
            81 6  |   .1147953   .0185398     6.19   0.000     .0783674    .1512232
            81 7  |  -.3574779   .0197376   -18.11   0.000    -.3962593   -.3186964
            81 8  |  -.5045748   .0121364   -41.58   0.000    -.5284209   -.4807288
            81 9  |   -.059716   .0227558    -2.62   0.009    -.1044276   -.0150044
           81 71  |   .7194105   .0181218    39.70   0.000     .6838039    .7550171
           81 72  |  -.3139395   .0173427   -18.10   0.000    -.3480153   -.2798636
            82 1  |  -.1342157    .015988    -8.39   0.000    -.1656296   -.1028017
            82 2  |   .1536594    .011725    13.11   0.000     .1306216    .1766973
            82 3  |   -.272853   .0137496   -19.84   0.000    -.2998689   -.2458371
            82 4  |  -.2469864   .0224867   -10.98   0.000    -.2911694   -.2028034
            82 5  |  -.0973344   .0116239    -8.37   0.000    -.1201735   -.0744952
            82 6  |  -.0573692   .0061963    -9.26   0.000     -.069544   -.0451945
            82 7  |  -.1942099   .0063615   -30.53   0.000    -.2067093   -.1817104
            82 8  |  -.1490505   .0145103   -10.27   0.000    -.1775611     -.12054
           82 71  |   .3108062   .0183021    16.98   0.000     .2748454     .346767
           82 72  |   .1357585   .0119115    11.40   0.000     .1123542    .1591628
            91 1  |  -.0793669   .0184041    -4.31   0.000    -.1155281   -.0432057
            91 2  |  -.2502848   .0358986    -6.97   0.000      -.32082   -.1797495
            91 3  |  -.2218968   .0186425   -11.90   0.000    -.2585266   -.1852671
            91 4  |  -.5165621   .0274631   -18.81   0.000     -.570523   -.4626013
            91 5  |  -.0765481    .013615    -5.62   0.000    -.1032994   -.0497967
           91 11  |  -.3335962   .0244638   -13.64   0.000    -.3816638   -.2855287
           91 12  |   -1.06725   .0245823   -43.42   0.000    -1.115551    -1.01895
            92 1  |  -.2928879   .0237862   -12.31   0.000    -.3396242   -.2461516
            92 2  |  -.3540802   .0231957   -15.26   0.000    -.3996562   -.3085041
            92 3  |  -.5338584   .0358602   -14.89   0.000    -.6043181   -.4633986
            92 4  |  -.5491227   .0289028   -19.00   0.000    -.6059123   -.4923332
            92 5  |  -.8058285   .0215523   -37.39   0.000    -.8481754   -.7634816
           92 71  |   .1775104   .0218484     8.12   0.000     .1345817    .2204392
            94 3  |  -.3952187   .0193779   -20.40   0.000    -.4332933   -.3571441
            94 8  |  -.8488499   .0185422   -45.78   0.000    -.8852826   -.8124172
            94 9  |  -.4524454   .0142151   -31.83   0.000     -.480376   -.4245148
           94 19  |  -.5070676   .0242696   -20.89   0.000    -.5547536   -.4593816
           94 20  |  -.5872904   .0269812   -21.77   0.000    -.6403042   -.5342765
           94 26  |  -1.124509   .0194121   -57.93   0.000    -1.162651   -1.086367
           94 27  |  -.5051166   .0221991   -22.75   0.000    -.5487344   -.4614987
           94 28  |  -.5931633   .0420834   -14.09   0.000    -.6758508   -.5104759
           94 71  |   .4183036   .0201315    20.78   0.000     .3787482    .4578589
            95 1  |  -.1570957   .0227456    -6.91   0.000    -.2017873   -.1124041
            95 2  |  -.3786559   .0560604    -6.75   0.000    -.4888061   -.2685057
            95 3  |   -.882091   .0301116   -29.29   0.000    -.9412558   -.8229263
            95 4  |  -1.258669   .0362986   -34.68   0.000     -1.32999   -1.187347
            96 1  |  -.4716966   .0233413   -20.21   0.000    -.5175588   -.4258345
            96 2  |  -1.315739   .0256927   -51.21   0.000    -1.366221   -1.265257
            96 3  |  -1.311387   .0138915   -94.40   0.000    -1.338682   -1.284093
            96 4  |    -.24836   .0203555   -12.20   0.000    -.2883555   -.2083645
            96 5  |  -1.431844   .0157179   -91.10   0.000    -1.462727   -1.400961
            96 6  |  -1.480363    .017908   -82.66   0.000    -1.515549   -1.445176
            96 7  |  -1.132748   .0194849   -58.13   0.000    -1.171032   -1.094463
            96 8  |  -.8853866   .0210838   -41.99   0.000    -.9268131   -.8439602
            97 1  |  -1.145073   .0413066   -27.72   0.000    -1.226234   -1.063912
            97 2  |  -1.068442   .0161261   -66.26   0.000    -1.100127   -1.036756
            97 3  |  -1.139448   .0276094   -41.27   0.000    -1.193696     -1.0852
            97 4  |  -.7234414   .0399708   -18.10   0.000    -.8019779   -.6449049
            97 5  |  -1.148441   .0180777   -63.53   0.000    -1.183961   -1.112921
            97 6  |  -1.037488   .0233638   -44.41   0.000    -1.083395   -.9915818
            97 7  |  -1.447578   .0202202   -71.59   0.000    -1.487307   -1.407848
            97 8  |  -1.286959   .0518829   -24.81   0.000    -1.388901   -1.185017
                  |
            _cons |  -1.444835   .0794044   -18.20   0.000    -1.600853   -1.288818
-----------------------------------------------------------------------------------
      name:  <unnamed>
       log:  /Users/athamawardi/Desktop/Research-Projects/PSE_Pertamina/Output/hurdle/welfaregrid_Wbasic_z_C15_w1.log
  log type:  text
 closed on:  20 Jan 2026, 18:53:19
---------------------------------------------------------------------------------------------------------------------------------------------------------------------------------------------------------------------------------------------------------------
