---------------------------------------------------------------------------------------------------------------------------------------------------------------------------------------------------------------------------------------------------------------
      name:  <unnamed>
       log:  /Users/athamawardi/Desktop/Research-Projects/PSE_Pertamina/Output/hurdle/welfaregrid_Wbasic_z_Ker20_w1.log
  log type:  text
 opened on:  20 Jan 2026, 18:53:03
RUN: reg Wbasic_z on basepre=Ker20_w1 + controls
note: 2.r308b1e omitted because of collinearity.
note: 3.r309b omitted because of collinearity.
note: 4.r309d omitted because of collinearity.
note: 2.r309e omitted because of collinearity.
note: 5.r403c1 omitted because of collinearity.
note: 4.r403c2 omitted because of collinearity.

Linear regression                               Number of obs     =     84,276
                                                F(38, 487)        =          .
                                                Prob > F          =          .
                                                R-squared         =     0.8210
                                                Root MSE          =      .4245

                                  (Std. err. adjusted for 488 clusters in nama_kab)
-----------------------------------------------------------------------------------
                  |               Robust
         Wbasic_z | Coefficient  std. err.      t    P>|t|     [95% conf. interval]
------------------+----------------------------------------------------------------
         Ker20_w1 |    .054963   .0117194     4.69   0.000     .0319362    .0779899
                  |
          r308b1d |
               1  |   .0020416   .0297911     0.07   0.945    -.0564935    .0605766
               2  |  -.0336376   .0272462    -1.23   0.218    -.0871723    .0198971
                  |
          r308b1e |
               1  |    .015511   .0175614     0.88   0.378    -.0189944    .0500164
               2  |          0  (omitted)
                  |
            r309a |
               2  |   .1943658   .0260571     7.46   0.000     .1431675     .245564
               3  |   .2734635   .0384851     7.11   0.000     .1978462    .3490809
                  |
            r309b |
               1  |   .0623669   .0207855     3.00   0.003     .0215265    .1032074
               2  |   .0736785   .0227641     3.24   0.001     .0289506    .1184064
               3  |          0  (omitted)
                  |
            r309d |
               1  |  -.1835561   .0277479    -6.62   0.000    -.2380765   -.1290357
               2  |  -.0786848   .0192697    -4.08   0.000    -.1165468   -.0408228
               3  |  -.0409863   .0182688    -2.24   0.025    -.0768818   -.0050909
               4  |          0  (omitted)
                  |
            r309e |
               1  |   .0393419   .0110757     3.55   0.000     .0175798    .0611039
               2  |          0  (omitted)
                  |
           2.r310 |    .023316   .0110297     2.11   0.035     .0016445    .0449876
                  |
            r403a |
               2  |   .3388539    .060143     5.63   0.000      .220682    .4570258
               3  |   .3803765   .0561909     6.77   0.000     .2699699    .4907831
               4  |    .514396   .1005955     5.11   0.000     .3167412    .7120508
               5  |   .2300444   .1409115     1.63   0.103     -.046825    .5069139
               6  |   .3737474   .0558795     6.69   0.000     .2639527    .4835421
               7  |   .5370929   .0532957    10.08   0.000     .4323751    .6418107
               8  |   .4751713   .0626565     7.58   0.000     .3520609    .5982818
               9  |   .4503612   .0575505     7.83   0.000     .3372832    .5634392
              11  |   1.024608    .053376    19.20   0.000     .9197326    1.129484
              13  |     .54618   .3583577     1.52   0.128     -.157938    1.250298
              14  |   .5370029   .1534633     3.50   0.001     .2354709     .838535
              15  |   .7796223   .0593175    13.14   0.000     .6630725     .896172
              16  |   .4921694   .0719277     6.84   0.000     .3508423    .6334964
              17  |   .5953458   .1166353     5.10   0.000     .3661753    .8245162
              18  |     .15751   .2177116     0.72   0.470    -.2702601    .5852801
              19  |   .5174263   .0540209     9.58   0.000     .4112836     .623569
              20  |   -.377961   .3015957    -1.25   0.211    -.9705505    .2146285
                  |
           r403c1 |
               1  |   .1055901   .0497468     2.12   0.034     .0078452     .203335
               2  |   .0552746   .0495117     1.12   0.265    -.0420083    .1525575
               3  |   -.012901   .0498003    -0.26   0.796     -.110751     .084949
               4  |   .0207615   .0578463     0.36   0.720    -.0928976    .1344207
               5  |          0  (omitted)
                  |
           r403c2 |
               1  |   .1610041   .0136557    11.79   0.000     .1341728    .1878355
               2  |   .0792901   .0147166     5.39   0.000     .0503743    .1082059
               3  |   .0042394   .0177788     0.24   0.812    -.0306933    .0391721
               4  |          0  (omitted)
                  |
         y_combo3 |
    Tangkap-only  |   .0355137   .0249099     1.43   0.155    -.0134304    .0844579
Tangkap+Budidaya  |   .0737381   .0255541     2.89   0.004     .0235281     .123948
     Other/mixed  |   .0718237   .0354172     2.03   0.043     .0022343    .1414131
                  |
              kab |
            11 2  |   .9561011   .0124824    76.60   0.000     .9315751     .980627
            11 3  |   1.168799   .0151183    77.31   0.000     1.139094    1.198504
            11 4  |   1.093348   .0133853    81.68   0.000     1.067048    1.119648
            11 5  |   1.000414    .015906    62.90   0.000     .9691614    1.031667
            11 6  |   1.259084   .0134988    93.27   0.000     1.232561    1.285607
            11 7  |   1.063474   .0123148    86.36   0.000     1.039278    1.087671
            11 8  |   1.335365   .0173927    76.78   0.000     1.301191    1.369539
            11 9  |   1.250752   .0133154    93.93   0.000     1.224589    1.276914
           11 10  |   1.144432   .0125596    91.12   0.000     1.119755     1.16911
           11 11  |   1.095655   .0150806    72.65   0.000     1.066023    1.125286
           11 12  |   1.417252   .0147028    96.39   0.000     1.388363     1.44614
           11 13  |    1.39402   .0137148   101.64   0.000     1.367073    1.420967
           11 14  |   1.157365    .013153    87.99   0.000     1.131521    1.183209
           11 15  |    1.23123   .0126023    97.70   0.000     1.206469    1.255992
           11 16  |   1.454488   .0098104   148.26   0.000     1.435212    1.473763
           11 17  |      1.379   .0136245   101.21   0.000      1.35223     1.40577
           11 18  |   1.300185   .0124905   104.09   0.000     1.275643    1.324727
           11 71  |   1.490035    .033449    44.55   0.000     1.424313    1.555757
           11 72  |   1.339247   .0121032   110.65   0.000     1.315466    1.363028
           11 73  |   1.487981   .0168364    88.38   0.000       1.4549    1.521062
           11 74  |   1.394086   .0238322    58.50   0.000     1.347259    1.440912
           11 75  |   .8951099   .0135971    65.83   0.000     .8683938     .921826
            12 1  |   .0037193    .016435     0.23   0.821     -.028573    .0360115
            12 2  |   1.056421   .0148422    71.18   0.000     1.027259    1.085584
            12 3  |   1.058174   .0143553    73.71   0.000     1.029968     1.08638
            12 4  |   1.049645   .0131695    79.70   0.000     1.023769    1.075521
            12 5  |   1.096065   .0141255    77.59   0.000     1.068311     1.12382
            12 6  |   1.144348   .0137048    83.50   0.000      1.11742    1.171276
            12 7  |   1.423773   .0128575   110.74   0.000      1.39851    1.449036
            12 8  |   1.084201   .0177863    60.96   0.000     1.049253    1.119148
            12 9  |    1.12921   .0137141    82.34   0.000     1.102264    1.156156
           12 10  |   1.082952   .0134762    80.36   0.000     1.056473    1.109431
           12 11  |   1.151428   .0138761    82.98   0.000     1.124164    1.178693
           12 12  |   1.255518   .0148523    84.53   0.000     1.226335    1.284701
           12 13  |   1.090426   .0138445    78.76   0.000     1.063224    1.117628
           12 14  |   -.150692   .0146915   -10.26   0.000    -.1795585   -.1218255
           12 15  |   .9657133   .0148047    65.23   0.000     .9366243    .9948023
           12 16  |   1.143305   .0154316    74.09   0.000     1.112984    1.173625
           12 17  |   1.164347   .0140506    82.87   0.000      1.13674    1.191955
           12 18  |   1.179688   .0145895    80.86   0.000     1.151022    1.208354
           12 19  |   1.324479   .0168278    78.71   0.000     1.291415    1.357543
           12 20  |   .6369386   .0143115    44.51   0.000     .6088186    .6650586
           12 21  |   .6965309    .013895    50.13   0.000     .6692294    .7238325
           12 22  |   1.655358     .01454   113.85   0.000     1.626789    1.683927
           12 23  |   1.284283   .0133255    96.38   0.000       1.2581    1.310465
           12 24  |   .0252925   .0146281     1.73   0.084    -.0034494    .0540344
           12 25  |   .1435254   .0140179    10.24   0.000     .1159824    .1710684
           12 71  |   1.403805   .0176675    79.46   0.000     1.369091    1.438519
           12 72  |   1.244108   .0610492    20.38   0.000     1.124156     1.36406
           12 73  |   1.597628    .016116    99.13   0.000     1.565962    1.629293
           12 74  |   1.467253   .0165542    88.63   0.000     1.434726    1.499779
           12 75  |   1.576397   .0164557    95.80   0.000     1.544064     1.60873
           12 76  |   1.401256   .0168803    83.01   0.000     1.368088    1.434423
           12 77  |   1.224918   .0141673    86.46   0.000     1.197081    1.252754
           12 78  |   .7585159   .0098645    76.89   0.000     .7391338    .7778981
            13 1  |  -.6286539   .0171384   -36.68   0.000    -.6623283   -.5949795
            13 2  |   .9847878   .0112341    87.66   0.000     .9627144    1.006861
            13 3  |   1.218713   .0144988    84.06   0.000     1.190225    1.247201
            13 4  |   1.277529   .0168506    75.82   0.000     1.244421    1.310638
            13 5  |    1.37669   .0137766    99.93   0.000     1.349621    1.403759
            13 6  |   1.247012   .0119014   104.78   0.000     1.223627    1.270396
            13 7  |   1.313592   .0141707    92.70   0.000     1.285749    1.341435
            13 8  |   1.390267   .0142251    97.73   0.000     1.362317    1.418217
            13 9  |   1.121188   .0164822    68.02   0.000     1.088803    1.153573
           13 10  |   1.306091   .0152582    85.60   0.000     1.276111     1.33607
           13 11  |   1.547369   .0147723   104.75   0.000     1.518344    1.576394
           13 12  |    1.14551   .0125889    90.99   0.000     1.120775    1.170245
           13 71  |   1.276215   .0139659    91.38   0.000     1.248774    1.303656
           13 72  |   1.332907   .0173197    76.96   0.000     1.298877    1.366938
           13 73  |   1.471257    .016619    88.53   0.000     1.438603    1.503911
           13 74  |   1.330263   .0166445    79.92   0.000     1.297559    1.362967
           13 75  |   1.398733   .0172061    81.29   0.000     1.364925     1.43254
           13 76  |   1.428725   .0160614    88.95   0.000     1.397167    1.460283
           13 77  |    1.39061   .0133627   104.07   0.000     1.364354    1.416865
            14 1  |   1.166577   .0138407    84.29   0.000     1.139382    1.193772
            14 2  |   1.170314   .0143127    81.77   0.000     1.142191    1.198436
            14 3  |   1.392627   .0141722    98.26   0.000     1.364781    1.420473
            14 4  |    1.51981   .0123104   123.46   0.000     1.495622    1.543998
            14 5  |   1.431714   .0124213   115.26   0.000     1.407308    1.456119
            14 6  |   1.252466   .0134696    92.98   0.000        1.226    1.278932
            14 7  |   1.326905   .0137175    96.73   0.000     1.299952    1.353857
            14 8  |   1.556892   .0089053   174.83   0.000     1.539395     1.57439
            14 9  |   1.156678    .012647    91.46   0.000     1.131828    1.181527
           14 10  |   1.078072   .0093915   114.79   0.000     1.059619    1.096525
           14 71  |   1.512934   .0162911    92.87   0.000     1.480925    1.544944
           14 73  |   1.424488   .0140219   101.59   0.000     1.396937    1.452039
            15 1  |   1.246149   .0140609    88.63   0.000     1.218522    1.273777
            15 2  |   1.072125   .0145559    73.66   0.000     1.043525    1.100725
            15 3  |   1.273241   .0137568    92.55   0.000     1.246211    1.300271
            15 4  |   1.328241   .0149309    88.96   0.000     1.298904    1.357578
            15 5  |   1.332475   .0138804    96.00   0.000     1.305202    1.359748
            15 6  |     1.4694   .0120192   122.25   0.000     1.445784    1.493016
            15 7  |   1.434419   .0141508   101.37   0.000     1.406615    1.462223
            15 8  |   1.380749   .0149076    92.62   0.000     1.351457     1.41004
            15 9  |    1.31156   .0139776    93.83   0.000     1.284096    1.339023
           15 71  |   1.565955   .0168689    92.83   0.000      1.53281      1.5991
           15 72  |   1.314454   .0145579    90.29   0.000      1.28585    1.343058
            16 1  |   1.223505   .0150254    81.43   0.000     1.193982    1.253028
            16 2  |   1.201121   .0135859    88.41   0.000     1.174427    1.227815
            16 3  |   1.364176   .0139765    97.60   0.000     1.336714    1.391638
            16 4  |   1.531686   .0136042   112.59   0.000     1.504956    1.558416
            16 5  |   1.299907   .0148563    87.50   0.000     1.270717    1.329097
            16 6  |   1.438863   .0145634    98.80   0.000     1.410248    1.467478
            16 7  |   1.200904   .0151643    79.19   0.000     1.171109      1.2307
            16 8  |   .9971945   .0142717    69.87   0.000     .9691527    1.025236
            16 9  |   1.246678   .0139468    89.39   0.000     1.219275    1.274081
           16 10  |   .9987592    .014144    70.61   0.000     .9709685     1.02655
           16 11  |    1.25107   .0145079    86.23   0.000     1.222564    1.279576
           16 12  |   1.365312   .0142444    95.85   0.000     1.337324      1.3933
           16 13  |   1.269434   .0147194    86.24   0.000     1.240513    1.298355
           16 71  |   1.573609    .016983    92.66   0.000      1.54024    1.606978
           16 72  |    1.53224   .0153189   100.02   0.000     1.502141    1.562339
           16 73  |   1.561285   .0143499   108.80   0.000      1.53309     1.58948
           16 74  |   1.419874   .0154998    91.61   0.000     1.389419    1.450329
            17 1  |   .9126361   .0117567    77.63   0.000      .889536    .9357362
            17 2  |   1.222722   .0138112    88.53   0.000     1.195585    1.249859
            17 3  |   1.217678   .0117966   103.22   0.000       1.1945    1.240857
            17 4  |   1.625627   .0087581   185.61   0.000     1.608419    1.642835
            17 5  |   .9678751   .0143821    67.30   0.000     .9396164    .9961339
            17 6  |   1.304094   .0125804   103.66   0.000     1.279375    1.328812
            17 7  |   1.156599   .0140675    82.22   0.000     1.128959     1.18424
            17 8  |   1.240113   .0141751    87.49   0.000     1.212261    1.267965
            17 9  |   1.008079    .017247    58.45   0.000     .9741915    1.041967
           17 71  |   1.218987   .0402064    30.32   0.000     1.139988    1.297987
            18 1  |   1.223658    .013977    87.55   0.000     1.196196    1.251121
            18 2  |   1.159899   .0121529    95.44   0.000      1.13602    1.183777
            18 3  |   1.147656   .0134557    85.29   0.000     1.121218    1.174094
            18 4  |   1.422529   .0139575   101.92   0.000     1.395105    1.449953
            18 5  |   1.479601   .0141005   104.93   0.000     1.451895    1.507306
            18 6  |    1.18938   .0139972    84.97   0.000     1.161877    1.216882
            18 7  |   1.309057   .0142252    92.02   0.000     1.281107    1.337007
            18 8  |    1.44272    .013731   105.07   0.000     1.415741      1.4697
            18 9  |   1.263135   .0129448    97.58   0.000       1.2377    1.288569
           18 10  |   1.478516   .0138863   106.47   0.000     1.451231      1.5058
           18 11  |   1.426147   .0152057    93.79   0.000      1.39627    1.456024
           18 12  |   1.541845   .0150414   102.51   0.000     1.512291      1.5714
           18 13  |   .7828476    .005932   131.97   0.000     .7711921     .794503
           18 71  |   1.598403   .0182981    87.35   0.000      1.56245    1.634356
           18 72  |   1.456486   .0161499    90.19   0.000     1.424754    1.488218
            19 1  |    1.60167   .0198471    80.70   0.000     1.562673    1.640666
            19 2  |   1.255846   .0328063    38.28   0.000     1.191387    1.320306
            19 3  |   1.424507   .0148438    95.97   0.000     1.395341    1.453673
            19 4  |   1.639243   .0126848   129.23   0.000     1.614319    1.664167
            19 5  |     1.4627   .0146574    99.79   0.000     1.433901      1.4915
            19 6  |   1.370224   .0236358    57.97   0.000     1.323783    1.416665
           19 71  |    1.52776   .0197038    77.54   0.000     1.489045    1.566475
            21 1  |   1.154718   .0120454    95.86   0.000      1.13105    1.178385
            21 2  |    1.30809   .0163344    80.08   0.000     1.275995    1.340185
            21 3  |   .5868917   .0133698    43.90   0.000     .5606221    .6131613
            21 4  |   .6429887   .0137036    46.92   0.000     .6160631    .6699142
            21 5  |   .4466843   .0163578    27.31   0.000     .4145436    .4788249
           21 71  |   1.498322    .017045    87.90   0.000     1.464832    1.531813
           21 72  |   1.291527   .0173272    74.54   0.000     1.257482    1.325573
            31 1  |   1.314316   .0280581    46.84   0.000     1.259187    1.369446
           31 71  |   1.659157   .0186038    89.18   0.000     1.622603    1.695711
           31 72  |   1.492983   .0190778    78.26   0.000     1.455499    1.530468
           31 73  |   1.510642   .0221048    68.34   0.000      1.46721    1.554074
           31 74  |   1.629863    .021961    74.22   0.000     1.586713    1.673013
           31 75  |   1.641136   .0225011    72.94   0.000     1.596924    1.685347
            32 1  |   1.433518   .0162041    88.47   0.000     1.401679    1.465356
            32 2  |   1.246361   .0135511    91.97   0.000     1.219735    1.272987
            32 3  |   1.379375   .0131563   104.85   0.000     1.353525    1.405226
            32 4  |   1.559587    .019231    81.10   0.000     1.521801    1.597373
            32 5  |   1.385527   .0135923   101.93   0.000     1.358821    1.412234
            32 6  |   1.337321   .0136133    98.24   0.000     1.310573     1.36407
            32 7  |   1.581712    .014162   111.69   0.000     1.553886    1.609539
            32 8  |   1.594786   .0144102   110.67   0.000     1.566472      1.6231
            32 9  |   1.335671   .0159006    84.00   0.000     1.304429    1.366914
           32 10  |   1.524421   .0143065   106.55   0.000     1.496311    1.552532
           32 11  |   1.576675   .0147341   107.01   0.000     1.547724    1.605625
           32 12  |   1.495498   .0182991    81.73   0.000     1.459543    1.531453
           32 13  |   1.523862   .0135568   112.41   0.000     1.497225    1.550498
           32 14  |    1.32366   .0163962    80.73   0.000     1.291444    1.355876
           32 15  |   1.383364   .0156765    88.24   0.000     1.352562    1.414166
           32 16  |   1.407533   .0184135    76.44   0.000     1.371354    1.443713
           32 17  |   1.474624   .0149042    98.94   0.000      1.44534    1.503909
           32 18  |   1.456803   .0123504   117.96   0.000     1.432536     1.48107
           32 71  |   1.852803   .0169438   109.35   0.000     1.819511    1.886095
           32 72  |   1.487172   .0171418    86.76   0.000     1.453491    1.520853
           32 73  |   1.698592   .0170175    99.81   0.000     1.665155    1.732029
           32 74  |   1.922652   .0156006   123.24   0.000     1.891999    1.953305
           32 75  |   1.810317   .0176176   102.76   0.000     1.775701    1.844933
           32 76  |   1.692217   .0169692    99.72   0.000     1.658875    1.725559
           32 77  |   1.662176   .0213971    77.68   0.000     1.620134    1.704218
           32 78  |   1.704674   .0172908    98.59   0.000       1.6707    1.738647
           32 79  |   1.717279    .015083   113.86   0.000     1.687643    1.746915
            33 1  |   1.439224   .0163129    88.23   0.000     1.407171    1.471276
            33 2  |   1.477603   .0148853    99.27   0.000     1.448356     1.50685
            33 3  |   1.487559   .0150289    98.98   0.000      1.45803    1.517089
            33 4  |   1.561921   .0139429   112.02   0.000     1.534526    1.589317
            33 5  |   1.577035   .0137359   114.81   0.000     1.550046    1.604024
            33 6  |   1.466347   .0145069   101.08   0.000     1.437844    1.494851
            33 7  |   1.679705    .013984   120.12   0.000     1.652228    1.707181
            33 8  |   1.487164   .0141309   105.24   0.000     1.459399    1.514929
            33 9  |   1.572128   .0148581   105.81   0.000     1.542934    1.601322
           33 10  |   1.714011   .0152065   112.72   0.000     1.684132    1.743889
           33 11  |   1.446164     .01702    84.97   0.000     1.412722    1.479606
           33 12  |   1.348042   .0136997    98.40   0.000     1.321124    1.374959
           33 13  |   1.512514    .015643    96.69   0.000     1.481778     1.54325
           33 14  |   1.449856   .0140879   102.91   0.000     1.422175    1.477537
           33 15  |   1.620952   .0138863   116.73   0.000     1.593668    1.648237
           33 16  |   1.461199   .0142602   102.47   0.000      1.43318    1.489219
           33 17  |   1.318771   .0160885    81.97   0.000      1.28716    1.350382
           33 18  |   1.568525    .014222   110.29   0.000     1.540581    1.596469
           33 19  |   1.621985    .020862    77.75   0.000     1.580994    1.662976
           33 20  |   1.401717   .0280073    50.05   0.000     1.346687    1.456747
           33 21  |   1.373863   .0198209    69.31   0.000     1.334918    1.412809
           33 22  |   1.598101   .0171332    93.28   0.000     1.564437    1.631765
           33 23  |    1.49939   .0135407   110.73   0.000     1.472785    1.525996
           33 24  |   1.504998   .0167098    90.07   0.000     1.472166    1.537831
           33 25  |   1.307498   .0157806    82.85   0.000     1.276492    1.338505
           33 26  |    1.45225    .021632    67.13   0.000     1.409747    1.494754
           33 27  |   1.444229   .0204185    70.73   0.000     1.404109    1.484348
           33 28  |    1.35159   .0229223    58.96   0.000     1.306551    1.396628
           33 29  |     1.3738   .0180182    76.25   0.000     1.338397    1.409203
           33 71  |   1.785164   .0172854   103.28   0.000     1.751201    1.819127
           33 72  |   1.605075    .017284    92.86   0.000     1.571114    1.639035
           33 73  |   1.618833   .0213251    75.91   0.000     1.576932    1.660733
           33 74  |   1.659126   .0174813    94.91   0.000     1.624777    1.693474
           33 75  |   1.530144   .0303552    50.41   0.000     1.470501    1.589787
           33 76  |   1.321826   .0426047    31.03   0.000     1.238114    1.405537
            34 1  |   1.617211   .0134413   120.32   0.000     1.590801    1.643622
            34 2  |   1.651886   .0142853   115.64   0.000     1.623817    1.679954
            34 3  |   1.394933   .0119151   117.07   0.000     1.371521    1.418344
            34 4  |   1.708648   .0145872   117.13   0.000     1.679987     1.73731
           34 71  |   1.696962   .0173383    97.87   0.000     1.662895    1.731029
            35 1  |   1.061118   .0143872    73.75   0.000     1.032849    1.089387
            35 2  |   1.703784   .0141197   120.67   0.000     1.676041    1.731527
            35 3  |   1.299538   .0156776    82.89   0.000     1.268734    1.330342
            35 4  |   1.463481   .0138954   105.32   0.000     1.436179    1.490784
            35 5  |   1.670797   .0131753   126.81   0.000     1.644909    1.696684
            35 6  |    1.44221   .0140575   102.59   0.000     1.414589     1.46983
            35 7  |    1.63517   .0137554   118.87   0.000     1.608142    1.662197
            35 8  |   1.328359   .0129264   102.76   0.000      1.30296    1.353757
            35 9  |   1.456648   .0135192   107.75   0.000     1.430085    1.483211
           35 10  |   1.445777   .0135241   106.90   0.000     1.419204    1.472349
           35 11  |   1.322127   .0141455    93.47   0.000     1.294334    1.349921
           35 12  |     1.2392    .015194    81.56   0.000     1.209347    1.269054
           35 13  |   1.194402   .0132257    90.31   0.000     1.168415    1.220389
           35 14  |   1.345976    .014782    91.05   0.000     1.316931     1.37502
           35 15  |   1.644194   .0233234    70.50   0.000     1.598367    1.690021
           35 16  |   1.412449   .0174207    81.08   0.000      1.37822    1.446678
           35 17  |    1.49293   .0144493   103.32   0.000      1.46454    1.521321
           35 18  |   1.374234   .0139325    98.63   0.000     1.346859    1.401609
           35 19  |   1.487395   .0139336   106.75   0.000     1.460018    1.514773
           35 20  |    1.56823   .0138444   113.28   0.000     1.541027    1.595432
           35 21  |   1.456485   .0141813   102.70   0.000     1.428621    1.484349
           35 22  |   1.287473   .0136572    94.27   0.000     1.260639    1.314308
           35 23  |   1.346229   .0135953    99.02   0.000     1.319516    1.372941
           35 24  |    1.37535   .0144173    95.40   0.000     1.347022    1.403677
           35 25  |   1.475935   .0162863    90.62   0.000     1.443935    1.507935
           35 26  |   .9378678   .0161803    57.96   0.000      .906076    .9696596
           35 27  |   .9832077   .0141215    69.62   0.000     .9554611    1.010954
           35 28  |   1.106818   .0206912    53.49   0.000     1.066163    1.147473
           35 29  |   1.050896   .0121583    86.43   0.000     1.027007    1.074785
           35 71  |    1.52098   .0172219    88.32   0.000     1.487142    1.554819
           35 72  |   1.616032   .0167971    96.21   0.000     1.583028    1.649035
           35 73  |   1.626683   .0170804    95.24   0.000     1.593123    1.660244
           35 74  |   1.824594   .0158505   115.11   0.000      1.79345    1.855738
           35 75  |   1.634769   .0180975    90.33   0.000      1.59921    1.670328
           35 76  |   2.040506   .0179876   113.44   0.000     2.005163    2.075849
           35 77  |   1.525227   .0170799    89.30   0.000     1.491668    1.558787
           35 78  |   1.664276   .0218868    76.04   0.000     1.621272     1.70728
           35 79  |   1.734613   .0167117   103.80   0.000     1.701777    1.767449
            36 1  |    .818377   .0167961    48.72   0.000     .7853752    .8513788
            36 2  |   .9109044   .0131743    69.14   0.000      .885019    .9367899
            36 3  |   1.237117   .0241721    51.18   0.000     1.189623    1.284612
            36 4  |   .9604986    .014922    64.37   0.000     .9311791    .9898181
           36 71  |   1.674713   .0227891    73.49   0.000     1.629936     1.71949
           36 72  |   1.590513   .0210266    75.64   0.000     1.549199    1.631827
           36 73  |   1.253681   .0160275    78.22   0.000     1.222189    1.285172
           36 74  |   1.641793   .0188063    87.30   0.000     1.604841    1.678744
            51 1  |   1.564265   .0119541   130.86   0.000     1.540777    1.587753
            51 2  |   1.376825   .0129718   106.14   0.000     1.351338    1.402313
            51 3  |   1.661172   .0187203    88.74   0.000      1.62439    1.697955
            51 4  |   1.424966   .0154526    92.22   0.000     1.394604    1.455328
            51 5  |   1.347142   .0111074   121.28   0.000     1.325318    1.368966
            51 6  |   1.256193   .0141819    88.58   0.000     1.228328    1.284059
            51 7  |   1.246363   .0114897   108.48   0.000     1.223787    1.268938
            51 8  |    1.34016   .0109741   122.12   0.000     1.318597    1.361722
           51 71  |   1.629664   .0179984    90.55   0.000       1.5943    1.665028
            52 1  |   1.201292   .0142452    84.33   0.000     1.173302    1.229282
            52 2  |   1.329211   .0135118    98.37   0.000     1.302662    1.355759
            52 3  |     1.0671     .01894    56.34   0.000     1.029885    1.104314
            52 4  |   1.449952   .0111769   129.73   0.000     1.427991    1.471913
            52 5  |   1.001701   .0098599   101.59   0.000     .9823276    1.021074
            52 6  |    1.41982   .0120502   117.83   0.000     1.396143    1.443496
            52 7  |   1.645969   .0108417   151.82   0.000     1.624667    1.667272
            52 8  |   1.404571   .0106901   131.39   0.000     1.383567    1.425576
           52 71  |   1.519325    .015866    95.76   0.000      1.48815    1.550499
           52 72  |   1.137362   .0152145    74.75   0.000     1.107467    1.167256
            53 1  |  -.7173596   .0125461   -57.18   0.000    -.7420108   -.6927084
            53 2  |  -.5500939   .0215762   -25.50   0.000    -.5924879   -.5076999
            53 3  |  -.5538137     .01029   -53.82   0.000    -.5740319   -.5335954
            53 4  |  -.5168323   .0133769   -38.64   0.000    -.5431158   -.4905487
            53 5  |  -.5060969   .0150315   -33.67   0.000    -.5356315   -.4765623
            53 6  |  -.3188034   .0132121   -24.13   0.000    -.3447632   -.2928437
            53 7  |  -.4395284   .0140823   -31.21   0.000    -.4671979   -.4118589
            53 8  |  -.3269013   .0118737   -27.53   0.000    -.3502313   -.3035712
            53 9  |  -.6710468   .0081223   -82.62   0.000    -.6870058   -.6550878
           53 10  |  -.7286521   .0153768   -47.39   0.000    -.7588652    -.698439
           53 11  |  -.6934108   .0114763   -60.42   0.000    -.7159601   -.6708616
           53 12  |  -.8188839   .0108695   -75.34   0.000    -.8402408    -.797527
           53 13  |  -.7689847   .0142159   -54.09   0.000    -.7969168   -.7410526
           53 14  |  -.9448921   .0087642  -107.81   0.000    -.9621125   -.9276717
           53 15  |  -.8398472   .0140891   -59.61   0.000    -.8675301   -.8121643
           53 16  |  -.8625331   .0117371   -73.49   0.000    -.8855947   -.8394714
           53 17  |  -1.208077   .0118384  -102.05   0.000    -1.231338   -1.184817
           53 18  |   -.826481   .0125232   -66.00   0.000    -.8510872   -.8018748
           53 19  |  -.9011742   .0140024   -64.36   0.000    -.9286868   -.8736615
           53 20  |    -.87065   .0123396   -70.56   0.000    -.8948955   -.8464045
           53 21  |  -.6541902   .0123777   -52.85   0.000    -.6785106   -.6298699
           53 71  |   .8757081    .018785    46.62   0.000     .8387985    .9126177
            61 1  |   1.591219   .0136898   116.23   0.000     1.564321    1.618117
            61 2  |   .8045548   .0156387    51.45   0.000     .7738271    .8352824
            61 3  |   .5702287   .0164965    34.57   0.000     .5378155    .6026419
            61 4  |   1.240082   .0110284   112.44   0.000     1.218412    1.261751
            61 5  |   1.075867   .0156533    68.73   0.000     1.045111    1.106624
            61 6  |   1.304917    .014498    90.01   0.000      1.27643    1.333403
            61 7  |   .7283257   .0167281    43.54   0.000     .6954575    .7611939
            61 8  |   .9485766   .0149459    63.47   0.000     .9192101    .9779431
            61 9  |   .9157872   .0148906    61.50   0.000     .8865295    .9450448
           61 10  |   .6703561   .0176645    37.95   0.000     .6356481    .7050641
           61 11  |   1.518725   .0115589   131.39   0.000     1.496013    1.541436
           61 12  |    1.15844   .0136804    84.68   0.000      1.13156     1.18532
           61 71  |    1.40859   .0249487    56.46   0.000     1.359569     1.45761
           61 72  |   1.589569   .0174908    90.88   0.000     1.555202    1.623936
            62 1  |   1.613857   .0140287   115.04   0.000     1.586293    1.641421
            62 2  |    1.40555   .0137748   102.04   0.000     1.378485    1.432615
            62 3  |   1.073798    .015566    68.98   0.000     1.043213    1.104383
            62 4  |   1.253184   .0199962    62.67   0.000     1.213895    1.292474
            62 5  |   1.011734   .0182603    55.41   0.000     .9758554    1.047613
            62 6  |   1.690571   .0128559   131.50   0.000     1.665312    1.715831
            62 7  |   1.413322   .0151245    93.45   0.000     1.383605     1.44304
            62 8  |   1.378119   .0147666    93.33   0.000     1.349105    1.407133
            62 9  |    1.17451   .0196882    59.66   0.000     1.135826    1.213195
           62 10  |   1.232317   .0172679    71.36   0.000     1.198388    1.266246
           62 11  |   1.309496   .0293719    44.58   0.000     1.251785    1.367207
           62 12  |   1.401842   .0184694    75.90   0.000     1.365553    1.438132
           62 13  |    1.17274   .0213783    54.86   0.000     1.130735    1.214746
           62 71  |   1.313037   .0190421    68.95   0.000     1.275622    1.350451
            63 1  |   1.528467   .0134506   113.64   0.000     1.502039    1.554895
            63 2  |   1.156226   .0085958   134.51   0.000     1.139337    1.173116
            63 3  |   1.153972   .0136885    84.30   0.000     1.127076    1.180867
            63 4  |   1.232909   .0134932    91.37   0.000     1.206397    1.259421
            63 5  |   1.242869   .0136368    91.14   0.000     1.216074    1.269663
            63 6  |   1.380263   .0140392    98.31   0.000     1.352678    1.407848
            63 7  |   1.353087   .0154551    87.55   0.000      1.32272    1.383454
            63 8  |   1.235926   .0169084    73.10   0.000     1.202704    1.269149
            63 9  |   1.560813   .0134707   115.87   0.000     1.534345     1.58728
           63 10  |   1.486007   .0131247   113.22   0.000     1.460219    1.511795
           63 11  |   1.593748   .0168447    94.61   0.000     1.560651    1.626845
           63 71  |   1.414433   .0180746    78.26   0.000     1.378919    1.449947
           63 72  |   1.355162   .0165674    81.80   0.000     1.322609    1.387714
            64 1  |   1.427095   .0124658   114.48   0.000     1.402601    1.451588
            64 2  |   1.210713   .0140913    85.92   0.000     1.183026      1.2384
            64 3  |   1.558271   .0142099   109.66   0.000      1.53035    1.586191
            64 4  |   1.690737   .0125327   134.91   0.000     1.666112    1.715362
            64 5  |   1.789591    .014133   126.62   0.000     1.761822     1.81736
            64 9  |   1.729113   .0128872   134.17   0.000     1.703792    1.754435
           64 11  |   1.334216   .0221129    60.34   0.000     1.290767    1.377664
           64 71  |   1.595816   .0264685    60.29   0.000     1.543809    1.647823
           64 72  |   1.610633   .0162738    98.97   0.000     1.578657    1.642608
           64 74  |   2.050686   .0294342    69.67   0.000     1.992852    2.108519
            65 1  |   .6648429   .0214581    30.98   0.000     .6226811    .7070048
            65 2  |   1.344397   .0139722    96.22   0.000     1.316944     1.37185
            65 3  |    1.47782   .0172816    85.51   0.000     1.443864    1.511776
            65 4  |   .3907637   .0177846    21.97   0.000     .3558197    .4257077
           65 71  |   1.846379   .0228318    80.87   0.000     1.801518     1.89124
            71 1  |   1.058684    .011128    95.14   0.000     1.036819    1.080549
            71 2  |    1.28351   .0124867   102.79   0.000     1.258976    1.308045
            71 3  |   .1334589   .0087783    15.20   0.000     .1162109    .1507069
            71 4  |   .2405837   .0062204    38.68   0.000     .2283616    .2528059
            71 5  |   1.049704   .0108978    96.32   0.000     1.028291    1.071116
            71 6  |   1.174641   .0117496    99.97   0.000     1.151555    1.197727
            71 7  |   1.155603   .0065701   175.89   0.000     1.142694    1.168513
            71 8  |   .9762542   .0070912   137.67   0.000     .9623211    .9901872
            71 9  |   1.042816    .011573    90.11   0.000     1.020077    1.065556
           71 10  |   1.085591   .0041129   263.95   0.000      1.07751    1.093673
           71 11  |   1.149058   .0104873   109.57   0.000     1.128452    1.169664
           71 71  |   1.254585   .0173805    72.18   0.000     1.220435    1.288735
           71 72  |   1.060204   .0234965    45.12   0.000     1.014037    1.106371
           71 73  |    1.48199   .0146153   101.40   0.000     1.453273    1.510707
           71 74  |   1.195692   .0143819    83.14   0.000     1.167434     1.22395
            72 1  |  -.1042007   .0088859   -11.73   0.000    -.1216601   -.0867413
            72 2  |   .9285969   .0067515   137.54   0.000     .9153313    .9418626
            72 3  |    1.04392   .0105408    99.04   0.000     1.023209    1.064631
            72 4  |    1.14353   .0131202    87.16   0.000      1.11775    1.169309
            72 5  |   1.103403   .0071662   153.97   0.000     1.089322    1.117483
            72 6  |   1.288044   .0095884   134.33   0.000     1.269205    1.306884
            72 7  |   1.179274   .0070126   168.16   0.000     1.165496    1.193053
            72 8  |   1.406109   .0073601   191.04   0.000     1.391648    1.420571
            72 9  |   1.091287   .0089489   121.95   0.000     1.073704     1.10887
           72 10  |   1.000971   .0144199    69.42   0.000     .9726383    1.029304
           72 11  |   .3291307    .012934    25.45   0.000     .3037173    .3545441
           72 12  |   1.264227   .0117104   107.96   0.000     1.241218    1.287237
           72 71  |   1.363043   .0155973    87.39   0.000     1.332397    1.393689
            73 1  |   .9898634   .0052442   188.75   0.000     .9795593    1.000168
            73 2  |    1.15498   .0150582    76.70   0.000     1.125393    1.184567
            73 3  |   1.316296   .0126467   104.08   0.000     1.291447    1.341145
            73 4  |   1.076076   .0121415    88.63   0.000      1.05222    1.099932
            73 5  |   1.128919   .0178399    63.28   0.000     1.093866    1.163971
            73 6  |    1.24408   .0168597    73.79   0.000     1.210954    1.277207
            73 7  |   1.154188    .022127    52.16   0.000     1.110712    1.197664
            73 8  |   1.186143   .0370475    32.02   0.000      1.11335    1.258935
            73 9  |   1.435393   .0196502    73.05   0.000     1.396783    1.474003
           73 10  |   1.164114   .0133346    87.30   0.000     1.137914    1.190315
           73 11  |   1.319969    .014537    90.80   0.000     1.291406    1.348532
           73 12  |   1.558793   .0137434   113.42   0.000     1.531789    1.585797
           73 13  |   1.489968   .0130489   114.18   0.000     1.464329    1.515607
           73 14  |   1.681631   .0137368   122.42   0.000      1.65464    1.708621
           73 15  |   1.639147   .0123127   133.13   0.000     1.614955     1.66334
           73 16  |   1.356125   .0135872    99.81   0.000     1.329428    1.382821
           73 17  |   .8603717   .0136888    62.85   0.000     .8334754     .887268
           73 18  |   .7258418   .0139303    52.11   0.000      .698471    .7532126
           73 22  |   .8883474   .0126187    70.40   0.000     .8635535    .9131413
           73 25  |   1.447852   .0145014    99.84   0.000     1.419359    1.476345
           73 26  |   .8728469    .013994    62.37   0.000     .8453509     .900343
           73 71  |   1.331816    .043139    30.87   0.000     1.247054    1.416577
           73 72  |   1.715274   .0131756   130.19   0.000     1.689386    1.741162
           73 73  |   1.291233   .0207143    62.34   0.000     1.250532    1.331933
            74 1  |   .2681711   .0096094    27.91   0.000     .2492902    .2870521
            74 2  |   .3721037   .0124995    29.77   0.000     .3475442    .3966633
            74 3  |   .9941688   .0138993    71.53   0.000     .9668588    1.021479
            74 4  |   1.139967   .0128813    88.50   0.000     1.114657    1.165277
            74 5  |   1.082638   .0116128    93.23   0.000     1.059821    1.105456
            74 6  |   1.027343   .0165525    62.07   0.000     .9948195    1.059866
            74 7  |   .7380589   .0082441    89.53   0.000     .7218605    .7542574
            74 8  |   1.080569   .0095985   112.58   0.000      1.06171    1.099429
            74 9  |   .6985017   .0092822    75.25   0.000     .6802637    .7167398
           74 10  |   .9737444   .0121964    79.84   0.000     .9497804    .9977085
           74 11  |   .7964917   .0140695    56.61   0.000     .7688474    .8241361
           74 12  |   .7663932   .0074814   102.44   0.000     .7516934    .7810931
           74 13  |   .4183805   .0125397    33.36   0.000     .3937419    .4430191
           74 14  |   .5677186   .0131356    43.22   0.000     .5419092    .5935279
           74 15  |  -.1127969   .0069544   -16.22   0.000    -.1264612   -.0991326
           74 71  |   1.188146   .0313933    37.85   0.000     1.126463    1.249829
           74 72  |   .6788891   .0170926    39.72   0.000     .6453049    .7124734
            75 1  |   1.350369   .0140792    95.91   0.000     1.322706    1.378033
            75 2  |   1.188497   .0128849    92.24   0.000      1.16318    1.213813
            75 3  |   1.303648   .0099913   130.48   0.000     1.284017    1.323279
            75 4  |   1.172215   .0119927    97.74   0.000     1.148652    1.195779
            75 5  |   1.239873    .008559   144.86   0.000     1.223056     1.25669
           75 71  |   1.299984    .019616    66.27   0.000     1.261441    1.338526
            76 1  |   1.066116   .0098523   108.21   0.000     1.046758    1.085475
            76 2  |   1.144965   .0158475    72.25   0.000     1.113827    1.176103
            76 3  |   .1363647   .0161464     8.45   0.000     .1046395    .1680899
            76 4  |   .9593848   .0111313    86.19   0.000     .9375135    .9812561
            76 5  |   1.352526    .009381   144.18   0.000     1.334094    1.370958
            76 6  |   1.116239   .0128846    86.63   0.000     1.090922    1.141555
            81 1  |  -.4043837   .0197096   -20.52   0.000    -.4431101   -.3656573
            81 2  |  -.1738742   .0184217    -9.44   0.000    -.2100699   -.1376785
            81 3  |   .3439206   .0187593    18.33   0.000     .3070615    .3807797
            81 4  |   .1713377   .0100837    16.99   0.000     .1515247    .1911506
            81 5  |  -.0831567   .0260735    -3.19   0.002    -.1343872   -.0319262
            81 6  |   .1138904   .0185457     6.14   0.000     .0774509    .1503299
            81 7  |   -.357864   .0197253   -18.14   0.000    -.3966211   -.3191068
            81 8  |  -.5047838   .0121243   -41.63   0.000    -.5286063   -.4809613
            81 9  |  -.0600023   .0227472    -2.64   0.009    -.1046971   -.0153076
           81 71  |   .7183547   .0183397    39.17   0.000     .6823199    .7543894
           81 72  |  -.3151664   .0173723   -18.14   0.000    -.3493003   -.2810324
            82 1  |  -.1334297   .0160403    -8.32   0.000    -.1649465   -.1019129
            82 2  |   .1535473   .0117184    13.10   0.000     .1305224    .1765723
            82 3  |  -.2722865   .0137344   -19.83   0.000    -.2992725   -.2453006
            82 4  |  -.2476763   .0224855   -11.01   0.000    -.2918569   -.2034958
            82 5  |  -.0974375   .0117212    -8.31   0.000    -.1204678   -.0744071
            82 6  |   -.058573   .0062341    -9.40   0.000    -.0708221   -.0463239
            82 7  |  -.1963444   .0065908   -29.79   0.000    -.2092943   -.1833945
            82 8  |  -.1489218    .014507   -10.27   0.000    -.1774259   -.1204177
           82 71  |   .3118152   .0182195    17.11   0.000     .2760166    .3476138
           82 72  |   .1366937   .0119578    11.43   0.000     .1131984     .160189
            91 1  |  -.0813645   .0185382    -4.39   0.000    -.1177893   -.0449397
            91 2  |  -.2510004   .0358888    -6.99   0.000    -.3215163   -.1804844
            91 3  |  -.2228046   .0186311   -11.96   0.000    -.2594119   -.1861973
            91 4  |  -.5177328   .0274781   -18.84   0.000     -.571723   -.4637427
            91 5  |  -.0810625   .0138796    -5.84   0.000    -.1083338   -.0537912
           91 11  |  -.3342888   .0244669   -13.66   0.000    -.3823625   -.2862151
           91 12  |  -1.068835   .0246087   -43.43   0.000    -1.117188   -1.020483
            92 1  |  -.2948773   .0237491   -12.42   0.000    -.3415406    -.248214
            92 2  |  -.3568765   .0233075   -15.31   0.000    -.4026721   -.3110808
            92 3  |  -.5361667   .0359485   -14.91   0.000       -.6068   -.4655335
            92 4  |  -.5500179   .0289037   -19.03   0.000    -.6068093   -.4932264
            92 5  |  -.8064013   .0215649   -37.39   0.000     -.848773   -.7640297
           92 71  |   .1698902    .023604     7.20   0.000      .123512    .2162684
            94 3  |  -.3959487   .0193861   -20.42   0.000    -.4340394   -.3578579
            94 8  |  -.8514123   .0187403   -45.43   0.000    -.8882341   -.8145905
            94 9  |  -.4570828   .0144767   -31.57   0.000    -.4855273   -.4286384
           94 19  |  -.5078849    .024283   -20.92   0.000    -.5555973   -.4601724
           94 20  |  -.5885755   .0269944   -21.80   0.000    -.6416153   -.5355357
           94 26  |  -1.125084    .019409   -57.97   0.000     -1.16322   -1.086948
           94 27  |   -.505237    .022161   -22.80   0.000      -.54878   -.4616941
           94 28  |  -.5941376   .0420759   -14.12   0.000    -.6768104   -.5114648
           94 71  |   .4112051   .0214435    19.18   0.000     .3690719    .4533383
            95 1  |  -.1581345   .0227707    -6.94   0.000    -.2028755   -.1133935
            95 2  |  -.3798239   .0560579    -6.78   0.000     -.489969   -.2696788
            95 3  |  -.8830571   .0301136   -29.32   0.000    -.9422259   -.8238884
            95 4  |  -1.260005   .0362662   -34.74   0.000    -1.331263   -1.188748
            96 1  |  -.4723474   .0233601   -20.22   0.000    -.5182465   -.4264483
            96 2  |  -1.316565   .0257226   -51.18   0.000    -1.367106   -1.266024
            96 3  |  -1.311835   .0139122   -94.29   0.000     -1.33917   -1.284499
            96 4  |  -.2516708   .0205424   -12.25   0.000    -.2920334   -.2113081
            96 5  |  -1.432392   .0157397   -91.00   0.000    -1.463319   -1.401466
            96 6  |  -1.481078   .0179446   -82.54   0.000    -1.516336    -1.44582
            96 7  |  -1.133252   .0195063   -58.10   0.000    -1.171579   -1.094926
            96 8  |  -.8861843   .0210989   -42.00   0.000    -.9276404   -.8447282
            97 1  |   -1.14616   .0413044   -27.75   0.000    -1.227316   -1.065003
            97 2  |  -1.068982   .0161427   -66.22   0.000      -1.1007   -1.037264
            97 3  |  -1.140409   .0276173   -41.29   0.000    -1.194673   -1.086145
            97 4  |  -.7245179   .0399771   -18.12   0.000    -.8030669    -.645969
            97 5  |  -1.148845   .0180947   -63.49   0.000    -1.184399   -1.113292
            97 6  |  -1.038238   .0233989   -44.37   0.000    -1.084213   -.9922627
            97 7  |  -1.448028   .0202407   -71.54   0.000    -1.487797   -1.408258
            97 8  |  -1.288063   .0518911   -24.82   0.000    -1.390021   -1.186105
                  |
            _cons |   -1.44331   .0793874   -18.18   0.000    -1.599294   -1.287326
-----------------------------------------------------------------------------------
      name:  <unnamed>
       log:  /Users/athamawardi/Desktop/Research-Projects/PSE_Pertamina/Output/hurdle/welfaregrid_Wbasic_z_Ker20_w1.log
  log type:  text
 closed on:  20 Jan 2026, 18:53:07
---------------------------------------------------------------------------------------------------------------------------------------------------------------------------------------------------------------------------------------------------------------
