---------------------------------------------------------------------------------------------------------------------------------------------------------------------------------------------------------------------------------------------------------------
      name:  <unnamed>
       log:  /Users/athamawardi/Desktop/Research-Projects/PSE_Pertamina/Output/hurdle/welfaregrid_Wbasic_z_C10_w1.log
  log type:  text
 opened on:  20 Jan 2026, 18:53:12
RUN: reg Wbasic_z on basepre=C10_w1 + controls
note: 2.r308b1e omitted because of collinearity.
note: 3.r309b omitted because of collinearity.
note: 4.r309d omitted because of collinearity.
note: 2.r309e omitted because of collinearity.
note: 5.r403c1 omitted because of collinearity.
note: 4.r403c2 omitted because of collinearity.

Linear regression                               Number of obs     =     84,276
                                                F(38, 487)        =          .
                                                Prob > F          =          .
                                                R-squared         =     0.8209
                                                Root MSE          =      .4246

                                  (Std. err. adjusted for 488 clusters in nama_kab)
-----------------------------------------------------------------------------------
                  |               Robust
         Wbasic_z | Coefficient  std. err.      t    P>|t|     [95% conf. interval]
------------------+----------------------------------------------------------------
           C10_w1 |   .0484192   .0107365     4.51   0.000     .0273237    .0695147
                  |
          r308b1d |
               1  |   .0024619   .0297376     0.08   0.934    -.0559679    .0608916
               2  |  -.0339573   .0272689    -1.25   0.214    -.0875365    .0196218
                  |
          r308b1e |
               1  |   .0144506   .0175854     0.82   0.412    -.0201021    .0490033
               2  |          0  (omitted)
                  |
            r309a |
               2  |   .1944113   .0260886     7.45   0.000     .1431511    .2456714
               3  |   .2743618   .0385162     7.12   0.000     .1986834    .3500402
                  |
            r309b |
               1  |   .0617204   .0208286     2.96   0.003     .0207955    .1026454
               2  |   .0736393   .0228246     3.23   0.001     .0287925    .1184861
               3  |          0  (omitted)
                  |
            r309d |
               1  |  -.1837394   .0277646    -6.62   0.000    -.2382925   -.1291863
               2  |  -.0794253   .0192982    -4.12   0.000    -.1173432   -.0415074
               3  |  -.0410852   .0182554    -2.25   0.025    -.0769542   -.0052162
               4  |          0  (omitted)
                  |
            r309e |
               1  |    .039497   .0110757     3.57   0.000      .017735     .061259
               2  |          0  (omitted)
                  |
           2.r310 |   .0235284   .0110314     2.13   0.033     .0018533    .0452034
                  |
            r403a |
               2  |   .3415004   .0601786     5.67   0.000     .2232587    .4597421
               3  |    .383988   .0560627     6.85   0.000     .2738333    .4941426
               4  |   .5234174   .1026863     5.10   0.000     .3216544    .7251804
               5  |   .2270985   .1389271     1.63   0.103    -.0458721     .500069
               6  |   .3751939   .0558954     6.71   0.000      .265368    .4850198
               7  |   .5393221   .0533516    10.11   0.000     .4344944    .6441498
               8  |   .4790974   .0627576     7.63   0.000     .3557884    .6024065
               9  |   .4517451   .0575713     7.85   0.000     .3386262     .564864
              11  |   1.030635   .0533828    19.31   0.000     .9257461    1.135524
              13  |   .5557674   .3643201     1.53   0.128    -.1600658    1.271601
              14  |   .5371128   .1534841     3.50   0.001       .23554    .8386856
              15  |   .7797592    .059228    13.17   0.000     .6633852    .8961332
              16  |   .4946549   .0722019     6.85   0.000     .3527892    .6365206
              17  |   .5894958   .1173455     5.02   0.000     .3589298    .8200617
              18  |    .155432    .216781     0.72   0.474    -.2705095    .5813735
              19  |   .5197443    .053969     9.63   0.000     .4137035    .6257851
              20  |  -.3793407   .3028157    -1.25   0.211    -.9743273    .2156458
                  |
           r403c1 |
               1  |   .1074574   .0498285     2.16   0.032      .009552    .2053628
               2  |    .056504   .0495909     1.14   0.255    -.0409346    .1539426
               3  |   -.011911   .0498815    -0.24   0.811    -.1099205    .0860986
               4  |   .0220536   .0578886     0.38   0.703    -.0916886    .1357958
               5  |          0  (omitted)
                  |
           r403c2 |
               1  |    .160948   .0136669    11.78   0.000     .1340945    .1878014
               2  |   .0793835   .0147431     5.38   0.000     .0504155    .1083514
               3  |   .0043804   .0177582     0.25   0.805    -.0305118    .0392726
               4  |          0  (omitted)
                  |
         y_combo3 |
    Tangkap-only  |   .0358225   .0248537     1.44   0.150    -.0130113    .0846563
Tangkap+Budidaya  |   .0743854   .0255213     2.91   0.004       .02424    .1245308
     Other/mixed  |   .0729767   .0352115     2.07   0.039     .0037914     .142162
                  |
              kab |
            11 2  |   .9561342    .012522    76.36   0.000     .9315304     .980738
            11 3  |   1.181621   .0133843    88.28   0.000     1.155323     1.20792
            11 4  |   1.093089   .0134319    81.38   0.000     1.066697    1.119481
            11 5  |   1.013756   .0145681    69.59   0.000     .9851315     1.04238
            11 6  |   1.259181   .0135382    93.01   0.000      1.23258    1.285781
            11 7  |   1.067957   .0121444    87.94   0.000     1.044095    1.091819
            11 8  |   1.357251   .0146197    92.84   0.000     1.328526    1.385977
            11 9  |   1.250012   .0133757    93.45   0.000     1.223731    1.276293
           11 10  |     1.1462   .0125172    91.57   0.000     1.121606    1.170794
           11 11  |   1.111801   .0138559    80.24   0.000     1.084576    1.139026
           11 12  |   1.430797   .0130796   109.39   0.000     1.405098    1.456497
           11 13  |   1.394379   .0137579   101.35   0.000     1.367347    1.421411
           11 14  |   1.162376   .0130685    88.94   0.000     1.136698    1.188053
           11 15  |   1.234177   .0125951    97.99   0.000     1.209429    1.258924
           11 16  |   1.454735    .009852   147.66   0.000     1.435377    1.474092
           11 17  |   1.378703   .0136638   100.90   0.000     1.351856     1.40555
           11 18  |    1.29955   .0125429   103.61   0.000     1.274906    1.324195
           11 71  |   1.505849   .0320168    47.03   0.000     1.442941    1.568757
           11 72  |   1.339765   .0120356   111.32   0.000     1.316117    1.363413
           11 73  |   1.481131   .0179256    82.63   0.000      1.44591    1.516352
           11 74  |   1.396755   .0236616    59.03   0.000     1.350263    1.443246
           11 75  |   .8950403   .0136469    65.59   0.000     .8682262    .9218544
            12 1  |   .0036147    .016486     0.22   0.827    -.0287778    .0360071
            12 2  |   1.059105   .0147923    71.60   0.000      1.03004    1.088169
            12 3  |   1.058706   .0143783    73.63   0.000     1.030455    1.086957
            12 4  |   1.052159   .0130116    80.86   0.000     1.026593    1.077725
            12 5  |   1.096453   .0141569    77.45   0.000     1.068637    1.124269
            12 6  |   1.144371    .013754    83.20   0.000     1.117347    1.171396
            12 7  |   1.423438   .0129315   110.08   0.000     1.398029    1.448846
            12 8  |   1.114788   .0145409    76.67   0.000     1.086218    1.143359
            12 9  |   1.129479   .0137826    81.95   0.000     1.102398     1.15656
           12 10  |    1.08282   .0135364    79.99   0.000     1.056223    1.109417
           12 11  |   1.151561   .0139416    82.60   0.000     1.124168    1.178955
           12 12  |   1.266646   .0142923    88.62   0.000     1.238564    1.294728
           12 13  |    1.09595   .0135741    80.74   0.000     1.069279    1.122621
           12 14  |  -.1496533   .0146805   -10.19   0.000    -.1784983   -.1208083
           12 15  |   .9674788   .0148175    65.29   0.000     .9383647    .9965929
           12 16  |   1.144475   .0154563    74.05   0.000     1.114106    1.174844
           12 17  |   1.164533   .0140969    82.61   0.000     1.136835    1.192232
           12 18  |    1.19269   .0138357    86.20   0.000     1.165505    1.219875
           12 19  |    1.33966   .0149147    89.82   0.000     1.310355    1.368965
           12 20  |   .6368132   .0143707    44.31   0.000     .6085769    .6650495
           12 21  |   .6964019   .0139605    49.88   0.000     .6689717    .7238321
           12 22  |   1.655232   .0146245   113.18   0.000     1.626497    1.683967
           12 23  |   1.285021   .0133984    95.91   0.000     1.258695    1.311347
           12 24  |   .0252425   .0146612     1.72   0.086    -.0035645    .0540495
           12 25  |   .1436208   .0140457    10.23   0.000     .1160232    .1712185
           12 71  |   1.402452   .0178524    78.56   0.000     1.367375    1.437529
           12 72  |   1.368522    .036686    37.30   0.000     1.296439    1.440604
           12 73  |   1.596576   .0161992    98.56   0.000     1.564748    1.628405
           12 74  |   1.466039   .0166403    88.10   0.000     1.433343    1.498735
           12 75  |     1.5833   .0163008    97.13   0.000     1.551272    1.615329
           12 76  |   1.405237   .0168372    83.46   0.000     1.372155     1.43832
           12 77  |   1.224267   .0142419    85.96   0.000     1.196284     1.25225
           12 78  |   .7582673   .0098985    76.60   0.000     .7388182    .7777163
            13 1  |  -.6271796   .0171414   -36.59   0.000    -.6608598   -.5934995
            13 2  |   .9909657   .0108532    91.31   0.000     .9696407    1.012291
            13 3  |   1.218946   .0145317    83.88   0.000     1.190393    1.247499
            13 4  |    1.27842    .016885    75.71   0.000     1.245244    1.311596
            13 5  |   1.376438   .0138091    99.68   0.000     1.349305    1.403571
            13 6  |   1.249207   .0118903   105.06   0.000     1.225845     1.27257
            13 7  |    1.31619   .0141175    93.23   0.000     1.288452    1.343929
            13 8  |   1.390688   .0142789    97.39   0.000     1.362632    1.418744
            13 9  |   1.122179   .0165167    67.94   0.000     1.089726    1.154631
           13 10  |   1.307171   .0153088    85.39   0.000     1.277092    1.337251
           13 11  |   1.547427   .0148413   104.26   0.000     1.518266    1.576588
           13 12  |   1.147241   .0126073    91.00   0.000      1.12247    1.172013
           13 71  |    1.27552   .0140357    90.88   0.000     1.247942    1.303098
           13 72  |   1.331642   .0174163    76.46   0.000     1.297422    1.365863
           13 73  |   1.471503   .0166552    88.35   0.000     1.438778    1.504228
           13 74  |   1.329375    .016737    79.43   0.000     1.296489     1.36226
           13 75  |   1.397564   .0172976    80.80   0.000     1.363577    1.431551
           13 76  |   1.427626   .0161492    88.40   0.000     1.395896    1.459357
           13 77  |   1.389521   .0134297   103.47   0.000     1.363134    1.415908
            14 1  |   1.166295   .0139069    83.86   0.000      1.13897     1.19362
            14 2  |   1.170106   .0143844    81.35   0.000     1.141843    1.198369
            14 3  |   1.395327   .0141153    98.85   0.000     1.367593    1.423062
            14 4  |   1.519754   .0123792   122.77   0.000     1.495431    1.544078
            14 5  |   1.431513   .0124942   114.57   0.000     1.406964    1.456062
            14 6  |   1.252319   .0135335    92.53   0.000     1.225728     1.27891
            14 7  |   1.326831   .0137917    96.21   0.000     1.299733     1.35393
            14 8  |   1.557887   .0088951   175.14   0.000     1.540409    1.575364
            14 9  |   1.156642   .0127023    91.06   0.000     1.131684      1.1816
           14 10  |   1.078519   .0093962   114.78   0.000     1.060057    1.096981
           14 71  |   1.511835   .0163787    92.31   0.000     1.479654    1.544017
           14 73  |   1.429253   .0134775   106.05   0.000     1.402772    1.455734
            15 1  |   1.246137   .0141008    88.37   0.000     1.218431    1.273843
            15 2  |   1.072347   .0146095    73.40   0.000     1.043642    1.101052
            15 3  |   1.273278    .013806    92.23   0.000     1.246151    1.300404
            15 4  |   1.328242   .0149968    88.57   0.000     1.298776    1.357709
            15 5  |   1.332055   .0139469    95.51   0.000     1.304652    1.359459
            15 6  |   1.474074   .0118591   124.30   0.000     1.450773    1.497376
            15 7  |   1.438593   .0139966   102.78   0.000     1.411092    1.466095
            15 8  |   1.380758   .0149658    92.26   0.000     1.351352    1.410163
            15 9  |   1.311319   .0140516    93.32   0.000     1.283709    1.338928
           15 71  |   1.564881   .0169569    92.29   0.000     1.531564    1.598199
           15 72  |   1.313609   .0146335    89.77   0.000     1.284857    1.342362
            16 1  |   1.223355   .0150865    81.09   0.000     1.193712    1.252998
            16 2  |   1.200896   .0136431    88.02   0.000     1.174089    1.227702
            16 3  |   1.364043   .0140303    97.22   0.000     1.336476    1.391611
            16 4  |   1.531342    .013655   112.15   0.000     1.504512    1.558172
            16 5  |   1.299807   .0149162    87.14   0.000     1.270499    1.329115
            16 6  |   1.438657   .0146268    98.36   0.000     1.409917    1.467396
            16 7  |   1.200735   .0152198    78.89   0.000     1.170831     1.23064
            16 8  |   .9972606   .0143152    69.66   0.000     .9691333    1.025388
            16 9  |   1.246166   .0140088    88.96   0.000     1.218641    1.273691
           16 10  |   .9981703   .0142077    70.26   0.000     .9702544    1.026086
           16 11  |   1.251023   .0145679    85.88   0.000       1.2224    1.279647
           16 12  |   1.365043   .0143074    95.41   0.000     1.336931    1.393155
           16 13  |   1.269475    .014762    86.00   0.000      1.24047     1.29848
           16 71  |    1.57244   .0170748    92.09   0.000      1.53889    1.605989
           16 72  |   1.531619   .0153969    99.48   0.000     1.501367    1.561872
           16 73  |   1.560819    .014401   108.38   0.000     1.532523    1.589115
           16 74  |   1.418895   .0155827    91.06   0.000     1.388278    1.449513
            17 1  |   .9122956   .0118205    77.18   0.000     .8890701    .9355211
            17 2  |   1.222652   .0138777    88.10   0.000     1.195385     1.24992
            17 3  |    1.21799   .0118433   102.84   0.000      1.19472     1.24126
            17 4  |    1.62543   .0087957   184.80   0.000     1.608148    1.642713
            17 5  |   .9865539   .0129415    76.23   0.000     .9611257    1.011982
            17 6  |   1.309297   .0124461   105.20   0.000     1.284843    1.333752
            17 7  |   1.156365   .0141217    81.89   0.000     1.128618    1.184112
            17 8  |    1.24025   .0142312    87.15   0.000     1.212287    1.268212
            17 9  |   1.037675   .0146622    70.77   0.000     1.008866    1.066484
           17 71  |   1.277324   .0296529    43.08   0.000      1.21906    1.335587
            18 1  |     1.2247   .0140049    87.45   0.000     1.197183    1.252218
            18 2  |   1.162794    .012053    96.47   0.000     1.139112    1.186476
            18 3  |   1.154253   .0131448    87.81   0.000     1.128425     1.18008
            18 4  |   1.425988   .0139394   102.30   0.000       1.3986    1.453377
            18 5  |   1.479363   .0141908   104.25   0.000      1.45148    1.507246
            18 6  |   1.188994   .0140728    84.49   0.000     1.161343    1.216645
            18 7  |   1.308958    .014296    91.56   0.000     1.280869    1.337048
            18 8  |    1.44243   .0138017   104.51   0.000     1.415312    1.469548
            18 9  |   1.265217   .0129375    97.79   0.000     1.239797    1.290638
           18 10  |   1.477945   .0139643   105.84   0.000     1.450507    1.505382
           18 11  |   1.426112   .0152697    93.39   0.000     1.396109    1.456114
           18 12  |   1.541685   .0151279   101.91   0.000      1.51196    1.571409
           18 13  |   .7864847   .0054384   144.62   0.000      .775799    .7971704
           18 71  |   1.604562   .0177311    90.49   0.000     1.569724    1.639401
           18 72  |   1.455336   .0162393    89.62   0.000     1.423428    1.487243
            19 1  |   1.623261   .0172502    94.10   0.000     1.589366    1.657155
            19 2  |    1.31865   .0213639    61.72   0.000     1.276673    1.360626
            19 3  |   1.429875   .0146447    97.64   0.000       1.4011    1.458649
            19 4  |     1.6516   .0117565   140.48   0.000       1.6285      1.6747
            19 5  |   1.465957   .0146316   100.19   0.000     1.437208    1.494706
            19 6  |   1.407803   .0184516    76.30   0.000     1.371548    1.444057
           19 71  |   1.520876    .020858    72.92   0.000     1.479894    1.561859
            21 1  |   1.154712   .0120656    95.70   0.000     1.131005    1.178419
            21 2  |    1.31756   .0151999    86.68   0.000     1.287695    1.347426
            21 3  |    .596929   .0122692    48.65   0.000     .5728218    .6210361
            21 4  |   .6434501    .013732    46.86   0.000     .6164688    .6704313
            21 5  |   .4472824   .0163864    27.30   0.000     .4150857     .479479
           21 71  |   1.504993   .0169216    88.94   0.000     1.471745    1.538242
           21 72  |    1.31774   .0149047    88.41   0.000     1.288454    1.347025
            31 1  |   1.339619   .0267455    50.09   0.000     1.287068     1.39217
           31 71  |   1.678505   .0179775    93.37   0.000     1.643182    1.713828
           31 72  |   1.506123    .018736    80.39   0.000      1.46931    1.542937
           31 73  |   1.550845   .0181588    85.40   0.000     1.515166    1.586524
           31 74  |   1.645796    .020109    81.84   0.000     1.606285    1.685307
           31 75  |   1.651286   .0210047    78.62   0.000     1.610015    1.692557
            32 1  |   1.432268   .0162575    88.10   0.000     1.400325    1.464212
            32 2  |   1.247997   .0135675    91.98   0.000     1.221339    1.274655
            32 3  |   1.378843   .0132159   104.33   0.000     1.352875     1.40481
            32 4  |   1.558226   .0192012    81.15   0.000     1.520499    1.595953
            32 5  |   1.385167   .0136554   101.44   0.000     1.358336    1.411997
            32 6  |   1.336642   .0136762    97.74   0.000     1.309771    1.363514
            32 7  |   1.581258   .0142173   111.22   0.000     1.553323    1.609193
            32 8  |   1.596701   .0144178   110.74   0.000     1.568372     1.62503
            32 9  |   1.341596   .0156409    85.77   0.000     1.310864    1.372328
           32 10  |   1.523529   .0143664   106.05   0.000     1.495302    1.551757
           32 11  |   1.576452   .0147897   106.59   0.000     1.547393    1.605512
           32 12  |   1.526087   .0143926   106.03   0.000     1.497807    1.554366
           32 13  |   1.527381   .0134945   113.19   0.000     1.500866    1.553896
           32 14  |   1.322709   .0164418    80.45   0.000     1.290404    1.355015
           32 15  |   1.396308   .0150519    92.77   0.000     1.366733    1.425883
           32 16  |   1.408653   .0183887    76.60   0.000     1.372522    1.444784
           32 17  |   1.473463   .0149555    98.52   0.000     1.444078    1.502849
           32 18  |   1.456041   .0124042   117.38   0.000     1.431668    1.480413
           32 71  |   1.851931   .0170134   108.85   0.000     1.818502     1.88536
           32 72  |   1.485855   .0172334    86.22   0.000     1.451994    1.519716
           32 73  |   1.697165   .0170891    99.31   0.000     1.663587    1.730742
           32 74  |   1.921276   .0157039   122.34   0.000     1.890421    1.952132
           32 75  |   1.809552   .0176329   102.62   0.000     1.774906    1.844197
           32 76  |   1.690879   .0170517    99.16   0.000     1.657375    1.724382
           32 77  |   1.659897   .0213156    77.87   0.000     1.618015    1.701779
           32 78  |   1.703043   .0173428    98.20   0.000     1.668967    1.737119
           32 79  |   1.716506   .0151547   113.27   0.000     1.686729    1.746282
            33 1  |   1.462604    .013833   105.73   0.000     1.435425    1.489784
            33 2  |   1.482522   .0147821   100.29   0.000     1.453477    1.511566
            33 3  |   1.486539   .0150793    98.58   0.000     1.456911    1.516168
            33 4  |   1.561864   .0139954   111.60   0.000     1.534365    1.589363
            33 5  |    1.57944   .0136666   115.57   0.000     1.552587    1.606292
            33 6  |   1.474552   .0140238   105.15   0.000     1.446998    1.502107
            33 7  |   1.679781   .0140396   119.65   0.000     1.652195    1.707366
            33 8  |   1.486546   .0141929   104.74   0.000     1.458659    1.514433
            33 9  |   1.571314    .014905   105.42   0.000     1.542028    1.600601
           33 10  |   1.712705   .0152518   112.30   0.000     1.682738    1.742672
           33 11  |   1.444576   .0170239    84.86   0.000     1.411127    1.478026
           33 12  |   1.347725   .0137475    98.03   0.000     1.320714    1.374737
           33 13  |   1.511193    .015672    96.43   0.000       1.4804    1.541986
           33 14  |   1.449064   .0141435   102.45   0.000     1.421274    1.476854
           33 15  |   1.621209   .0139205   116.46   0.000     1.593858    1.648561
           33 16  |   1.462105   .0143186   102.11   0.000     1.433971    1.490238
           33 17  |   1.337799     .01392    96.11   0.000     1.310448     1.36515
           33 18  |   1.577492   .0136409   115.64   0.000      1.55069    1.604294
           33 19  |   1.626169   .0208203    78.11   0.000      1.58526    1.667078
           33 20  |   1.454971   .0217762    66.81   0.000     1.412184    1.497758
           33 21  |   1.412266    .015666    90.15   0.000     1.381485    1.443048
           33 22  |   1.596764   .0171386    93.17   0.000     1.563089    1.630439
           33 23  |   1.498912   .0136118   110.12   0.000     1.472167    1.525657
           33 24  |   1.515295   .0158489    95.61   0.000     1.484154    1.546436
           33 25  |   1.320966   .0148511    88.95   0.000     1.291786    1.350146
           33 26  |   1.495376   .0182422    81.97   0.000     1.459532    1.531219
           33 27  |   1.466928    .017307    84.76   0.000     1.432922    1.500933
           33 28  |   1.387448   .0179361    77.35   0.000     1.352206    1.422689
           33 29  |   1.406721   .0145245    96.85   0.000     1.378182    1.435259
           33 71  |   1.783912   .0173809   102.64   0.000     1.749761    1.818063
           33 72  |   1.603833   .0173781    92.29   0.000     1.569688    1.637979
           33 73  |   1.616564   .0212404    76.11   0.000      1.57483    1.658298
           33 74  |   1.668141   .0173272    96.27   0.000     1.634096    1.702187
           33 75  |   1.560646   .0259164    60.22   0.000     1.509724    1.611568
           33 76  |   1.351625   .0378061    35.75   0.000     1.277342    1.425908
            34 1  |   1.617094   .0134528   120.20   0.000     1.590661    1.643527
            34 2  |    1.65083   .0143582   114.97   0.000     1.622619    1.679042
            34 3  |   1.394856   .0119674   116.55   0.000     1.371342     1.41837
            34 4  |   1.709055    .014628   116.83   0.000     1.680313    1.737796
           34 71  |   1.695626   .0174167    97.36   0.000     1.661405    1.729847
            35 1  |   1.074557   .0131074    81.98   0.000     1.048803    1.100311
            35 2  |   1.703674   .0141605   120.31   0.000     1.675851    1.731497
            35 3  |   1.305772   .0154895    84.30   0.000     1.275338    1.336207
            35 4  |   1.468383   .0138198   106.25   0.000     1.441229    1.495536
            35 5  |   1.670414   .0132276   126.28   0.000     1.644424    1.696405
            35 6  |   1.441537   .0141164   102.12   0.000       1.4138    1.469274
            35 7  |   1.635327   .0138061   118.45   0.000       1.6082    1.662453
            35 8  |   1.328133    .012977   102.34   0.000     1.302635    1.353631
            35 9  |   1.460884   .0133953   109.06   0.000     1.434564    1.487203
           35 10  |   1.455717    .012827   113.49   0.000     1.430514     1.48092
           35 11  |   1.326438   .0140926    94.12   0.000     1.298748    1.354128
           35 12  |   1.249971   .0139902    89.35   0.000     1.222482    1.277459
           35 13  |   1.196582   .0132128    90.56   0.000     1.170621    1.222543
           35 14  |   1.344931   .0148218    90.74   0.000     1.315809    1.374054
           35 15  |   1.647044   .0232444    70.86   0.000     1.601373    1.692716
           35 16  |   1.411084   .0174247    80.98   0.000     1.376847    1.445321
           35 17  |   1.491965   .0145136   102.80   0.000     1.463448    1.520482
           35 18  |   1.373903   .0139881    98.22   0.000     1.346418    1.401387
           35 19  |      1.487    .013992   106.27   0.000     1.459508    1.514492
           35 20  |   1.567726    .013912   112.69   0.000     1.540391    1.595061
           35 21  |   1.456751   .0142465   102.25   0.000     1.428759    1.484743
           35 22  |   1.287282   .0137117    93.88   0.000     1.260341    1.314224
           35 23  |   1.358288   .0127329   106.68   0.000      1.33327    1.383306
           35 24  |   1.387055   .0136767   101.42   0.000     1.360182    1.413927
           35 25  |   1.491512   .0154757    96.38   0.000     1.461104    1.521919
           35 26  |   .9565406   .0137445    69.59   0.000     .9295349    .9835464
           35 27  |   .9971835   .0128657    77.51   0.000     .9719044    1.022463
           35 28  |    1.13019   .0171779    65.79   0.000     1.096438    1.163942
           35 29  |   1.061976   .0109523    96.96   0.000     1.040457    1.083496
           35 71  |   1.519815   .0173062    87.82   0.000     1.485811    1.553819
           35 72  |    1.61482    .016887    95.62   0.000      1.58164    1.648001
           35 73  |   1.625444   .0171689    94.67   0.000      1.59171    1.659179
           35 74  |   1.823011   .0159063   114.61   0.000     1.791758    1.854264
           35 75  |   1.632675   .0180394    90.51   0.000      1.59723    1.668119
           35 76  |   2.038704   .0180236   113.11   0.000      2.00329    2.074117
           35 77  |   1.524009   .0171721    88.75   0.000     1.490269     1.55775
           35 78  |   1.701499   .0175589    96.90   0.000     1.666999       1.736
           35 79  |   1.734886   .0167787   103.40   0.000     1.701919    1.767854
            36 1  |   .8431213    .013973    60.34   0.000     .8156664    .8705761
            36 2  |   .9122204   .0131951    69.13   0.000     .8862941    .9381467
            36 3  |   1.260975   .0222467    56.68   0.000     1.217264    1.304687
            36 4  |   .9639381   .0149037    64.68   0.000     .9346547    .9932215
           36 71  |   1.735422    .018852    92.05   0.000     1.698381    1.772464
           36 72  |   1.589062   .0209984    75.68   0.000     1.547803     1.63032
           36 73  |   1.252362   .0161023    77.78   0.000     1.220724    1.284001
           36 74  |   1.650877   .0186764    88.39   0.000      1.61418    1.687573
            51 1  |   1.567358   .0115791   135.36   0.000     1.544607    1.590109
            51 2  |   1.376288   .0130202   105.70   0.000     1.350706    1.401871
            51 3  |   1.666066   .0186388    89.39   0.000     1.629444    1.702688
            51 4  |   1.425159   .0154999    91.95   0.000     1.394704    1.455614
            51 5  |   1.346184   .0111833   120.37   0.000      1.32421    1.368157
            51 6  |   1.255786   .0142239    88.29   0.000     1.227838    1.283734
            51 7  |   1.245534   .0115413   107.92   0.000     1.222857    1.268211
            51 8  |   1.339597   .0110355   121.39   0.000     1.317914     1.36128
           51 71  |   1.641648    .017014    96.49   0.000     1.608218    1.675077
            52 1  |   1.200799   .0143184    83.86   0.000     1.172666    1.228933
            52 2  |   1.332988   .0134716    98.95   0.000     1.306518    1.359457
            52 3  |   1.097964   .0147691    74.34   0.000     1.068944    1.126983
            52 4  |   1.453294   .0111178   130.72   0.000     1.431449    1.475139
            52 5  |   1.001832   .0099047   101.15   0.000     .9823708    1.021293
            52 6  |   1.420728   .0120937   117.48   0.000     1.396965     1.44449
            52 7  |    1.64633   .0108828   151.28   0.000     1.624947    1.667713
            52 8  |   1.404905   .0107131   131.14   0.000     1.383855    1.425954
           52 71  |   1.518104   .0159553    95.15   0.000     1.486755    1.549454
           52 72  |   1.136662   .0152677    74.45   0.000     1.106664    1.166661
            53 1  |  -.7171437   .0125764   -57.02   0.000    -.7418545   -.6924329
            53 2  |  -.5477598   .0215614   -25.40   0.000    -.5901247    -.505395
            53 3  |  -.5493158   .0101638   -54.05   0.000    -.5692861   -.5293456
            53 4  |  -.5165917   .0134276   -38.47   0.000    -.5429748   -.4902085
            53 5  |  -.5058577   .0150797   -33.55   0.000     -.535487   -.4762284
            53 6  |  -.3186718   .0132651   -24.02   0.000    -.3447357    -.292608
            53 7  |  -.4321247   .0137439   -31.44   0.000    -.4591293   -.4051202
            53 8  |  -.3258441   .0118793   -27.43   0.000    -.3491852    -.302503
            53 9  |  -.6641566   .0076091   -87.28   0.000    -.6791072   -.6492059
           53 10  |  -.7102491   .0128644   -55.21   0.000    -.7355256   -.6849726
           53 11  |  -.6933362    .011512   -60.23   0.000    -.7159555    -.670717
           53 12  |  -.8185161   .0109118   -75.01   0.000     -.839956   -.7970761
           53 13  |  -.7690698   .0142624   -53.92   0.000    -.7970932   -.7410463
           53 14  |  -.9444181   .0087758  -107.62   0.000    -.9616612    -.927175
           53 15  |  -.8349529   .0138771   -60.17   0.000    -.8622192   -.8076865
           53 16  |  -.8621059   .0117685   -73.26   0.000    -.8852293   -.8389826
           53 17  |  -1.207889   .0119072  -101.44   0.000    -1.231285   -1.184493
           53 18  |  -.8260847   .0125631   -65.75   0.000    -.8507692   -.8014001
           53 19  |  -.9009184    .014037   -64.18   0.000     -.928499   -.8733378
           53 20  |  -.8712087   .0123581   -70.50   0.000    -.8954905    -.846927
           53 21  |  -.6541107   .0124483   -52.55   0.000    -.6785697   -.6296517
           53 71  |   .8734043   .0194773    44.84   0.000     .8351344    .9116742
            61 1  |   1.601641   .0128455   124.68   0.000     1.576402    1.626881
            61 2  |   .8060972   .0156464    51.52   0.000     .7753545    .8368399
            61 3  |   .5708599   .0165268    34.54   0.000     .5383872    .6033326
            61 4  |   1.248342   .0101658   122.80   0.000     1.228368    1.268316
            61 5  |   1.077706   .0156722    68.77   0.000     1.046913      1.1085
            61 6  |   1.306994   .0144973    90.15   0.000     1.278509    1.335479
            61 7  |   .7290703   .0167518    43.52   0.000     .6961556     .761985
            61 8  |   .9491626     .01496    63.45   0.000     .9197684    .9785567
            61 9  |   .9158301   .0149588    61.22   0.000     .8864383    .9452219
           61 10  |   .6712202    .017683    37.96   0.000     .6364759    .7059645
           61 11  |   1.523073   .0113336   134.39   0.000     1.500804    1.545342
           61 12  |   1.168176   .0129432    90.25   0.000     1.142744    1.193607
           61 71  |   1.398656   .0269876    51.83   0.000     1.345629    1.451682
           61 72  |   1.609728   .0143622   112.08   0.000     1.581508    1.637947
            62 1  |     1.6212   .0136669   118.62   0.000     1.594346    1.648053
            62 2  |   1.405509   .0138339   101.60   0.000     1.378328    1.432691
            62 3  |   1.073601   .0155912    68.86   0.000     1.042966    1.104235
            62 4  |   1.254499   .0199965    62.74   0.000     1.215209    1.293789
            62 5  |   1.012269   .0183009    55.31   0.000     .9763108    1.048228
            62 6  |   1.691255   .0129159   130.94   0.000     1.665877    1.716632
            62 7  |   1.413937   .0151875    93.10   0.000     1.384096    1.443778
            62 8  |   1.378801   .0148301    92.97   0.000     1.349662    1.407939
            62 9  |   1.175241   .0196966    59.67   0.000      1.13654    1.213942
           62 10  |   1.232572   .0172755    71.35   0.000     1.198628    1.266516
           62 11  |   1.309804   .0293633    44.61   0.000     1.252109    1.367498
           62 12  |   1.402671   .0184939    75.85   0.000     1.366334    1.439009
           62 13  |   1.172799   .0213976    54.81   0.000     1.130756    1.214842
           62 71  |   1.313009   .0190654    68.87   0.000     1.275548    1.350469
            63 1  |   1.547792   .0120191   128.78   0.000     1.524176    1.571407
            63 2  |   1.160503   .0082768   140.21   0.000     1.144241    1.176766
            63 3  |   1.155909     .01365    84.68   0.000     1.129089    1.182729
            63 4  |   1.234233    .013506    91.38   0.000     1.207695     1.26077
            63 5  |   1.242395   .0136688    90.89   0.000     1.215538    1.269252
            63 6  |   1.379931   .0140908    97.93   0.000     1.352244    1.407617
            63 7  |   1.352938   .0155132    87.21   0.000     1.322457    1.383419
            63 8  |   1.235456   .0169518    72.88   0.000     1.202148    1.268763
            63 9  |   1.560863   .0135173   115.47   0.000     1.534303    1.587422
           63 10  |    1.49384   .0125891   118.66   0.000     1.469104    1.518575
           63 11  |   1.593676   .0168816    94.40   0.000     1.560506    1.626846
           63 71  |   1.433966   .0172766    83.00   0.000      1.40002    1.467911
           63 72  |   1.355405   .0165875    81.71   0.000     1.322813    1.387997
            64 1  |   1.432782   .0122955   116.53   0.000     1.408623    1.456941
            64 2  |   1.210885   .0141371    85.65   0.000     1.183108    1.238662
            64 3  |   1.558334   .0142375   109.45   0.000     1.530359    1.586308
            64 4  |   1.691642   .0125674   134.61   0.000     1.666949    1.716334
            64 5  |   1.792279   .0140915   127.19   0.000     1.764591    1.819966
            64 9  |   1.743084   .0114082   152.79   0.000     1.720669      1.7655
           64 11  |   1.335001   .0221235    60.34   0.000     1.291531     1.37847
           64 71  |   1.610788   .0239667    67.21   0.000     1.563697    1.657879
           64 72  |   1.609551   .0163591    98.39   0.000     1.577408    1.641694
           64 74  |   2.048264   .0299051    68.49   0.000     1.989505    2.107023
            65 1  |   .6658863   .0214612    31.03   0.000     .6237183    .7080544
            65 2  |   1.345433   .0140097    96.04   0.000     1.317906     1.37296
            65 3  |   1.490399   .0166652    89.43   0.000     1.457655    1.523144
            65 4  |   .3915978   .0177963    22.00   0.000     .3566308    .4265648
           65 71  |   1.849921   .0223576    82.74   0.000     1.805992    1.893851
            71 1  |   1.059924   .0111869    94.75   0.000     1.037944    1.081905
            71 2  |   1.289696   .0123327   104.58   0.000     1.265464    1.313928
            71 3  |   .1332687   .0087768    15.18   0.000     .1160238    .1505137
            71 4  |   .2425978   .0061883    39.20   0.000     .2304388    .2547568
            71 5  |   1.049091    .010944    95.86   0.000     1.027587    1.070594
            71 6  |   1.186842   .0106949   110.97   0.000     1.165828    1.207855
            71 7  |   1.160132   .0064112   180.95   0.000     1.147535    1.172729
            71 8  |   .9759502   .0071012   137.43   0.000     .9619974    .9899031
            71 9  |   1.048476    .011352    92.36   0.000     1.026171    1.070781
           71 10  |   1.085196   .0041178   263.54   0.000     1.077105    1.093287
           71 11  |   1.152329   .0103959   110.84   0.000     1.131903    1.172756
           71 71  |   1.249262   .0183744    67.99   0.000      1.21316    1.285365
           71 72  |   1.072874   .0215901    49.69   0.000     1.030453    1.115295
           71 73  |   1.481459   .0146764   100.94   0.000     1.452622    1.510296
           71 74  |   1.194913   .0144551    82.66   0.000     1.166511    1.223315
            72 1  |  -.1036453   .0088879   -11.66   0.000    -.1211085    -.086182
            72 2  |   .9301613   .0067283   138.25   0.000     .9169413    .9433814
            72 3  |   1.044585   .0105539    98.98   0.000     1.023849    1.065322
            72 4  |   1.144567   .0131667    86.93   0.000     1.118696    1.170437
            72 5  |   1.108133   .0068845   160.96   0.000     1.094606     1.12166
            72 6  |   1.290371   .0095655   134.90   0.000     1.271576    1.309166
            72 7  |   1.179537   .0070558   167.17   0.000     1.165674    1.193401
            72 8  |   1.406655   .0073877   190.40   0.000     1.392139    1.421171
            72 9  |   1.091972   .0089973   121.37   0.000     1.074294     1.10965
           72 10  |   1.001625   .0144701    69.22   0.000     .9731931    1.030056
           72 11  |   .3300823   .0129375    25.51   0.000     .3046621    .3555025
           72 12  |   1.265181   .0117383   107.78   0.000     1.242117    1.288245
           72 71  |   1.368028   .0154434    88.58   0.000     1.337684    1.398372
            73 1  |   .9897831    .005259   188.21   0.000     .9794499    1.000116
            73 2  |    1.17062   .0133147    87.92   0.000     1.144458    1.196781
            73 3  |   1.324175   .0124008   106.78   0.000     1.299809     1.34854
            73 4  |   1.081316   .0119823    90.24   0.000     1.057773    1.104859
            73 5  |   1.147116   .0151205    75.87   0.000     1.117406    1.176825
            73 6  |   1.265874   .0147501    85.82   0.000     1.236893    1.294856
            73 7  |   1.194648   .0160379    74.49   0.000     1.163136     1.22616
            73 8  |   1.269224   .0219139    57.92   0.000     1.226167    1.312282
            73 9  |   1.458479   .0161158    90.50   0.000     1.426813    1.490144
           73 10  |   1.164451    .013377    87.05   0.000     1.138168    1.190735
           73 11  |   1.332359   .0135499    98.33   0.000     1.305735    1.358982
           73 12  |   1.558696   .0138198   112.79   0.000     1.531542     1.58585
           73 13  |   1.490365   .0131083   113.70   0.000     1.464609    1.516121
           73 14  |   1.681845   .0138089   121.79   0.000     1.654713    1.708978
           73 15  |   1.641122   .0123152   133.26   0.000     1.616925     1.66532
           73 16  |   1.356401   .0136228    99.57   0.000     1.329634    1.383167
           73 17  |   .8722534   .0128503    67.88   0.000     .8470046    .8975023
           73 18  |   .7260383   .0139652    51.99   0.000     .6985988    .7534778
           73 22  |   .8885605   .0126827    70.06   0.000     .8636409    .9134801
           73 25  |   1.454304   .0141567   102.73   0.000     1.426488     1.48212
           73 26  |   .8738686    .014014    62.36   0.000     .8463331     .901404
           73 71  |   1.441445   .0230587    62.51   0.000     1.396139    1.486752
           73 72  |   1.714341   .0132441   129.44   0.000     1.688318    1.740363
           73 73  |   1.308094    .018442    70.93   0.000     1.271859     1.34433
            74 1  |   .2738741   .0091995    29.77   0.000     .2557986    .2919496
            74 2  |   .3833998   .0115286    33.26   0.000     .3607478    .4060518
            74 3  |   1.009056   .0132702    76.04   0.000     .9829824     1.03513
            74 4  |   1.146698   .0122036    93.96   0.000     1.122719    1.170676
            74 5  |   1.089816   .0113286    96.20   0.000     1.067557    1.112074
            74 6  |   1.045103   .0143002    73.08   0.000     1.017006    1.073201
            74 7  |   .7383262   .0082608    89.38   0.000     .7220951    .7545574
            74 8  |   1.081067   .0096226   112.35   0.000      1.06216    1.099974
            74 9  |   .7085815   .0084892    83.47   0.000     .6919015    .7252615
           74 10  |     .98275   .0114657    85.71   0.000     .9602217    1.005278
           74 11  |   .8009567   .0140371    57.06   0.000      .773376    .8285374
           74 12  |   .7669354   .0075003   102.25   0.000     .7521985    .7816723
           74 13  |   .4315163   .0111281    38.78   0.000     .4096512    .4533814
           74 14  |   .5801358     .01196    48.51   0.000     .5566363    .6036353
           74 15  |  -.1035159   .0063655   -16.26   0.000    -.1160231   -.0910086
           74 71  |   1.185437    .032736    36.21   0.000     1.121116    1.249759
           74 72  |   .6834873   .0167778    40.74   0.000     .6505215    .7164531
            75 1  |   1.351117   .0141033    95.80   0.000     1.323406    1.378828
            75 2  |   1.193015   .0127217    93.78   0.000     1.168019    1.218012
            75 3  |   1.303944   .0100191   130.15   0.000     1.284258     1.32363
            75 4  |   1.175799   .0117053   100.45   0.000       1.1528    1.198798
            75 5  |    1.24302   .0084199   147.63   0.000     1.226476    1.259564
           75 71  |   1.295529   .0203893    63.54   0.000     1.255467    1.335591
            76 1  |    1.06982   .0094337   113.40   0.000     1.051285    1.088356
            76 2  |   1.159821   .0140145    82.76   0.000     1.132285    1.187358
            76 3  |   .1371282   .0161745     8.48   0.000     .1053477    .1689086
            76 4  |   .9622208    .011091    86.76   0.000     .9404287    .9840129
            76 5  |   1.352739   .0094343   143.39   0.000     1.334202    1.371276
            76 6  |   1.116269   .0129658    86.09   0.000     1.090794    1.141745
            81 1  |  -.4016418   .0196981   -20.39   0.000    -.4403456    -.362938
            81 2  |  -.1702052   .0184017    -9.25   0.000    -.2063617   -.1340488
            81 3  |   .3475552   .0187122    18.57   0.000     .3107887    .3843217
            81 4  |   .1712043   .0101031    16.95   0.000     .1513533    .1910552
            81 5  |  -.0807329   .0261195    -3.09   0.002    -.1320537   -.0294121
            81 6  |   .1150085   .0185474     6.20   0.000     .0785656    .1514514
            81 7  |  -.3567813   .0197581   -18.06   0.000    -.3956029   -.3179598
            81 8  |  -.5040871   .0121432   -41.51   0.000    -.5279466   -.4802275
            81 9  |  -.0591152   .0227709    -2.60   0.010    -.1038565   -.0143739
           81 71  |   .7228477   .0181795    39.76   0.000     .6871278    .7585676
           81 72  |  -.3152174   .0175873   -17.92   0.000    -.3497738    -.280661
            82 1  |  -.1309426   .0159925    -8.19   0.000    -.1623654   -.0995197
            82 2  |   .1539505   .0117088    13.15   0.000     .1309445    .1769564
            82 3  |  -.2724232   .0136603   -19.94   0.000    -.2992637   -.2455827
            82 4  |  -.2447872   .0225121   -10.87   0.000    -.2890201   -.2005543
            82 5  |  -.0979843   .0117701    -8.32   0.000    -.1211108   -.0748579
            82 6  |  -.0566172   .0062094    -9.12   0.000    -.0688178   -.0444166
            82 7  |  -.1938025   .0064517   -30.04   0.000    -.2064792   -.1811258
            82 8  |    -.14714   .0145057   -10.14   0.000    -.1756414   -.1186385
           82 71  |    .326938   .0168131    19.45   0.000     .2939027    .3599732
           82 72  |   .1446407   .0114243    12.66   0.000     .1221937    .1670878
            91 1  |  -.0780135   .0185468    -4.21   0.000    -.1144551   -.0415719
            91 2  |  -.2495918   .0359261    -6.95   0.000    -.3201811   -.1790024
            91 3  |  -.2208881   .0186605   -11.84   0.000    -.2575531   -.1842231
            91 4  |  -.5146439   .0274736   -18.73   0.000    -.5686253   -.4606624
            91 5  |  -.0763304   .0137252    -5.56   0.000    -.1032984   -.0493624
           91 11  |  -.3334722   .0244796   -13.62   0.000    -.3815709   -.2853734
           91 12  |  -1.067866   .0246728   -43.28   0.000    -1.116344   -1.019388
            92 1  |  -.2931116   .0238165   -12.31   0.000    -.3399074   -.2463159
            92 2  |  -.3473253   .0230313   -15.08   0.000    -.3925784   -.3020723
            92 3  |  -.5275119   .0357511   -14.76   0.000    -.5977573   -.4572664
            92 4  |  -.5490941   .0289518   -18.97   0.000    -.6059799   -.4922082
            92 5  |    -.80468   .0215728   -37.30   0.000    -.8470674   -.7622927
           92 71  |   .1634493   .0253372     6.45   0.000     .1136656    .2132331
            94 3  |   -.395198   .0194177   -20.35   0.000    -.4333509   -.3570451
            94 8  |  -.8474989   .0186347   -45.48   0.000    -.8841132   -.8108845
            94 9  |  -.4500925   .0141744   -31.75   0.000    -.4779431   -.4222419
           94 19  |    -.50594   .0242923   -20.83   0.000    -.5536706   -.4582093
           94 20  |  -.5870702   .0270217   -21.73   0.000    -.6401637   -.5339767
           94 26  |  -1.124254   .0194418   -57.83   0.000    -1.162454   -1.086054
           94 27  |  -.5039976   .0222001   -22.70   0.000    -.5476173   -.4603779
           94 28  |  -.5930931   .0420982   -14.09   0.000    -.6758097   -.5103766
           94 71  |   .4267305   .0197653    21.59   0.000     .3878947    .4655663
            95 1  |  -.1564278   .0227878    -6.86   0.000    -.2012023   -.1116533
            95 2  |  -.3783593   .0560936    -6.75   0.000    -.4885746    -.268144
            95 3  |  -.8822399   .0301359   -29.28   0.000    -.9414523   -.8230275
            95 4  |  -1.258259    .036283   -34.68   0.000    -1.329549   -1.186968
            96 1  |  -.4718216   .0233678   -20.19   0.000    -.5177357   -.4259075
            96 2  |  -1.315948   .0257467   -51.11   0.000    -1.366536   -1.265359
            96 3  |  -1.311913   .0139546   -94.01   0.000    -1.339332   -1.284495
            96 4  |  -.2472154   .0204461   -12.09   0.000    -.2873889   -.2070418
            96 5  |  -1.432224   .0157872   -90.72   0.000    -1.463243   -1.401204
            96 6  |  -1.480424   .0179753   -82.36   0.000    -1.515743   -1.445106
            96 7  |  -1.133019   .0195455   -57.97   0.000    -1.171422   -1.094615
            96 8  |  -.8854978   .0211286   -41.91   0.000    -.9270124   -.8439833
            97 1  |  -1.144802   .0413392   -27.69   0.000    -1.226027   -1.063576
            97 2  |  -1.068863    .016204   -65.96   0.000    -1.100702   -1.037025
            97 3  |  -1.139194   .0276702   -41.17   0.000    -1.193562   -1.084826
            97 4  |  -.7232044   .0399933   -18.08   0.000    -.8017851   -.6446237
            97 5  |  -1.148923    .018154   -63.29   0.000    -1.184593   -1.113253
            97 6  |  -1.037519   .0234285   -44.28   0.000    -1.083552   -.9914856
            97 7  |  -1.447879   .0202816   -71.39   0.000    -1.487729   -1.408028
            97 8  |  -1.286303   .0519305   -24.77   0.000    -1.388339   -1.184268
                  |
            _cons |  -1.445385   .0794618   -18.19   0.000    -1.601515   -1.289254
-----------------------------------------------------------------------------------
      name:  <unnamed>
       log:  /Users/athamawardi/Desktop/Research-Projects/PSE_Pertamina/Output/hurdle/welfaregrid_Wbasic_z_C10_w1.log
  log type:  text
 closed on:  20 Jan 2026, 18:53:15
---------------------------------------------------------------------------------------------------------------------------------------------------------------------------------------------------------------------------------------------------------------
