---------------------------------------------------------------------------------------------------------------------------------------------------------------------------------------------------------------------------------------------------------------
      name:  <unnamed>
       log:  /Users/athamawardi/Desktop/Research-Projects/PSE_Pertamina/Output/hurdle/welfaregrid_Edu_z_C5_w1.log
  log type:  text
 opened on:  20 Jan 2026, 18:52:44
RUN: reg Edu_z on basepre=C5_w1 + controls
note: 2.r308b1e omitted because of collinearity.
note: 3.r309b omitted because of collinearity.
note: 4.r309d omitted because of collinearity.
note: 2.r309e omitted because of collinearity.
note: 5.r403c1 omitted because of collinearity.
note: 4.r403c2 omitted because of collinearity.

Linear regression                               Number of obs     =     84,276
                                                F(38, 487)        =          .
                                                Prob > F          =          .
                                                R-squared         =     0.7206
                                                Root MSE          =     .53031

                                  (Std. err. adjusted for 488 clusters in nama_kab)
-----------------------------------------------------------------------------------
                  |               Robust
            Edu_z | Coefficient  std. err.      t    P>|t|     [95% conf. interval]
------------------+----------------------------------------------------------------
            C5_w1 |  -.1305437   .0223075    -5.85   0.000    -.1743744   -.0867129
                  |
          r308b1d |
               1  |   .0262132   .0299374     0.88   0.382    -.0326092    .0850357
               2  |   .0567635   .0282545     2.01   0.045     .0012477    .1122792
                  |
          r308b1e |
               1  |   .0331457   .0226344     1.46   0.144    -.0113273    .0776188
               2  |          0  (omitted)
                  |
            r309a |
               2  |  -.2697185   .0281832    -9.57   0.000    -.3250941   -.2143429
               3  |  -.4079866   .0428695    -9.52   0.000    -.4922186   -.3237546
                  |
            r309b |
               1  |  -.0867704   .0261903    -3.31   0.001    -.1382304   -.0353104
               2  |  -.0998475   .0254537    -3.92   0.000    -.1498601   -.0498349
               3  |          0  (omitted)
                  |
            r309d |
               1  |   .2233385   .0264106     8.46   0.000     .1714457    .2752313
               2  |   .1113467    .022066     5.05   0.000     .0679904     .154703
               3  |   .0491797   .0224316     2.19   0.029     .0051051    .0932543
               4  |          0  (omitted)
                  |
            r309e |
               1  |  -.0502085   .0143813    -3.49   0.001    -.0784656   -.0219514
               2  |          0  (omitted)
                  |
           2.r310 |  -.0484756   .0121791    -3.98   0.000    -.0724056   -.0245456
                  |
            r403a |
               2  |  -.2328725   .0862641    -2.70   0.007    -.4023683   -.0633767
               3  |     -.5121   .0629547    -8.13   0.000    -.6357964   -.3884036
               4  |   -.441244   .2850947    -1.55   0.122    -1.001411    .1189234
               5  |  -.4853544   .1961459    -2.47   0.014    -.8707511   -.0999577
               6  |  -.5435685   .0740934    -7.34   0.000    -.6891508   -.3979862
               7  |  -.7945174   .0581951   -13.65   0.000    -.9088618   -.6801731
               8  |  -.6240601   .0901582    -6.92   0.000    -.8012071    -.446913
               9  |  -.5576918   .0737828    -7.56   0.000    -.7026638   -.4127198
              11  |  -.5842903   .0591479    -9.88   0.000    -.7005068   -.4680738
              13  |  -.3428866   .4921231    -0.70   0.486    -1.309833    .6240602
              14  |   -.360983   .1567469    -2.30   0.022    -.6689667   -.0529993
              15  |  -1.024317    .061748   -16.59   0.000    -1.145642   -.9029915
              16  |  -.8429842   .0773766   -10.89   0.000    -.9950174   -.6909509
              17  |  -.2873188   .1423624    -2.02   0.044     -.567039   -.0075985
              18  |   .0442824   .1221084     0.36   0.717    -.1956419    .2842068
              19  |  -.6330654   .0659086    -9.61   0.000    -.7625657   -.5035651
              20  |  -.4465363   .0581611    -7.68   0.000     -.560814   -.3322586
                  |
           r403c1 |
               1  |  -.0847022   .0547062    -1.55   0.122    -.1921916    .0227871
               2  |  -.0166008   .0548394    -0.30   0.762    -.1243519    .0911503
               3  |   .0693484   .0555513     1.25   0.212    -.0398014    .1784983
               4  |   .1461914   .0601202     2.43   0.015     .0280644    .2643185
               5  |          0  (omitted)
                  |
           r403c2 |
               1  |  -.2313155   .0186715   -12.39   0.000    -.2680022   -.1946289
               2  |  -.0931539   .0187224    -4.98   0.000    -.1299405   -.0563673
               3  |  -.0524465    .023075    -2.27   0.023    -.0977853   -.0071077
               4  |          0  (omitted)
                  |
         y_combo3 |
    Tangkap-only  |  -.0350804   .0292691    -1.20   0.231    -.0925898    .0224289
Tangkap+Budidaya  |  -.1051276   .0306868    -3.43   0.001    -.1654225   -.0448327
     Other/mixed  |  -.0847919   .0431209    -1.97   0.050    -.1695179    -.000066
                  |
              kab |
            11 2  |  -.2377924   .0131354   -18.10   0.000    -.2636015   -.2119832
            11 3  |   -.310103   .0123683   -25.07   0.000    -.3344048   -.2858013
            11 4  |  -.3426234   .0151648   -22.59   0.000    -.3724201   -.3128268
            11 5  |   .0686946   .0147155     4.67   0.000     .0397809    .0976083
            11 6  |  -.2164908   .0145795   -14.85   0.000    -.2451373   -.1878444
            11 7  |  -.0518363   .0129007    -4.02   0.000    -.0771843   -.0264884
            11 8  |  -.2192032   .0138511   -15.83   0.000    -.2464186   -.1919879
            11 9  |  -.2415137   .0154627   -15.62   0.000    -.2718956   -.2111319
           11 10  |  -.2308836    .013927   -16.58   0.000     -.258248   -.2035192
           11 11  |  -.0373435   .0147253    -2.54   0.012    -.0662765   -.0084106
           11 12  |  -.5364091   .0141359   -37.95   0.000    -.5641839   -.5086343
           11 13  |  -.2178204   .0143298   -15.20   0.000    -.2459762   -.1896645
           11 14  |  -.2900318   .0143856   -20.16   0.000    -.3182973   -.2617662
           11 15  |  -.1185011   .0137604    -8.61   0.000    -.1455381   -.0914641
           11 16  |  -.1796478   .0102601   -17.51   0.000    -.1998073   -.1594883
           11 17  |  -.2838428   .0152505   -18.61   0.000    -.3138077    -.253878
           11 18  |  -.3411922   .0141769   -24.07   0.000    -.3690477   -.3133367
           11 71  |  -.0474743   .0382175    -1.24   0.215    -.1225658    .0276172
           11 72  |  -.4473236   .0141879   -31.53   0.000    -.4752007   -.4194465
           11 73  |  -.4397392   .0174128   -25.25   0.000    -.4739527   -.4055258
           11 74  |   -.520024   .0278181   -18.69   0.000    -.5746824   -.4653656
           11 75  |  -.4672438   .0144891   -32.25   0.000    -.4957126    -.438775
            12 1  |   .2584054   .0200525    12.89   0.000     .2190052    .2978055
            12 2  |  -.1247534   .0153453    -8.13   0.000    -.1549046   -.0946023
            12 3  |  -.2697074   .0152581   -17.68   0.000    -.2996873   -.2397275
            12 4  |  -.3985042   .0126455   -31.51   0.000    -.4233507   -.3736576
            12 5  |  -.0155232   .0146524    -1.06   0.290    -.0443129    .0132666
            12 6  |   .3509355   .0148116    23.69   0.000      .321833    .3800381
            12 7  |  -1.035931   .0143538   -72.17   0.000    -1.064134   -1.007728
            12 8  |  -.6950182   .0157173   -44.22   0.000    -.7259004   -.6641361
            12 9  |  -.2057102   .0151493   -13.58   0.000    -.2354763    -.175944
           12 10  |   -.050692   .0148268    -3.42   0.001    -.0798243   -.0215597
           12 11  |   .0651101   .0151651     4.29   0.000      .035313    .0949071
           12 12  |  -.6686504   .0181107   -36.92   0.000    -.7042351   -.6330656
           12 13  |  -.7374879   .0147208   -50.10   0.000     -.766412   -.7085639
           12 14  |   .3082035   .0170711    18.05   0.000     .2746614    .3417457
           12 15  |  -.0454617   .0156591    -2.90   0.004    -.0762294   -.0146941
           12 16  |  -.1750434    .016828   -10.40   0.000    -.2081078    -.141979
           12 17  |   .1974294   .0149248    13.23   0.000     .1681044    .2267544
           12 18  |  -.4456506   .0149611   -29.79   0.000    -.4750468   -.4162544
           12 19  |  -.7377636   .0147418   -50.05   0.000     -.766729   -.7087982
           12 20  |   .1399524   .0157352     8.89   0.000      .109035    .1708697
           12 21  |  -.1785343   .0148673   -12.01   0.000    -.2077462   -.1493225
           12 22  |   -1.10793   .0159506   -69.46   0.000    -1.139271    -1.07659
           12 23  |  -.8754978   .0146609   -59.72   0.000    -.9043042   -.8466914
           12 24  |   .0264118   .0182585     1.45   0.149    -.0094633    .0622869
           12 25  |   .0097704   .0185364     0.53   0.598    -.0266508    .0461915
           12 71  |  -.7586964   .0283589   -26.75   0.000    -.8144172   -.7029756
           12 72  |  -.8239434    .068709   -11.99   0.000    -.9589462   -.6889407
           12 73  |   -.645841   .0203172   -31.79   0.000    -.6857612   -.6059208
           12 74  |  -.9158188   .0215656   -42.47   0.000    -.9581919   -.8734457
           12 75  |  -1.421257   .0213928   -66.44   0.000     -1.46329   -1.379223
           12 76  |  -1.296883   .0239136   -54.23   0.000     -1.34387   -1.249897
           12 77  |  -.6476921   .0160758   -40.29   0.000    -.6792785   -.6161057
           12 78  |  -.4128552   .0106722   -38.69   0.000    -.4338245    -.391886
            13 1  |  -.2973338   .0186934   -15.91   0.000    -.3340635   -.2606041
            13 2  |  -.8494481    .010992   -77.28   0.000    -.8710458   -.8278505
            13 3  |  -.8872023   .0151247   -58.66   0.000      -.91692   -.8574845
            13 4  |  -.8357484   .0178162   -46.91   0.000    -.8707546   -.8007423
            13 5  |  -1.154505   .0154684   -74.64   0.000    -1.184898   -1.124112
            13 6  |  -.7094585   .0134931   -52.58   0.000    -.7359704   -.6829466
            13 7  |  -.8816297   .0156269   -56.42   0.000    -.9123341   -.8509253
            13 8  |   -.929332   .0150481   -61.76   0.000    -.9588993   -.8997647
            13 9  |  -.9474611   .0169783   -55.80   0.000    -.9808209   -.9141013
           13 10  |  -1.116303   .0177615   -62.85   0.000    -1.151202   -1.081404
           13 11  |  -.9587288   .0156177   -61.39   0.000    -.9894152   -.9280423
           13 12  |  -1.069375   .0135227   -79.08   0.000    -1.095945   -1.042805
           13 71  |  -.7351616   .0191343   -38.42   0.000    -.7727576   -.6975655
           13 72  |  -.8780262   .0229784   -38.21   0.000    -.9231751   -.8328773
           13 73  |  -.4652751   .0189167   -24.60   0.000    -.5024435   -.4281068
           13 74  |  -1.059248    .019753   -53.62   0.000     -1.09806   -1.020436
           13 75  |  -.9579351   .0225126   -42.55   0.000    -1.002169   -.9137012
           13 76  |   -.706326   .0204052   -34.61   0.000    -.7464192   -.6662329
           13 77  |   -.451943    .016964   -26.64   0.000    -.4852746   -.4186113
            14 1  |  -.3730259   .0151088   -24.69   0.000    -.4027123   -.3433394
            14 2  |  -.3648171   .0154086   -23.68   0.000    -.3950927   -.3345415
            14 3  |  -.6213412   .0167541   -37.09   0.000    -.6542605   -.5884219
            14 4  |  -.2904306   .0134834   -21.54   0.000    -.3169233   -.2639379
            14 5  |  -.7713886   .0136455   -56.53   0.000    -.7981998   -.7445774
            14 6  |  -.7486113   .0145882   -51.32   0.000    -.7772749   -.7199477
            14 7  |  -.7977759   .0146745   -54.36   0.000    -.8266091   -.7689427
            14 8  |  -.6452055   .0099075   -65.12   0.000    -.6646723   -.6257387
            14 9  |  -.8504683   .0136441   -62.33   0.000    -.8772769   -.8236596
           14 10  |   -.571855   .0116116   -49.25   0.000      -.59467     -.54904
           14 71  |  -1.157931   .0210592   -54.98   0.000    -1.199309   -1.116553
           14 73  |   -.960196   .0168762   -56.90   0.000    -.9933552   -.9270368
            15 1  |  -.5388727   .0147522   -36.53   0.000    -.5678585   -.5098869
            15 2  |  -.4837015   .0156523   -30.90   0.000    -.5144558   -.4529472
            15 3  |  -.5792548   .0151541   -38.22   0.000    -.6090304   -.5494793
            15 4  |  -.6072946   .0159008   -38.19   0.000    -.6385373    -.576052
            15 5  |  -.5499301   .0153277   -35.88   0.000    -.5800467   -.5198134
            15 6  |  -.5741906   .0131458   -43.68   0.000    -.6000201   -.5483611
            15 7  |  -.4839671   .0147966   -32.71   0.000    -.5130401    -.454894
            15 8  |   -.896828   .0162227   -55.28   0.000    -.9287031   -.8649528
            15 9  |  -.7015697    .015192   -46.18   0.000    -.7314197   -.6717197
           15 71  |  -1.119121   .0230718   -48.51   0.000    -1.164453   -1.073788
           15 72  |  -.5615807    .017367   -32.34   0.000    -.5957043   -.5274571
            16 1  |  -.3445014   .0169215   -20.36   0.000    -.3777496   -.3112533
            16 2  |  -.2571371   .0148948   -17.26   0.000    -.2864032    -.227871
            16 3  |  -.4994609   .0152096   -32.84   0.000    -.5293454   -.4695764
            16 4  |  -.1485706   .0150505    -9.87   0.000    -.1781425   -.1189987
            16 5  |   -.530369   .0162419   -32.65   0.000    -.5622818   -.4984563
            16 6  |  -.3231382   .0158073   -20.44   0.000     -.354197   -.2920793
            16 7  |  -.4408624   .0165427   -26.65   0.000    -.4733662   -.4083585
            16 8  |   -.128121   .0160664    -7.97   0.000     -.159689   -.0965531
            16 9  |  -.7416852   .0155012   -47.85   0.000    -.7721428   -.7112277
           16 10  |  -.3980208   .0162011   -24.57   0.000    -.4298536   -.3661881
           16 11  |  -.1082479    .015811    -6.85   0.000     -.139314   -.0771817
           16 12  |  -.7457314   .0156366   -47.69   0.000     -.776455   -.7150079
           16 13  |  -.5667799   .0156867   -36.13   0.000    -.5976018    -.535958
           16 71  |    -1.0812   .0254616   -42.46   0.000    -1.131228   -1.031171
           16 72  |  -.7133673   .0175286   -40.70   0.000    -.7478082   -.6789264
           16 73  |  -1.030761   .0156565   -65.84   0.000    -1.061523    -.999998
           16 74  |  -.5696636   .0191264   -29.78   0.000    -.6072441   -.5320831
            17 1  |  -.2170108   .0134529   -16.13   0.000    -.2434436   -.1905779
            17 2  |   -.276769   .0152161   -18.19   0.000    -.3066663   -.2468717
            17 3  |  -.0997427   .0129397    -7.71   0.000    -.1251673   -.0743182
            17 4  |  -.3421049   .0096723   -35.37   0.000    -.3611094   -.3231004
            17 5  |  -.0622058   .0137562    -4.52   0.000    -.0892346    -.035177
            17 6  |  -.1839359   .0131811   -13.95   0.000    -.2098347   -.1580372
            17 7  |  -.2421868   .0160034   -15.13   0.000    -.2736311   -.2107425
            17 8  |  -.3134059   .0157096   -19.95   0.000    -.3442729   -.2825389
            17 9  |  -.0618598    .015609    -3.96   0.000    -.0925291   -.0311905
           17 71  |  -.4929028    .032026   -15.39   0.000    -.5558289   -.4299767
            18 1  |  -.4105437   .0155061   -26.48   0.000    -.4410108   -.3800766
            18 2  |   -.375631   .0129616   -28.98   0.000    -.4010985   -.3501634
            18 3  |   -.818173   .0145971   -56.05   0.000    -.8468541    -.789492
            18 4  |  -.9586533   .0151294   -63.36   0.000    -.9883802   -.9289264
            18 5  |  -.8164748   .0156283   -52.24   0.000     -.847182   -.7857675
            18 6  |  -.4965878    .015521   -31.99   0.000    -.5270842   -.4660914
            18 7  |  -.4269379   .0154023   -27.72   0.000    -.4572011   -.3966747
            18 8  |   -.527407   .0149986   -35.16   0.000    -.5568769   -.4979371
            18 9  |  -.8075336   .0142658   -56.61   0.000    -.8355637   -.7795035
           18 10  |   -.727812   .0159697   -45.57   0.000    -.7591901    -.696434
           18 11  |  -.4427677   .0163898   -27.01   0.000    -.4749713   -.4105642
           18 12  |   -.637464   .0165095   -38.61   0.000    -.6699027   -.6050252
           18 13  |  -.3330565   .0064999   -51.24   0.000    -.3458278   -.3202853
           18 71  |  -.9219809   .0221613   -41.60   0.000    -.9655244   -.8784373
           18 72  |  -1.421302   .0207566   -68.47   0.000    -1.462085   -1.380518
            19 1  |  -.6206156   .0209512   -29.62   0.000    -.6617814   -.5794497
            19 2  |  -.0674872   .0261054    -2.59   0.010    -.1187802   -.0161941
            19 3  |  -.3340397   .0226848   -14.73   0.000    -.3786118   -.2894676
            19 4  |  -.7564276    .012303   -61.48   0.000    -.7806011   -.7322541
            19 5  |  -.4603671   .0153846   -29.92   0.000    -.4905954   -.4301388
            19 6  |  -.4256187   .0306219   -13.90   0.000     -.485786   -.3654514
           19 71  |  -.5941022   .0218487   -27.19   0.000    -.6370316   -.5511727
            21 1  |  -.3895372   .0160909   -24.21   0.000    -.4211534   -.3579211
            21 2  |  -.2294197   .0174681   -13.13   0.000    -.2637418   -.1950976
            21 3  |   .1940082   .0139229    13.93   0.000     .1666517    .2213646
            21 4  |   .1285579   .0161402     7.97   0.000     .0968449    .1602708
            21 5  |   .1597207   .0190502     8.38   0.000       .12229    .1971515
           21 71  |  -1.422102   .0221932   -64.08   0.000    -1.465708   -1.378495
           21 72  |  -.9844414   .0181512   -54.24   0.000    -1.020106   -.9487771
            31 1  |  -1.012122   .0321713   -31.46   0.000    -1.075333   -.9489101
           31 71  |  -2.139685   .0252102   -84.87   0.000    -2.189219   -2.090151
           31 72  |  -2.246858   .0250317   -89.76   0.000    -2.296041   -2.197674
           31 73  |  -1.352423   .0227389   -59.48   0.000    -1.397102   -1.307745
           31 74  |  -2.197689   .0225576   -97.43   0.000    -2.242011   -2.153367
           31 75  |  -2.414786   .0296324   -81.49   0.000     -2.47301   -2.356563
            32 1  |  -1.445134   .0215033   -67.21   0.000    -1.487384   -1.402883
            32 2  |  -1.372493   .0158839   -86.41   0.000    -1.403702   -1.341283
            32 3  |  -1.208896   .0149978   -80.61   0.000    -1.238364   -1.179428
            32 4  |  -1.621196    .024953   -64.97   0.000    -1.670225   -1.572167
            32 5  |  -1.417302   .0159203   -89.02   0.000    -1.448583   -1.386022
            32 6  |  -1.349496   .0157312   -85.78   0.000    -1.380406   -1.318587
            32 7  |  -1.198832   .0165016   -72.65   0.000    -1.231255   -1.166409
            32 8  |  -.7421699   .0168788   -43.97   0.000    -.7753342   -.7090056
            32 9  |  -.8653752    .022947   -37.71   0.000    -.9104625    -.820288
           32 10  |  -.8847499   .0170424   -51.91   0.000    -.9182356   -.8512643
           32 11  |  -.8765512   .0168913   -51.89   0.000      -.90974   -.8433625
           32 12  |  -1.028797   .0153392   -67.07   0.000    -1.058936   -.9986577
           32 13  |  -1.049077   .0154746   -67.79   0.000    -1.079483   -1.018672
           32 14  |  -.8819559   .0220914   -39.92   0.000    -.9253622   -.8385497
           32 15  |  -.9653595   .0183274   -52.67   0.000     -1.00137   -.9293491
           32 16  |  -1.619596   .0240503   -67.34   0.000    -1.666851   -1.572341
           32 17  |  -1.613745   .0195563   -82.52   0.000     -1.65217    -1.57532
           32 18  |  -1.098423   .0142424   -77.12   0.000    -1.126407   -1.070439
           32 71  |  -1.545543   .0231501   -66.76   0.000     -1.59103   -1.500057
           32 72  |  -1.478583   .0224591   -65.83   0.000    -1.522712   -1.434455
           32 73  |  -1.270932   .0228212   -55.69   0.000    -1.315772   -1.226092
           32 74  |  -1.713009   .0216451   -79.14   0.000    -1.755538    -1.67048
           32 75  |  -2.586945   .0260335   -99.37   0.000    -2.638096   -2.535793
           32 76  |  -2.248331    .022341  -100.64   0.000    -2.292228   -2.204435
           32 77  |  -2.252535   .0285599   -78.87   0.000    -2.308651    -2.19642
           32 78  |  -1.615012    .023155   -69.75   0.000    -1.660508   -1.569516
           32 79  |  -1.517256   .0180718   -83.96   0.000    -1.552764   -1.481748
            33 1  |  -.8683592   .0153747   -56.48   0.000     -.898568   -.8381503
            33 2  |  -.9218625   .0180177   -51.16   0.000    -.9572644   -.8864605
            33 3  |  -.8718789   .0182439   -47.79   0.000    -.9077254   -.8360325
            33 4  |  -.8538948   .0156453   -54.58   0.000    -.8846354   -.8231542
            33 5  |  -.6337617   .0158523   -39.98   0.000     -.664909   -.6026144
            33 6  |  -.3134552   .0159428   -19.66   0.000    -.3447803   -.2821301
            33 7  |  -.8259287   .0157848   -52.32   0.000    -.8569434    -.794914
            33 8  |  -.8139243   .0167233   -48.67   0.000    -.8467831   -.7810655
            33 9  |  -.8557148   .0177664   -48.16   0.000    -.8906231   -.8208065
           33 10  |  -.7256023   .0189132   -38.36   0.000    -.7627638   -.6884408
           33 11  |  -.8802457   .0216796   -40.60   0.000    -.9228427   -.8376487
           33 12  |  -.5577732   .0156406   -35.66   0.000    -.5885046   -.5270419
           33 13  |  -.8163316   .0194341   -42.01   0.000    -.8545166   -.7781466
           33 14  |  -.8565859   .0165573   -51.73   0.000    -.8891184   -.8240534
           33 15  |  -1.271422   .0160416   -79.26   0.000    -1.302941   -1.239902
           33 16  |  -.8373712   .0155083   -53.99   0.000    -.8678427   -.8068997
           33 17  |  -.8030588   .0142052   -56.53   0.000    -.8309698   -.7751478
           33 18  |  -.8856724   .0152315   -58.15   0.000       -.9156   -.8557449
           33 19  |   -1.22005   .0276367   -44.15   0.000    -1.274351   -1.165748
           33 20  |  -1.205386   .0267317   -45.09   0.000    -1.257909   -1.152862
           33 21  |  -1.029027   .0194532   -52.90   0.000     -1.06725   -.9908045
           33 22  |  -.9009218   .0216887   -41.54   0.000    -.9435367   -.8583068
           33 23  |  -.7579955   .0153211   -49.47   0.000    -.7880992   -.7278918
           33 24  |  -.8294234   .0179033   -46.33   0.000    -.8646007   -.7942461
           33 25  |  -.8403267   .0173996   -48.30   0.000    -.8745142   -.8061391
           33 26  |  -.7904041   .0226019   -34.97   0.000    -.8348134   -.7459948
           33 27  |  -.8868521   .0171973   -51.57   0.000    -.9206421   -.8530622
           33 28  |  -.8681737   .0179571   -48.35   0.000    -.9034567   -.8328907
           33 29  |  -1.024773   .0157845   -64.92   0.000    -1.055787    -.993759
           33 71  |  -1.253218   .0229094   -54.70   0.000    -1.298232   -1.208205
           33 72  |  -1.177995   .0228003   -51.67   0.000    -1.222794   -1.133196
           33 73  |  -1.490936   .0284362   -52.43   0.000    -1.546809   -1.435063
           33 74  |  -1.159913   .0226612   -51.19   0.000    -1.204439   -1.115387
           33 75  |  -1.400716   .0259777   -53.92   0.000    -1.451759   -1.349674
           33 76  |  -.7953359   .0573597   -13.87   0.000     -.908039   -.6826328
            34 1  |  -1.009704   .0157683   -64.03   0.000    -1.040686   -.9787213
            34 2  |  -1.311498   .0175118   -74.89   0.000    -1.345906    -1.27709
            34 3  |  -1.009279   .0132279   -76.30   0.000    -1.035269    -.983288
            34 4  |  -1.433518   .0172387   -83.16   0.000    -1.467389   -1.399646
           34 71  |  -1.262112   .0225633   -55.94   0.000    -1.306445   -1.217778
            35 1  |  -.9763913   .0131354   -74.33   0.000      -1.0022   -.9505822
            35 2  |  -.9326819   .0162936   -57.24   0.000    -.9646963   -.9006676
            35 3  |  -1.163691   .0171497   -67.85   0.000    -1.197388   -1.129995
            35 4  |  -.8846835   .0162231   -54.53   0.000    -.9165593   -.8528077
            35 5  |  -1.015317   .0150685   -67.38   0.000    -1.044924   -.9857097
            35 6  |  -1.081489   .0162759   -66.45   0.000    -1.113468   -1.049509
            35 7  |  -1.348379   .0166204   -81.13   0.000    -1.381036   -1.315723
            35 8  |  -1.294527   .0152655   -84.80   0.000    -1.324521   -1.264533
            35 9  |  -1.767049   .0152406  -115.94   0.000    -1.796995   -1.737104
           35 10  |  -1.483046   .0146207  -101.43   0.000    -1.511773   -1.454318
           35 11  |  -1.216973   .0163831   -74.28   0.000    -1.249163   -1.184783
           35 12  |  -1.442341   .0142118  -101.49   0.000    -1.470265   -1.414417
           35 13  |  -1.288253   .0153917   -83.70   0.000    -1.318495    -1.25801
           35 14  |  -1.220482    .018376   -66.42   0.000    -1.256588   -1.184376
           35 15  |  -1.051671   .0315816   -33.30   0.000    -1.113724   -.9896184
           35 16  |  -1.043657   .0222428   -46.92   0.000    -1.087361   -.9999534
           35 17  |  -1.272695   .0171251   -74.32   0.000    -1.306343   -1.239047
           35 18  |   -1.05567   .0160575   -65.74   0.000    -1.087221    -1.02412
           35 19  |  -.9063919    .016164   -56.07   0.000    -.9381516   -.8746321
           35 20  |  -.8562969   .0157279   -54.44   0.000    -.8871999    -.825394
           35 21  |  -1.029384   .0158647   -64.89   0.000    -1.060556   -.9982127
           35 22  |  -1.061415   .0153935   -68.95   0.000    -1.091661   -1.031169
           35 23  |  -1.045479   .0142188   -73.53   0.000    -1.073416   -1.017541
           35 24  |  -1.205097   .0149796   -80.45   0.000     -1.23453   -1.175664
           35 25  |  -1.030975   .0197225   -52.27   0.000    -1.069727   -.9922236
           35 26  |  -.9357885   .0142652   -65.60   0.000    -.9638175   -.9077594
           35 27  |  -1.721796   .0141367  -121.80   0.000    -1.749572   -1.694019
           35 28  |  -1.740015   .0158388  -109.86   0.000    -1.771136   -1.708895
           35 29  |  -1.309413   .0119314  -109.74   0.000    -1.332857    -1.28597
           35 71  |  -1.094811   .0224663   -48.73   0.000    -1.138954   -1.050668
           35 72  |  -1.157695   .0217074   -53.33   0.000    -1.200347   -1.115043
           35 73  |  -1.777724   .0224312   -79.25   0.000    -1.821798   -1.733651
           35 74  |  -1.347626    .021067   -63.97   0.000     -1.38902   -1.306233
           35 75  |  -1.297231   .0245313   -52.88   0.000    -1.345432   -1.249031
           35 76  |  -1.122015   .0236054   -47.53   0.000    -1.168396   -1.075634
           35 77  |  -1.099962   .0223181   -49.29   0.000    -1.143813    -1.05611
           35 78  |  -1.321929   .0227894   -58.01   0.000    -1.366707   -1.277151
           35 79  |  -1.481248   .0204598   -72.40   0.000    -1.521448   -1.441047
            36 1  |  -.9305332     .01424   -65.35   0.000    -.9585127   -.9025538
            36 2  |   -1.06633    .014335   -74.39   0.000    -1.094496   -1.038164
            36 3  |  -1.420584   .0294447   -48.25   0.000    -1.478438    -1.36273
            36 4  |  -.9943995    .019337   -51.42   0.000    -1.032394   -.9564052
           36 71  |  -1.591459   .0260594   -61.07   0.000    -1.642661   -1.540256
           36 72  |  -1.558925   .0268764   -58.00   0.000    -1.611733   -1.506117
           36 73  |  -1.291801   .0206265   -62.63   0.000    -1.332329   -1.251273
           36 74  |    -1.9247   .0326973   -58.86   0.000    -1.988946   -1.860455
            51 1  |  -1.036462   .0127644   -81.20   0.000    -1.061542   -1.011382
            51 2  |  -.2713502    .015444   -17.57   0.000    -.3016953   -.2410052
            51 3  |  -.8489797   .0219376   -38.70   0.000    -.8920836   -.8058757
            51 4  |  -.5899418    .021589   -27.33   0.000    -.6323608   -.5475228
            51 5  |  -.2368764   .0145073   -16.33   0.000     -.265381   -.2083717
            51 6  |  -.0987218   .0165002    -5.98   0.000    -.1311422   -.0663014
            51 7  |  -.5137756   .0138486   -37.10   0.000    -.5409861   -.4865652
            51 8  |  -.6860536   .0137486   -49.90   0.000    -.7130675   -.6590397
           51 71  |  -1.191775   .0213445   -55.84   0.000    -1.233714   -1.149837
            52 1  |  -1.326772   .0182184   -72.83   0.000    -1.362568   -1.290976
            52 2  |  -2.088793   .0149736  -139.50   0.000    -2.118214   -2.059373
            52 3  |  -1.530276   .0147234  -103.94   0.000    -1.559205   -1.501346
            52 4  |  -.6232912     .01184   -52.64   0.000    -.6465549   -.6000275
            52 5  |  -1.245773   .0106241  -117.26   0.000    -1.266647   -1.224898
            52 6  |  -1.034701   .0126764   -81.62   0.000    -1.059608   -1.009794
            52 7  |  -.6269688   .0138544   -45.25   0.000    -.6541906   -.5997471
            52 8  |   -1.60474   .0125167  -128.21   0.000    -1.629334   -1.580147
           52 71  |  -1.217232   .0209284   -58.16   0.000    -1.258353   -1.176111
           52 72  |  -.8812018   .0177305   -49.70   0.000    -.9160394   -.8463641
            53 1  |  -.2868365   .0143498   -19.99   0.000    -.3150318   -.2586413
            53 2  |  -.0163633   .0221125    -0.74   0.460    -.0598109    .0270844
            53 3  |  -.0920491   .0106551    -8.64   0.000    -.1129847   -.0711134
            53 4  |  -.1421302   .0147983    -9.60   0.000    -.1712066   -.1130538
            53 5  |  -.2361436   .0155004   -15.23   0.000    -.2665995   -.2056876
            53 6  |  -.2413295   .0138208   -17.46   0.000    -.2684852   -.2141739
            53 7  |  -.3818119   .0143034   -26.69   0.000    -.4099159   -.3537079
            53 8  |  -.2620833   .0122899   -21.33   0.000    -.2862311   -.2379354
            53 9  |  -.2161664   .0075964   -28.46   0.000    -.2310922   -.2012406
           53 10  |  -.2969316   .0124093   -23.93   0.000     -.321314   -.2725492
           53 11  |   .0834801   .0130233     6.41   0.000     .0578913     .109069
           53 12  |  -.0122981   .0112718    -1.09   0.276    -.0344455    .0098493
           53 13  |   -.069949   .0161923    -4.32   0.000    -.1017644   -.0381337
           53 14  |   .2542676   .0094617    26.87   0.000     .2356768    .2728585
           53 15  |   .1262442   .0154009     8.20   0.000     .0959838    .1565046
           53 16  |   .1341559    .012964    10.35   0.000     .1086836    .1596282
           53 17  |   -.350541    .012787   -27.41   0.000    -.3756655   -.3254166
           53 18  |  -.0588621   .0136936    -4.30   0.000     -.085768   -.0319562
           53 19  |   .0422717   .0157071     2.69   0.007     .0114097    .0731338
           53 20  |   .5049204   .0142873    35.34   0.000     .4768481    .5329928
           53 21  |  -.0280155   .0134257    -2.09   0.037     -.054395   -.0016361
           53 71  |  -.6398169   .0241109   -26.54   0.000    -.6871912   -.5924427
            61 1  |  -.5381978   .0145142   -37.08   0.000    -.5667161   -.5096796
            61 2  |  -.1820975   .0159925   -11.39   0.000    -.2135203   -.1506747
            61 3  |  -.0597801   .0164678    -3.63   0.000    -.0921367   -.0274235
            61 4  |  -.9936747   .0100071   -99.30   0.000    -1.013337   -.9740123
            61 5  |  -.1495277   .0156109    -9.58   0.000    -.1802007   -.1188548
            61 6  |   .0870627   .0147643     5.90   0.000     .0580531    .1160722
            61 7  |   .3643859   .0175843    20.72   0.000     .3298354    .3989365
            61 8  |   .1889626   .0164804    11.47   0.000     .1565811     .221344
            61 9  |  -.1764519    .016195   -10.90   0.000    -.2082726   -.1446313
           61 10  |  -.0361797   .0188657    -1.92   0.056    -.0732479    .0008884
           61 11  |  -.3037822   .0126091   -24.09   0.000    -.3285571   -.2790073
           61 12  |  -.8647046   .0145647   -59.37   0.000    -.8933221   -.8360871
           61 71  |  -1.649019   .0242024   -68.13   0.000    -1.696573   -1.601465
           61 72  |  -.9825172   .0192869   -50.94   0.000    -1.020413   -.9446214
            62 1  |  -.3580666   .0142532   -25.12   0.000     -.386072   -.3300612
            62 2  |  -.0368985   .0149875    -2.46   0.014    -.0663465   -.0074504
            62 3  |   -.314552   .0222911   -14.11   0.000    -.3583506   -.2707534
            62 4  |  -.6413711   .0202122   -31.73   0.000    -.6810849   -.6016573
            62 5  |  -.1661623   .0197811    -8.40   0.000    -.2050292   -.1272954
            62 6  |   -.252616   .0137434   -18.38   0.000    -.2796196   -.2256124
            62 7  |  -.1506525   .0155901    -9.66   0.000    -.1812848   -.1200203
            62 8  |   .0187554   .0152603     1.23   0.220    -.0112288    .0487396
            62 9  |  -.0005704   .0263317    -0.02   0.983    -.0523081    .0511673
           62 10  |  -.4350594   .0251169   -17.32   0.000    -.4844102   -.3857085
           62 11  |  -.0081816   .0510597    -0.16   0.873    -.1085062    .0921429
           62 12  |  -.4474193   .0195276   -22.91   0.000    -.4857881   -.4090505
           62 13  |   .0683174    .031162     2.19   0.029     .0070889     .129546
           62 71  |  -.8239868   .0288528   -28.56   0.000     -.880678   -.7672955
            63 1  |  -.4548785   .0132048   -34.45   0.000    -.4808239   -.4289332
            63 2  |   .1691161   .0084231    20.08   0.000      .152566    .1856662
            63 3  |   -.517972   .0149494   -34.65   0.000    -.5473453   -.4885986
            63 4  |  -.5350795   .0152424   -35.10   0.000    -.5650284   -.5051306
            63 5  |  -.4108176     .01555   -26.42   0.000    -.4413709   -.3802643
            63 6  |  -.7570258   .0160449   -47.18   0.000    -.7885516      -.7255
            63 7  |  -.7533921   .0185622   -40.59   0.000     -.789864   -.7169202
            63 8  |  -.8116184   .0180316   -45.01   0.000    -.8470477   -.7761892
            63 9  |  -.5728855   .0150679   -38.02   0.000    -.6024915   -.5432794
           63 10  |  -.2995315   .0156902   -19.09   0.000    -.3303604   -.2687026
           63 11  |   -.715632   .0195045   -36.69   0.000    -.7539553   -.6773087
           63 71  |  -1.378164   .0249033   -55.34   0.000    -1.427095   -1.329233
           63 72  |  -1.282296    .019794   -64.78   0.000    -1.321188   -1.243404
            64 1  |  -.1256854   .0133136    -9.44   0.000    -.1518445   -.0995262
            64 2  |   .2108066   .0155542    13.55   0.000     .1802449    .2413683
            64 3  |  -.2916877   .0192264   -15.17   0.000    -.3294647   -.2539107
            64 4  |   .0983045   .0143849     6.83   0.000     .0700403    .1265687
            64 5  |  -.1518792   .0168267    -9.03   0.000    -.1849411   -.1188174
            64 9  |  -.4974754   .0112912   -44.06   0.000    -.5196609     -.47529
           64 11  |   .4294999   .0228898    18.76   0.000      .384525    .4744748
           64 71  |  -1.305927   .0236913   -55.12   0.000    -1.352477   -1.259377
           64 72  |  -1.239492   .0210052   -59.01   0.000    -1.280764   -1.198219
           64 74  |   -1.32078    .034765   -37.99   0.000    -1.389087   -1.252472
            65 1  |   .1687316   .0206591     8.17   0.000     .1281396    .2093235
            65 2  |  -.2473304   .0157779   -15.68   0.000    -.2783317   -.2163292
            65 3  |   .1208687   .0173273     6.98   0.000     .0868232    .1549142
            65 4  |   .2980789   .0189949    15.69   0.000     .2607569    .3354009
           65 71  |  -1.270617   .0346739   -36.64   0.000    -1.338746   -1.202488
            71 1  |  -.3609788   .0123304   -29.28   0.000    -.3852061   -.3367514
            71 2  |  -.1850829   .0143725   -12.88   0.000    -.2133226   -.1568432
            71 3  |   -.098176   .0103976    -9.44   0.000    -.1186056   -.0777464
            71 4  |   .2236158   .0063167    35.40   0.000     .2112044    .2360271
            71 5  |  -.1665954   .0124467   -13.38   0.000    -.1910513   -.1421394
            71 6  |  -.2231785   .0121188   -18.42   0.000    -.2469901   -.1993669
            71 7  |  -.2723236   .0071927   -37.86   0.000    -.2864561   -.2581911
            71 8  |   .0570928   .0081557     7.00   0.000      .041068    .0731176
            71 9  |  -.1366919   .0139283    -9.81   0.000    -.1640589   -.1093248
           71 10  |  -.1472478   .0050055   -29.42   0.000    -.1570829   -.1374128
           71 11  |  -.3643163   .0139508   -26.11   0.000    -.3917276   -.3369051
           71 71  |  -.6070127   .0235951   -25.73   0.000    -.6533734    -.560652
           71 72  |  -.3179051   .0249176   -12.76   0.000    -.3668644   -.2689458
           71 73  |  -.4142745   .0173044   -23.94   0.000     -.448275    -.380274
           71 74  |  -.9536201   .0169208   -56.36   0.000    -.9868668   -.9203734
            72 1  |  -.1878573   .0095431   -19.69   0.000    -.2066081   -.1691065
            72 2  |  -.1953812   .0068641   -28.46   0.000    -.2088682   -.1818942
            72 3  |  -.0956601   .0123734    -7.73   0.000    -.1199719   -.0713483
            72 4  |  -.2391045   .0138515   -17.26   0.000    -.2663206   -.2118884
            72 5  |  -.2550844   .0074446   -34.26   0.000    -.2697118   -.2404569
            72 6  |  -.3987387   .0099504   -40.07   0.000    -.4182898   -.3791877
            72 7  |  -.2928567   .0079885   -36.66   0.000    -.3085529   -.2771604
            72 8  |  -.3981969   .0080916   -49.21   0.000    -.4140958    -.382298
            72 9  |  -.3761947   .0101997   -36.88   0.000    -.3962356   -.3561538
           72 10  |  -.3044771   .0150237   -20.27   0.000    -.3339964   -.2749578
           72 11  |  -.1180178   .0146704    -8.04   0.000    -.1468428   -.0891928
           72 12  |   .0729475   .0126215     5.78   0.000     .0481482    .0977468
           72 71  |  -1.111471   .0199948   -55.59   0.000    -1.150757   -1.072184
            73 1  |   .0125877   .0068563     1.84   0.067    -.0008839    .0260593
            73 2  |  -.6201285   .0139298   -44.52   0.000    -.6474984   -.5927587
            73 3  |  -1.001202   .0137788   -72.66   0.000    -1.028275   -.9741285
            73 4  |  -.9667742   .0134037   -72.13   0.000    -.9931104    -.940438
            73 5  |  -.7076567   .0138669   -51.03   0.000    -.7349031   -.6804104
            73 6  |  -.8158214   .0165112   -49.41   0.000    -.8482633   -.7833795
            73 7  |  -.9142841   .0163853   -55.80   0.000    -.9464787   -.8820895
            73 8  |  -.6524226   .0224689   -29.04   0.000    -.6965706   -.6082747
            73 9  |  -.4919022   .0150391   -32.71   0.000    -.5214517   -.4623527
           73 10  |  -.7824802   .0157511   -49.68   0.000    -.8134288   -.7515316
           73 11  |  -.3488243    .013977   -24.96   0.000    -.3762871   -.3213616
           73 12  |  -.8509203   .0152546   -55.78   0.000    -.8808933   -.8209472
           73 13  |  -.3752757   .0141616   -26.50   0.000    -.4031011   -.3474503
           73 14  |  -.6920926   .0154105   -44.91   0.000    -.7223718   -.6618134
           73 15  |  -.7363737   .0133681   -55.08   0.000      -.76264   -.7101074
           73 16  |  -.3097194   .0146519   -21.14   0.000    -.3385083   -.2809306
           73 17  |  -.2757491   .0133345   -20.68   0.000    -.3019495   -.2495488
           73 18  |  -.2264368    .015068   -15.03   0.000    -.2560431   -.1968304
           73 22  |    -.13408   .0134857    -9.94   0.000    -.1605774   -.1075826
           73 25  |  -.2438963   .0147602   -16.52   0.000    -.2728978   -.2148948
           73 26  |  -.0520513   .0152753    -3.41   0.001     -.082065   -.0220377
           73 71  |  -1.020291   .0255308   -39.96   0.000    -1.070455   -.9701266
           73 72  |  -1.249501   .0187067   -66.79   0.000    -1.286257   -1.212745
           73 73  |  -.5635074    .020569   -27.40   0.000    -.6039224   -.5230924
            74 1  |  -.4942695   .0095796   -51.60   0.000    -.5130919    -.475447
            74 2  |  -.3798259   .0120835   -31.43   0.000    -.4035682   -.3560837
            74 3  |   .0541692    .015014     3.61   0.000     .0246689    .0836694
            74 4  |  -.3414673   .0128636   -26.55   0.000    -.3667422   -.3161923
            74 5  |   .0054403   .0120325     0.45   0.651    -.0182018    .0290824
            74 6  |  -.0992539    .013112    -7.57   0.000     -.125017   -.0734909
            74 7  |  -.7040449    .009691   -72.65   0.000    -.7230862   -.6850036
            74 8  |  -.1883775   .0107012   -17.60   0.000    -.2094038   -.1673513
            74 9  |   .0704258   .0092322     7.63   0.000     .0522858    .0885657
           74 10  |   .4174381   .0155048    26.92   0.000     .3869736    .4479026
           74 11  |  -.0145418   .0149862    -0.97   0.332    -.0439874    .0149037
           74 12  |   .3628495   .0084043    43.17   0.000     .3463363    .3793628
           74 13  |  -.2236274   .0108726   -20.57   0.000    -.2449903   -.2022645
           74 14  |  -.3211624   .0139871   -22.96   0.000    -.3486448   -.2936799
           74 15  |  -.4499968   .0083044   -54.19   0.000    -.4663137   -.4336799
           74 71  |  -.4967456   .0360541   -13.78   0.000    -.5675863   -.4259049
           74 72  |  -.6604309   .0199236   -33.15   0.000    -.6995778    -.621284
            75 1  |  -.6973994   .0155354   -44.89   0.000    -.7279242   -.6668747
            75 2  |  -.5854021   .0135262   -43.28   0.000     -.611979   -.5588251
            75 3  |  -.6165376   .0114612   -53.79   0.000    -.6390572   -.5940181
            75 4  |  -.4073402   .0126977   -32.08   0.000    -.4322892   -.3823913
            75 5  |  -.3828932   .0086993   -44.01   0.000     -.399986   -.3658004
           75 71  |  -.5732308   .0261902   -21.89   0.000    -.6246905   -.5217711
            76 1  |  -.7095992   .0091346   -77.68   0.000    -.7275473   -.6916511
            76 2  |  -.6205278   .0139169   -44.59   0.000    -.6478723   -.5931833
            76 3  |  -.1517224   .0177058    -8.57   0.000    -.1865115   -.1169332
            76 4  |  -.4474189   .0111997   -39.95   0.000    -.4694246   -.4254132
            76 5  |  -.6650816   .0101238   -65.69   0.000    -.6849734   -.6451898
            76 6  |  -.5316042   .0141378   -37.60   0.000    -.5593828   -.5038257
            81 1  |  -.1196156   .0201312    -5.94   0.000    -.1591703   -.0800609
            81 2  |  -.1696476    .018547    -9.15   0.000    -.2060895   -.1332056
            81 3  |  -.8137202   .0181175   -44.91   0.000    -.8493184    -.778122
            81 4  |  -.3626393   .0123027   -29.48   0.000    -.3868122   -.3384665
            81 5  |   .1205526   .0299965     4.02   0.000     .0616141    .1794911
            81 6  |  -.4140482   .0166454   -24.87   0.000    -.4467539   -.3813425
            81 7  |  -.1179697   .0201794    -5.85   0.000    -.1576191   -.0783203
            81 8  |   .3667447   .0138888    26.41   0.000     .3394553    .3940341
            81 9  |  -.2028343   .0214369    -9.46   0.000    -.2449546    -.160714
           81 71  |  -.5867407   .0205112   -28.61   0.000    -.6270422   -.5464393
           81 72  |  -.3367673   .0180198   -18.69   0.000    -.3721734   -.3013612
            82 1  |  -.0932657   .0170498    -5.47   0.000    -.1267659   -.0597654
            82 2  |  -.1603884   .0192515    -8.33   0.000    -.1982146   -.1225622
            82 3  |   -.375644   .0157606   -23.83   0.000    -.4066112   -.3446768
            82 4  |  -.0347257   .0239677    -1.45   0.148    -.0818185    .0123672
            82 5  |  -.0790549   .0154093    -5.13   0.000    -.1093319   -.0487779
            82 6  |   -.046808   .0079946    -5.85   0.000    -.0625162   -.0310998
            82 7  |  -.0550375   .0079397    -6.93   0.000    -.0706377   -.0394373
            82 8  |  -.0006427   .0148432    -0.04   0.965    -.0298072    .0285219
           82 71  |  -.4286886   .0187074   -22.92   0.000    -.4654457   -.3919315
           82 72  |  -.4322702   .0127923   -33.79   0.000    -.4574051   -.4071354
            91 1  |   .3249353   .0196577    16.53   0.000      .286311    .3635596
            91 2  |   .4647627   .0366384    12.69   0.000     .3927739    .5367515
            91 3  |   .3490698    .020747    16.83   0.000     .3083052    .3898345
            91 4  |   .6279783   .0285335    22.01   0.000     .5719144    .6840423
            91 5  |   .2240576   .0133794    16.75   0.000     .1977691     .250346
           91 11  |   .4456277   .0244474    18.23   0.000     .3975923     .493663
           91 12  |   .9269807   .0248389    37.32   0.000      .878176    .9757854
            92 1  |   .4493384   .0271103    16.57   0.000     .3960708    .5026061
            92 2  |   .4825516   .0233998    20.62   0.000     .4365746    .5285286
            92 3  |   .4011807   .0355308    11.29   0.000      .331368    .4709934
            92 4  |   .8161558   .0286381    28.50   0.000     .7598862    .8724253
            92 5  |   .9704798   .0226008    42.94   0.000     .9260726    1.014887
           92 71  |  -.3431319   .0331496   -10.35   0.000    -.4082657    -.277998
            94 3  |   .1726288   .0197776     8.73   0.000     .1337688    .2114887
            94 8  |   .3675255   .0206415    17.81   0.000     .3269681     .408083
            94 9  |   .4465457   .0142257    31.39   0.000     .4185944     .474497
           94 19  |    .561311   .0222469    25.23   0.000     .5175993    .6050228
           94 20  |   .4826247    .028222    17.10   0.000     .4271727    .5380767
           94 26  |   .7532133   .0197317    38.17   0.000     .7144437     .791983
           94 27  |   .3337539   .0239567    13.93   0.000     .2866826    .3808251
           94 28  |   .5934513   .0416663    14.24   0.000     .5115833    .6753193
           94 71  |  -.6950065   .0213374   -32.57   0.000    -.7369312   -.6530818
            95 1  |    .308642   .0237665    12.99   0.000     .2619445    .3553396
            95 2  |   .4634255   .0567776     8.16   0.000     .3518661    .5749849
            95 3  |   .7589566   .0305073    24.88   0.000     .6990145    .8188988
            95 4  |   .8971166   .0346841    25.87   0.000     .8289677    .9652656
            96 1  |   .5813959    .022108    26.30   0.000     .5379572    .6248347
            96 2  |   1.167007   .0255698    45.64   0.000     1.116766    1.217248
            96 3  |   1.027094   .0151331    67.87   0.000     .9973601    1.056829
            96 4  |   .1565606   .0214621     7.29   0.000     .1143907    .1987304
            96 5  |   1.186955   .0177232    66.97   0.000     1.152132    1.221779
            96 6  |   1.436068   .0192597    74.56   0.000     1.398226    1.473911
            96 7  |   1.062054   .0208597    50.91   0.000     1.021068     1.10304
            96 8  |   1.124348   .0220326    51.03   0.000     1.081057    1.167638
            97 1  |   1.209858   .0403531    29.98   0.000      1.13057    1.289146
            97 2  |   .8679578   .0179774    48.28   0.000      .832635    .9032807
            97 3  |   .9666047   .0305543    31.64   0.000     .9065701    1.026639
            97 4  |   .8443104   .0411812    20.50   0.000     .7633957    .9252252
            97 5  |   1.082764   .0221141    48.96   0.000     1.039313    1.126215
            97 6  |   1.171065   .0241887    48.41   0.000     1.123538    1.218592
            97 7  |   1.572035   .0225206    69.80   0.000     1.527786    1.616285
            97 8  |   1.058469   .0504707    20.97   0.000     .9593014    1.157636
                  |
            _cons |   1.130894   .0848754    13.32   0.000     .9641271    1.297661
-----------------------------------------------------------------------------------
      name:  <unnamed>
       log:  /Users/athamawardi/Desktop/Research-Projects/PSE_Pertamina/Output/hurdle/welfaregrid_Edu_z_C5_w1.log
  log type:  text
 closed on:  20 Jan 2026, 18:52:48
---------------------------------------------------------------------------------------------------------------------------------------------------------------------------------------------------------------------------------------------------------------
